Thu Nov 10 15:12:59 UTC 2011
$PROB 203 phase1 2 CMT like 1004 but diff. initial on V3
$INPUT C ID TIME SEQ=DROP EVID AMT DV SUBJ HOUR TAFD TAD LDOS MDV HEIGHT WT SEX AGE DOSE FED
$DATA ../data/203.csv IGNORE=C
$SUBROUTINE ADVAN4 TRANS4
$PK
 CL=THETA(1)*EXP(ETA(1)) * THETA(6)**SEX * (WT/70)**THETA(7)
 V2 =THETA(2)*EXP(ETA(2))
 KA=THETA(3)*EXP(ETA(3))
 Q  =THETA(4)
 V3=THETA(5)
 S2=V2
 
$ERROR
 Y=F*(1+ERR(1)) + ERR(2)
 IPRE=F

$THETA
(0,10,50)     
(0,10,100)    
(0,0.2, 5)    
(0,10,50)     
(0,100,1000)  
(0,1,2)       
(0,0.75,3)    

$OMEGA BLOCK(3)
.1
.01 .1
.01 .01 .1








$SIGMA 0.1 0.1




$ESTIMATION MAXEVAL=9999 PRINT=5 NOABORT METHOD=1 INTER MSFO=./203.msf
;$COV PRINT=E
;$TABLE NOPRINT FILE=./203.tab ONEHEADER ID AMT TIME EVID PRED IPRE CWRES
;$TABLE NOPRINT FILE=./203par.tab ONEHEADER ID TIME CL Q V2 V3 KA ETA1 ETA2 ETA3


















NM-TRAN MESSAGES
  
 WARNINGS AND ERRORS (IF ANY) FOR PROBLEM    1
             
 (WARNING  2) NM-TRAN INFERS THAT THE DATA ARE POPULATION.
 CREATING MUMODEL ROUTINE...

License Registered to: Metrum Research Group
Expiration Date:    14 JUL 2012
Current Date:       10 NOV 2011
Days until program expires : 249
1NONLINEAR MIXED EFFECTS MODEL PROGRAM (NONMEM) VERSION 7.2.0
 ORIGINALLY DEVELOPED BY STUART BEAL, LEWIS SHEINER, AND ALISON BOECKMANN
 CURRENT DEVELOPERS ARE ROBERT BAUER, ICON DEVELOPMENT SOLUTIONS,
 AND ALISON BOECKMANN. IMPLEMENTATION, EFFICIENCY, AND STANDARDIZATION
 PERFORMED BY NOUS INFOSYSTEMS.

 PROBLEM NO.:         1
 203 phase1 2 CMT like 1004 but diff. initial on V3
0DATA CHECKOUT RUN:              NO
 DATA SET LOCATED ON UNIT NO.:    2
 THIS UNIT TO BE REWOUND:        NO
 NO. OF DATA RECS IN DATA SET:      549
 NO. OF DATA ITEMS IN DATA SET:  18
 ID DATA ITEM IS DATA ITEM NO.:   2
 DEP VARIABLE IS DATA ITEM NO.:   6
 MDV DATA ITEM IS DATA ITEM NO.: 12
0INDICES PASSED TO SUBROUTINE PRED:
   4   3   5   0   0   0   0   0   0   0   0
0LABELS FOR DATA ITEMS:
 C ID TIME EVID AMT DV SUBJ HOUR TAFD TAD LDOS MDV HEIGHT WT SEX AGE DOSE FED
0FORMAT FOR DATA:
 (1(12E6.0/),6E6.0)

 TOT. NO. OF OBS RECS:      509
 TOT. NO. OF INDIVIDUALS:     40
0LENGTH OF THETA:   7
0DEFAULT THETA BOUNDARY TEST OMITTED:    NO
0OMEGA HAS BLOCK FORM:
  1
  1  1
  1  1  1
0DEFAULT OMEGA BOUNDARY TEST OMITTED:    NO
0SIGMA HAS SIMPLE DIAGONAL FORM WITH DIMENSION:   2
0DEFAULT SIGMA BOUNDARY TEST OMITTED:    NO
0INITIAL ESTIMATE OF THETA:
 LOWER BOUND    INITIAL EST    UPPER BOUND
  0.0000E+00     0.1000E+02     0.5000E+02
  0.0000E+00     0.1000E+02     0.1000E+03
  0.0000E+00     0.2000E+00     0.5000E+01
  0.0000E+00     0.1000E+02     0.5000E+02
  0.0000E+00     0.1000E+03     0.1000E+04
  0.0000E+00     0.1000E+01     0.2000E+01
  0.0000E+00     0.7500E+00     0.3000E+01
0INITIAL ESTIMATE OF OMEGA:
 BLOCK SET NO.   BLOCK                                                                    FIXED
        1                                                                                   NO
                  0.1000E+00
                  0.1000E-01   0.1000E+00
                  0.1000E-01   0.1000E-01   0.1000E+00
0INITIAL ESTIMATE OF SIGMA:
 0.1000E+00
 0.0000E+00   0.1000E+00
0ESTIMATION STEP OMITTED:           NO
 CONDITIONAL ESTIMATES USED:       YES
 CENTERED ETA:                      NO
 EPS-ETA INTERACTION:              YES
 LAPLACIAN OBJ. FUNC.:              NO
 NO. OF FUNCT. EVALS. ALLOWED:       9999
 NO. OF SIG. FIGURES REQUIRED:       3
 INTERMEDIATE PRINTOUT:            YES
 ESTIMATE OUTPUT TO MSF:           YES
 ABORT WITH PRED EXIT CODE 1:       NO
 IND. OBJ. FUNC. VALUES SORTED:     NO

 THE FOLLOWING LABELS ARE EQUIVALENT
 PRED=PREDI
 RES=RESI
 WRES=WRESI
1DOUBLE PRECISION PREDPP VERSION 7.2.0

 TWO COMPARTMENT MODEL WITH FIRST-ORDER ABSORPTION (ADVAN4)
0MAXIMUM NO. OF BASIC PK PARAMETERS:   5
0BASIC PK PARAMETERS (AFTER TRANSLATION):
   BASIC PK PARAMETER NO.  1: ELIMINATION RATE (K)
   BASIC PK PARAMETER NO.  2: CENTRAL-TO-PERIPH. RATE (K23)
   BASIC PK PARAMETER NO.  3: PERIPH.-TO-CENTRAL RATE (K32)
   BASIC PK PARAMETER NO.  5: ABSORPTION RATE (KA)
 TRANSLATOR WILL CONVERT PARAMETERS
 CL, V2, Q, V3 TO K, K23, K32 (TRANS4)
0COMPARTMENT ATTRIBUTES
 COMPT. NO.   FUNCTION   INITIAL    ON/OFF      DOSE      DEFAULT    DEFAULT
                         STATUS     ALLOWED    ALLOWED    FOR DOSE   FOR OBS.
    1         DEPOT        OFF        YES        YES        YES        NO
    2         CENTRAL      ON         NO         YES        NO         YES
    3         PERIPH.      ON         NO         YES        NO         NO
    4         OUTPUT       OFF        YES        NO         NO         NO
1
 ADDITIONAL PK PARAMETERS - ASSIGNMENT OF ROWS IN GG
 COMPT. NO.                             INDICES
              SCALE      BIOAVAIL.   ZERO-ORDER  ZERO-ORDER  ABSORB
                         FRACTION    RATE        DURATION    LAG
    1           *           *           *           *           *
    2           6           *           *           *           *
    3           *           *           *           *           *
    4           *           -           -           -           -
             - PARAMETER IS NOT ALLOWED FOR THIS MODEL
             * PARAMETER IS NOT SUPPLIED BY PK SUBROUTINE;
               WILL DEFAULT TO ONE IF APPLICABLE
0DATA ITEM INDICES USED BY PRED ARE:
   EVENT ID DATA ITEM IS DATA ITEM NO.:      4
   TIME DATA ITEM IS DATA ITEM NO.:          3
   DOSE AMOUNT DATA ITEM IS DATA ITEM NO.:   5

0PK SUBROUTINE CALLED WITH EVERY EVENT RECORD.
 PK SUBROUTINE NOT CALLED AT NONEVENT (ADDITIONAL OR LAGGED) DOSE TIMES.
0ERROR SUBROUTINE CALLED WITH EVERY EVENT RECORD.
1
 
 
 #TBLN:      1
 #METH: First Order Conditional Estimation with Interaction
 
 MONITORING OF SEARCH:

 
0ITERATION NO.:    0    OBJECTIVE VALUE:   3016.46134224561        NO. OF FUNC. EVALS.:  11
 CUMULATIVE NO. OF FUNC. EVALS.:       11
 NPARAMETR:  1.0000E+01  1.0000E+01  2.0000E-01  1.0000E+01  1.0000E+02  1.0000E+00  7.5000E-01  1.0000E-01  1.0000E-02  1.0000E-02
             1.0000E-01  1.0000E-02  1.0000E-01  1.0000E-01  1.0000E-01
 PARAMETER:  1.0000E-01  1.0000E-01  1.0000E-01  1.0000E-01  1.0000E-01  1.0000E-01  1.0000E-01  1.0000E-01  1.0000E-01  1.0000E-01
             1.0000E-01  1.0000E-01  1.0000E-01  1.0000E-01  1.0000E-01
 GRADIENT:  -4.3947E+01 -3.7083E+02  6.9881E+02 -3.3791E+01 -1.1286E+02 -2.6611E+01 -2.0380E+01 -6.6158E+01  9.5402E+00  5.2986E+01
            -1.6617E+02  2.7590E+02 -6.7685E+02  5.9027E+01 -1.6153E+01
 
0ITERATION NO.:    5    OBJECTIVE VALUE:   2355.54637317510        NO. OF FUNC. EVALS.:  12
 CUMULATIVE NO. OF FUNC. EVALS.:       73
 NPARAMETR:  8.9136E+00  3.1038E+01  6.5599E-02  4.5649E+00  1.2803E+02  1.0751E+00  8.7386E-01  2.1315E-01  5.4987E-02 -8.4666E-03
             1.5467E-01 -1.0699E-02  1.1051E-01  6.1459E-02  9.1544E-02
 PARAMETER: -4.1803E-02  1.4989E+00 -1.0424E+00 -8.1159E-01  3.7870E-01  2.5053E-01  3.0946E-01  4.7842E-01  3.7663E-01 -5.7991E-02
             2.7499E-01 -7.9418E-02  1.5527E-01 -1.4340E-01  5.5824E-02
 GRADIENT:  -2.5011E+01  5.6379E+01 -5.7720E+01  5.6880E+00  2.2686E-01 -1.1536E+01 -9.6079E+00  1.3944E+01 -1.9728E+01  1.8558E-02
             1.3756E+01 -1.0184E+00  4.2033E+00  1.1203E+01  1.9021E+00
 
0ITERATION NO.:   10    OBJECTIVE VALUE:   2339.35544364076        NO. OF FUNC. EVALS.:  12
 CUMULATIVE NO. OF FUNC. EVALS.:      133
 NPARAMETR:  8.6678E+00  2.9803E+01  6.2009E-02  3.7435E+00  1.1543E+02  1.1319E+00  1.8806E+00  1.7709E-01  1.9631E-01  1.4417E-02
             3.5401E-01  4.4222E-03  1.0966E-01  5.9156E-02  6.7616E-02
 PARAMETER: -7.5736E-02  1.4405E+00 -1.0994E+00 -1.0279E+00  2.6076E-01  3.6537E-01  1.7173E+00  3.8576E-01  1.4751E+00  1.0834E-01
             2.6025E-01 -1.0942E-01  1.4538E-01 -1.6250E-01 -9.5663E-02
 GRADIENT:   4.4020E+00  3.4440E+01 -4.2536E+01  8.3929E+00 -1.0970E+01  4.1153E+00  5.0576E+00 -1.1388E+01  9.9205E+00  1.6919E+00
             2.5978E+01 -5.1330E+00  4.0091E+00 -1.8022E+01 -7.8974E+00
 
0ITERATION NO.:   15    OBJECTIVE VALUE:   2320.75422009465        NO. OF FUNC. EVALS.:  12
 CUMULATIVE NO. OF FUNC. EVALS.:      194
 NPARAMETR:  8.4960E+00  2.5360E+01  7.1580E-02  3.7672E+00  1.0118E+02  1.2421E+00  1.4510E+00  1.6842E-01  1.0529E-01 -1.4703E-02
             1.1973E-01  1.3286E-02  1.0252E-01  5.7344E-02  8.9200E-02
 PARAMETER: -9.9904E-02  1.2177E+00 -9.5390E-01 -1.0211E+00  1.1310E-01  5.9404E-01  1.1333E+00  3.6065E-01  8.1127E-01 -1.1329E-01
            -2.0387E-01  3.3843E-01  6.6748E-02 -1.7805E-01  4.2857E-02
 GRADIENT:   2.6501E+01  3.0291E+00  5.2262E+01 -1.4223E+01 -1.8276E+01  1.1265E+01  2.5444E+00  1.0531E+01 -1.1001E+01 -3.7216E+00
             1.4508E+01 -4.8163E+00  9.6254E-03 -1.4489E+01 -2.3502E+00
 
0ITERATION NO.:   20    OBJECTIVE VALUE:   2306.30167071824        NO. OF FUNC. EVALS.:  12
 CUMULATIVE NO. OF FUNC. EVALS.:      261
 NPARAMETR:  7.9866E+00  2.1089E+01  6.1755E-02  3.2348E+00  1.3129E+02  1.0943E+00  1.4134E+00  1.8306E-01  1.6670E-01  2.8159E-02
             1.6848E-01  3.8691E-02  1.0604E-01  5.8694E-02  6.7997E-02
 PARAMETER: -1.7393E-01  9.7768E-01 -1.1035E+00 -1.1849E+00  4.0760E-01  2.8920E-01  1.0831E+00  4.0233E-01  1.2321E+00  2.0812E-01
            -7.9041E-01  3.5323E-01  6.4769E-02 -1.6642E-01 -9.2852E-02
 GRADIENT:   1.0597E+00 -8.9107E+00  1.5045E+01  1.4313E+00 -3.7566E+00  5.6741E-01  3.7163E-01 -2.4843E+00  5.2735E+00 -3.5545E-01
             5.0234E+00 -1.6825E+00  3.2448E+00 -1.1434E+01 -2.5621E+00
 
0ITERATION NO.:   25    OBJECTIVE VALUE:   2303.02525435334        NO. OF FUNC. EVALS.:  12
 CUMULATIVE NO. OF FUNC. EVALS.:      321
 NPARAMETR:  7.8508E+00  2.0832E+01  5.9197E-02  3.1832E+00  1.8637E+02  1.0939E+00  1.3702E+00  1.8923E-01  1.6232E-01  2.7616E-02
             1.4119E-01  3.2292E-02  9.3154E-02  5.9551E-02  7.3141E-02
 PARAMETER: -1.9430E-01  9.6216E-01 -1.1464E+00 -1.2021E+00  8.2344E-01  2.8838E-01  1.0252E+00  4.1891E-01  1.1800E+00  2.0075E-01
            -1.8617E+00  6.7982E-01 -2.2446E-01 -1.5917E-01 -5.6389E-02
 GRADIENT:  -9.5311E-01  1.2835E+00  4.8835E+00 -1.4529E+00  1.7010E-01 -1.6944E-01 -2.1365E-01  1.3067E-01 -9.3093E-01  3.2799E-02
             4.3268E-01 -1.3088E+00 -8.9048E-01 -2.5673E+00  1.5221E-03
 
0ITERATION NO.:   30    OBJECTIVE VALUE:   2302.98380739493        NO. OF FUNC. EVALS.:  12
 CUMULATIVE NO. OF FUNC. EVALS.:      381
 NPARAMETR:  7.7491E+00  2.0542E+01  5.8226E-02  3.1793E+00  2.0226E+02  1.0916E+00  1.3803E+00  1.9502E-01  1.6752E-01  3.0594E-02
             1.4503E-01  3.3574E-02  9.6207E-02  5.9907E-02  7.1342E-02
 PARAMETER: -2.0975E-01  9.4446E-01 -1.1631E+00 -1.2034E+00  9.2502E-01  2.8378E-01  1.0387E+00  4.3395E-01  1.1996E+00  2.1908E-01
            -2.1349E+00  7.5751E-01 -2.9613E-01 -1.5619E-01 -6.8841E-02
 GRADIENT:  -8.4121E-02  6.3667E-01  1.4248E+00 -1.1259E+00  1.7870E-01  1.1413E-02  1.8074E-02 -1.0298E-01 -2.3104E-01 -1.4284E-01
             1.1210E-01  1.1000E-01  3.4425E-01 -3.4378E-02 -1.5306E-01
 
0ITERATION NO.:   35    OBJECTIVE VALUE:   2302.98354216474        NO. OF FUNC. EVALS.:  23
 CUMULATIVE NO. OF FUNC. EVALS.:      453
 NPARAMETR:  7.7294E+00  2.0507E+01  5.8132E-02  3.1853E+00  2.0524E+02  1.0915E+00  1.3813E+00  1.9605E-01  1.6829E-01  3.0960E-02
             1.4549E-01  3.3606E-02  9.6010E-02  5.9915E-02  7.1332E-02
 PARAMETER: -2.1277E-01  9.4234E-01 -1.1647E+00 -1.2014E+00  9.4338E-01  2.8360E-01  1.0400E+00  4.3661E-01  1.2019E+00  2.2111E-01
            -2.1827E+00  7.6582E-01 -3.1122E-01 -1.5612E-01 -6.8910E-02
 GRADIENT:  -7.3346E-01 -3.9247E-01 -4.9967E+00 -1.4008E+00  8.6955E-02 -1.1988E-01 -1.2610E-01 -8.6959E-02 -1.7599E-01 -1.1865E-01
             8.3950E-02  9.7385E-02  3.1272E-01 -1.3725E-01 -1.2655E-01
 
0ITERATION NO.:   40    OBJECTIVE VALUE:   2302.87988286178        NO. OF FUNC. EVALS.:  23
 CUMULATIVE NO. OF FUNC. EVALS.:      561
 NPARAMETR:  7.7958E+00  2.1000E+01  5.9535E-02  3.2481E+00  1.9973E+02  1.0938E+00  1.3977E+00  1.9538E-01  1.6640E-01  2.9953E-02
             1.4242E-01  3.1785E-02  9.3878E-02  5.9780E-02  7.2484E-02
 PARAMETER: -2.0264E-01  9.7230E-01 -1.1406E+00 -1.1805E+00  9.0926E-01  2.8824E-01  1.0620E+00  4.3490E-01  1.1904E+00  2.1429E-01
            -2.3690E+00  8.2358E-01 -4.3333E-01 -1.5725E-01 -6.0900E-02
 GRADIENT:  -8.3755E-01  1.0393E+00  1.4879E+00 -1.6464E+00  3.6676E-01 -1.5119E-02  6.1660E-02  1.0499E+00 -9.2974E-01  3.4186E-01
             1.6198E-02 -6.1550E-01 -1.7124E-01 -1.1038E+00  1.1356E-02
 
0ITERATION NO.:   45    OBJECTIVE VALUE:   2302.84116236715        NO. OF FUNC. EVALS.:  21
 CUMULATIVE NO. OF FUNC. EVALS.:      666
 NPARAMETR:  7.9310E+00  2.1180E+01  6.0002E-02  3.2311E+00  1.7808E+02  1.0911E+00  1.3857E+00  1.8938E-01  1.6320E-01  2.8056E-02
             1.4140E-01  3.0981E-02  9.5389E-02  5.9910E-02  7.2165E-02
 PARAMETER: -1.8224E-01  9.8313E-01 -1.1327E+00 -1.1861E+00  7.6784E-01  2.8270E-01  1.0458E+00  4.1928E-01  1.1859E+00  2.0387E-01
            -2.3397E+00  8.6695E-01 -4.9720E-01 -1.5617E-01 -6.3107E-02
 GRADIENT:   2.5673E-02 -4.6997E-03  7.6292E-02  2.5588E-02 -5.8433E-02  1.0674E-02  9.8150E-03 -1.3722E-02  4.5694E-02 -1.0646E-02
            -5.3523E-02 -4.5124E-02  1.3105E-01  5.4760E-02 -1.2930E-02
 
0ITERATION NO.:   50    OBJECTIVE VALUE:   2302.80602969764        NO. OF FUNC. EVALS.:  21
 CUMULATIVE NO. OF FUNC. EVALS.:      773
 NPARAMETR:  7.9334E+00  2.1156E+01  5.9965E-02  3.2325E+00  1.7819E+02  1.0920E+00  1.3772E+00  1.8968E-01  1.6371E-01  2.8068E-02
             1.4229E-01  3.3168E-02  9.8678E-02  5.9935E-02  7.2015E-02
 PARAMETER: -1.8187E-01  9.8166E-01 -1.1333E+00 -1.1856E+00  7.6859E-01  2.8444E-01  1.0345E+00  4.2009E-01  1.1887E+00  2.0380E-01
            -2.1969E+00  9.8814E-01 -8.5168E-01 -1.5596E-01 -6.4149E-02
 GRADIENT:   1.9306E-01 -1.6063E-01  2.9539E-02 -1.3377E-01  8.0119E-02  1.1581E-01 -4.8157E-02 -1.9265E-01  1.5805E-01 -1.7557E-01
            -4.9125E-02  9.2481E-01  2.3872E-01  4.1817E-01  1.0138E-01
 
0ITERATION NO.:   55    OBJECTIVE VALUE:   2302.78066161951        NO. OF FUNC. EVALS.:  21
 CUMULATIVE NO. OF FUNC. EVALS.:      878
 NPARAMETR:  7.9450E+00  2.1186E+01  6.0066E-02  3.2387E+00  1.7650E+02  1.0921E+00  1.3748E+00  1.8916E-01  1.6326E-01  2.7760E-02
             1.4197E-01  3.3693E-02  9.8017E-02  5.9901E-02  7.2022E-02
 PARAMETER: -1.8015E-01  9.8349E-01 -1.1316E+00 -1.1836E+00  7.5700E-01  2.8477E-01  1.0313E+00  4.1870E-01  1.1870E+00  2.0184E-01
            -2.1672E+00  1.0439E+00 -1.4107E+00 -1.5624E-01 -6.4102E-02
 GRADIENT:   8.8235E-02 -5.8344E-02 -6.4210E-03  5.2316E-02  3.6187E-02  5.0398E-02 -2.9166E-02 -7.0465E-02  3.7084E-03 -6.2721E-02
            -7.3910E-03  2.6420E-01  3.4376E-02 -1.2358E-01  8.2340E-03
 
0ITERATION NO.:   60    OBJECTIVE VALUE:   2302.77243826948        NO. OF FUNC. EVALS.:  21
 CUMULATIVE NO. OF FUNC. EVALS.:      983
 NPARAMETR:  7.9493E+00  2.1192E+01  6.0089E-02  3.2385E+00  1.7589E+02  1.0920E+00  1.3743E+00  1.8912E-01  1.6329E-01  2.7758E-02
             1.4205E-01  3.3887E-02  9.8103E-02  5.9904E-02  7.2031E-02
 PARAMETER: -1.7951E-01  9.8384E-01 -1.1312E+00 -1.1836E+00  7.5279E-01  2.8455E-01  1.0306E+00  4.1860E-01  1.1874E+00  2.0185E-01
            -2.1716E+00  1.0685E+00 -2.4313E+00 -1.5621E-01 -6.4036E-02
 GRADIENT:   6.6074E-02 -4.6186E-02  1.8500E-02  3.6959E-02  2.3070E-02  3.3571E-02 -2.0011E-02 -4.3111E-02  1.4576E-02 -4.4748E-02
            -1.0221E-02  2.3040E-01  4.0582E-03 -9.2592E-02  1.3359E-02
 
0ITERATION NO.:   65    OBJECTIVE VALUE:   2302.77104315220        NO. OF FUNC. EVALS.:  21
 CUMULATIVE NO. OF FUNC. EVALS.:     1088
 NPARAMETR:  7.9506E+00  2.1192E+01  6.0090E-02  3.2371E+00  1.7554E+02  1.0918E+00  1.3752E+00  1.8904E-01  1.6328E-01  2.7759E-02
             1.4208E-01  3.3888E-02  9.7701E-02  5.9915E-02  7.2028E-02
 PARAMETER: -1.7931E-01  9.8384E-01 -1.1312E+00 -1.1841E+00  7.5034E-01  2.8416E-01  1.0318E+00  4.1839E-01  1.1875E+00  2.0190E-01
            -2.1733E+00  1.0695E+00 -3.9240E+00 -1.5613E-01 -6.4060E-02
 GRADIENT:  -1.1358E-02  2.2613E-02 -3.7843E-02 -6.7848E-03 -4.5291E-03 -1.4617E-02  1.1308E-02  3.7283E-03 -2.4668E-03 -6.3797E-03
             2.2830E-03 -2.3387E-02  1.0883E-04 -1.9439E-02 -5.4649E-03
 
0ITERATION NO.:   70    OBJECTIVE VALUE:   2302.77099195552        NO. OF FUNC. EVALS.:  23
 CUMULATIVE NO. OF FUNC. EVALS.:     1205
 NPARAMETR:  7.9502E+00  2.1192E+01  6.0090E-02  3.2373E+00  1.7562E+02  1.0919E+00  1.3748E+00  1.8908E-01  1.6331E-01  2.7785E-02
             1.4210E-01  3.3906E-02  9.7746E-02  5.9915E-02  7.1993E-02
 PARAMETER: -1.7936E-01  9.8380E-01 -1.1312E+00 -1.1840E+00  7.5090E-01  2.8431E-01  1.0313E+00  4.1849E-01  1.1876E+00  2.0206E-01
            -2.1740E+00  1.0699E+00 -4.7086E+00 -1.5612E-01 -6.4301E-02
 GRADIENT:   1.1668E-03  3.0543E-03  4.3389E-03 -5.5293E-03  6.6638E-04 -6.3113E-04  4.2054E-04  4.4013E-05 -5.2502E-03 -2.5382E-03
             1.1447E-04  2.1429E-03  0.0000E+00 -2.8416E-02 -1.8557E-02
 
0ITERATION NO.:   72    OBJECTIVE VALUE:   2302.77099034506        NO. OF FUNC. EVALS.:  18
 CUMULATIVE NO. OF FUNC. EVALS.:     1245
 NPARAMETR:  7.9502E+00  2.1192E+01  6.0090E-02  3.2373E+00  1.7562E+02  1.0919E+00  1.3748E+00  1.8908E-01  1.6331E-01  2.7785E-02
             1.4210E-01  3.3906E-02  9.7746E-02  5.9915E-02  7.2021E-02
 PARAMETER: -1.7936E-01  9.8380E-01 -1.1312E+00 -1.1840E+00  7.5090E-01  2.8431E-01  1.0313E+00  4.1850E-01  1.1876E+00  2.0206E-01
            -2.1740E+00  1.0699E+00 -4.7086E+00 -1.5612E-01 -6.4107E-02
 GRADIENT:   5.5602E-04  1.1758E-03  2.2604E-03 -2.7895E-03  2.3603E-04 -4.5504E-04  5.0198E-04  5.9331E-04 -2.5301E-03 -9.6672E-04
             5.1882E-05  4.1550E-03  0.0000E+00 -8.2329E-03 -4.1824E-03
 
 #TERM:
0MINIMIZATION SUCCESSFUL
 NO. OF FUNCTION EVALUATIONS USED:     1245
 NO. OF SIG. DIGITS IN FINAL EST.:  3.1
0PARAMETER ESTIMATE IS NEAR ITS BOUNDARY
 THIS MUST BE ADDRESSED BEFORE THE COVARIANCE STEP CAN BE IMPLEMENTED

 ETABAR IS THE ARITHMETIC MEAN OF THE ETA-ESTIMATES,
 AND THE P-VALUE IS GIVEN FOR THE NULL HYPOTHESIS THAT THE TRUE MEAN IS 0.

 ETABAR:         1.0083E-03  1.1507E-03  2.7935E-03
 SE:             6.6344E-02  5.7232E-02  4.5388E-02

 P VAL.:         9.8787E-01  9.8396E-01  9.5092E-01
 
 ETAshrink(%):   2.2738E+00  2.7530E+00  7.0145E+00
 EPSshrink(%):   6.6169E+00  6.6169E+00
 
 #TERE:
 Elapsed estimation time in seconds:    15.12
1
 
 
 
 
 
 
 
 
 
 
 
 
 
 
 
 
 
 
 
 
 ************************************************************************************************************************
 ********************                                                                                ********************
 ********************               FIRST ORDER CONDITIONAL ESTIMATION WITH INTERACTION              ********************
 #OBJT:**************                       MINIMUM VALUE OF OBJECTIVE FUNCTION                      ********************
 ********************                                                                                ********************
 ************************************************************************************************************************
 





 #OBJV:********************************************     2302.771       **************************************************
1
 ************************************************************************************************************************
 ********************                                                                                ********************
 ********************               FIRST ORDER CONDITIONAL ESTIMATION WITH INTERACTION              ********************
 ********************                             FINAL PARAMETER ESTIMATE                           ********************
 ********************                                                                                ********************
 ************************************************************************************************************************
 


 THETA - VECTOR OF FIXED EFFECTS PARAMETERS   *********


         TH 1      TH 2      TH 3      TH 4      TH 5      TH 6      TH 7     
 
         7.95E+00  2.12E+01  6.01E-02  3.24E+00  1.76E+02  1.09E+00  1.37E+00
 


 OMEGA - COV MATRIX FOR RANDOM EFFECTS - ETAS  ********


            ETA1      ETA2      ETA3   
 
 ETA1
+        1.89E-01
 
 ETA2
+        1.63E-01  1.42E-01
 
 ETA3
+        2.78E-02  3.39E-02  9.77E-02
 


 SIGMA - COV MATRIX FOR RANDOM EFFECTS - EPSILONS  ****


            EPS1      EPS2   
 
 EPS1
+        5.99E-02
 
 EPS2
+        0.00E+00  7.20E-02
 
1


 OMEGA - CORR MATRIX FOR RANDOM EFFECTS - ETAS  *******


            ETA1      ETA2      ETA3   
 
 ETA1
+        4.35E-01
 
 ETA2
+        9.96E-01  3.77E-01
 
 ETA3
+        2.04E-01  2.88E-01  3.13E-01
 


 SIGMA - CORR MATRIX FOR RANDOM EFFECTS - EPSILONS  ***


            EPS1      EPS2   
 
 EPS1
+        2.45E-01
 
 EPS2
+        0.00E+00  2.68E-01
 
Stop Time:
Thu Nov 10 15:13:40 UTC 2011
