Thu Nov 10 14:55:23 UTC 2011
$PROB 15 phase1 2 CMT like 1004 but diff. initial on V3
$INPUT C ID TIME SEQ=DROP EVID AMT DV SUBJ HOUR TAFD TAD LDOS MDV HEIGHT WT SEX AGE DOSE FED
$DATA ../data/15.csv IGNORE=C
$SUBROUTINE ADVAN4 TRANS4
$PK
 CL=THETA(1)*EXP(ETA(1)) * THETA(6)**SEX * (WT/70)**THETA(7)
 V2 =THETA(2)*EXP(ETA(2))
 KA=THETA(3)*EXP(ETA(3))
 Q  =THETA(4)
 V3=THETA(5)
 S2=V2
 
$ERROR
 Y=F*(1+ERR(1)) + ERR(2)
 IPRE=F

$THETA
(0,10,50)     
(0,10,100)    
(0,0.2, 5)    
(0,10,50)     
(0,100,1000)  
(0,1,2)       
(0,0.75,3)    

$OMEGA BLOCK(3)
.1
.01 .1
.01 .01 .1








$SIGMA 0.1 0.1




$ESTIMATION MAXEVAL=9999 PRINT=5 NOABORT METHOD=1 INTER MSFO=./15.msf
;$COV PRINT=E
;$TABLE NOPRINT FILE=./15.tab ONEHEADER ID AMT TIME EVID PRED IPRE CWRES
;$TABLE NOPRINT FILE=./15par.tab ONEHEADER ID TIME CL Q V2 V3 KA ETA1 ETA2 ETA3


















NM-TRAN MESSAGES
  
 WARNINGS AND ERRORS (IF ANY) FOR PROBLEM    1
             
 (WARNING  2) NM-TRAN INFERS THAT THE DATA ARE POPULATION.
 CREATING MUMODEL ROUTINE...

License Registered to: Metrum Research Group
Expiration Date:    14 JUL 2012
Current Date:       10 NOV 2011
Days until program expires : 249
1NONLINEAR MIXED EFFECTS MODEL PROGRAM (NONMEM) VERSION 7.2.0
 ORIGINALLY DEVELOPED BY STUART BEAL, LEWIS SHEINER, AND ALISON BOECKMANN
 CURRENT DEVELOPERS ARE ROBERT BAUER, ICON DEVELOPMENT SOLUTIONS,
 AND ALISON BOECKMANN. IMPLEMENTATION, EFFICIENCY, AND STANDARDIZATION
 PERFORMED BY NOUS INFOSYSTEMS.

 PROBLEM NO.:         1
 15 phase1 2 CMT like 1004 but diff. initial on V3
0DATA CHECKOUT RUN:              NO
 DATA SET LOCATED ON UNIT NO.:    2
 THIS UNIT TO BE REWOUND:        NO
 NO. OF DATA RECS IN DATA SET:      549
 NO. OF DATA ITEMS IN DATA SET:  18
 ID DATA ITEM IS DATA ITEM NO.:   2
 DEP VARIABLE IS DATA ITEM NO.:   6
 MDV DATA ITEM IS DATA ITEM NO.: 12
0INDICES PASSED TO SUBROUTINE PRED:
   4   3   5   0   0   0   0   0   0   0   0
0LABELS FOR DATA ITEMS:
 C ID TIME EVID AMT DV SUBJ HOUR TAFD TAD LDOS MDV HEIGHT WT SEX AGE DOSE FED
0FORMAT FOR DATA:
 (1(12E6.0/),6E6.0)

 TOT. NO. OF OBS RECS:      509
 TOT. NO. OF INDIVIDUALS:     40
0LENGTH OF THETA:   7
0DEFAULT THETA BOUNDARY TEST OMITTED:    NO
0OMEGA HAS BLOCK FORM:
  1
  1  1
  1  1  1
0DEFAULT OMEGA BOUNDARY TEST OMITTED:    NO
0SIGMA HAS SIMPLE DIAGONAL FORM WITH DIMENSION:   2
0DEFAULT SIGMA BOUNDARY TEST OMITTED:    NO
0INITIAL ESTIMATE OF THETA:
 LOWER BOUND    INITIAL EST    UPPER BOUND
  0.0000E+00     0.1000E+02     0.5000E+02
  0.0000E+00     0.1000E+02     0.1000E+03
  0.0000E+00     0.2000E+00     0.5000E+01
  0.0000E+00     0.1000E+02     0.5000E+02
  0.0000E+00     0.1000E+03     0.1000E+04
  0.0000E+00     0.1000E+01     0.2000E+01
  0.0000E+00     0.7500E+00     0.3000E+01
0INITIAL ESTIMATE OF OMEGA:
 BLOCK SET NO.   BLOCK                                                                    FIXED
        1                                                                                   NO
                  0.1000E+00
                  0.1000E-01   0.1000E+00
                  0.1000E-01   0.1000E-01   0.1000E+00
0INITIAL ESTIMATE OF SIGMA:
 0.1000E+00
 0.0000E+00   0.1000E+00
0ESTIMATION STEP OMITTED:           NO
 CONDITIONAL ESTIMATES USED:       YES
 CENTERED ETA:                      NO
 EPS-ETA INTERACTION:              YES
 LAPLACIAN OBJ. FUNC.:              NO
 NO. OF FUNCT. EVALS. ALLOWED:       9999
 NO. OF SIG. FIGURES REQUIRED:       3
 INTERMEDIATE PRINTOUT:            YES
 ESTIMATE OUTPUT TO MSF:           YES
 ABORT WITH PRED EXIT CODE 1:       NO
 IND. OBJ. FUNC. VALUES SORTED:     NO

 THE FOLLOWING LABELS ARE EQUIVALENT
 PRED=PREDI
 RES=RESI
 WRES=WRESI
1DOUBLE PRECISION PREDPP VERSION 7.2.0

 TWO COMPARTMENT MODEL WITH FIRST-ORDER ABSORPTION (ADVAN4)
0MAXIMUM NO. OF BASIC PK PARAMETERS:   5
0BASIC PK PARAMETERS (AFTER TRANSLATION):
   BASIC PK PARAMETER NO.  1: ELIMINATION RATE (K)
   BASIC PK PARAMETER NO.  2: CENTRAL-TO-PERIPH. RATE (K23)
   BASIC PK PARAMETER NO.  3: PERIPH.-TO-CENTRAL RATE (K32)
   BASIC PK PARAMETER NO.  5: ABSORPTION RATE (KA)
 TRANSLATOR WILL CONVERT PARAMETERS
 CL, V2, Q, V3 TO K, K23, K32 (TRANS4)
0COMPARTMENT ATTRIBUTES
 COMPT. NO.   FUNCTION   INITIAL    ON/OFF      DOSE      DEFAULT    DEFAULT
                         STATUS     ALLOWED    ALLOWED    FOR DOSE   FOR OBS.
    1         DEPOT        OFF        YES        YES        YES        NO
    2         CENTRAL      ON         NO         YES        NO         YES
    3         PERIPH.      ON         NO         YES        NO         NO
    4         OUTPUT       OFF        YES        NO         NO         NO
1
 ADDITIONAL PK PARAMETERS - ASSIGNMENT OF ROWS IN GG
 COMPT. NO.                             INDICES
              SCALE      BIOAVAIL.   ZERO-ORDER  ZERO-ORDER  ABSORB
                         FRACTION    RATE        DURATION    LAG
    1           *           *           *           *           *
    2           6           *           *           *           *
    3           *           *           *           *           *
    4           *           -           -           -           -
             - PARAMETER IS NOT ALLOWED FOR THIS MODEL
             * PARAMETER IS NOT SUPPLIED BY PK SUBROUTINE;
               WILL DEFAULT TO ONE IF APPLICABLE
0DATA ITEM INDICES USED BY PRED ARE:
   EVENT ID DATA ITEM IS DATA ITEM NO.:      4
   TIME DATA ITEM IS DATA ITEM NO.:          3
   DOSE AMOUNT DATA ITEM IS DATA ITEM NO.:   5

0PK SUBROUTINE CALLED WITH EVERY EVENT RECORD.
 PK SUBROUTINE NOT CALLED AT NONEVENT (ADDITIONAL OR LAGGED) DOSE TIMES.
0ERROR SUBROUTINE CALLED WITH EVERY EVENT RECORD.
1
 
 
 #TBLN:      1
 #METH: First Order Conditional Estimation with Interaction
 
 MONITORING OF SEARCH:

 
0ITERATION NO.:    0    OBJECTIVE VALUE:   2890.28921293249        NO. OF FUNC. EVALS.:  11
 CUMULATIVE NO. OF FUNC. EVALS.:       11
 NPARAMETR:  1.0000E+01  1.0000E+01  2.0000E-01  1.0000E+01  1.0000E+02  1.0000E+00  7.5000E-01  1.0000E-01  1.0000E-02  1.0000E-02
             1.0000E-01  1.0000E-02  1.0000E-01  1.0000E-01  1.0000E-01
 PARAMETER:  1.0000E-01  1.0000E-01  1.0000E-01  1.0000E-01  1.0000E-01  1.0000E-01  1.0000E-01  1.0000E-01  1.0000E-01  1.0000E-01
             1.0000E-01  1.0000E-01  1.0000E-01  1.0000E-01  1.0000E-01
 GRADIENT:  -4.9440E+01 -3.8671E+02  5.8948E+02  6.8704E+00 -7.2623E+01 -3.6060E+01 -1.1329E+01 -8.9338E+01 -1.2923E+01  1.1503E+02
            -1.7601E+02  2.3924E+02 -4.8489E+02  7.4776E+01 -1.4675E+01
 
0ITERATION NO.:    5    OBJECTIVE VALUE:   2293.59860432468        NO. OF FUNC. EVALS.:  13
 CUMULATIVE NO. OF FUNC. EVALS.:       73
 NPARAMETR:  9.7848E+00  2.9041E+01  8.2204E-02  4.4718E+00  1.1555E+02  1.0961E+00  7.8272E-01  2.4917E-01  5.1198E-02 -5.2681E-02
             1.2744E-01 -1.4891E-02  1.0283E-01  6.3676E-02  1.6527E-01
 PARAMETER:  7.2883E-02  1.4038E+00 -8.1336E-01 -8.3426E-01  2.6197E-01  2.9272E-01  1.5735E-01  5.5649E-01  3.2434E-01 -3.3374E-01
             1.8320E-01 -4.1576E-02  6.5009E-02 -1.2568E-01  3.5119E-01
 GRADIENT:  -1.4774E+01  5.1872E+01 -3.1254E+01 -1.0033E+01  9.9876E+00 -8.7562E+00 -2.0236E+00  1.2805E+01 -1.9961E+01  8.6377E+00
             1.2284E+01 -2.8275E+00  2.4632E+01  1.0290E+02  9.0511E+00
 
0ITERATION NO.:   10    OBJECTIVE VALUE:   2275.95429339537        NO. OF FUNC. EVALS.:  12
 CUMULATIVE NO. OF FUNC. EVALS.:      133
 NPARAMETR:  9.9399E+00  2.4010E+01  7.0435E-02  2.9394E+00  1.0331E+02  1.1758E+00  7.2535E-01  2.3238E-01  1.7190E-01 -3.5280E-02
             2.6032E-01 -3.3855E-02  4.1488E-02  5.7725E-02  1.5050E-01
 PARAMETER:  9.2476E-02  1.1451E+00 -9.7026E-01 -1.2869E+00  1.3629E-01  4.5519E-01  5.5693E-02  5.2160E-01  1.1276E+00 -2.3144E-01
             2.4821E-01 -7.4319E-02 -4.0612E-01 -1.7474E-01  3.0439E-01
 GRADIENT:  -1.2149E+01  3.4458E+01 -2.5017E+01 -1.1226E+01 -7.1411E+00 -2.2586E+00 -7.6468E-02 -7.0679E+00  5.3697E+00 -2.2854E+00
             2.5967E+01 -2.9113E-01  1.0618E+00  5.1473E+01  3.1835E+00
 
0ITERATION NO.:   15    OBJECTIVE VALUE:   2264.10360725077        NO. OF FUNC. EVALS.:  12
 CUMULATIVE NO. OF FUNC. EVALS.:      195
 NPARAMETR:  1.0727E+01  2.2080E+01  7.4670E-02  3.3262E+00  1.0606E+02  1.1552E+00  2.1494E-01  2.8949E-01  1.5820E-01 -6.4898E-02
             1.4217E-01 -5.3345E-02  4.3690E-02  5.0687E-02  1.2654E-01
 PARAMETER:  1.8850E-01  1.0362E+00 -9.1102E-01 -1.1551E+00  1.6560E-01  4.1292E-01 -1.3631E+00  6.3148E-01  9.2978E-01 -3.8143E-01
            -1.8740E-01 -2.6483E-01 -6.1698E-01 -2.3975E-01  2.1769E-01
 GRADIENT:   2.2107E+01 -7.9449E+00  1.7642E+01 -3.9726E+00 -9.1060E-01  6.2325E+00  5.7024E-01  6.8624E+00 -2.4921E+00 -9.5676E+00
             1.5490E+01 -5.0173E+00 -3.3375E+00 -4.2252E+01 -1.1680E+01
 
0ITERATION NO.:   20    OBJECTIVE VALUE:   2257.99710372469        NO. OF FUNC. EVALS.:  12
 CUMULATIVE NO. OF FUNC. EVALS.:      261
 NPARAMETR:  1.0110E+01  2.0911E+01  7.3312E-02  3.1664E+00  1.1282E+02  1.1157E+00  1.9439E-01  2.5551E-01  1.5044E-01 -4.4297E-02
             1.1102E-01 -3.5952E-02  4.1762E-02  5.3731E-02  1.4559E-01
 PARAMETER:  1.1364E-01  9.6692E-01 -9.2965E-01 -1.2077E+00  2.3492E-01  3.3251E-01 -1.4709E+00  5.6904E-01  9.4118E-01 -2.7712E-01
            -6.4229E-01 -2.3038E-01 -4.9716E-01 -2.1059E-01  2.8783E-01
 GRADIENT:  -1.9432E-01 -1.6264E+00  2.1739E+00  4.5211E-01 -8.6917E-01  4.1365E-01  9.8846E-02 -6.5824E-01 -8.8131E-01  7.4430E-02
             1.4609E+00 -3.6112E-01  6.3758E-01  3.6958E+00 -8.1638E-01
 
0ITERATION NO.:   25    OBJECTIVE VALUE:   2257.88098657247        NO. OF FUNC. EVALS.:  12
 CUMULATIVE NO. OF FUNC. EVALS.:      321
 NPARAMETR:  1.0246E+01  2.0730E+01  7.2286E-02  3.0811E+00  1.1777E+02  1.1028E+00  1.4272E-01  2.6681E-01  1.5973E-01 -4.3521E-02
             1.1280E-01 -3.6473E-02  3.9998E-02  5.3648E-02  1.4826E-01
 PARAMETER:  1.3052E-01  9.5592E-01 -9.4394E-01 -1.2368E+00  2.8348E-01  3.0626E-01 -1.7981E+00  5.9068E-01  9.7788E-01 -2.6644E-01
            -7.7576E-01 -2.7791E-01 -5.5333E-01 -2.1136E-01  2.9691E-01
 GRADIENT:   3.2346E-01 -3.0602E-01  5.7893E-01  1.8224E-02 -1.4363E-01  1.7699E-01  7.6956E-02  2.7828E-02  1.0797E-01  1.4806E-01
             9.5746E-02  3.6014E-02  2.4824E-01  8.5063E-01 -1.3655E-01
 
0ITERATION NO.:   30    OBJECTIVE VALUE:   2257.88078223121        NO. OF FUNC. EVALS.:  12
 CUMULATIVE NO. OF FUNC. EVALS.:      381
 NPARAMETR:  1.0257E+01  2.0707E+01  7.2191E-02  3.0737E+00  1.1838E+02  1.1022E+00  1.3335E-01  2.6756E-01  1.6007E-01 -4.3542E-02
             1.1241E-01 -3.6692E-02  3.9699E-02  5.3650E-02  1.4848E-01
 PARAMETER:  1.3179E-01  9.5455E-01 -9.4528E-01 -1.2394E+00  2.8939E-01  3.0513E-01 -1.8693E+00  5.9209E-01  9.7861E-01 -2.6619E-01
            -7.9172E-01 -2.8843E-01 -5.6810E-01 -2.1134E-01  2.9763E-01
 GRADIENT:   2.6296E-01 -2.0170E-01  3.3256E-01  2.8982E-03 -5.8959E-02  1.3411E-01  5.9315E-02  3.8050E-02  5.7348E-02  7.8268E-02
             3.7908E-02  2.5260E-02  1.5244E-01  5.1347E-01 -7.4024E-02
 
0ITERATION NO.:   35    OBJECTIVE VALUE:   2257.88075019531        NO. OF FUNC. EVALS.:  12
 CUMULATIVE NO. OF FUNC. EVALS.:      442
 NPARAMETR:  1.0264E+01  2.0696E+01  7.2152E-02  3.0704E+00  1.1863E+02  1.1019E+00  1.2702E-01  2.6799E-01  1.6026E-01 -4.3581E-02
             1.1219E-01 -3.6815E-02  3.9548E-02  5.3652E-02  1.4857E-01
 PARAMETER:  1.3264E-01  9.5390E-01 -9.4583E-01 -1.2405E+00  2.9176E-01  3.0460E-01 -1.9201E+00  5.9289E-01  9.7894E-01 -2.6622E-01
            -8.0028E-01 -2.9397E-01 -5.7623E-01 -2.1132E-01  2.9796E-01
 GRADIENT:   2.2035E-01 -1.5596E-01  2.3487E-01 -2.2259E-03 -2.8136E-02  1.0667E-01  4.7610E-02  3.4934E-02  3.6547E-02  4.6998E-02
             1.5582E-02  2.1189E-02  1.0001E-01  3.5418E-01 -4.6633E-02
 
0ITERATION NO.:   40    OBJECTIVE VALUE:   2257.88072490915        NO. OF FUNC. EVALS.:  12
 CUMULATIVE NO. OF FUNC. EVALS.:      503
 NPARAMETR:  1.0270E+01  2.0689E+01  7.2128E-02  3.0684E+00  1.1878E+02  1.1018E+00  1.2131E-01  2.6835E-01  1.6040E-01 -4.3627E-02
             1.1202E-01 -3.6908E-02  3.9441E-02  5.3654E-02  1.4864E-01
 PARAMETER:  1.3341E-01  9.5347E-01 -9.4617E-01 -1.2412E+00  2.9317E-01  3.0424E-01 -1.9681E+00  5.9356E-01  9.7917E-01 -2.6632E-01
            -8.0690E-01 -2.9804E-01 -5.8235E-01 -2.1131E-01  2.9818E-01
 GRADIENT:   1.7908E-01 -1.1855E-01  1.6742E-01 -5.4569E-03 -1.1507E-02  8.3219E-02  3.7465E-02  2.9846E-02  2.2875E-02  2.6244E-02
             1.8304E-03  1.8287E-02  6.1835E-02  2.4030E-01 -2.8355E-02
 
0ITERATION NO.:   45    OBJECTIVE VALUE:   2257.88070830727        NO. OF FUNC. EVALS.:  12
 CUMULATIVE NO. OF FUNC. EVALS.:      565
 NPARAMETR:  1.0276E+01  2.0684E+01  7.2112E-02  3.0670E+00  1.1887E+02  1.1016E+00  1.1599E-01  2.6866E-01  1.6053E-01 -4.3673E-02
             1.1189E-01 -3.6979E-02  3.9364E-02  5.3655E-02  1.4868E-01
 PARAMETER:  1.3414E-01  9.5315E-01 -9.4640E-01 -1.2417E+00  2.9403E-01  3.0398E-01 -2.0148E+00  5.9414E-01  9.7936E-01 -2.6644E-01
            -8.1217E-01 -3.0110E-01 -5.8703E-01 -2.1130E-01  2.9833E-01
 GRADIENT:   1.4286E-01 -9.1418E-02  1.2188E-01 -6.5014E-03 -2.2647E-03  6.3026E-02  2.8517E-02  2.3232E-02  1.3754E-02  1.2692E-02
            -6.4549E-03  1.5378E-02  3.3670E-02  1.5453E-01 -1.5819E-02
 
0ITERATION NO.:   50    OBJECTIVE VALUE:   2257.88070075946        NO. OF FUNC. EVALS.:  13
 CUMULATIVE NO. OF FUNC. EVALS.:      628
 NPARAMETR:  1.0280E+01  2.0681E+01  7.2104E-02  3.0663E+00  1.1891E+02  1.1016E+00  1.1256E-01  2.6886E-01  1.6060E-01 -4.3704E-02
             1.1182E-01 -3.7016E-02  3.9325E-02  5.3656E-02  1.4871E-01
 PARAMETER:  1.3461E-01  9.5299E-01 -9.4650E-01 -1.2420E+00  2.9441E-01  3.0385E-01 -2.0460E+00  5.9451E-01  9.7948E-01 -2.6654E-01
            -8.1509E-01 -3.0267E-01 -5.8948E-01 -2.1129E-01  2.9840E-01
 GRADIENT:   1.1816E-01 -7.3528E-02  9.5565E-02 -6.8611E-03  1.1060E-03  5.0571E-02  2.2993E-02  1.8949E-02  9.1353E-03  6.0868E-03
            -9.7542E-03  1.3535E-02  1.9191E-02  1.0901E-01 -9.5850E-03
 
0ITERATION NO.:   55    OBJECTIVE VALUE:   2257.88069582010        NO. OF FUNC. EVALS.:  12
 CUMULATIVE NO. OF FUNC. EVALS.:      690
 NPARAMETR:  1.0284E+01  2.0679E+01  7.2098E-02  3.0657E+00  1.1894E+02  1.1015E+00  1.0875E-01  2.6907E-01  1.6069E-01 -4.3738E-02
             1.1175E-01 -3.7048E-02  3.9292E-02  5.3656E-02  1.4872E-01
 PARAMETER:  1.3514E-01  9.5284E-01 -9.4660E-01 -1.2422E+00  2.9471E-01  3.0374E-01 -2.0818E+00  5.9491E-01  9.7962E-01 -2.6664E-01
            -8.1788E-01 -3.0403E-01 -5.9165E-01 -2.1129E-01  2.9846E-01
 GRADIENT:   9.0336E-02 -5.4241E-02  6.9148E-02 -6.7497E-03  3.0784E-03  3.7308E-02  1.7081E-02  1.4169E-02  5.0744E-03  6.9090E-04
            -1.1561E-02  1.1284E-02  6.5829E-03  6.6706E-02 -4.2347E-03
 
0ITERATION NO.:   60    OBJECTIVE VALUE:   2257.88069434037        NO. OF FUNC. EVALS.:  13
 CUMULATIVE NO. OF FUNC. EVALS.:      753
 NPARAMETR:  1.0287E+01  2.0678E+01  7.2094E-02  3.0654E+00  1.1895E+02  1.1015E+00  1.0625E-01  2.6921E-01  1.6075E-01 -4.3760E-02
             1.1173E-01 -3.7064E-02  3.9275E-02  5.3655E-02  1.4873E-01
 PARAMETER:  1.3548E-01  9.5276E-01 -9.4664E-01 -1.2423E+00  2.9484E-01  3.0370E-01 -2.1059E+00  5.9516E-01  9.7972E-01 -2.6671E-01
            -8.1941E-01 -3.0468E-01 -5.9271E-01 -2.1129E-01  2.9848E-01
 GRADIENT:   7.2030E-02 -4.2037E-02  5.3198E-02 -6.3415E-03  3.5527E-03  2.9005E-02  1.3350E-02  1.1081E-02  2.9861E-03 -1.7517E-03
            -1.1655E-02  9.6306E-03  4.3778E-04  4.3676E-02 -1.6072E-03
 
0ITERATION NO.:   65    OBJECTIVE VALUE:   2257.88069130200        NO. OF FUNC. EVALS.:  12
 CUMULATIVE NO. OF FUNC. EVALS.:      814
 NPARAMETR:  1.0290E+01  2.0676E+01  7.2092E-02  3.0652E+00  1.1896E+02  1.1015E+00  1.0349E-01  2.6936E-01  1.6081E-01 -4.3784E-02
             1.1171E-01 -3.7075E-02  3.9262E-02  5.3655E-02  1.4874E-01
 PARAMETER:  1.3586E-01  9.5269E-01 -9.4668E-01 -1.2423E+00  2.9494E-01  3.0366E-01 -2.1332E+00  5.9545E-01  9.7984E-01 -2.6677E-01
            -8.2081E-01 -3.0515E-01 -5.9353E-01 -2.1130E-01  2.9850E-01
 GRADIENT:   5.1795E-02 -2.9111E-02  3.6743E-02 -5.5000E-03  3.4449E-03  2.0178E-02  9.3643E-03  7.7433E-03  1.1890E-03 -3.4052E-03
            -1.0686E-02  7.5719E-03 -4.2364E-03  2.2677E-02  4.7078E-04
 
0ITERATION NO.:   70    OBJECTIVE VALUE:   2257.88068839714        NO. OF FUNC. EVALS.:  12
 CUMULATIVE NO. OF FUNC. EVALS.:      874
 NPARAMETR:  1.0292E+01  2.0676E+01  7.2090E-02  3.0651E+00  1.1897E+02  1.1015E+00  1.0135E-01  2.6948E-01  1.6087E-01 -4.3801E-02
             1.1170E-01 -3.7079E-02  3.9256E-02  5.3654E-02  1.4874E-01
 PARAMETER:  1.3615E-01  9.5264E-01 -9.4670E-01 -1.2424E+00  2.9498E-01  3.0365E-01 -2.1548E+00  5.9567E-01  9.7994E-01 -2.6682E-01
            -8.2167E-01 -3.0533E-01 -5.9388E-01 -2.1131E-01  2.9851E-01
 GRADIENT:   3.6218E-02 -1.9594E-02  2.4792E-02 -4.5314E-03  2.9782E-03  1.3629E-02  6.3720E-03  5.2095E-03  1.6996E-04 -3.8911E-03
            -9.1233E-03  5.7677E-03 -6.2437E-03  9.6296E-03  1.4778E-03
 
0ITERATION NO.:   75    OBJECTIVE VALUE:   2257.88068025557        NO. OF FUNC. EVALS.:  12
 CUMULATIVE NO. OF FUNC. EVALS.:      934
 NPARAMETR:  1.0295E+01  2.0675E+01  7.2089E-02  3.0650E+00  1.1897E+02  1.1015E+00  9.8945E-02  2.6961E-01  1.6093E-01 -4.3819E-02
             1.1170E-01 -3.7079E-02  3.9254E-02  5.3653E-02  1.4874E-01
 PARAMETER:  1.3647E-01  9.5259E-01 -9.4672E-01 -1.2424E+00  2.9500E-01  3.0365E-01 -2.1797E+00  5.9591E-01  9.8006E-01 -2.6687E-01
            -8.2236E-01 -3.0530E-01 -5.9394E-01 -2.1132E-01  2.9850E-01
 GRADIENT:   1.8686E-02 -9.3355E-03  1.1996E-02 -3.0584E-03  2.0670E-03  6.5407E-03  3.1115E-03  2.4694E-03 -5.7778E-04 -3.5448E-03
            -6.4111E-03  3.4817E-03 -6.6033E-03 -1.3678E-03  1.9317E-03
 
0ITERATION NO.:   80    OBJECTIVE VALUE:   2257.88058869475        NO. OF FUNC. EVALS.:  22
 CUMULATIVE NO. OF FUNC. EVALS.:     1007
 NPARAMETR:  1.0300E+01  2.0674E+01  7.2089E-02  3.0651E+00  1.1896E+02  1.1015E+00  9.4415E-02  2.6986E-01  1.6105E-01 -4.3848E-02
             1.1175E-01 -3.7055E-02  3.9270E-02  5.3650E-02  1.4872E-01
 PARAMETER:  1.3707E-01  9.5255E-01 -9.4671E-01 -1.2424E+00  2.9493E-01  3.0371E-01 -2.2281E+00  5.9637E-01  9.8036E-01 -2.6692E-01
            -8.2250E-01 -3.0431E-01 -5.9267E-01 -2.1135E-01  2.9845E-01
 GRADIENT:  -4.9505E-01 -9.9155E-01 -5.3717E+00 -4.0905E-01 -1.6981E-02 -1.9123E-01 -6.8021E-03 -2.8342E-03 -2.9106E-04  9.0552E-04
             2.9848E-03 -2.3410E-03  8.7209E-04 -1.8041E-01 -1.5462E-02
 
0ITERATION NO.:   85    OBJECTIVE VALUE:   2257.76846791205        NO. OF FUNC. EVALS.:  21
 CUMULATIVE NO. OF FUNC. EVALS.:     1114
 NPARAMETR:  1.0370E+01  2.1292E+01  7.4185E-02  3.2574E+00  1.1295E+02  1.1054E+00  9.6257E-02  2.6694E-01  1.5488E-01 -4.8481E-02
             1.0564E-01 -3.8629E-02  4.1681E-02  5.3452E-02  1.5247E-01
 PARAMETER:  1.4564E-01  9.8980E-01 -9.1763E-01 -1.1774E+00  2.3630E-01  3.1159E-01 -2.2081E+00  5.9093E-01  9.4798E-01 -2.9673E-01
            -8.1840E-01 -2.9227E-01 -5.6654E-01 -2.1319E-01  3.1091E-01
 GRADIENT:   1.9940E-02 -1.8612E-02  1.1694E-02  4.5657E-03  5.1783E-03 -4.0748E-04 -7.3665E-04 -6.5539E-03 -5.3859E-03  1.2681E-03
            -1.7370E-02 -4.5919E-04 -2.1151E-02 -6.0616E-02  4.8135E-03
 
0ITERATION NO.:   89    OBJECTIVE VALUE:   2257.76837650424        NO. OF FUNC. EVALS.:  18
 CUMULATIVE NO. OF FUNC. EVALS.:     1195
 NPARAMETR:  1.0367E+01  2.1293E+01  7.4191E-02  3.2580E+00  1.1295E+02  1.1055E+00  9.7581E-02  2.6690E-01  1.5491E-01 -4.8465E-02
             1.0583E-01 -3.8577E-02  4.1726E-02  5.3449E-02  1.5245E-01
 PARAMETER:  1.4531E-01  9.8990E-01 -9.1754E-01 -1.1772E+00  2.3625E-01  3.1183E-01 -2.1940E+00  5.9086E-01  9.4818E-01 -2.9666E-01
            -8.1373E-01 -2.8949E-01 -5.6305E-01 -2.1322E-01  3.1084E-01
 GRADIENT:   2.7229E-03 -8.7978E-03  1.9936E-02 -2.2587E-03  2.0930E-03 -1.7846E-03 -1.9027E-04 -1.8566E-03  1.1533E-03 -4.1191E-03
             3.0392E-03  1.3589E-04 -5.7880E-03  4.7883E-03  1.6717E-03
 
 #TERM:
0MINIMIZATION SUCCESSFUL
 NO. OF FUNCTION EVALUATIONS USED:     1195
 NO. OF SIG. DIGITS IN FINAL EST.:  3.1

 ETABAR IS THE ARITHMETIC MEAN OF THE ETA-ESTIMATES,
 AND THE P-VALUE IS GIVEN FOR THE NULL HYPOTHESIS THAT THE TRUE MEAN IS 0.

 ETABAR:        -2.0421E-04  6.4710E-07  9.6901E-04
 SE:             8.0262E-02  4.8939E-02  2.9346E-02

 P VAL.:         9.9797E-01  9.9999E-01  9.7366E-01
 
 ETAshrink(%):   4.9144E-01  3.6436E+00  7.9829E+00
 EPSshrink(%):   7.0095E+00  7.0095E+00
 
 #TERE:
 Elapsed estimation time in seconds:    14.96
1
 
 
 
 
 
 
 
 
 
 
 
 
 
 
 
 
 
 
 
 
 ************************************************************************************************************************
 ********************                                                                                ********************
 ********************               FIRST ORDER CONDITIONAL ESTIMATION WITH INTERACTION              ********************
 #OBJT:**************                       MINIMUM VALUE OF OBJECTIVE FUNCTION                      ********************
 ********************                                                                                ********************
 ************************************************************************************************************************
 





 #OBJV:********************************************     2257.768       **************************************************
1
 ************************************************************************************************************************
 ********************                                                                                ********************
 ********************               FIRST ORDER CONDITIONAL ESTIMATION WITH INTERACTION              ********************
 ********************                             FINAL PARAMETER ESTIMATE                           ********************
 ********************                                                                                ********************
 ************************************************************************************************************************
 


 THETA - VECTOR OF FIXED EFFECTS PARAMETERS   *********


         TH 1      TH 2      TH 3      TH 4      TH 5      TH 6      TH 7     
 
         1.04E+01  2.13E+01  7.42E-02  3.26E+00  1.13E+02  1.11E+00  9.76E-02
 


 OMEGA - COV MATRIX FOR RANDOM EFFECTS - ETAS  ********


            ETA1      ETA2      ETA3   
 
 ETA1
+        2.67E-01
 
 ETA2
+        1.55E-01  1.06E-01
 
 ETA3
+       -4.85E-02 -3.86E-02  4.17E-02
 


 SIGMA - COV MATRIX FOR RANDOM EFFECTS - EPSILONS  ****


            EPS1      EPS2   
 
 EPS1
+        5.34E-02
 
 EPS2
+        0.00E+00  1.52E-01
 
1


 OMEGA - CORR MATRIX FOR RANDOM EFFECTS - ETAS  *******


            ETA1      ETA2      ETA3   
 
 ETA1
+        5.17E-01
 
 ETA2
+        9.22E-01  3.25E-01
 
 ETA3
+       -4.59E-01 -5.81E-01  2.04E-01
 


 SIGMA - CORR MATRIX FOR RANDOM EFFECTS - EPSILONS  ***


            EPS1      EPS2   
 
 EPS1
+        2.31E-01
 
 EPS2
+        0.00E+00  3.90E-01
 
Stop Time:
Thu Nov 10 14:56:08 UTC 2011
