Mon May 21 18:17:26 UTC 2012
$PROB 1002 phase1 2 CMT
$INPUT C ID TIME SEQ=DROP EVID AMT DV
$DATA ../../data/derived/phase1.csv IGNORE=C
$SUBROUTINE ADVAN4 TRANS4
$PK
 CL=THETA(1)*EXP(ETA(1))
 V2 =THETA(2)*EXP(ETA(2))
 KA=THETA(3)*EXP(ETA(3))
 Q  =THETA(4)*EXP(ETA(4))
 V3=THETA(5) *EXP(ETA(5))
 S2=V2
 
$ERROR
 Y=F*EXP(ERR(1)) + ERR(2)
 IPRE=F

$THETA 
(10)     ;CL
(10)      ;V
(0.2)     ;KA
(10)      ;Q
(10)      ;V3

$OMEGA 0.09 0.09 0.09 0.09 0.09 
$SIGMA 0.09 0.1
$ESTIMATION MAXEVAL=9999 PRINT=5 NOABORT METHOD=1 INTER MSFO=./1002.msf
$COV PRINT=E
$TABLE NOPRINT FILE=./1002.tab ONEHEADER ID AMT TIME EVID PRED IPRE CWRES
$TABLE NOPRINT FILE=./1002par.tab ONEHEADER ID TIME CL Q V2 V3 KA ETA1 ETA2 ETA3 ETA4 ETA5

NM-TRAN MESSAGES
  
 WARNINGS AND ERRORS (IF ANY) FOR PROBLEM    1
             
 (WARNING  2) NM-TRAN INFERS THAT THE DATA ARE POPULATION.
 CREATING MUMODEL ROUTINE...

License Registered to: Metrum Research Group
Expiration Date:    14 JUL 2012
Current Date:       21 MAY 2012
Days until program expires :  53
1NONLINEAR MIXED EFFECTS MODEL PROGRAM (NONMEM) VERSION 7.2.0
 ORIGINALLY DEVELOPED BY STUART BEAL, LEWIS SHEINER, AND ALISON BOECKMANN
 CURRENT DEVELOPERS ARE ROBERT BAUER, ICON DEVELOPMENT SOLUTIONS,
 AND ALISON BOECKMANN. IMPLEMENTATION, EFFICIENCY, AND STANDARDIZATION
 PERFORMED BY NOUS INFOSYSTEMS.

 PROBLEM NO.:         1
 1002 phase1 2 CMT
0DATA CHECKOUT RUN:              NO
 DATA SET LOCATED ON UNIT NO.:    2
 THIS UNIT TO BE REWOUND:        NO
 NO. OF DATA RECS IN DATA SET:      550
 NO. OF DATA ITEMS IN DATA SET:   7
 ID DATA ITEM IS DATA ITEM NO.:   2
 DEP VARIABLE IS DATA ITEM NO.:   6
 MDV DATA ITEM IS DATA ITEM NO.:  7
0INDICES PASSED TO SUBROUTINE PRED:
   4   3   5   0   0   0   0   0   0   0   0
0LABELS FOR DATA ITEMS:
 C ID TIME EVID AMT DV MDV
0(NONBLANK) LABELS FOR PRED-DEFINED ITEMS:
 CL V2 KA Q V3 IPRE
0FORMAT FOR DATA:
 (6E6.0,1F2.0)

 TOT. NO. OF OBS RECS:      510
 TOT. NO. OF INDIVIDUALS:     40
0LENGTH OF THETA:   5
0DEFAULT THETA BOUNDARY TEST OMITTED:    NO
0OMEGA HAS SIMPLE DIAGONAL FORM WITH DIMENSION:   5
0DEFAULT OMEGA BOUNDARY TEST OMITTED:    NO
0SIGMA HAS SIMPLE DIAGONAL FORM WITH DIMENSION:   2
0DEFAULT SIGMA BOUNDARY TEST OMITTED:    NO
0INITIAL ESTIMATE OF THETA:
   0.1000E+02  0.1000E+02  0.2000E+00  0.1000E+02  0.1000E+02
0INITIAL ESTIMATE OF OMEGA:
 0.9000E-01
 0.0000E+00   0.9000E-01
 0.0000E+00   0.0000E+00   0.9000E-01
 0.0000E+00   0.0000E+00   0.0000E+00   0.9000E-01
 0.0000E+00   0.0000E+00   0.0000E+00   0.0000E+00   0.9000E-01
0INITIAL ESTIMATE OF SIGMA:
 0.9000E-01
 0.0000E+00   0.1000E+00
0ESTIMATION STEP OMITTED:           NO
 CONDITIONAL ESTIMATES USED:       YES
 CENTERED ETA:                      NO
 EPS-ETA INTERACTION:              YES
 LAPLACIAN OBJ. FUNC.:              NO
 NO. OF FUNCT. EVALS. ALLOWED:       9999
 NO. OF SIG. FIGURES REQUIRED:       3
 INTERMEDIATE PRINTOUT:            YES
 ESTIMATE OUTPUT TO MSF:           YES
 ABORT WITH PRED EXIT CODE 1:       NO
 IND. OBJ. FUNC. VALUES SORTED:     NO
0COVARIANCE STEP OMITTED:    NO
 EIGENVLS. PRINTED:         YES
 SPECIAL COMPUTATION:        NO
 COMPRESSED FORMAT:          NO
0TABLES STEP OMITTED:    NO
 NO. OF TABLES:           2
0-- TABLE   1 --
 PRINTED:                NO
 HEADER:                YES
 FILE TO BE FORWARDED:   NO
0USER-CHOSEN ITEMS:
 ID AMT TIME EVID IPRE CWRES
0-- TABLE   2 --
 PRINTED:                NO
 HEADER:                YES
 FILE TO BE FORWARDED:   NO
0USER-CHOSEN ITEMS:
 ID TIME CL Q V2 V3 KA ETA1 ETA2 ETA3 ETA4 ETA5

 THE FOLLOWING LABELS ARE EQUIVALENT
 PRED=PREDI
 RES=RESI
 WRES=WRESI
1DOUBLE PRECISION PREDPP VERSION 7.2.0

 TWO COMPARTMENT MODEL WITH FIRST-ORDER ABSORPTION (ADVAN4)
0MAXIMUM NO. OF BASIC PK PARAMETERS:   5
0BASIC PK PARAMETERS (AFTER TRANSLATION):
   BASIC PK PARAMETER NO.  1: ELIMINATION RATE (K)
   BASIC PK PARAMETER NO.  2: CENTRAL-TO-PERIPH. RATE (K23)
   BASIC PK PARAMETER NO.  3: PERIPH.-TO-CENTRAL RATE (K32)
   BASIC PK PARAMETER NO.  5: ABSORPTION RATE (KA)
 TRANSLATOR WILL CONVERT PARAMETERS
 CL, V2, Q, V3 TO K, K23, K32 (TRANS4)
0COMPARTMENT ATTRIBUTES
 COMPT. NO.   FUNCTION   INITIAL    ON/OFF      DOSE      DEFAULT    DEFAULT
                         STATUS     ALLOWED    ALLOWED    FOR DOSE   FOR OBS.
    1         DEPOT        OFF        YES        YES        YES        NO
    2         CENTRAL      ON         NO         YES        NO         YES
    3         PERIPH.      ON         NO         YES        NO         NO
    4         OUTPUT       OFF        YES        NO         NO         NO
1
 ADDITIONAL PK PARAMETERS - ASSIGNMENT OF ROWS IN GG
 COMPT. NO.                             INDICES
              SCALE      BIOAVAIL.   ZERO-ORDER  ZERO-ORDER  ABSORB
                         FRACTION    RATE        DURATION    LAG
    1           *           *           *           *           *
    2           6           *           *           *           *
    3           *           *           *           *           *
    4           *           -           -           -           -
             - PARAMETER IS NOT ALLOWED FOR THIS MODEL
             * PARAMETER IS NOT SUPPLIED BY PK SUBROUTINE;
               WILL DEFAULT TO ONE IF APPLICABLE
0DATA ITEM INDICES USED BY PRED ARE:
   EVENT ID DATA ITEM IS DATA ITEM NO.:      4
   TIME DATA ITEM IS DATA ITEM NO.:          3
   DOSE AMOUNT DATA ITEM IS DATA ITEM NO.:   5

0PK SUBROUTINE CALLED WITH EVERY EVENT RECORD.
 PK SUBROUTINE NOT CALLED AT NONEVENT (ADDITIONAL OR LAGGED) DOSE TIMES.
0ERROR SUBROUTINE CALLED WITH EVERY EVENT RECORD.
1
 
 
 #TBLN:      1
 #METH: First Order Conditional Estimation with Interaction
 
 MONITORING OF SEARCH:

 
0ITERATION NO.:    0    OBJECTIVE VALUE:   3479.54698131581        NO. OF FUNC. EVALS.:   9
 CUMULATIVE NO. OF FUNC. EVALS.:        9
 NPARAMETR:  1.0000E+01  1.0000E+01  2.0000E-01  1.0000E+01  1.0000E+01  9.0000E-02  9.0000E-02  9.0000E-02  9.0000E-02  9.0000E-02
             9.0000E-02  1.0000E-01
 PARAMETER:  1.0000E-01  1.0000E-01  1.0000E-01  1.0000E-01  1.0000E-01  1.0000E-01  1.0000E-01  1.0000E-01  1.0000E-01  1.0000E-01
             1.0000E-01  1.0000E-01
 GRADIENT:  -1.5823E+03 -1.7803E+03  1.1031E+04 -1.2449E+02  1.3919E+02 -1.9141E+02 -4.9922E+01 -1.3371E+03 -1.1958E+00 -3.9650E+00
             4.6204E+01 -9.2129E+01
 
0ITERATION NO.:    5    OBJECTIVE VALUE:   2586.74956293437        NO. OF FUNC. EVALS.:  12
 CUMULATIVE NO. OF FUNC. EVALS.:       71
 NPARAMETR:  1.2282E+01  1.3228E+01  4.4006E-02  1.0053E+01  1.5335E-01  9.3040E-02  9.0513E-02  9.1049E-02  9.0030E-02  9.0285E-02
             8.8357E-02  1.0043E-01
 PARAMETER:  1.2282E-01  1.3228E-01  2.2003E-02  1.0053E-01  1.5335E-03  1.1661E-01  1.0284E-01  1.0579E-01  1.0017E-01  1.0158E-01
             9.0786E-02  1.0212E-01
 GRADIENT:   3.8102E+02 -1.2435E+02 -3.9083E+00 -4.0110E-01  9.5576E+01 -1.1123E+02 -2.2101E+01  2.7285E+01  2.1876E-06 -2.9103E-03
             1.6128E+02 -4.4466E+00
 
0ITERATION NO.:   10    OBJECTIVE VALUE:   2551.58742599615        NO. OF FUNC. EVALS.:  10
 CUMULATIVE NO. OF FUNC. EVALS.:      131
 NPARAMETR:  1.2655E+01  1.3224E+01  4.6019E-02  2.0286E+01  1.4487E+00  1.1911E-01  2.0173E-01  3.6929E-02  1.1332E-01  9.0877E-01
             6.8696E-02  2.7357E-01
 PARAMETER:  1.2655E-01  1.3224E-01  2.3010E-02  2.0286E-01  1.4487E-02  2.4012E-01  5.0357E-01 -3.4541E-01  2.1520E-01  1.2561E+00
            -3.5063E-02  6.0320E-01
 GRADIENT:   4.0564E+02  1.9140E+01 -1.3237E+03 -1.0385E+01  3.2070E+02 -8.1687E+01 -5.1035E+00 -2.4875E+00 -2.1763E-03 -4.5173E-01
             9.2682E+01  2.1354E+01
 
0ITERATION NO.:   15    OBJECTIVE VALUE:   2527.16057489531        NO. OF FUNC. EVALS.:  12
 CUMULATIVE NO. OF FUNC. EVALS.:      184
 NPARAMETR:  1.1923E+01  1.4378E+01  4.6785E-02  9.4958E+00  4.9609E-02  2.2838E-01  2.0530E-01  4.2246E-02  1.3818E-01  1.0858E+00
             5.7475E-02  1.9495E-01
 PARAMETER:  1.1923E-01  1.4378E-01  2.3392E-02  9.4958E-02  4.9609E-04  5.6561E-01  5.1232E-01 -2.7815E-01  3.1438E-01  1.3451E+00
            -1.2423E-01  4.3378E-01
 GRADIENT:   1.1284E+02  8.7545E+00  2.4493E+02 -6.1678E-02  3.3224E+01 -9.8296E+00 -3.1601E-01  2.4301E+00 -1.5354E-08  1.6059E-03
            -2.6790E+00 -1.1799E+00
 
0ITERATION NO.:   20    OBJECTIVE VALUE:   2526.81558863530        NO. OF FUNC. EVALS.:  18
 CUMULATIVE NO. OF FUNC. EVALS.:      250
 NPARAMETR:  1.1626E+01  1.4381E+01  4.6736E-02  7.9442E+00  1.4301E-04  2.4795E-01  2.0467E-01  3.9992E-02  1.3728E-01  1.1267E+00
             5.7598E-02  1.9660E-01
 PARAMETER:  1.1626E-01  1.4381E-01  2.3368E-02  7.9442E-02  1.4301E-06  6.0671E-01  5.1079E-01 -3.0557E-01  3.1112E-01  1.3636E+00
            -1.2316E-01  4.3799E-01
 GRADIENT:  -1.0532E+01 -7.1228E+00 -1.3138E+03 -8.4810E-07  4.8085E-01 -3.0455E+00 -2.3855E-01  4.5386E-01 -2.3549E-12 -6.0334E-07
            -1.0498E+00 -3.1193E-01
 
0ITERATION NO.:   25    OBJECTIVE VALUE:   2526.40031195296        NO. OF FUNC. EVALS.:  18
 CUMULATIVE NO. OF FUNC. EVALS.:      362
 NPARAMETR:  1.1704E+01  1.4535E+01  4.7764E-02  8.5118E+00  2.0257E-02  2.5731E-01  2.0671E-01  3.8576E-02  1.4632E-01  1.1553E+00
             5.7374E-02  2.0441E-01
 PARAMETER:  1.1704E-01  1.4535E-01  2.3882E-02  8.5118E-02  2.0257E-04  6.2524E-01  5.1574E-01 -3.2359E-01  3.4298E-01  1.3762E+00
            -1.2511E-01  4.5749E-01
 GRADIENT:  -1.8633E+00  3.4919E-01 -1.0678E+02 -1.2311E-02 -3.3520E+00 -4.7061E-01 -1.9945E-01 -2.0310E-01  6.4259E-10  3.1765E-04
             4.4850E-03 -1.0298E-01
 
0ITERATION NO.:   30    OBJECTIVE VALUE:   2526.39391185386        NO. OF FUNC. EVALS.:  17
 CUMULATIVE NO. OF FUNC. EVALS.:      448
 NPARAMETR:  1.1723E+01  1.4502E+01  4.7876E-02  1.9074E+01  6.0465E-02  2.5881E-01  2.0918E-01  3.8720E-02  1.4618E-01  8.5991E-01
             5.7268E-02  2.0631E-01
 PARAMETER:  1.1723E-01  1.4502E-01  2.3938E-02  1.9074E-01  6.0465E-04  6.2815E-01  5.2169E-01 -3.2173E-01  3.4251E-01  1.2285E+00
            -1.2604E-01  4.6210E-01
 GRADIENT:   1.3057E+00 -3.0095E-01  1.7416E+01 -2.1783E-02 -7.2433E-01 -6.5203E-02  7.2730E-02 -5.7924E-02 -9.0167E-09  2.0154E-03
            -2.7670E-01  5.2344E-02
 
0ITERATION NO.:   35    OBJECTIVE VALUE:   2526.17651778622        NO. OF FUNC. EVALS.:  17
 CUMULATIVE NO. OF FUNC. EVALS.:      541
 NPARAMETR:  1.1697E+01  1.1000E+01  4.7798E-02  1.2496E+03  3.2631E+00  2.5962E-01  3.5079E-01  3.8211E-02  1.4597E-01  9.0000E-06
             5.7237E-02  2.0528E-01
 PARAMETER:  1.1697E-01  1.1000E-01  2.3899E-02  1.2496E+01  3.2631E-02  6.2970E-01  7.8019E-01 -3.2835E-01  3.4180E-01 -4.0553E+01
            -1.2630E-01  4.5961E-01
 GRADIENT:  -3.2810E+00  7.4337E+00 -1.0668E+02 -1.4697E-02  3.2259E+01  1.7586E-01 -1.6593E+00  1.7280E-02 -6.6599E-06  0.0000E+00
            -1.1925E+00 -2.7082E-01
 
0ITERATION NO.:   40    OBJECTIVE VALUE:   2526.06724042328        NO. OF FUNC. EVALS.:  18
 CUMULATIVE NO. OF FUNC. EVALS.:      631
 NPARAMETR:  1.1704E+01  1.0965E+01  4.7817E-02  2.5310E+03  3.2324E+00  2.5953E-01  3.6492E-01  3.7965E-02  1.4638E-01  9.0000E-06
             5.7343E-02  2.0380E-01
 PARAMETER:  1.1704E-01  1.0965E-01  2.3908E-02  2.5310E+01  3.2324E-02  6.2952E-01  7.9994E-01 -3.3158E-01  3.4320E-01 -8.1222E+01
            -1.2538E-01  4.5598E-01
 GRADIENT:  -1.7472E+00 -1.0745E+00 -4.5681E+01 -3.5644E-03 -5.2960E+00  1.2290E-01  5.0409E-01 -9.2287E-02 -1.5610E-06  0.0000E+00
             7.6969E-02 -4.5101E-01
 
0ITERATION NO.:   45    OBJECTIVE VALUE:   2525.98032187233        NO. OF FUNC. EVALS.:  17
 CUMULATIVE NO. OF FUNC. EVALS.:      716
 NPARAMETR:  1.1717E+01  1.0560E+01  4.7889E-02  1.8649E+04  3.6084E+00  2.5917E-01  3.9118E-01  3.8028E-02  1.5147E-01  9.0000E-06
             5.7235E-02  2.0693E-01
 PARAMETER:  1.1717E-01  1.0560E-01  2.3944E-02  1.8649E+02  3.6084E-02  6.2884E-01  8.3468E-01 -3.3074E-01  3.6029E-01 -5.9289E+02
            -1.2632E-01  4.6360E-01
 GRADIENT:   1.1865E-01  2.0712E+00  1.6231E+01 -8.0206E-05  2.4718E+00  1.1651E-02  4.5661E-02  4.2285E-02 -7.8638E-07  0.0000E+00
             5.2702E-02  7.5354E-03
 
0ITERATION NO.:   50    OBJECTIVE VALUE:   2525.96701932499        NO. OF FUNC. EVALS.:  17
 CUMULATIVE NO. OF FUNC. EVALS.:      801
 NPARAMETR:  1.1715E+01  1.0528E+01  4.7870E-02  1.4146E+05  3.6212E+00  2.5909E-01  3.9188E-01  3.7970E-02  1.9828E-01  9.0000E-06
             5.7237E-02  2.0679E-01
 PARAMETER:  1.1715E-01  1.0528E-01  2.3935E-02  1.4146E+03  3.6212E-02  6.2869E-01  8.3557E-01 -3.3150E-01  4.9493E-01 -4.4904E+03
            -1.2631E-01  4.6326E-01
 GRADIENT:  -1.7464E-01  1.0175E-01 -1.4299E+00 -1.4040E-06  3.4005E-01 -5.0581E-03 -2.1462E-02 -1.3667E-02 -1.5212E-07  0.0000E+00
             9.6481E-03  1.4556E-02
 
0ITERATION NO.:   55    OBJECTIVE VALUE:   2525.96539467760        NO. OF FUNC. EVALS.:  17
 CUMULATIVE NO. OF FUNC. EVALS.:      886
 NPARAMETR:  1.1724E+01  1.0532E+01  4.7871E-02  9.3781E+05  3.6182E+00  2.5914E-01  3.9190E-01  3.7977E-02  1.1353E+00  9.0000E-06
             5.7238E-02  2.0675E-01
 PARAMETER:  1.1724E-01  1.0532E-01  2.3935E-02  9.3781E+03  3.6182E-02  6.2878E-01  8.3559E-01 -3.3142E-01  1.3674E+00 -2.9762E+04
            -1.2630E-01  4.6317E-01
 GRADIENT:  -3.2771E+00 -2.9188E-01  5.9068E+00 -3.1942E-08 -4.1007E-01  2.5376E-03  1.1347E-02 -7.3501E-03  7.5036E-07  0.0000E+00
             6.9414E-02  7.6704E-03
 
0ITERATION NO.:   60    OBJECTIVE VALUE:   2525.96537290287        NO. OF FUNC. EVALS.:  18
 CUMULATIVE NO. OF FUNC. EVALS.:      973
 NPARAMETR:  1.1725E+01  1.0525E+01  4.7867E-02  1.1111E+06  3.6233E+00  2.5911E-01  3.9227E-01  3.7980E-02  1.6598E+00  9.0000E-06
             5.7240E-02  2.0669E-01
 PARAMETER:  1.1725E-01  1.0525E-01  2.3934E-02  1.1111E+04  3.6233E-02  6.2872E-01  8.3607E-01 -3.3137E-01  1.5573E+00 -3.5262E+04
            -1.2628E-01  4.6304E-01
 GRADIENT:  -4.6122E+00 -3.1917E-01  5.3753E+00 -2.2936E-08 -4.0543E-01 -1.6859E-03  3.8579E-03 -3.8297E-03  4.4509E-06  0.0000E+00
             8.9254E-02 -2.9961E-03
 
0ITERATION NO.:   65    OBJECTIVE VALUE:   2525.96526985259        NO. OF FUNC. EVALS.:  36
 CUMULATIVE NO. OF FUNC. EVALS.:     1107             RESET HESSIAN, TYPE I
 NPARAMETR:  1.1716E+01  1.0523E+01  4.7868E-02  1.1501E+06  3.6248E+00  2.5913E-01  3.9231E-01  3.7990E-02  1.8239E+00  9.0000E-06
             5.7237E-02  2.0669E-01
 PARAMETER:  1.1716E-01  1.0523E-01  2.3934E-02  1.1501E+04  3.6248E-02  6.2875E-01  8.3613E-01 -3.3125E-01  1.6044E+00 -3.6762E+04
            -1.2631E-01  4.6303E-01
 GRADIENT:   4.6162E+01  6.7022E+00  1.4120E+03 -2.1045E-08  9.8407E+00  2.0505E-03 -4.2778E-03  5.6959E-03 -6.6196E-07  0.0000E+00
             1.7693E-01  4.4967E-02
 
0ITERATION NO.:   69    OBJECTIVE VALUE:   2525.96526753388        NO. OF FUNC. EVALS.:  28
 CUMULATIVE NO. OF FUNC. EVALS.:     1202
 NPARAMETR:  1.1716E+01  1.0523E+01  4.7868E-02  1.1513E+06  3.6247E+00  2.5912E-01  3.9229E-01  3.7990E-02  1.7929E+00  9.0000E-06
             5.7236E-02  2.0672E-01
 PARAMETER:  1.1716E-01  1.0523E-01  2.3934E-02  1.1512E+04  3.6243E-02  6.2876E-01  8.3615E-01 -3.3122E-01  1.5943E+00 -3.6762E+04
            -1.2629E-01  4.6311E-01
 GRADIENT:  -2.5373E-02 -1.0966E-01  4.0266E-01 -1.0329E-07 -2.1167E-01  5.4721E-03  1.0048E-02  5.3042E-03 -3.5548E-03  0.0000E+00
             5.3474E-02  2.9194E-03
 
 #TERM:
0MINIMIZATION TERMINATED
 DUE TO ROUNDING ERRORS (ERROR=134)
 NO. OF FUNCTION EVALUATIONS USED:     1202
 NO. OF SIG. DIGITS UNREPORTABLE
0PARAMETER ESTIMATE IS NEAR ITS BOUNDARY

 ETABAR IS THE ARITHMETIC MEAN OF THE ETA-ESTIMATES,
 AND THE P-VALUE IS GIVEN FOR THE NULL HYPOTHESIS THAT THE TRUE MEAN IS 0.

 ETABAR:        -2.5719E-03  2.3123E-02  5.4275E-03  3.8650E-06 -2.3486E-06
 SE:             7.8878E-02  8.6635E-02  2.5896E-02  2.0982E-06  9.4363E-07

 P VAL.:         9.7399E-01  7.8954E-01  8.3399E-01  6.5469E-02  1.2814E-02
 
 ETAshrink(%):   7.5156E-01  1.1409E+01  1.4901E+01  9.9999E+01  9.9799E+01
 EPSshrink(%):   9.1703E+00  9.1703E+00
 
 #TERE:
 Elapsed estimation time in seconds:    25.80
1
 
 
 
 
 
 
 
 
 
 
 
 
 
 
 
 
 
 
 
 
 ************************************************************************************************************************
 ********************                                                                                ********************
 ********************               FIRST ORDER CONDITIONAL ESTIMATION WITH INTERACTION              ********************
 #OBJT:**************                       MINIMUM VALUE OF OBJECTIVE FUNCTION                      ********************
 ********************                                                                                ********************
 ************************************************************************************************************************
 





 #OBJV:********************************************     2525.965       **************************************************
1
 ************************************************************************************************************************
 ********************                                                                                ********************
 ********************               FIRST ORDER CONDITIONAL ESTIMATION WITH INTERACTION              ********************
 ********************                             FINAL PARAMETER ESTIMATE                           ********************
 ********************                                                                                ********************
 ************************************************************************************************************************
 


 THETA - VECTOR OF FIXED EFFECTS PARAMETERS   *********


         TH 1      TH 2      TH 3      TH 4      TH 5     
 
         1.17E+01  1.05E+01  4.79E-02  1.15E+06  3.62E+00
 


 OMEGA - COV MATRIX FOR RANDOM EFFECTS - ETAS  ********


            ETA1      ETA2      ETA3      ETA4      ETA5   
 
 ETA1
+        2.59E-01
 
 ETA2
+        0.00E+00  3.92E-01
 
 ETA3
+        0.00E+00  0.00E+00  3.80E-02
 
 ETA4
+        0.00E+00  0.00E+00  0.00E+00  1.79E+00
 
 ETA5
+        0.00E+00  0.00E+00  0.00E+00  0.00E+00  9.00E-06
 


 SIGMA - COV MATRIX FOR RANDOM EFFECTS - EPSILONS  ****


            EPS1      EPS2   
 
 EPS1
+        5.72E-02
 
 EPS2
+        0.00E+00  2.07E-01
 
1


 OMEGA - CORR MATRIX FOR RANDOM EFFECTS - ETAS  *******


            ETA1      ETA2      ETA3      ETA4      ETA5   
 
 ETA1
+        5.09E-01
 
 ETA2
+        0.00E+00  6.26E-01
 
 ETA3
+        0.00E+00  0.00E+00  1.95E-01
 
 ETA4
+        0.00E+00  0.00E+00  0.00E+00  1.34E+00
 
 ETA5
+        0.00E+00  0.00E+00  0.00E+00  0.00E+00  3.00E-03
 


 SIGMA - CORR MATRIX FOR RANDOM EFFECTS - EPSILONS  ***


            EPS1      EPS2   
 
 EPS1
+        2.39E-01
 
 EPS2
+        0.00E+00  4.55E-01
 
1THERE ARE ERROR MESSAGES IN FILE PRDERR                                                                  
Stop Time:
Mon May 21 18:18:02 UTC 2012
