Thu Nov 10 14:57:52 UTC 2011
$PROB 37 phase1 2 CMT like 1004 but diff. initial on V3
$INPUT C ID TIME SEQ=DROP EVID AMT DV SUBJ HOUR TAFD TAD LDOS MDV HEIGHT WT SEX AGE DOSE FED
$DATA ../data/37.csv IGNORE=C
$SUBROUTINE ADVAN4 TRANS4
$PK
 CL=THETA(1)*EXP(ETA(1)) * THETA(6)**SEX * (WT/70)**THETA(7)
 V2 =THETA(2)*EXP(ETA(2))
 KA=THETA(3)*EXP(ETA(3))
 Q  =THETA(4)
 V3=THETA(5)
 S2=V2
 
$ERROR
 Y=F*(1+ERR(1)) + ERR(2)
 IPRE=F

$THETA
(0,10,50)     
(0,10,100)    
(0,0.2, 5)    
(0,10,50)     
(0,100,1000)  
(0,1,2)       
(0,0.75,3)    

$OMEGA BLOCK(3)
.1
.01 .1
.01 .01 .1








$SIGMA 0.1 0.1




$ESTIMATION MAXEVAL=9999 PRINT=5 NOABORT METHOD=1 INTER MSFO=./37.msf
;$COV PRINT=E
;$TABLE NOPRINT FILE=./37.tab ONEHEADER ID AMT TIME EVID PRED IPRE CWRES
;$TABLE NOPRINT FILE=./37par.tab ONEHEADER ID TIME CL Q V2 V3 KA ETA1 ETA2 ETA3


















NM-TRAN MESSAGES
  
 WARNINGS AND ERRORS (IF ANY) FOR PROBLEM    1
             
 (WARNING  2) NM-TRAN INFERS THAT THE DATA ARE POPULATION.
 CREATING MUMODEL ROUTINE...

License Registered to: Metrum Research Group
Expiration Date:    14 JUL 2012
Current Date:       10 NOV 2011
Days until program expires : 249
1NONLINEAR MIXED EFFECTS MODEL PROGRAM (NONMEM) VERSION 7.2.0
 ORIGINALLY DEVELOPED BY STUART BEAL, LEWIS SHEINER, AND ALISON BOECKMANN
 CURRENT DEVELOPERS ARE ROBERT BAUER, ICON DEVELOPMENT SOLUTIONS,
 AND ALISON BOECKMANN. IMPLEMENTATION, EFFICIENCY, AND STANDARDIZATION
 PERFORMED BY NOUS INFOSYSTEMS.

 PROBLEM NO.:         1
 37 phase1 2 CMT like 1004 but diff. initial on V3
0DATA CHECKOUT RUN:              NO
 DATA SET LOCATED ON UNIT NO.:    2
 THIS UNIT TO BE REWOUND:        NO
 NO. OF DATA RECS IN DATA SET:      555
 NO. OF DATA ITEMS IN DATA SET:  18
 ID DATA ITEM IS DATA ITEM NO.:   2
 DEP VARIABLE IS DATA ITEM NO.:   6
 MDV DATA ITEM IS DATA ITEM NO.: 12
0INDICES PASSED TO SUBROUTINE PRED:
   4   3   5   0   0   0   0   0   0   0   0
0LABELS FOR DATA ITEMS:
 C ID TIME EVID AMT DV SUBJ HOUR TAFD TAD LDOS MDV HEIGHT WT SEX AGE DOSE FED
0FORMAT FOR DATA:
 (1(12E6.0/),6E6.0)

 TOT. NO. OF OBS RECS:      515
 TOT. NO. OF INDIVIDUALS:     40
0LENGTH OF THETA:   7
0DEFAULT THETA BOUNDARY TEST OMITTED:    NO
0OMEGA HAS BLOCK FORM:
  1
  1  1
  1  1  1
0DEFAULT OMEGA BOUNDARY TEST OMITTED:    NO
0SIGMA HAS SIMPLE DIAGONAL FORM WITH DIMENSION:   2
0DEFAULT SIGMA BOUNDARY TEST OMITTED:    NO
0INITIAL ESTIMATE OF THETA:
 LOWER BOUND    INITIAL EST    UPPER BOUND
  0.0000E+00     0.1000E+02     0.5000E+02
  0.0000E+00     0.1000E+02     0.1000E+03
  0.0000E+00     0.2000E+00     0.5000E+01
  0.0000E+00     0.1000E+02     0.5000E+02
  0.0000E+00     0.1000E+03     0.1000E+04
  0.0000E+00     0.1000E+01     0.2000E+01
  0.0000E+00     0.7500E+00     0.3000E+01
0INITIAL ESTIMATE OF OMEGA:
 BLOCK SET NO.   BLOCK                                                                    FIXED
        1                                                                                   NO
                  0.1000E+00
                  0.1000E-01   0.1000E+00
                  0.1000E-01   0.1000E-01   0.1000E+00
0INITIAL ESTIMATE OF SIGMA:
 0.1000E+00
 0.0000E+00   0.1000E+00
0ESTIMATION STEP OMITTED:           NO
 CONDITIONAL ESTIMATES USED:       YES
 CENTERED ETA:                      NO
 EPS-ETA INTERACTION:              YES
 LAPLACIAN OBJ. FUNC.:              NO
 NO. OF FUNCT. EVALS. ALLOWED:       9999
 NO. OF SIG. FIGURES REQUIRED:       3
 INTERMEDIATE PRINTOUT:            YES
 ESTIMATE OUTPUT TO MSF:           YES
 ABORT WITH PRED EXIT CODE 1:       NO
 IND. OBJ. FUNC. VALUES SORTED:     NO

 THE FOLLOWING LABELS ARE EQUIVALENT
 PRED=PREDI
 RES=RESI
 WRES=WRESI
1DOUBLE PRECISION PREDPP VERSION 7.2.0

 TWO COMPARTMENT MODEL WITH FIRST-ORDER ABSORPTION (ADVAN4)
0MAXIMUM NO. OF BASIC PK PARAMETERS:   5
0BASIC PK PARAMETERS (AFTER TRANSLATION):
   BASIC PK PARAMETER NO.  1: ELIMINATION RATE (K)
   BASIC PK PARAMETER NO.  2: CENTRAL-TO-PERIPH. RATE (K23)
   BASIC PK PARAMETER NO.  3: PERIPH.-TO-CENTRAL RATE (K32)
   BASIC PK PARAMETER NO.  5: ABSORPTION RATE (KA)
 TRANSLATOR WILL CONVERT PARAMETERS
 CL, V2, Q, V3 TO K, K23, K32 (TRANS4)
0COMPARTMENT ATTRIBUTES
 COMPT. NO.   FUNCTION   INITIAL    ON/OFF      DOSE      DEFAULT    DEFAULT
                         STATUS     ALLOWED    ALLOWED    FOR DOSE   FOR OBS.
    1         DEPOT        OFF        YES        YES        YES        NO
    2         CENTRAL      ON         NO         YES        NO         YES
    3         PERIPH.      ON         NO         YES        NO         NO
    4         OUTPUT       OFF        YES        NO         NO         NO
1
 ADDITIONAL PK PARAMETERS - ASSIGNMENT OF ROWS IN GG
 COMPT. NO.                             INDICES
              SCALE      BIOAVAIL.   ZERO-ORDER  ZERO-ORDER  ABSORB
                         FRACTION    RATE        DURATION    LAG
    1           *           *           *           *           *
    2           6           *           *           *           *
    3           *           *           *           *           *
    4           *           -           -           -           -
             - PARAMETER IS NOT ALLOWED FOR THIS MODEL
             * PARAMETER IS NOT SUPPLIED BY PK SUBROUTINE;
               WILL DEFAULT TO ONE IF APPLICABLE
0DATA ITEM INDICES USED BY PRED ARE:
   EVENT ID DATA ITEM IS DATA ITEM NO.:      4
   TIME DATA ITEM IS DATA ITEM NO.:          3
   DOSE AMOUNT DATA ITEM IS DATA ITEM NO.:   5

0PK SUBROUTINE CALLED WITH EVERY EVENT RECORD.
 PK SUBROUTINE NOT CALLED AT NONEVENT (ADDITIONAL OR LAGGED) DOSE TIMES.
0ERROR SUBROUTINE CALLED WITH EVERY EVENT RECORD.
1
 
 
 #TBLN:      1
 #METH: First Order Conditional Estimation with Interaction
 
 MONITORING OF SEARCH:

 
0ITERATION NO.:    0    OBJECTIVE VALUE:   2922.38935781398        NO. OF FUNC. EVALS.:  11
 CUMULATIVE NO. OF FUNC. EVALS.:       11
 NPARAMETR:  1.0000E+01  1.0000E+01  2.0000E-01  1.0000E+01  1.0000E+02  1.0000E+00  7.5000E-01  1.0000E-01  1.0000E-02  1.0000E-02
             1.0000E-01  1.0000E-02  1.0000E-01  1.0000E-01  1.0000E-01
 PARAMETER:  1.0000E-01  1.0000E-01  1.0000E-01  1.0000E-01  1.0000E-01  1.0000E-01  1.0000E-01  1.0000E-01  1.0000E-01  1.0000E-01
             1.0000E-01  1.0000E-01  1.0000E-01  1.0000E-01  1.0000E-01
 GRADIENT:  -4.8320E+01 -3.7752E+02  6.7244E+02 -1.5380E+01 -8.0950E+01 -5.6740E+01 -1.5253E+01 -1.0983E+02 -7.4546E+00  1.1244E+02
            -1.6197E+02  2.6082E+02 -6.3890E+02  7.3515E+01 -1.0761E+01
 
0ITERATION NO.:    5    OBJECTIVE VALUE:   2272.19922692583        NO. OF FUNC. EVALS.:  12
 CUMULATIVE NO. OF FUNC. EVALS.:       75
 NPARAMETR:  9.9587E+00  2.4104E+01  6.9526E-02  2.9837E+00  1.3345E+02  1.2647E+00  8.2368E-01  3.2501E-01  1.3856E-01 -8.0995E-02
             1.4647E-01 -5.4200E-02  1.3234E-01  4.5954E-02  1.2675E-01
 PARAMETER:  9.4824E-02  1.1502E+00 -9.8344E-01 -1.2710E+00  4.2646E-01  6.4224E-01  2.2701E-01  6.8935E-01  7.6857E-01 -4.4927E-01
             3.7686E-02 -2.3261E-01  1.4638E-01 -2.8877E-01  2.1851E-01
 GRADIENT:   2.2926E+01  4.3842E+01  6.7033E+01 -4.8437E+01  1.4580E+01  4.2633E+00  4.4541E+00  1.7258E+01 -1.9552E+01 -2.2532E+01
             4.6201E+00 -9.6053E+00  1.9510E+01 -1.3016E+02 -1.9820E+01
 
0ITERATION NO.:   10    OBJECTIVE VALUE:   2259.47268873521        NO. OF FUNC. EVALS.:  12
 CUMULATIVE NO. OF FUNC. EVALS.:      137
 NPARAMETR:  9.7864E+00  2.3541E+01  6.1397E-02  2.9505E+00  1.1919E+02  1.4761E+00  6.4271E-01  3.3991E-01  2.5817E-01 -5.8122E-02
             2.6630E-01 -9.0316E-02  1.1083E-01  5.0420E-02  8.8985E-02
 PARAMETER:  7.3083E-02  1.1192E+00 -1.1094E+00 -1.2829E+00  2.9712E-01  1.1360E+00 -1.0096E-01  7.1176E-01  1.4003E+00 -3.1525E-01
            -7.1738E-02 -6.0914E-01 -6.5350E-02 -2.4239E-01  4.1650E-02
 GRADIENT:   2.6025E+01  1.1115E+01  2.0310E+00 -3.5028E+00  1.1998E+00  9.8083E+00  6.1664E+00  2.1844E-01  8.3309E+00 -1.0182E+01
             8.0496E-01 -1.5248E+01  1.2647E+01 -9.2931E+01 -1.2436E+01
 
0ITERATION NO.:   15    OBJECTIVE VALUE:   2248.92517958945        NO. OF FUNC. EVALS.:  12
 CUMULATIVE NO. OF FUNC. EVALS.:      197
 NPARAMETR:  8.6266E+00  2.1611E+01  6.2809E-02  3.0774E+00  1.1258E+02  1.4669E+00  5.8699E-01  2.5629E-01  1.5417E-01 -1.9573E-02
             1.8105E-01 -3.9698E-02  1.0352E-01  5.8605E-02  6.8763E-02
 PARAMETER: -8.1496E-02  1.0088E+00 -1.0864E+00 -1.2381E+00  2.3262E-01  1.1121E+00 -2.1501E-01  5.7058E-01  9.6300E-01 -1.2226E-01
             4.2911E-02 -3.2850E-01  7.3939E-02 -1.6717E-01 -8.7250E-02
 GRADIENT:  -5.1455E-01  1.6397E+01 -8.9967E+00 -8.5049E-01 -1.0346E+00  2.7651E+00  8.4365E-01  4.9514E+00 -2.7171E+00 -5.4875E+00
             1.0914E+01 -7.4452E+00  1.7968E+01  2.2033E+00 -3.5371E+00
 
0ITERATION NO.:   20    OBJECTIVE VALUE:   2240.95355898994        NO. OF FUNC. EVALS.:  15
 CUMULATIVE NO. OF FUNC. EVALS.:      264
 NPARAMETR:  8.8973E+00  1.8878E+01  6.0375E-02  2.7332E+00  1.5318E+02  1.3130E+00  2.4461E-01  2.8695E-01  1.9066E-01  4.8377E-03
             1.6533E-01 -1.1486E-02  6.1268E-02  5.6139E-02  1.1425E-01
 PARAMETER: -4.4028E-02  8.3930E-01 -1.1264E+00 -1.3641E+00  5.8734E-01  7.4785E-01 -1.2230E+00  6.2707E-01  1.1255E+00  2.8558E-02
            -3.7030E-01 -2.6141E-01 -1.8436E-01 -1.8867E-01  1.6659E-01
 GRADIENT:  -4.8210E+00  2.4646E+00 -6.0220E+00  2.0152E+00 -2.3315E+00 -6.1432E-03  2.1781E-02 -1.0294E-01 -3.4634E-01  4.7437E+00
            -1.2778E+00  8.3764E-02  4.6163E+00 -2.0217E+00  2.4796E+00
 
0ITERATION NO.:   25    OBJECTIVE VALUE:   2239.76985687408        NO. OF FUNC. EVALS.:  12
 CUMULATIVE NO. OF FUNC. EVALS.:      324
 NPARAMETR:  8.6121E+00  1.8647E+01  5.9727E-02  2.9331E+00  2.5950E+02  1.3326E+00  1.7216E-01  3.2020E-01  2.0832E-01 -6.1838E-04
             1.7649E-01 -2.5375E-02  4.0629E-02  5.5427E-02  1.3638E-01
 PARAMETER: -8.3529E-02  8.2413E-01 -1.1373E+00 -1.2892E+00  1.2486E+00  7.9156E-01 -1.6003E+00  6.8189E-01  1.1642E+00 -3.4558E-03
            -3.4121E-01 -4.3135E-01 -5.7596E-01 -1.9506E-01  2.5512E-01
 GRADIENT:  -1.4026E+00  1.7518E+00  4.3236E+00 -2.4027E+00 -9.9751E-01 -3.6351E-02 -1.4032E-01 -5.7742E-01  5.6099E-01  1.6107E+00
             1.0209E+00  3.3993E-01 -2.1639E+00 -3.7079E+00 -1.8616E-01
 
0ITERATION NO.:   30    OBJECTIVE VALUE:   2237.66485935511        NO. OF FUNC. EVALS.:  12
 CUMULATIVE NO. OF FUNC. EVALS.:      388
 NPARAMETR:  6.9841E+00  1.8010E+01  5.7891E-02  4.2675E+00  7.1839E+02  1.3443E+00  1.2400E-01  4.9342E-01  2.8049E-01 -2.0952E-04
             1.8518E-01 -2.9637E-02  3.9362E-02  5.7561E-02  1.2677E-01
 PARAMETER: -3.3164E-01  7.8156E-01 -1.1689E+00 -8.8549E-01  3.2337E+00  8.1785E-01 -1.9452E+00  8.9809E-01  1.2627E+00 -9.4323E-04
            -5.7376E-01 -6.4336E-01 -1.3414E+00 -1.7616E-01  2.1858E-01
 GRADIENT:   3.1786E+00 -7.4859E+00 -1.7038E+01  8.9272E+00 -2.4782E+00 -1.1184E-01  5.2639E-02  2.4752E+00  9.8250E-01 -3.4790E+00
             2.1631E+00  1.8073E+00 -1.0209E+00  5.4583E+00 -1.6923E-01
 
0ITERATION NO.:   35    OBJECTIVE VALUE:   2236.12491693765        NO. OF FUNC. EVALS.:  12
 CUMULATIVE NO. OF FUNC. EVALS.:      450
 NPARAMETR:  6.3167E+00  1.7866E+01  5.7665E-02  4.7252E+00  9.3429E+02  1.3966E+00  6.4807E-02  5.6231E-01  2.9518E-01  1.1154E-02
             1.6736E-01 -1.8363E-02  4.9142E-02  5.7865E-02  1.0544E-01
 PARAMETER: -4.4748E-01  7.7174E-01 -1.1729E+00 -7.7354E-01  4.9517E+00  9.3920E-01 -2.6145E+00  9.6344E-01  1.2448E+00  4.7039E-02
            -9.3858E-01 -7.6024E-01 -1.9485E+00 -1.7353E-01  1.2651E-01
 GRADIENT:  -1.3770E+00  1.2092E+00 -4.3518E-01 -2.9510E+00 -4.0873E-01  1.9757E-01  2.5998E-02  2.1957E+00 -6.2076E-01 -4.2607E-01
            -9.1720E-01 -1.5220E+00 -4.2975E-02 -3.8973E+00  1.2343E-01
 
0ITERATION NO.:   40    OBJECTIVE VALUE:   2235.68914231155        NO. OF FUNC. EVALS.:  12
 CUMULATIVE NO. OF FUNC. EVALS.:      510
 NPARAMETR:  6.3069E+00  1.8011E+01  5.8022E-02  4.8021E+00  9.9100E+02  1.4090E+00  2.3193E-02  5.7036E-01  2.9663E-01  8.9656E-03
             1.6992E-01 -2.1423E-02  4.3992E-02  5.7526E-02  1.1783E-01
 PARAMETER: -4.4925E-01  7.8160E-01 -1.1666E+00 -7.5571E-01  7.2075E+00  9.6881E-01 -3.6561E+00  9.7055E-01  1.2421E+00  3.7541E-02
            -8.2245E-01 -7.2908E-01 -2.7048E+00 -1.7646E-01  1.8205E-01
 GRADIENT:  -1.8385E+00  3.5243E+00  5.7179E+00 -5.6540E+00  0.0000E+00 -2.2973E-01 -1.8026E-02 -4.5020E-01  6.4694E-01  1.8460E-01
            -2.1261E-01  4.1378E-01 -2.8374E-02  3.1334E-01 -8.4456E-02
 
0ITERATION NO.:   45    OBJECTIVE VALUE:   2235.66768528491        NO. OF FUNC. EVALS.:  23
 CUMULATIVE NO. OF FUNC. EVALS.:      581
 NPARAMETR:  6.2642E+00  1.7979E+01  5.7902E-02  4.8493E+00  9.9100E+02  1.4053E+00  2.6515E-02  5.7389E-01  2.9631E-01  9.8408E-03
             1.6826E-01 -2.1005E-02  4.5118E-02  5.7673E-02  1.1429E-01
 PARAMETER: -4.5702E-01  7.7944E-01 -1.1687E+00 -7.4489E-01  7.0025E+00  9.5988E-01 -3.5212E+00  9.7364E-01  1.2369E+00  4.1079E-02
            -8.3432E-01 -7.3779E-01 -2.6357E+00 -1.7519E-01  1.6677E-01
 GRADIENT:  -1.2338E+00 -4.1378E-01 -6.7894E+00 -1.0688E+00 -1.2186E-02 -2.3363E-01 -1.1886E-02 -2.1166E-01  8.4684E-02  3.9753E-02
            -4.7628E-02  1.2691E-01 -3.0463E-02 -3.6608E-01 -4.7260E-02
 
0ITERATION NO.:   50    OBJECTIVE VALUE:   2235.59715583096        NO. OF FUNC. EVALS.:  21
 CUMULATIVE NO. OF FUNC. EVALS.:      690
 NPARAMETR:  6.3113E+00  1.8262E+01  5.8694E-02  4.9247E+00  9.9100E+02  1.4127E+00  2.6862E-02  5.7878E-01  2.9530E-01  7.1361E-03
             1.6722E-01 -2.3072E-02  4.3601E-02  5.7242E-02  1.2324E-01
 PARAMETER: -4.4845E-01  7.9851E-01 -1.1550E+00 -7.2778E-01  7.0106E+00  9.7777E-01 -3.5081E+00  9.7788E-01  1.2274E+00  2.9662E-02
            -7.9414E-01 -7.2578E-01 -2.6336E+00 -1.7894E-01  2.0448E-01
 GRADIENT:  -1.1740E-01  1.3345E-01  2.0582E-01 -1.7689E-01  0.0000E+00 -5.2194E-02 -1.0869E-02 -6.0101E-02  1.0461E-02  4.6018E-03
            -2.2634E-03  1.3649E-02 -3.1133E-02 -6.9085E-02 -4.5684E-02
 
0ITERATION NO.:   55    OBJECTIVE VALUE:   2235.59410342562        NO. OF FUNC. EVALS.:  30
 CUMULATIVE NO. OF FUNC. EVALS.:      806            RESET HESSIAN, TYPE II
 NPARAMETR:  6.3074E+00  1.8265E+01  5.8701E-02  4.9278E+00  9.9100E+02  1.4147E+00  4.0486E-02  5.7929E-01  2.9545E-01  7.1186E-03
             1.6731E-01 -2.3119E-02  4.3559E-02  5.7237E-02  1.2357E-01
 PARAMETER: -4.4916E-01  7.9876E-01 -1.1549E+00 -7.2708E-01  7.0050E+00  9.8259E-01 -3.0932E+00  9.7832E-01  1.2275E+00  2.9576E-02
            -7.9224E-01 -7.2540E-01 -2.6289E+00 -1.7898E-01  2.0581E-01
 GRADIENT:   1.9297E+00 -4.3759E-01  6.5798E+00  1.3797E+00  0.0000E+00  3.6647E-01 -7.1443E-04  4.0361E-01 -1.5515E-01 -1.0013E-01
            -4.2742E-02 -1.8736E-03 -3.1337E-02 -2.8747E-02  3.7875E-02
 
0ITERATION NO.:   60    OBJECTIVE VALUE:   2235.59250305829        NO. OF FUNC. EVALS.:  12
 CUMULATIVE NO. OF FUNC. EVALS.:      868
 NPARAMETR:  6.2949E+00  1.8267E+01  5.8630E-02  4.9242E+00  9.9100E+02  1.4123E+00  6.7787E-02  5.7751E-01  2.9486E-01  7.1680E-03
             1.6730E-01 -2.3177E-02  4.3504E-02  5.7251E-02  1.2360E-01
 PARAMETER: -4.5143E-01  7.9888E-01 -1.1561E+00 -7.2789E-01  7.0167E+00  9.7664E-01 -2.5685E+00  9.7678E-01  1.2270E+00  2.9827E-02
            -7.8833E-01 -7.2490E-01 -2.6258E+00 -1.7886E-01  2.0594E-01
 GRADIENT:   2.4648E+00 -1.0396E+00  5.0461E+00  1.9468E+00  0.0000E+00  4.7160E-01  2.2174E-02  6.8458E-01 -2.6476E-01 -1.9396E-01
            -8.6264E-02 -1.0887E-02 -3.2045E-02 -1.5140E-01  1.0415E-01
 
0ITERATION NO.:   65    OBJECTIVE VALUE:   2235.58638713422        NO. OF FUNC. EVALS.:  21
 CUMULATIVE NO. OF FUNC. EVALS.:      967
 NPARAMETR:  6.2707E+00  1.8282E+01  5.8711E-02  4.9222E+00  9.9100E+02  1.4100E+00  7.7875E-02  5.7339E-01  2.9299E-01  6.9350E-03
             1.6689E-01 -2.3540E-02  4.3201E-02  5.7260E-02  1.2423E-01
 PARAMETER: -4.5584E-01  7.9987E-01 -1.1547E+00 -7.2834E-01  7.0194E+00  9.7132E-01 -2.4264E+00  9.7320E-01  1.2236E+00  2.8962E-02
            -7.7560E-01 -7.2234E-01 -2.6192E+00 -1.7879E-01  2.0849E-01
 GRADIENT:  -1.3629E-01  2.9739E-01  1.4268E-01 -5.1982E-01  0.0000E+00 -6.0145E-02 -4.4099E-03  6.3510E-02 -5.6330E-02 -2.0405E-02
            -2.4714E-02 -1.0643E-03 -3.3950E-02  3.5926E-01 -1.5984E-02
 
0ITERATION NO.:   70    OBJECTIVE VALUE:   2235.58486149536        NO. OF FUNC. EVALS.:  21
 CUMULATIVE NO. OF FUNC. EVALS.:     1072
 NPARAMETR:  6.2421E+00  1.8304E+01  5.8772E-02  4.9380E+00  9.9100E+02  1.4143E+00  8.7004E-02  5.7403E-01  2.9298E-01  6.8483E-03
             1.6701E-01 -2.3774E-02  4.3070E-02  5.7215E-02  1.2474E-01
 PARAMETER: -4.6106E-01  8.0136E-01 -1.1537E+00 -7.2479E-01  7.0170E+00  9.8153E-01 -2.3124E+00  9.7376E-01  1.2228E+00  2.8584E-02
            -7.6696E-01 -7.2101E-01 -2.5872E+00 -1.7918E-01  2.1053E-01
 GRADIENT:  -8.3751E-02  1.6370E-01 -1.3128E-01  1.5944E-01  0.0000E+00  4.0364E-03  2.4814E-04  8.3903E-02 -2.6074E-02  3.4630E-03
             4.2745E-03  4.6914E-03 -3.7181E-02  3.7446E-02 -2.9717E-02
 
0ITERATION NO.:   75    OBJECTIVE VALUE:   2235.35086052581        NO. OF FUNC. EVALS.:  21
 CUMULATIVE NO. OF FUNC. EVALS.:     1188
 NPARAMETR:  6.1097E+00  1.8066E+01  5.8675E-02  4.9258E+00  9.9100E+02  1.4138E+00  9.8874E-02  5.6575E-01  2.8968E-01  7.8219E-03
             1.6670E-01 -2.2246E-02  5.3022E-02  5.7606E-02  1.1243E-01
 PARAMETER: -4.8552E-01  7.8532E-01 -1.1553E+00 -7.2753E-01  7.0985E+00  9.8046E-01 -2.1804E+00  9.6649E-01  1.2179E+00  3.2885E-02
            -7.4207E-01 -6.7703E-01 -8.2586E-01 -1.7577E-01  1.5860E-01
 GRADIENT:  -1.9197E+00 -8.8008E-02  4.4532E+00 -2.5194E+00  0.0000E+00 -2.5864E-01 -3.1929E-02 -1.5007E-01 -7.7904E-01 -1.5960E+00
            -6.0411E-01 -6.2434E+00  7.9180E-01  2.8638E+00  1.1658E+00
 
0ITERATION NO.:   80    OBJECTIVE VALUE:   2234.56412433333        NO. OF FUNC. EVALS.:  21
 CUMULATIVE NO. OF FUNC. EVALS.:     1295
 NPARAMETR:  6.1502E+00  1.8223E+01  5.8234E-02  4.8897E+00  9.9100E+02  1.4305E+00  1.4739E-01  5.6290E-01  2.9484E-01  1.2735E-02
             1.8398E-01 -1.5071E-02  4.9508E-02  5.7019E-02  1.0630E-01
 PARAMETER: -4.7799E-01  7.9591E-01 -1.1630E+00 -7.3568E-01  7.1445E+00  1.0210E+00 -1.7643E+00  9.6396E-01  1.2427E+00  5.3675E-02
            -5.0468E-01 -4.4224E-01 -4.4186E-01 -1.8089E-01  1.3055E-01
 GRADIENT:   2.1536E-01  3.6885E-01 -3.9192E-01 -8.1236E-03  0.0000E+00  8.5292E-02 -7.1695E-02 -2.1013E-01  1.1567E-01 -5.0139E-02
            -2.3095E-01 -4.8461E-01  1.7993E-01  5.1768E-01  2.9826E-01
 
0ITERATION NO.:   85    OBJECTIVE VALUE:   2234.52356259161        NO. OF FUNC. EVALS.:  21
 CUMULATIVE NO. OF FUNC. EVALS.:     1400
 NPARAMETR:  6.0340E+00  1.8222E+01  5.8284E-02  4.8941E+00  9.9100E+02  1.4249E+00  2.5486E-01  5.5399E-01  2.9106E-01  1.3022E-02
             1.8562E-01 -1.4944E-02  4.8902E-02  5.6913E-02  1.0597E-01
 PARAMETER: -4.9970E-01  7.9582E-01 -1.1621E+00 -7.3468E-01  7.1752E+00  1.0073E+00 -1.1783E+00  9.5599E-01  1.2366E+00  5.5324E-02
            -4.5389E-01 -4.2119E-01 -4.2904E-01 -1.8182E-01  1.2900E-01
 GRADIENT:   1.9168E-02  1.9244E-01 -8.7351E-02 -3.8487E-02  0.0000E+00 -2.1975E-02  6.8669E-04 -7.4049E-03  4.4843E-03 -4.4234E-03
             9.5582E-03 -2.3456E-02  3.5141E-03 -8.0962E-02  3.8774E-02
 
0ITERATION NO.:   88    OBJECTIVE VALUE:   2234.52330630162        NO. OF FUNC. EVALS.:  18
 CUMULATIVE NO. OF FUNC. EVALS.:     1460
 NPARAMETR:  6.0260E+00  1.8205E+01  5.8274E-02  4.8941E+00  9.9100E+02  1.4262E+00  2.5317E-01  5.5412E-01  2.9116E-01  1.3170E-02
             1.8562E-01 -1.4785E-02  4.9020E-02  5.6956E-02  1.0521E-01
 PARAMETER: -5.0122E-01  7.9467E-01 -1.1623E+00 -7.3469E-01  7.1770E+00  1.0104E+00 -1.1855E+00  9.5611E-01  1.2369E+00  5.5947E-02
            -4.5490E-01 -4.2006E-01 -4.2627E-01 -1.8144E-01  1.2540E-01
 GRADIENT:   5.9453E-04  1.3988E-02  2.3931E-03  1.5411E-03  0.0000E+00 -3.4155E-03 -5.1893E-04  1.3351E-03 -3.1700E-03 -8.2951E-04
             1.4781E-05  8.1050E-03 -5.5389E-03  1.5031E-02 -4.5195E-03
 
 #TERM:
0MINIMIZATION SUCCESSFUL
 NO. OF FUNCTION EVALUATIONS USED:     1460
 NO. OF SIG. DIGITS IN FINAL EST.:  3.0
0PARAMETER ESTIMATE IS NEAR ITS BOUNDARY
 THIS MUST BE ADDRESSED BEFORE THE COVARIANCE STEP CAN BE IMPLEMENTED

 ETABAR IS THE ARITHMETIC MEAN OF THE ETA-ESTIMATES,
 AND THE P-VALUE IS GIVEN FOR THE NULL HYPOTHESIS THAT THE TRUE MEAN IS 0.

 ETABAR:         8.3873E-03  3.6882E-03  4.3874E-03
 SE:             1.1384E-01  6.4659E-02  3.1458E-02

 P VAL.:         9.4127E-01  9.5451E-01  8.8908E-01
 
 ETAshrink(%):   2.0496E+00  3.8724E+00  8.9927E+00
 EPSshrink(%):   7.1831E+00  7.1831E+00
 
 #TERE:
 Elapsed estimation time in seconds:    19.51
1
 
 
 
 
 
 
 
 
 
 
 
 
 
 
 
 
 
 
 
 
 ************************************************************************************************************************
 ********************                                                                                ********************
 ********************               FIRST ORDER CONDITIONAL ESTIMATION WITH INTERACTION              ********************
 #OBJT:**************                       MINIMUM VALUE OF OBJECTIVE FUNCTION                      ********************
 ********************                                                                                ********************
 ************************************************************************************************************************
 





 #OBJV:********************************************     2234.523       **************************************************
1
 ************************************************************************************************************************
 ********************                                                                                ********************
 ********************               FIRST ORDER CONDITIONAL ESTIMATION WITH INTERACTION              ********************
 ********************                             FINAL PARAMETER ESTIMATE                           ********************
 ********************                                                                                ********************
 ************************************************************************************************************************
 


 THETA - VECTOR OF FIXED EFFECTS PARAMETERS   *********


         TH 1      TH 2      TH 3      TH 4      TH 5      TH 6      TH 7     
 
         6.03E+00  1.82E+01  5.83E-02  4.89E+00  9.91E+02  1.43E+00  2.53E-01
 


 OMEGA - COV MATRIX FOR RANDOM EFFECTS - ETAS  ********


            ETA1      ETA2      ETA3   
 
 ETA1
+        5.54E-01
 
 ETA2
+        2.91E-01  1.86E-01
 
 ETA3
+        1.32E-02 -1.48E-02  4.90E-02
 


 SIGMA - COV MATRIX FOR RANDOM EFFECTS - EPSILONS  ****


            EPS1      EPS2   
 
 EPS1
+        5.70E-02
 
 EPS2
+        0.00E+00  1.05E-01
 
1


 OMEGA - CORR MATRIX FOR RANDOM EFFECTS - ETAS  *******


            ETA1      ETA2      ETA3   
 
 ETA1
+        7.44E-01
 
 ETA2
+        9.08E-01  4.31E-01
 
 ETA3
+        7.99E-02 -1.55E-01  2.21E-01
 


 SIGMA - CORR MATRIX FOR RANDOM EFFECTS - EPSILONS  ***


            EPS1      EPS2   
 
 EPS1
+        2.39E-01
 
 EPS2
+        0.00E+00  3.24E-01
 
Stop Time:
Thu Nov 10 14:58:34 UTC 2011
