Thu Nov 10 15:07:27 UTC 2011
$PROB 143 phase1 2 CMT like 1004 but diff. initial on V3
$INPUT C ID TIME SEQ=DROP EVID AMT DV SUBJ HOUR TAFD TAD LDOS MDV HEIGHT WT SEX AGE DOSE FED
$DATA ../data/143.csv IGNORE=C
$SUBROUTINE ADVAN4 TRANS4
$PK
 CL=THETA(1)*EXP(ETA(1)) * THETA(6)**SEX * (WT/70)**THETA(7)
 V2 =THETA(2)*EXP(ETA(2))
 KA=THETA(3)*EXP(ETA(3))
 Q  =THETA(4)
 V3=THETA(5)
 S2=V2
 
$ERROR
 Y=F*(1+ERR(1)) + ERR(2)
 IPRE=F

$THETA
(0,10,50)     
(0,10,100)    
(0,0.2, 5)    
(0,10,50)     
(0,100,1000)  
(0,1,2)       
(0,0.75,3)    

$OMEGA BLOCK(3)
.1
.01 .1
.01 .01 .1








$SIGMA 0.1 0.1




$ESTIMATION MAXEVAL=9999 PRINT=5 NOABORT METHOD=1 INTER MSFO=./143.msf
;$COV PRINT=E
;$TABLE NOPRINT FILE=./143.tab ONEHEADER ID AMT TIME EVID PRED IPRE CWRES
;$TABLE NOPRINT FILE=./143par.tab ONEHEADER ID TIME CL Q V2 V3 KA ETA1 ETA2 ETA3


















NM-TRAN MESSAGES
  
 WARNINGS AND ERRORS (IF ANY) FOR PROBLEM    1
             
 (WARNING  2) NM-TRAN INFERS THAT THE DATA ARE POPULATION.
 CREATING MUMODEL ROUTINE...

License Registered to: Metrum Research Group
Expiration Date:    14 JUL 2012
Current Date:       10 NOV 2011
Days until program expires : 249
1NONLINEAR MIXED EFFECTS MODEL PROGRAM (NONMEM) VERSION 7.2.0
 ORIGINALLY DEVELOPED BY STUART BEAL, LEWIS SHEINER, AND ALISON BOECKMANN
 CURRENT DEVELOPERS ARE ROBERT BAUER, ICON DEVELOPMENT SOLUTIONS,
 AND ALISON BOECKMANN. IMPLEMENTATION, EFFICIENCY, AND STANDARDIZATION
 PERFORMED BY NOUS INFOSYSTEMS.

 PROBLEM NO.:         1
 143 phase1 2 CMT like 1004 but diff. initial on V3
0DATA CHECKOUT RUN:              NO
 DATA SET LOCATED ON UNIT NO.:    2
 THIS UNIT TO BE REWOUND:        NO
 NO. OF DATA RECS IN DATA SET:      557
 NO. OF DATA ITEMS IN DATA SET:  18
 ID DATA ITEM IS DATA ITEM NO.:   2
 DEP VARIABLE IS DATA ITEM NO.:   6
 MDV DATA ITEM IS DATA ITEM NO.: 12
0INDICES PASSED TO SUBROUTINE PRED:
   4   3   5   0   0   0   0   0   0   0   0
0LABELS FOR DATA ITEMS:
 C ID TIME EVID AMT DV SUBJ HOUR TAFD TAD LDOS MDV HEIGHT WT SEX AGE DOSE FED
0FORMAT FOR DATA:
 (1(12E6.0/),6E6.0)

 TOT. NO. OF OBS RECS:      517
 TOT. NO. OF INDIVIDUALS:     40
0LENGTH OF THETA:   7
0DEFAULT THETA BOUNDARY TEST OMITTED:    NO
0OMEGA HAS BLOCK FORM:
  1
  1  1
  1  1  1
0DEFAULT OMEGA BOUNDARY TEST OMITTED:    NO
0SIGMA HAS SIMPLE DIAGONAL FORM WITH DIMENSION:   2
0DEFAULT SIGMA BOUNDARY TEST OMITTED:    NO
0INITIAL ESTIMATE OF THETA:
 LOWER BOUND    INITIAL EST    UPPER BOUND
  0.0000E+00     0.1000E+02     0.5000E+02
  0.0000E+00     0.1000E+02     0.1000E+03
  0.0000E+00     0.2000E+00     0.5000E+01
  0.0000E+00     0.1000E+02     0.5000E+02
  0.0000E+00     0.1000E+03     0.1000E+04
  0.0000E+00     0.1000E+01     0.2000E+01
  0.0000E+00     0.7500E+00     0.3000E+01
0INITIAL ESTIMATE OF OMEGA:
 BLOCK SET NO.   BLOCK                                                                    FIXED
        1                                                                                   NO
                  0.1000E+00
                  0.1000E-01   0.1000E+00
                  0.1000E-01   0.1000E-01   0.1000E+00
0INITIAL ESTIMATE OF SIGMA:
 0.1000E+00
 0.0000E+00   0.1000E+00
0ESTIMATION STEP OMITTED:           NO
 CONDITIONAL ESTIMATES USED:       YES
 CENTERED ETA:                      NO
 EPS-ETA INTERACTION:              YES
 LAPLACIAN OBJ. FUNC.:              NO
 NO. OF FUNCT. EVALS. ALLOWED:       9999
 NO. OF SIG. FIGURES REQUIRED:       3
 INTERMEDIATE PRINTOUT:            YES
 ESTIMATE OUTPUT TO MSF:           YES
 ABORT WITH PRED EXIT CODE 1:       NO
 IND. OBJ. FUNC. VALUES SORTED:     NO

 THE FOLLOWING LABELS ARE EQUIVALENT
 PRED=PREDI
 RES=RESI
 WRES=WRESI
1DOUBLE PRECISION PREDPP VERSION 7.2.0

 TWO COMPARTMENT MODEL WITH FIRST-ORDER ABSORPTION (ADVAN4)
0MAXIMUM NO. OF BASIC PK PARAMETERS:   5
0BASIC PK PARAMETERS (AFTER TRANSLATION):
   BASIC PK PARAMETER NO.  1: ELIMINATION RATE (K)
   BASIC PK PARAMETER NO.  2: CENTRAL-TO-PERIPH. RATE (K23)
   BASIC PK PARAMETER NO.  3: PERIPH.-TO-CENTRAL RATE (K32)
   BASIC PK PARAMETER NO.  5: ABSORPTION RATE (KA)
 TRANSLATOR WILL CONVERT PARAMETERS
 CL, V2, Q, V3 TO K, K23, K32 (TRANS4)
0COMPARTMENT ATTRIBUTES
 COMPT. NO.   FUNCTION   INITIAL    ON/OFF      DOSE      DEFAULT    DEFAULT
                         STATUS     ALLOWED    ALLOWED    FOR DOSE   FOR OBS.
    1         DEPOT        OFF        YES        YES        YES        NO
    2         CENTRAL      ON         NO         YES        NO         YES
    3         PERIPH.      ON         NO         YES        NO         NO
    4         OUTPUT       OFF        YES        NO         NO         NO
1
 ADDITIONAL PK PARAMETERS - ASSIGNMENT OF ROWS IN GG
 COMPT. NO.                             INDICES
              SCALE      BIOAVAIL.   ZERO-ORDER  ZERO-ORDER  ABSORB
                         FRACTION    RATE        DURATION    LAG
    1           *           *           *           *           *
    2           6           *           *           *           *
    3           *           *           *           *           *
    4           *           -           -           -           -
             - PARAMETER IS NOT ALLOWED FOR THIS MODEL
             * PARAMETER IS NOT SUPPLIED BY PK SUBROUTINE;
               WILL DEFAULT TO ONE IF APPLICABLE
0DATA ITEM INDICES USED BY PRED ARE:
   EVENT ID DATA ITEM IS DATA ITEM NO.:      4
   TIME DATA ITEM IS DATA ITEM NO.:          3
   DOSE AMOUNT DATA ITEM IS DATA ITEM NO.:   5

0PK SUBROUTINE CALLED WITH EVERY EVENT RECORD.
 PK SUBROUTINE NOT CALLED AT NONEVENT (ADDITIONAL OR LAGGED) DOSE TIMES.
0ERROR SUBROUTINE CALLED WITH EVERY EVENT RECORD.
1
 
 
 #TBLN:      1
 #METH: First Order Conditional Estimation with Interaction
 
 MONITORING OF SEARCH:

 
0ITERATION NO.:    0    OBJECTIVE VALUE:   3499.21690639423        NO. OF FUNC. EVALS.:  11
 CUMULATIVE NO. OF FUNC. EVALS.:       11
 NPARAMETR:  1.0000E+01  1.0000E+01  2.0000E-01  1.0000E+01  1.0000E+02  1.0000E+00  7.5000E-01  1.0000E-01  1.0000E-02  1.0000E-02
             1.0000E-01  1.0000E-02  1.0000E-01  1.0000E-01  1.0000E-01
 PARAMETER:  1.0000E-01  1.0000E-01  1.0000E-01  1.0000E-01  1.0000E-01  1.0000E-01  1.0000E-01  1.0000E-01  1.0000E-01  1.0000E-01
             1.0000E-01  1.0000E-01  1.0000E-01  1.0000E-01  1.0000E-01
 GRADIENT:  -9.7554E+01 -3.8906E+02  6.9581E+02 -2.5524E-01 -1.0180E+02 -5.3559E+01 -2.3705E+01 -1.1915E+02 -3.6339E+01  1.6636E+02
            -1.7091E+02  2.7958E+02 -6.6112E+02  8.8103E+01 -2.2368E+01
 
0ITERATION NO.:    5    OBJECTIVE VALUE:   2757.24559896032        NO. OF FUNC. EVALS.:  13
 CUMULATIVE NO. OF FUNC. EVALS.:       75
 NPARAMETR:  1.0517E+01  3.1169E+01  6.8109E-02  3.5187E+00  1.5182E+02  1.0952E+00  8.2194E-01  3.0557E-01  6.9665E-02 -4.2073E-02
             1.3968E-01 -1.8722E-02  9.6130E-02  5.1123E-02  2.0423E-01
 PARAMETER:  1.6348E-01  1.5050E+00 -1.0043E+00 -1.0947E+00  5.7683E-01  2.9102E-01  2.2408E-01  6.5851E-01  3.9853E-01 -2.4069E-01
             2.1176E-01 -9.0718E-02  5.4622E-02 -2.3546E-01  4.5704E-01
 GRADIENT:  -1.1504E+01  7.0110E+01 -2.5726E+01 -3.1942E+01  1.4717E+01 -4.5998E+00 -4.2221E+00  1.4110E+01 -3.1484E+01 -5.4412E+00
             4.9255E+00 -3.6552E+00  3.0259E+01  3.7585E+01 -4.6959E+00
 
0ITERATION NO.:   10    OBJECTIVE VALUE:   2731.74729478911        NO. OF FUNC. EVALS.:  12
 CUMULATIVE NO. OF FUNC. EVALS.:      136
 NPARAMETR:  1.2634E+01  3.0173E+01  6.3772E-02  2.7905E+00  1.1626E+02  1.0457E+00  9.9451E-01  3.6917E-01  2.7932E-01  4.0089E-03
             2.8939E-01 -1.7572E-02  5.0667E-02  5.1519E-02  2.3017E-01
 PARAMETER:  4.0194E-01  1.4582E+00 -1.0710E+00 -1.3421E+00  2.6893E-01  1.9138E-01  4.9721E-01  7.5305E-01  1.4538E+00  2.0864E-02
            -1.8888E-02 -2.5785E-01 -2.8804E-01 -2.3161E-01  5.1683E-01
 GRADIENT:  -4.0910E+00  5.0770E+01 -2.8004E+01 -1.6600E+01 -2.9226E+00  5.6307E-01  3.8510E-02  1.2667E+01 -1.3110E+00  9.1518E+00
             1.7583E+01 -6.0044E+00  1.4146E+01  6.2281E+01 -9.1619E-01
 
0ITERATION NO.:   15    OBJECTIVE VALUE:   2716.45942596853        NO. OF FUNC. EVALS.:  12
 CUMULATIVE NO. OF FUNC. EVALS.:      197
 NPARAMETR:  1.1506E+01  2.5280E+01  6.8492E-02  2.8537E+00  9.8966E+01  9.7711E-01  1.0382E+00  2.8745E-01  1.9060E-01 -3.2130E-03
             1.8733E-01 -2.9540E-02  3.0310E-02  4.5648E-02  3.1459E-01
 PARAMETER:  2.7861E-01  1.2135E+00 -9.9862E-01 -1.3183E+00  8.8456E-02  5.4219E-02  5.6226E-01  6.2794E-01  1.1242E+00 -1.8951E-02
            -1.4253E-01 -3.8814E-01 -7.4968E-01 -2.9210E-01  6.7305E-01
 GRADIENT:   4.6871E+00  1.9208E+01  4.3864E+01 -1.5943E+01 -7.3253E+00 -2.2031E+00  1.3907E+00  3.1446E+00  1.4217E-01  1.0368E+01
             2.0835E+01 -6.8603E+00 -1.1593E+00  2.3794E+00  2.5323E-01
 
0ITERATION NO.:   20    OBJECTIVE VALUE:   2707.11937606211        NO. OF FUNC. EVALS.:  12
 CUMULATIVE NO. OF FUNC. EVALS.:      257
 NPARAMETR:  1.1231E+01  2.3305E+01  6.7767E-02  3.0737E+00  9.7905E+01  9.6402E-01  6.9083E-01  3.1190E-01  2.0264E-01 -3.0439E-02
             1.4953E-01 -3.6271E-02  2.9839E-02  4.4190E-02  2.9217E-01
 PARAMETER:  2.4732E-01  1.1061E+00 -1.0094E+00 -1.2394E+00  7.6507E-02  2.7999E-02 -8.1312E-03  6.6875E-01  1.1474E+00 -1.7235E-01
            -7.5589E-01 -4.3135E-01 -9.6595E-01 -3.0834E-01  6.3609E-01
 GRADIENT:   3.2946E+00 -9.4263E+00 -2.1678E+01  1.3334E+01 -7.5308E+00  4.3162E+00  1.7515E+00  4.4228E+00  6.1826E-01 -5.8083E+00
             6.7823E+00  6.9148E-01 -1.8678E+00 -2.7792E+01 -2.2585E+00
 
0ITERATION NO.:   25    OBJECTIVE VALUE:   2702.49324513108        NO. OF FUNC. EVALS.:  12
 CUMULATIVE NO. OF FUNC. EVALS.:      320
 NPARAMETR:  1.2469E+01  2.2789E+01  6.6506E-02  2.8600E+00  1.1881E+02  8.7172E-01  2.9803E-01  3.4929E-01  2.2310E-01 -1.9703E-02
             1.4473E-01 -1.9173E-02  2.8737E-02  4.5604E-02  3.0710E-01
 PARAMETER:  3.8441E-01  1.0770E+00 -1.0285E+00 -1.3160E+00  2.9349E-01 -1.5799E-01 -1.0059E+00  7.2536E-01  1.1937E+00 -1.0542E-01
            -1.7967E+00 -4.8783E-01 -1.1441E+00 -2.9258E-01  6.6100E-01
 GRADIENT:   1.1165E+00 -1.0158E+00  1.9376E+00  1.6720E-01 -8.1418E-02  6.6962E-01  1.4837E-01  2.1828E+00 -1.1543E+00  1.3113E+00
             3.6961E-01  2.6948E+00 -5.4485E-01  5.7193E-01 -2.4331E-01
 
0ITERATION NO.:   30    OBJECTIVE VALUE:   2702.38193401774        NO. OF FUNC. EVALS.:  13
 CUMULATIVE NO. OF FUNC. EVALS.:      383
 NPARAMETR:  1.2622E+01  2.2746E+01  6.6420E-02  2.8701E+00  1.2027E+02  8.5986E-01  2.3585E-01  3.5606E-01  2.2690E-01 -2.0430E-02
             1.4533E-01 -1.7206E-02  3.1510E-02  4.5549E-02  3.0813E-01
 PARAMETER:  4.0067E-01  1.0745E+00 -1.0298E+00 -1.3123E+00  3.0731E-01 -1.8213E-01 -1.2627E+00  7.3497E-01  1.2025E+00 -1.0827E-01
            -2.3516E+00 -5.4000E-01 -1.2591E+00 -2.9319E-01  6.6267E-01
 GRADIENT:  -9.4107E-01  1.3799E+00 -9.1973E-01 -3.8849E-01  1.8749E-01 -3.2783E-01 -6.6872E-02  5.1860E-01 -2.7141E-01  4.3986E-01
            -8.9373E-02  4.2139E-01 -1.4274E-02  6.7119E-01  1.3895E-01
 
0ITERATION NO.:   35    OBJECTIVE VALUE:   2702.20392337052        NO. OF FUNC. EVALS.:  23
 CUMULATIVE NO. OF FUNC. EVALS.:      466
 NPARAMETR:  1.2790E+01  2.3362E+01  6.7973E-02  3.0185E+00  1.1451E+02  8.5977E-01  2.4261E-01  3.5231E-01  2.2109E-01 -2.5916E-02
             1.3939E-01 -2.0290E-02  3.2927E-02  4.5487E-02  3.1471E-01
 PARAMETER:  4.1842E-01  1.1092E+00 -1.0063E+00 -1.2587E+00  2.5175E-01 -1.8231E-01 -1.2320E+00  7.2967E-01  1.1779E+00 -1.3807E-01
            -2.4107E+00 -5.5095E-01 -1.2823E+00 -2.9387E-01  6.7324E-01
 GRADIENT:  -6.0473E-01 -3.4535E-01 -1.4243E+00  6.7494E-02  1.5615E-01  2.0235E-01 -1.1582E-02 -3.9818E-01  5.5829E-01 -2.6916E-01
            -5.0351E-02 -2.2103E-02  3.4447E-02  1.5075E+00  1.9549E-01
 
0ITERATION NO.:   40    OBJECTIVE VALUE:   2702.18814518894        NO. OF FUNC. EVALS.:  21
 CUMULATIVE NO. OF FUNC. EVALS.:      571
 NPARAMETR:  1.2915E+01  2.3567E+01  6.8371E-02  3.0562E+00  1.1275E+02  8.5587E-01  2.3655E-01  3.5130E-01  2.1827E-01 -2.7301E-02
             1.3630E-01 -2.1077E-02  3.3025E-02  4.5328E-02  3.1732E-01
 PARAMETER:  4.3150E-01  1.1207E+00 -1.0004E+00 -1.2455E+00  2.3429E-01 -1.9028E-01 -1.2595E+00  7.2823E-01  1.1646E+00 -1.4566E-01
            -2.3887E+00 -5.5054E-01 -1.2888E+00 -2.9563E-01  6.7737E-01
 GRADIENT:   1.8373E-02 -5.2416E-03 -4.6056E-02  6.3481E-03 -4.6412E-03 -9.1414E-03 -3.5541E-04 -2.8524E-02 -9.1546E-03 -3.6682E-03
            -3.2848E-03 -4.2524E-02  2.7651E-02  5.6776E-03 -3.8122E-04
 
0ITERATION NO.:   45    OBJECTIVE VALUE:   2702.18789194132        NO. OF FUNC. EVALS.:  23
 CUMULATIVE NO. OF FUNC. EVALS.:      685
 NPARAMETR:  1.2915E+01  2.3567E+01  6.8374E-02  3.0568E+00  1.1283E+02  8.5589E-01  2.3721E-01  3.5163E-01  2.1844E-01 -2.7353E-02
             1.3638E-01 -2.1134E-02  3.2990E-02  4.5326E-02  3.1750E-01
 PARAMETER:  4.3147E-01  1.1206E+00 -1.0004E+00 -1.2453E+00  2.3503E-01 -1.9024E-01 -1.2564E+00  7.2870E-01  1.1649E+00 -1.4587E-01
            -2.3841E+00 -5.5181E-01 -1.3018E+00 -2.9565E-01  6.7766E-01
 GRADIENT:   1.7362E-01 -2.2779E-01  1.4395E-02  8.6511E-02  2.5594E-02  5.9148E-02  1.1903E-02  8.0114E-02 -3.8182E-02 -2.5830E-02
            -6.8762E-04 -1.2058E-02  2.2470E-02 -9.4511E-03  2.0774E-02
 
0ITERATION NO.:   50    OBJECTIVE VALUE:   2702.18391826980        NO. OF FUNC. EVALS.:  21
 CUMULATIVE NO. OF FUNC. EVALS.:      791
 NPARAMETR:  1.2897E+01  2.3597E+01  6.8421E-02  3.0610E+00  1.1264E+02  8.5730E-01  2.4254E-01  3.4993E-01  2.1754E-01 -2.7367E-02
             1.3590E-01 -2.1332E-02  3.3080E-02  4.5351E-02  3.1704E-01
 PARAMETER:  4.2959E-01  1.1223E+00 -9.9968E-01 -1.2438E+00  2.3313E-01 -1.8735E-01 -1.2323E+00  7.2629E-01  1.1629E+00 -1.4630E-01
            -2.3992E+00 -5.8414E-01 -1.6404E+00 -2.9537E-01  6.7692E-01
 GRADIENT:  -2.0882E-01  4.7085E-01  1.4036E-01 -1.2081E-01 -9.7530E-03 -6.9922E-02 -1.0575E-02 -2.2180E-01  8.3544E-02 -5.0007E-02
             1.1799E-02 -2.9001E-01  2.6171E-02  2.0035E-01 -1.5161E-02
 
0ITERATION NO.:   55    OBJECTIVE VALUE:   2702.18155645915        NO. OF FUNC. EVALS.:  21
 CUMULATIVE NO. OF FUNC. EVALS.:      896
 NPARAMETR:  1.2908E+01  2.3587E+01  6.8470E-02  3.0650E+00  1.1265E+02  8.5568E-01  2.3808E-01  3.5138E-01  2.1804E-01 -2.7586E-02
             1.3592E-01 -2.1372E-02  3.2962E-02  4.5320E-02  3.1822E-01
 PARAMETER:  4.3074E-01  1.1218E+00 -9.9896E-01 -1.2424E+00  2.3326E-01 -1.9067E-01 -1.2525E+00  7.2835E-01  1.1632E+00 -1.4717E-01
            -2.4384E+00 -5.9837E-01 -1.9900E+00 -2.9571E-01  6.7878E-01
 GRADIENT:  -4.5701E-02 -4.0698E-02  4.6048E-01  7.6873E-02  1.5182E-02 -8.3452E-02  5.5106E-04  4.3879E-02 -1.8264E-02  3.6168E-03
             3.6175E-04 -4.3060E-02  5.2901E-03  2.9407E-03  4.4816E-02
 
0ITERATION NO.:   60    OBJECTIVE VALUE:   2702.18076872887        NO. OF FUNC. EVALS.:  21
 CUMULATIVE NO. OF FUNC. EVALS.:     1001
 NPARAMETR:  1.2938E+01  2.3614E+01  6.8453E-02  3.0638E+00  1.1256E+02  8.5572E-01  2.3550E-01  3.5155E-01  2.1811E-01 -2.7612E-02
             1.3593E-01 -2.1391E-02  3.2940E-02  4.5319E-02  3.1833E-01
 PARAMETER:  4.3387E-01  1.1233E+00 -9.9921E-01 -1.2428E+00  2.3242E-01 -1.9058E-01 -1.2643E+00  7.2859E-01  1.1633E+00 -1.4726E-01
            -2.4481E+00 -6.0509E-01 -2.2959E+00 -2.9572E-01  6.7896E-01
 GRADIENT:   1.6687E-01  1.1079E-01  3.4692E-01  1.1480E-02  9.6675E-03  2.0671E-02 -1.5598E-04  3.3946E-02 -1.2122E-02  7.6551E-05
             1.3591E-03 -5.0644E-02  2.8833E-03 -5.4829E-03  2.4507E-02
 
0ITERATION NO.:   65    OBJECTIVE VALUE:   2702.18054488412        NO. OF FUNC. EVALS.:  21
 CUMULATIVE NO. OF FUNC. EVALS.:     1107
 NPARAMETR:  1.2928E+01  2.3621E+01  6.8492E-02  3.0677E+00  1.1248E+02  8.5604E-01  2.3755E-01  3.5115E-01  2.1782E-01 -2.7698E-02
             1.3572E-01 -2.1463E-02  3.2936E-02  4.5324E-02  3.1820E-01
 PARAMETER:  4.3282E-01  1.1237E+00 -9.9862E-01 -1.2415E+00  2.3162E-01 -1.8994E-01 -1.2549E+00  7.2802E-01  1.1624E+00 -1.4781E-01
            -2.4483E+00 -6.0829E-01 -2.5635E+00 -2.9567E-01  6.7875E-01
 GRADIENT:   1.1953E-01  1.0648E-01  5.3447E-01  4.2247E-02  1.8852E-03  2.6215E-02  3.3071E-03  8.3325E-03 -4.1290E-03  8.6053E-04
            -8.6974E-04  1.9174E-02  1.0320E-03  2.4548E-02  1.8330E-03
 
0ITERATION NO.:   70    OBJECTIVE VALUE:   2702.18045813389        NO. OF FUNC. EVALS.:  22
 CUMULATIVE NO. OF FUNC. EVALS.:     1214
 NPARAMETR:  1.2931E+01  2.3623E+01  6.8504E-02  3.0689E+00  1.1245E+02  8.5595E-01  2.3609E-01  3.5129E-01  2.1785E-01 -2.7750E-02
             1.3569E-01 -2.1477E-02  3.2935E-02  4.5324E-02  3.1824E-01
 PARAMETER:  4.3319E-01  1.1238E+00 -9.9846E-01 -1.2411E+00  2.3127E-01 -1.9011E-01 -1.2616E+00  7.2822E-01  1.1623E+00 -1.4806E-01
            -2.4546E+00 -6.1023E-01 -2.8384E+00 -2.9567E-01  6.7881E-01
 GRADIENT:   1.2337E-01  8.6765E-02  5.7442E-01  6.3911E-02 -2.7531E-03  3.6183E-02 -1.2752E-03  1.0958E-02 -2.8320E-03  3.9193E-03
            -1.7593E-03  4.1199E-02  4.7062E-04  4.1179E-02 -4.5563E-03
 
0ITERATION NO.:   75    OBJECTIVE VALUE:   2702.17898767195        NO. OF FUNC. EVALS.:  21
 CUMULATIVE NO. OF FUNC. EVALS.:     1322
 NPARAMETR:  1.2907E+01  2.3564E+01  6.8359E-02  3.0538E+00  1.1278E+02  8.5636E-01  2.3871E-01  3.5112E-01  2.1824E-01 -2.7252E-02
             1.3626E-01 -2.1274E-02  3.2829E-02  4.5337E-02  3.1744E-01
 PARAMETER:  4.3068E-01  1.1205E+00 -1.0006E+00 -1.2463E+00  2.3454E-01 -1.8928E-01 -1.2496E+00  7.2798E-01  1.1647E+00 -1.4544E-01
            -2.4431E+00 -6.1260E-01 -5.1717E+00 -2.9552E-01  6.7756E-01
 GRADIENT:   2.6905E-02  1.1967E-03  4.8602E-02 -8.6369E-03  5.0150E-04 -1.7343E-02  7.5450E-04 -8.9747E-03  3.0898E-03  1.5449E-04
             4.0092E-04 -1.9820E-02  0.0000E+00  1.1999E-02 -6.5892E-03
 
0ITERATION NO.:   78    OBJECTIVE VALUE:   2702.17897506844        NO. OF FUNC. EVALS.:  18
 CUMULATIVE NO. OF FUNC. EVALS.:     1382
 NPARAMETR:  1.2903E+01  2.3560E+01  6.8353E-02  3.0532E+00  1.1280E+02  8.5660E-01  2.3903E-01  3.5106E-01  2.1824E-01 -2.7228E-02
             1.3628E-01 -2.1272E-02  3.2813E-02  4.5337E-02  3.1744E-01
 PARAMETER:  4.3018E-01  1.1203E+00 -1.0007E+00 -1.2465E+00  2.3476E-01 -1.8879E-01 -1.2481E+00  7.2790E-01  1.1648E+00 -1.4532E-01
            -2.4404E+00 -6.1247E-01 -5.2674E+00 -2.9552E-01  6.7756E-01
 GRADIENT:  -3.1488E-04  2.1752E-04 -8.4492E-04  8.1675E-06  5.2113E-05 -1.8955E-04  2.3931E-05  7.1488E-05 -2.3246E-03 -4.4953E-04
             4.4094E-06  1.6971E-04  0.0000E+00  7.8806E-05 -5.9790E-05
 
 #TERM:
0MINIMIZATION SUCCESSFUL
 NO. OF FUNCTION EVALUATIONS USED:     1382
 NO. OF SIG. DIGITS IN FINAL EST.:  3.2
0PARAMETER ESTIMATE IS NEAR ITS BOUNDARY
 THIS MUST BE ADDRESSED BEFORE THE COVARIANCE STEP CAN BE IMPLEMENTED

 ETABAR IS THE ARITHMETIC MEAN OF THE ETA-ESTIMATES,
 AND THE P-VALUE IS GIVEN FOR THE NULL HYPOTHESIS THAT THE TRUE MEAN IS 0.

 ETABAR:        -6.8351E-04 -5.2081E-04  7.3065E-04
 SE:             9.2483E-02  5.7741E-02  2.5688E-02

 P VAL.:         9.9410E-01  9.9280E-01  9.7731E-01
 
 ETAshrink(%):   2.4234E-02 -1.8177E-01  9.1705E+00
 EPSshrink(%):   6.5157E+00  6.5157E+00
 
 #TERE:
 Elapsed estimation time in seconds:    20.70
1
 
 
 
 
 
 
 
 
 
 
 
 
 
 
 
 
 
 
 
 
 ************************************************************************************************************************
 ********************                                                                                ********************
 ********************               FIRST ORDER CONDITIONAL ESTIMATION WITH INTERACTION              ********************
 #OBJT:**************                       MINIMUM VALUE OF OBJECTIVE FUNCTION                      ********************
 ********************                                                                                ********************
 ************************************************************************************************************************
 





 #OBJV:********************************************     2702.179       **************************************************
1
 ************************************************************************************************************************
 ********************                                                                                ********************
 ********************               FIRST ORDER CONDITIONAL ESTIMATION WITH INTERACTION              ********************
 ********************                             FINAL PARAMETER ESTIMATE                           ********************
 ********************                                                                                ********************
 ************************************************************************************************************************
 


 THETA - VECTOR OF FIXED EFFECTS PARAMETERS   *********


         TH 1      TH 2      TH 3      TH 4      TH 5      TH 6      TH 7     
 
         1.29E+01  2.36E+01  6.84E-02  3.05E+00  1.13E+02  8.57E-01  2.39E-01
 


 OMEGA - COV MATRIX FOR RANDOM EFFECTS - ETAS  ********


            ETA1      ETA2      ETA3   
 
 ETA1
+        3.51E-01
 
 ETA2
+        2.18E-01  1.36E-01
 
 ETA3
+       -2.72E-02 -2.13E-02  3.28E-02
 


 SIGMA - COV MATRIX FOR RANDOM EFFECTS - EPSILONS  ****


            EPS1      EPS2   
 
 EPS1
+        4.53E-02
 
 EPS2
+        0.00E+00  3.17E-01
 
1


 OMEGA - CORR MATRIX FOR RANDOM EFFECTS - ETAS  *******


            ETA1      ETA2      ETA3   
 
 ETA1
+        5.93E-01
 
 ETA2
+        9.98E-01  3.69E-01
 
 ETA3
+       -2.54E-01 -3.18E-01  1.81E-01
 


 SIGMA - CORR MATRIX FOR RANDOM EFFECTS - EPSILONS  ***


            EPS1      EPS2   
 
 EPS1
+        2.13E-01
 
 EPS2
+        0.00E+00  5.63E-01
 
Stop Time:
Thu Nov 10 15:08:04 UTC 2011
