Thu Nov 10 15:03:59 UTC 2011
$PROB 104 phase1 2 CMT like 1004 but diff. initial on V3
$INPUT C ID TIME SEQ=DROP EVID AMT DV SUBJ HOUR TAFD TAD LDOS MDV HEIGHT WT SEX AGE DOSE FED
$DATA ../data/104.csv IGNORE=C
$SUBROUTINE ADVAN4 TRANS4
$PK
 CL=THETA(1)*EXP(ETA(1)) * THETA(6)**SEX * (WT/70)**THETA(7)
 V2 =THETA(2)*EXP(ETA(2))
 KA=THETA(3)*EXP(ETA(3))
 Q  =THETA(4)
 V3=THETA(5)
 S2=V2
 
$ERROR
 Y=F*(1+ERR(1)) + ERR(2)
 IPRE=F

$THETA
(0,10,50)     
(0,10,100)    
(0,0.2, 5)    
(0,10,50)     
(0,100,1000)  
(0,1,2)       
(0,0.75,3)    

$OMEGA BLOCK(3)
.1
.01 .1
.01 .01 .1








$SIGMA 0.1 0.1




$ESTIMATION MAXEVAL=9999 PRINT=5 NOABORT METHOD=1 INTER MSFO=./104.msf
;$COV PRINT=E
;$TABLE NOPRINT FILE=./104.tab ONEHEADER ID AMT TIME EVID PRED IPRE CWRES
;$TABLE NOPRINT FILE=./104par.tab ONEHEADER ID TIME CL Q V2 V3 KA ETA1 ETA2 ETA3


















NM-TRAN MESSAGES
  
 WARNINGS AND ERRORS (IF ANY) FOR PROBLEM    1
             
 (WARNING  2) NM-TRAN INFERS THAT THE DATA ARE POPULATION.
 CREATING MUMODEL ROUTINE...

License Registered to: Metrum Research Group
Expiration Date:    14 JUL 2012
Current Date:       10 NOV 2011
Days until program expires : 249
1NONLINEAR MIXED EFFECTS MODEL PROGRAM (NONMEM) VERSION 7.2.0
 ORIGINALLY DEVELOPED BY STUART BEAL, LEWIS SHEINER, AND ALISON BOECKMANN
 CURRENT DEVELOPERS ARE ROBERT BAUER, ICON DEVELOPMENT SOLUTIONS,
 AND ALISON BOECKMANN. IMPLEMENTATION, EFFICIENCY, AND STANDARDIZATION
 PERFORMED BY NOUS INFOSYSTEMS.

 PROBLEM NO.:         1
 104 phase1 2 CMT like 1004 but diff. initial on V3
0DATA CHECKOUT RUN:              NO
 DATA SET LOCATED ON UNIT NO.:    2
 THIS UNIT TO BE REWOUND:        NO
 NO. OF DATA RECS IN DATA SET:      554
 NO. OF DATA ITEMS IN DATA SET:  18
 ID DATA ITEM IS DATA ITEM NO.:   2
 DEP VARIABLE IS DATA ITEM NO.:   6
 MDV DATA ITEM IS DATA ITEM NO.: 12
0INDICES PASSED TO SUBROUTINE PRED:
   4   3   5   0   0   0   0   0   0   0   0
0LABELS FOR DATA ITEMS:
 C ID TIME EVID AMT DV SUBJ HOUR TAFD TAD LDOS MDV HEIGHT WT SEX AGE DOSE FED
0FORMAT FOR DATA:
 (1(12E6.0/),6E6.0)

 TOT. NO. OF OBS RECS:      514
 TOT. NO. OF INDIVIDUALS:     40
0LENGTH OF THETA:   7
0DEFAULT THETA BOUNDARY TEST OMITTED:    NO
0OMEGA HAS BLOCK FORM:
  1
  1  1
  1  1  1
0DEFAULT OMEGA BOUNDARY TEST OMITTED:    NO
0SIGMA HAS SIMPLE DIAGONAL FORM WITH DIMENSION:   2
0DEFAULT SIGMA BOUNDARY TEST OMITTED:    NO
0INITIAL ESTIMATE OF THETA:
 LOWER BOUND    INITIAL EST    UPPER BOUND
  0.0000E+00     0.1000E+02     0.5000E+02
  0.0000E+00     0.1000E+02     0.1000E+03
  0.0000E+00     0.2000E+00     0.5000E+01
  0.0000E+00     0.1000E+02     0.5000E+02
  0.0000E+00     0.1000E+03     0.1000E+04
  0.0000E+00     0.1000E+01     0.2000E+01
  0.0000E+00     0.7500E+00     0.3000E+01
0INITIAL ESTIMATE OF OMEGA:
 BLOCK SET NO.   BLOCK                                                                    FIXED
        1                                                                                   NO
                  0.1000E+00
                  0.1000E-01   0.1000E+00
                  0.1000E-01   0.1000E-01   0.1000E+00
0INITIAL ESTIMATE OF SIGMA:
 0.1000E+00
 0.0000E+00   0.1000E+00
0ESTIMATION STEP OMITTED:           NO
 CONDITIONAL ESTIMATES USED:       YES
 CENTERED ETA:                      NO
 EPS-ETA INTERACTION:              YES
 LAPLACIAN OBJ. FUNC.:              NO
 NO. OF FUNCT. EVALS. ALLOWED:       9999
 NO. OF SIG. FIGURES REQUIRED:       3
 INTERMEDIATE PRINTOUT:            YES
 ESTIMATE OUTPUT TO MSF:           YES
 ABORT WITH PRED EXIT CODE 1:       NO
 IND. OBJ. FUNC. VALUES SORTED:     NO

 THE FOLLOWING LABELS ARE EQUIVALENT
 PRED=PREDI
 RES=RESI
 WRES=WRESI
1DOUBLE PRECISION PREDPP VERSION 7.2.0

 TWO COMPARTMENT MODEL WITH FIRST-ORDER ABSORPTION (ADVAN4)
0MAXIMUM NO. OF BASIC PK PARAMETERS:   5
0BASIC PK PARAMETERS (AFTER TRANSLATION):
   BASIC PK PARAMETER NO.  1: ELIMINATION RATE (K)
   BASIC PK PARAMETER NO.  2: CENTRAL-TO-PERIPH. RATE (K23)
   BASIC PK PARAMETER NO.  3: PERIPH.-TO-CENTRAL RATE (K32)
   BASIC PK PARAMETER NO.  5: ABSORPTION RATE (KA)
 TRANSLATOR WILL CONVERT PARAMETERS
 CL, V2, Q, V3 TO K, K23, K32 (TRANS4)
0COMPARTMENT ATTRIBUTES
 COMPT. NO.   FUNCTION   INITIAL    ON/OFF      DOSE      DEFAULT    DEFAULT
                         STATUS     ALLOWED    ALLOWED    FOR DOSE   FOR OBS.
    1         DEPOT        OFF        YES        YES        YES        NO
    2         CENTRAL      ON         NO         YES        NO         YES
    3         PERIPH.      ON         NO         YES        NO         NO
    4         OUTPUT       OFF        YES        NO         NO         NO
1
 ADDITIONAL PK PARAMETERS - ASSIGNMENT OF ROWS IN GG
 COMPT. NO.                             INDICES
              SCALE      BIOAVAIL.   ZERO-ORDER  ZERO-ORDER  ABSORB
                         FRACTION    RATE        DURATION    LAG
    1           *           *           *           *           *
    2           6           *           *           *           *
    3           *           *           *           *           *
    4           *           -           -           -           -
             - PARAMETER IS NOT ALLOWED FOR THIS MODEL
             * PARAMETER IS NOT SUPPLIED BY PK SUBROUTINE;
               WILL DEFAULT TO ONE IF APPLICABLE
0DATA ITEM INDICES USED BY PRED ARE:
   EVENT ID DATA ITEM IS DATA ITEM NO.:      4
   TIME DATA ITEM IS DATA ITEM NO.:          3
   DOSE AMOUNT DATA ITEM IS DATA ITEM NO.:   5

0PK SUBROUTINE CALLED WITH EVERY EVENT RECORD.
 PK SUBROUTINE NOT CALLED AT NONEVENT (ADDITIONAL OR LAGGED) DOSE TIMES.
0ERROR SUBROUTINE CALLED WITH EVERY EVENT RECORD.
1
 
 
 #TBLN:      1
 #METH: First Order Conditional Estimation with Interaction
 
 MONITORING OF SEARCH:

 
0ITERATION NO.:    0    OBJECTIVE VALUE:   3159.05266293357        NO. OF FUNC. EVALS.:  11
 CUMULATIVE NO. OF FUNC. EVALS.:       11
 NPARAMETR:  1.0000E+01  1.0000E+01  2.0000E-01  1.0000E+01  1.0000E+02  1.0000E+00  7.5000E-01  1.0000E-01  1.0000E-02  1.0000E-02
             1.0000E-01  1.0000E-02  1.0000E-01  1.0000E-01  1.0000E-01
 PARAMETER:  1.0000E-01  1.0000E-01  1.0000E-01  1.0000E-01  1.0000E-01  1.0000E-01  1.0000E-01  1.0000E-01  1.0000E-01  1.0000E-01
             1.0000E-01  1.0000E-01  1.0000E-01  1.0000E-01  1.0000E-01
 GRADIENT:  -6.7253E+01 -4.0726E+02  6.5744E+02  2.3820E-01 -1.0837E+02 -4.0680E+01 -1.8227E+01 -6.3179E+01 -2.5715E+01  1.2047E+02
            -1.9488E+02  2.8030E+02 -5.8734E+02  1.0160E+02 -2.0288E+01
 
0ITERATION NO.:    5    OBJECTIVE VALUE:   2456.30687403402        NO. OF FUNC. EVALS.:  13
 CUMULATIVE NO. OF FUNC. EVALS.:       75
 NPARAMETR:  9.8524E+00  3.3859E+01  7.4542E-02  3.5959E+00  1.4101E+02  1.1029E+00  8.3865E-01  1.9180E-01  5.0585E-02 -3.6487E-02
             1.7523E-01 -1.2443E-02  1.0906E-01  5.8595E-02  2.4127E-01
 PARAMETER:  8.1440E-02  1.6276E+00 -9.1276E-01 -1.0713E+00  4.9030E-01  3.0660E-01  2.5191E-01  4.2564E-01  3.6525E-01 -2.6346E-01
             3.4589E-01 -2.4506E-02  1.1944E-01 -1.6726E-01  5.4038E-01
 GRADIENT:  -1.7734E+01  6.1752E+01 -1.5528E+01 -4.0242E+01  1.2433E+01 -9.7076E+00 -8.0389E+00  1.2575E+01 -2.0114E+01  6.1903E+00
             1.6039E+01 -4.0664E+00  3.2176E+01  1.7663E+02  1.2156E+01
 
0ITERATION NO.:   10    OBJECTIVE VALUE:   2427.86560354486        NO. OF FUNC. EVALS.:  12
 CUMULATIVE NO. OF FUNC. EVALS.:      135
 NPARAMETR:  9.2105E+00  3.0399E+01  7.1127E-02  2.7921E+00  1.2772E+02  1.1732E+00  1.6231E+00  2.4572E-01  3.3198E-01 -1.7194E-02
             6.0568E-01  4.8877E-03  3.5980E-02  4.8491E-02  2.7974E-01
 PARAMETER: -1.7899E-03  1.4689E+00 -9.6035E-01 -1.3415E+00  3.7594E-01  4.4990E-01  1.3631E+00  5.4950E-01  2.1179E+00 -1.0969E-01
             3.3103E-01  2.4798E-01 -4.9708E-01 -2.6190E-01  6.1434E-01
 GRADIENT:  -2.9458E+01  3.4248E+01  1.0500E+01 -3.7505E+01  2.2937E-01 -4.3684E+00 -1.7866E+00 -5.0988E+00  1.5936E+01 -4.1779E+00
             2.0092E+01  3.9224E+00 -1.4589E+00  9.5149E+01  7.5791E+00
 
0ITERATION NO.:   15    OBJECTIVE VALUE:   2404.21465182256        NO. OF FUNC. EVALS.:  15
 CUMULATIVE NO. OF FUNC. EVALS.:      199
 NPARAMETR:  7.9879E+00  2.7632E+01  7.3603E-02  3.4542E+00  1.1956E+02  1.3051E+00  2.0101E+00  1.2509E-01  6.1950E-02 -3.8209E-02
             1.3581E-01 -3.9458E-02  3.4243E-02  4.4230E-02  2.4350E-01
 PARAMETER: -1.7373E-01  1.3344E+00 -9.2562E-01 -1.1145E+00  3.0061E-01  7.3028E-01  1.9070E+00  2.1194E-01  5.5389E-01 -3.4163E-01
             1.3006E-01 -2.2141E-01 -7.3288E-01 -3.0789E-01  5.4498E-01
 GRADIENT:   4.6266E+00  1.7717E+01 -1.7971E+01 -1.1139E+01 -7.3156E-01  5.9231E+00  4.3709E+00 -3.0488E+00 -1.1089E+01 -6.0092E+00
             2.4941E+01  1.7115E+00 -6.9271E+00  3.2940E+01 -3.6016E+00
 
0ITERATION NO.:   20    OBJECTIVE VALUE:   2385.66141871517        NO. OF FUNC. EVALS.:  12
 CUMULATIVE NO. OF FUNC. EVALS.:      260
 NPARAMETR:  9.9176E+00  2.8016E+01  7.7659E-02  3.8615E+00  1.0358E+02  1.0557E+00  1.3499E+00  1.7870E-01  1.2451E-01 -5.1126E-02
             1.2136E-01 -3.4390E-02  5.2696E-02  3.6102E-02  3.3687E-01
 PARAMETER:  8.9668E-02  1.3536E+00 -8.7116E-01 -9.9430E-01  1.3913E-01  2.1148E-01  9.9777E-01  3.9028E-01  9.3140E-01 -3.8245E-01
            -4.2555E-01  2.3144E-02 -3.7429E-01 -4.0941E-01  7.0726E-01
 GRADIENT:   5.8491E+00  8.4296E+00 -9.1689E+00  3.6043E+00 -1.2183E+01 -2.0509E+00  1.1847E+00  7.7443E+00  7.5894E-01 -1.0006E-01
             1.2410E+01 -4.0102E+00 -3.1881E+00 -3.2102E+01 -4.6994E+00
 
0ITERATION NO.:   25    OBJECTIVE VALUE:   2379.86718851300        NO. OF FUNC. EVALS.:  12
 CUMULATIVE NO. OF FUNC. EVALS.:      321
 NPARAMETR:  9.5828E+00  2.6002E+01  7.5789E-02  3.5541E+00  1.1529E+02  1.0503E+00  1.2314E+00  1.6413E-01  1.1460E-01 -4.2727E-02
             8.5745E-02 -2.9996E-02  5.1204E-02  3.8697E-02  3.4353E-01
 PARAMETER:  4.7015E-02  1.2514E+00 -8.9591E-01 -1.0839E+00  2.5937E-01  2.0067E-01  8.3663E-01  3.4775E-01  8.9455E-01 -3.3351E-01
            -1.3253E+00 -7.4762E-03 -3.4801E-01 -3.7470E-01  7.1705E-01
 GRADIENT:  -1.3222E+00  6.8823E-01 -3.2263E+00 -5.6262E-01  4.0492E-01  7.4727E-01 -6.6711E-01 -2.0349E-01 -2.1157E-01 -1.0572E+00
             1.0381E+00  7.0868E-01  4.1457E-02  4.4707E+00  5.6459E-01
 
0ITERATION NO.:   30    OBJECTIVE VALUE:   2379.32038658262        NO. OF FUNC. EVALS.:  12
 CUMULATIVE NO. OF FUNC. EVALS.:      381
 NPARAMETR:  9.6699E+00  2.6113E+01  7.6222E-02  3.5756E+00  1.1483E+02  1.0335E+00  1.2297E+00  1.6610E-01  1.1615E-01 -4.2300E-02
             8.2025E-02 -3.2012E-02  5.0548E-02  3.8459E-02  3.4820E-01
 PARAMETER:  5.8219E-02  1.2571E+00 -8.9012E-01 -1.0774E+00  2.5494E-01  1.6702E-01  8.3426E-01  3.5372E-01  9.0121E-01 -3.2821E-01
            -2.3045E+00 -2.9939E-01 -4.5368E-01 -3.7779E-01  7.2381E-01
 GRADIENT:  -1.4528E-01  3.0954E-02 -2.9675E-01  1.6519E-01  3.6358E-01 -2.9137E-01 -1.4131E-01 -1.1746E+00  1.0117E+00 -7.3228E-01
             7.3960E-02 -2.7169E-01  5.4763E-01  9.7108E-02 -5.1090E-02
 
0ITERATION NO.:   35    OBJECTIVE VALUE:   2379.27311094652        NO. OF FUNC. EVALS.:  13
 CUMULATIVE NO. OF FUNC. EVALS.:      442
 NPARAMETR:  9.6804E+00  2.6149E+01  7.6328E-02  3.5830E+00  1.1430E+02  1.0334E+00  1.2303E+00  1.6643E-01  1.1567E-01 -4.2135E-02
             8.0703E-02 -3.1511E-02  5.0346E-02  3.8423E-02  3.5015E-01
 PARAMETER:  5.9559E-02  1.2590E+00 -8.8871E-01 -1.0752E+00  2.4970E-01  1.6673E-01  8.3510E-01  3.5470E-01  8.9658E-01 -3.2661E-01
            -2.7721E+00 -4.3736E-01 -6.0379E-01 -3.7826E-01  7.2659E-01
 GRADIENT:   1.4844E-01 -2.1076E-02 -1.4692E-02  5.2559E-02  3.0527E-02  1.3923E-01  5.0665E-02 -9.1396E-02  1.7590E-01  7.7637E-03
            -2.4070E-02 -5.9178E-02  1.3956E-01 -1.3315E-01 -1.7878E-02
 
0ITERATION NO.:   40    OBJECTIVE VALUE:   2379.26760963712        NO. OF FUNC. EVALS.:  12
 CUMULATIVE NO. OF FUNC. EVALS.:      503
 NPARAMETR:  9.6825E+00  2.6135E+01  7.6330E-02  3.5822E+00  1.1433E+02  1.0326E+00  1.2271E+00  1.6645E-01  1.1536E-01 -4.2337E-02
             8.0158E-02 -3.1590E-02  5.0565E-02  3.8457E-02  3.4971E-01
 PARAMETER:  5.9835E-02  1.2583E+00 -8.8868E-01 -1.0754E+00  2.4998E-01  1.6516E-01  8.3071E-01  3.5475E-01  8.9413E-01 -3.2816E-01
            -2.9768E+00 -5.4175E-01 -8.1396E-01 -3.7782E-01  7.2597E-01
 GRADIENT:   2.8721E-03 -7.8702E-02  7.0783E-02 -1.0098E-01  7.1837E-02  1.5560E-02 -2.1439E-02  3.1893E-02 -8.8490E-02 -1.3966E-01
            -3.4748E-02 -2.9328E-01  1.4533E-01  2.8407E-01 -3.5179E-02
 
0ITERATION NO.:   45    OBJECTIVE VALUE:   2379.16326888705        NO. OF FUNC. EVALS.:  23
 CUMULATIVE NO. OF FUNC. EVALS.:      586
 NPARAMETR:  9.6786E+00  2.6592E+01  7.7525E-02  3.6858E+00  1.1325E+02  1.0373E+00  1.2425E+00  1.6546E-01  1.1343E-01 -4.3785E-02
             7.8063E-02 -3.2919E-02  5.0965E-02  3.8447E-02  3.5177E-01
 PARAMETER:  5.9325E-02  1.2818E+00 -8.7292E-01 -1.0447E+00  2.3928E-01  1.7465E-01  8.5187E-01  3.5179E-01  8.8179E-01 -3.4039E-01
            -2.7876E+00 -5.7916E-01 -9.5371E-01 -3.7795E-01  7.2890E-01
 GRADIENT:  -7.0950E-01  5.1947E-01 -1.8564E+00 -6.4096E-01  9.3706E-02 -3.3579E-02 -1.4131E-01  6.1427E-02  1.1502E-01  3.3742E-02
             3.1251E-03 -1.2506E-01  4.8742E-02  3.8883E-01  1.3663E-01
 
0ITERATION NO.:   50    OBJECTIVE VALUE:   2379.14951450099        NO. OF FUNC. EVALS.:  22
 CUMULATIVE NO. OF FUNC. EVALS.:      693
 NPARAMETR:  9.6789E+00  2.6770E+01  7.8146E-02  3.7472E+00  1.1245E+02  1.0372E+00  1.2475E+00  1.6448E-01  1.1171E-01 -4.4832E-02
             7.6115E-02 -3.3231E-02  5.2065E-02  3.8446E-02  3.5094E-01
 PARAMETER:  5.9374E-02  1.2909E+00 -8.6480E-01 -1.0268E+00  2.3128E-01  1.7444E-01  8.5878E-01  3.4880E-01  8.7101E-01 -3.4957E-01
            -2.8911E+00 -6.1550E-01 -1.1033E+00 -3.7796E-01  7.2772E-01
 GRADIENT:  -1.7669E-01  2.6951E-02 -8.8723E-02 -2.2154E-02  4.0909E-02 -7.2544E-02 -4.5623E-02 -1.5341E-01  5.2727E-02 -2.0097E-01
             5.0950E-03 -3.0764E-01  6.2455E-02  2.2858E-01 -9.1913E-02
 
0ITERATION NO.:   55    OBJECTIVE VALUE:   2379.14728394353        NO. OF FUNC. EVALS.:  21
 CUMULATIVE NO. OF FUNC. EVALS.:      798
 NPARAMETR:  9.6836E+00  2.6771E+01  7.8126E-02  3.7439E+00  1.1249E+02  1.0372E+00  1.2477E+00  1.6460E-01  1.1188E-01 -4.4547E-02
             7.6294E-02 -3.3192E-02  5.1758E-02  3.8412E-02  3.5193E-01
 PARAMETER:  5.9964E-02  1.2910E+00 -8.6507E-01 -1.0278E+00  2.3172E-01  1.7444E-01  8.5901E-01  3.4917E-01  8.7206E-01 -3.4722E-01
            -2.8981E+00 -6.4874E-01 -1.3627E+00 -3.7840E-01  7.2913E-01
 GRADIENT:   8.7385E-02 -3.8128E-02  8.0115E-02 -8.1092E-03  3.4307E-02  2.3830E-02 -5.5060E-03 -2.1299E-02  1.1578E-02  5.1803E-02
             9.6480E-03 -2.8997E-01  3.2577E-02 -3.2693E-02  1.0085E-02
 
0ITERATION NO.:   60    OBJECTIVE VALUE:   2379.14606122911        NO. OF FUNC. EVALS.:  21
 CUMULATIVE NO. OF FUNC. EVALS.:      904
 NPARAMETR:  9.6830E+00  2.6768E+01  7.8121E-02  3.7428E+00  1.1247E+02  1.0372E+00  1.2482E+00  1.6477E-01  1.1196E-01 -4.4669E-02
             7.6316E-02 -3.3270E-02  5.1723E-02  3.8419E-02  3.5206E-01
 PARAMETER:  5.9893E-02  1.2908E+00 -8.6513E-01 -1.0281E+00  2.3146E-01  1.7452E-01  8.5964E-01  3.4968E-01  8.7226E-01 -3.4800E-01
            -2.9271E+00 -6.6860E-01 -1.6379E+00 -3.7831E-01  7.2932E-01
 GRADIENT:   1.0907E-01 -6.1252E-02  1.0868E-01 -6.7866E-02 -3.2538E-03  4.0526E-02  1.7877E-02  6.0213E-02 -9.3657E-03 -1.7715E-02
             4.7833E-03 -1.9495E-01  1.3123E-02  7.9944E-02  4.2567E-02
 
0ITERATION NO.:   65    OBJECTIVE VALUE:   2379.14521525292        NO. OF FUNC. EVALS.:  21
 CUMULATIVE NO. OF FUNC. EVALS.:     1009
 NPARAMETR:  9.6814E+00  2.6768E+01  7.8122E-02  3.7434E+00  1.1249E+02  1.0373E+00  1.2482E+00  1.6461E-01  1.1188E-01 -4.4624E-02
             7.6274E-02 -3.3277E-02  5.1611E-02  3.8424E-02  3.5176E-01
 PARAMETER:  5.9686E-02  1.2908E+00 -8.6512E-01 -1.0279E+00  2.3166E-01  1.7471E-01  8.5968E-01  3.4921E-01  8.7205E-01 -3.4781E-01
            -2.9380E+00 -6.8298E-01 -2.0437E+00 -3.7825E-01  7.2889E-01
 GRADIENT:   2.9226E-02 -2.8558E-02  2.3314E-02 -2.9074E-03  6.1485E-03  1.1648E-02  1.7527E-03 -1.7723E-02  1.2313E-02 -2.4289E-03
             2.6500E-03 -9.8271E-02  3.3997E-03  1.3689E-02  6.8587E-03
 
0ITERATION NO.:   70    OBJECTIVE VALUE:   2379.14485054399        NO. OF FUNC. EVALS.:  21
 CUMULATIVE NO. OF FUNC. EVALS.:     1114
 NPARAMETR:  9.6805E+00  2.6767E+01  7.8122E-02  3.7436E+00  1.1249E+02  1.0374E+00  1.2484E+00  1.6456E-01  1.1186E-01 -4.4613E-02
             7.6268E-02 -3.3289E-02  5.1549E-02  3.8426E-02  3.5167E-01
 PARAMETER:  5.9571E-02  1.2908E+00 -8.6512E-01 -1.0279E+00  2.3170E-01  1.7483E-01  8.5990E-01  3.4906E-01  8.7202E-01 -3.4777E-01
            -2.9427E+00 -6.9002E-01 -2.5408E+00 -3.7822E-01  7.2877E-01
 GRADIENT:   5.3746E-03 -2.8316E-02 -1.1458E-02  3.0428E-02  3.5122E-03  4.5271E-03  1.0803E-04 -4.3560E-02  2.4325E-02  1.5558E-03
             1.4176E-03 -3.5368E-02  6.9658E-04 -7.4988E-03  5.7221E-04
 
0ITERATION NO.:   75    OBJECTIVE VALUE:   2379.14467925621        NO. OF FUNC. EVALS.:  21
 CUMULATIVE NO. OF FUNC. EVALS.:     1220
 NPARAMETR:  9.6813E+00  2.6768E+01  7.8121E-02  3.7432E+00  1.1249E+02  1.0373E+00  1.2482E+00  1.6465E-01  1.1190E-01 -4.4653E-02
             7.6273E-02 -3.3306E-02  5.1559E-02  3.8427E-02  3.5172E-01
 PARAMETER:  5.9681E-02  1.2908E+00 -8.6514E-01 -1.0280E+00  2.3165E-01  1.7470E-01  8.5969E-01  3.4934E-01  8.7207E-01 -3.4799E-01
            -2.9491E+00 -6.9360E-01 -3.4054E+00 -3.7821E-01  7.2883E-01
 GRADIENT:   8.0276E-03 -1.0068E-02  8.0500E-03 -8.5510E-03 -3.3213E-03  3.3963E-03  2.3886E-03  8.2089E-03  5.9337E-04 -1.2520E-02
             7.0619E-04 -2.7786E-02  1.1152E-04  2.5795E-02  5.3964E-03
 
0ITERATION NO.:   80    OBJECTIVE VALUE:   2379.14464594192        NO. OF FUNC. EVALS.:  38
 CUMULATIVE NO. OF FUNC. EVALS.:     1342
 NPARAMETR:  9.6812E+00  2.6769E+01  7.8118E-02  3.7437E+00  1.1250E+02  1.0373E+00  1.2479E+00  1.6459E-01  1.1189E-01 -4.4611E-02
             7.6283E-02 -3.3277E-02  5.1459E-02  3.8420E-02  3.5157E-01
 PARAMETER:  5.9701E-02  1.2908E+00 -8.6512E-01 -1.0279E+00  2.3165E-01  1.7468E-01  8.5966E-01  3.4933E-01  8.7204E-01 -3.4797E-01
            -2.9510E+00 -6.9426E-01 -4.5190E+00 -3.7822E-01  7.2885E-01
 GRADIENT:   7.1887E-03 -1.0003E-02  1.1733E-02 -6.9317E-03 -3.7052E-03  2.6301E-03  2.5788E-03  9.7509E-03 -2.2922E-03 -6.4279E-03
             1.2426E-04 -1.8855E-02  0.0000E+00  1.5993E-02  5.1062E-03
 
 #TERM:
0MINIMIZATION TERMINATED
 DUE TO ROUNDING ERRORS (ERROR=134)
 NO. OF FUNCTION EVALUATIONS USED:     1342
 NO. OF SIG. DIGITS UNREPORTABLE
0PARAMETER ESTIMATE IS NEAR ITS BOUNDARY

 ETABAR IS THE ARITHMETIC MEAN OF THE ETA-ESTIMATES,
 AND THE P-VALUE IS GIVEN FOR THE NULL HYPOTHESIS THAT THE TRUE MEAN IS 0.

 ETABAR:        -8.1653E-04 -6.1657E-04  1.0441E-03
 SE:             6.2514E-02  4.2693E-02  3.3219E-02

 P VAL.:         9.8958E-01  9.8848E-01  9.7493E-01
 
 ETAshrink(%):   1.3213E+00  9.8233E-01  6.2900E+00
 EPSshrink(%):   6.4799E+00  6.4799E+00
 
 #TERE:
 Elapsed estimation time in seconds:    18.25
1
 
 
 
 
 
 
 
 
 
 
 
 
 
 
 
 
 
 
 
 
 ************************************************************************************************************************
 ********************                                                                                ********************
 ********************               FIRST ORDER CONDITIONAL ESTIMATION WITH INTERACTION              ********************
 #OBJT:**************                       MINIMUM VALUE OF OBJECTIVE FUNCTION                      ********************
 ********************                                                                                ********************
 ************************************************************************************************************************
 





 #OBJV:********************************************     2379.145       **************************************************
1
 ************************************************************************************************************************
 ********************                                                                                ********************
 ********************               FIRST ORDER CONDITIONAL ESTIMATION WITH INTERACTION              ********************
 ********************                             FINAL PARAMETER ESTIMATE                           ********************
 ********************                                                                                ********************
 ************************************************************************************************************************
 


 THETA - VECTOR OF FIXED EFFECTS PARAMETERS   *********


         TH 1      TH 2      TH 3      TH 4      TH 5      TH 6      TH 7     
 
         9.68E+00  2.68E+01  7.81E-02  3.74E+00  1.12E+02  1.04E+00  1.25E+00
 


 OMEGA - COV MATRIX FOR RANDOM EFFECTS - ETAS  ********


            ETA1      ETA2      ETA3   
 
 ETA1
+        1.65E-01
 
 ETA2
+        1.12E-01  7.63E-02
 
 ETA3
+       -4.47E-02 -3.33E-02  5.16E-02
 


 SIGMA - COV MATRIX FOR RANDOM EFFECTS - EPSILONS  ****


            EPS1      EPS2   
 
 EPS1
+        3.84E-02
 
 EPS2
+        0.00E+00  3.52E-01
 
1


 OMEGA - CORR MATRIX FOR RANDOM EFFECTS - ETAS  *******


            ETA1      ETA2      ETA3   
 
 ETA1
+        4.06E-01
 
 ETA2
+        9.99E-01  2.76E-01
 
 ETA3
+       -4.85E-01 -5.31E-01  2.27E-01
 


 SIGMA - CORR MATRIX FOR RANDOM EFFECTS - EPSILONS  ***


            EPS1      EPS2   
 
 EPS1
+        1.96E-01
 
 EPS2
+        0.00E+00  5.93E-01
 
Stop Time:
Thu Nov 10 15:04:34 UTC 2011
