Thu Nov 10 14:55:23 UTC 2011
$PROB 13 phase1 2 CMT like 1004 but diff. initial on V3
$INPUT C ID TIME SEQ=DROP EVID AMT DV SUBJ HOUR TAFD TAD LDOS MDV HEIGHT WT SEX AGE DOSE FED
$DATA ../data/13.csv IGNORE=C
$SUBROUTINE ADVAN4 TRANS4
$PK
 CL=THETA(1)*EXP(ETA(1)) * THETA(6)**SEX * (WT/70)**THETA(7)
 V2 =THETA(2)*EXP(ETA(2))
 KA=THETA(3)*EXP(ETA(3))
 Q  =THETA(4)
 V3=THETA(5)
 S2=V2
 
$ERROR
 Y=F*(1+ERR(1)) + ERR(2)
 IPRE=F

$THETA
(0,10,50)     
(0,10,100)    
(0,0.2, 5)    
(0,10,50)     
(0,100,1000)  
(0,1,2)       
(0,0.75,3)    

$OMEGA BLOCK(3)
.1
.01 .1
.01 .01 .1








$SIGMA 0.1 0.1




$ESTIMATION MAXEVAL=9999 PRINT=5 NOABORT METHOD=1 INTER MSFO=./13.msf
;$COV PRINT=E
;$TABLE NOPRINT FILE=./13.tab ONEHEADER ID AMT TIME EVID PRED IPRE CWRES
;$TABLE NOPRINT FILE=./13par.tab ONEHEADER ID TIME CL Q V2 V3 KA ETA1 ETA2 ETA3


















NM-TRAN MESSAGES
  
 WARNINGS AND ERRORS (IF ANY) FOR PROBLEM    1
             
 (WARNING  2) NM-TRAN INFERS THAT THE DATA ARE POPULATION.
 CREATING MUMODEL ROUTINE...

License Registered to: Metrum Research Group
Expiration Date:    14 JUL 2012
Current Date:       10 NOV 2011
Days until program expires : 249
1NONLINEAR MIXED EFFECTS MODEL PROGRAM (NONMEM) VERSION 7.2.0
 ORIGINALLY DEVELOPED BY STUART BEAL, LEWIS SHEINER, AND ALISON BOECKMANN
 CURRENT DEVELOPERS ARE ROBERT BAUER, ICON DEVELOPMENT SOLUTIONS,
 AND ALISON BOECKMANN. IMPLEMENTATION, EFFICIENCY, AND STANDARDIZATION
 PERFORMED BY NOUS INFOSYSTEMS.

 PROBLEM NO.:         1
 13 phase1 2 CMT like 1004 but diff. initial on V3
0DATA CHECKOUT RUN:              NO
 DATA SET LOCATED ON UNIT NO.:    2
 THIS UNIT TO BE REWOUND:        NO
 NO. OF DATA RECS IN DATA SET:      548
 NO. OF DATA ITEMS IN DATA SET:  18
 ID DATA ITEM IS DATA ITEM NO.:   2
 DEP VARIABLE IS DATA ITEM NO.:   6
 MDV DATA ITEM IS DATA ITEM NO.: 12
0INDICES PASSED TO SUBROUTINE PRED:
   4   3   5   0   0   0   0   0   0   0   0
0LABELS FOR DATA ITEMS:
 C ID TIME EVID AMT DV SUBJ HOUR TAFD TAD LDOS MDV HEIGHT WT SEX AGE DOSE FED
0FORMAT FOR DATA:
 (1(12E6.0/),6E6.0)

 TOT. NO. OF OBS RECS:      508
 TOT. NO. OF INDIVIDUALS:     40
0LENGTH OF THETA:   7
0DEFAULT THETA BOUNDARY TEST OMITTED:    NO
0OMEGA HAS BLOCK FORM:
  1
  1  1
  1  1  1
0DEFAULT OMEGA BOUNDARY TEST OMITTED:    NO
0SIGMA HAS SIMPLE DIAGONAL FORM WITH DIMENSION:   2
0DEFAULT SIGMA BOUNDARY TEST OMITTED:    NO
0INITIAL ESTIMATE OF THETA:
 LOWER BOUND    INITIAL EST    UPPER BOUND
  0.0000E+00     0.1000E+02     0.5000E+02
  0.0000E+00     0.1000E+02     0.1000E+03
  0.0000E+00     0.2000E+00     0.5000E+01
  0.0000E+00     0.1000E+02     0.5000E+02
  0.0000E+00     0.1000E+03     0.1000E+04
  0.0000E+00     0.1000E+01     0.2000E+01
  0.0000E+00     0.7500E+00     0.3000E+01
0INITIAL ESTIMATE OF OMEGA:
 BLOCK SET NO.   BLOCK                                                                    FIXED
        1                                                                                   NO
                  0.1000E+00
                  0.1000E-01   0.1000E+00
                  0.1000E-01   0.1000E-01   0.1000E+00
0INITIAL ESTIMATE OF SIGMA:
 0.1000E+00
 0.0000E+00   0.1000E+00
0ESTIMATION STEP OMITTED:           NO
 CONDITIONAL ESTIMATES USED:       YES
 CENTERED ETA:                      NO
 EPS-ETA INTERACTION:              YES
 LAPLACIAN OBJ. FUNC.:              NO
 NO. OF FUNCT. EVALS. ALLOWED:       9999
 NO. OF SIG. FIGURES REQUIRED:       3
 INTERMEDIATE PRINTOUT:            YES
 ESTIMATE OUTPUT TO MSF:           YES
 ABORT WITH PRED EXIT CODE 1:       NO
 IND. OBJ. FUNC. VALUES SORTED:     NO

 THE FOLLOWING LABELS ARE EQUIVALENT
 PRED=PREDI
 RES=RESI
 WRES=WRESI
1DOUBLE PRECISION PREDPP VERSION 7.2.0

 TWO COMPARTMENT MODEL WITH FIRST-ORDER ABSORPTION (ADVAN4)
0MAXIMUM NO. OF BASIC PK PARAMETERS:   5
0BASIC PK PARAMETERS (AFTER TRANSLATION):
   BASIC PK PARAMETER NO.  1: ELIMINATION RATE (K)
   BASIC PK PARAMETER NO.  2: CENTRAL-TO-PERIPH. RATE (K23)
   BASIC PK PARAMETER NO.  3: PERIPH.-TO-CENTRAL RATE (K32)
   BASIC PK PARAMETER NO.  5: ABSORPTION RATE (KA)
 TRANSLATOR WILL CONVERT PARAMETERS
 CL, V2, Q, V3 TO K, K23, K32 (TRANS4)
0COMPARTMENT ATTRIBUTES
 COMPT. NO.   FUNCTION   INITIAL    ON/OFF      DOSE      DEFAULT    DEFAULT
                         STATUS     ALLOWED    ALLOWED    FOR DOSE   FOR OBS.
    1         DEPOT        OFF        YES        YES        YES        NO
    2         CENTRAL      ON         NO         YES        NO         YES
    3         PERIPH.      ON         NO         YES        NO         NO
    4         OUTPUT       OFF        YES        NO         NO         NO
1
 ADDITIONAL PK PARAMETERS - ASSIGNMENT OF ROWS IN GG
 COMPT. NO.                             INDICES
              SCALE      BIOAVAIL.   ZERO-ORDER  ZERO-ORDER  ABSORB
                         FRACTION    RATE        DURATION    LAG
    1           *           *           *           *           *
    2           6           *           *           *           *
    3           *           *           *           *           *
    4           *           -           -           -           -
             - PARAMETER IS NOT ALLOWED FOR THIS MODEL
             * PARAMETER IS NOT SUPPLIED BY PK SUBROUTINE;
               WILL DEFAULT TO ONE IF APPLICABLE
0DATA ITEM INDICES USED BY PRED ARE:
   EVENT ID DATA ITEM IS DATA ITEM NO.:      4
   TIME DATA ITEM IS DATA ITEM NO.:          3
   DOSE AMOUNT DATA ITEM IS DATA ITEM NO.:   5

0PK SUBROUTINE CALLED WITH EVERY EVENT RECORD.
 PK SUBROUTINE NOT CALLED AT NONEVENT (ADDITIONAL OR LAGGED) DOSE TIMES.
0ERROR SUBROUTINE CALLED WITH EVERY EVENT RECORD.
1
 
 
 #TBLN:      1
 #METH: First Order Conditional Estimation with Interaction
 
 MONITORING OF SEARCH:

 
0ITERATION NO.:    0    OBJECTIVE VALUE:   3069.01971520430        NO. OF FUNC. EVALS.:  11
 CUMULATIVE NO. OF FUNC. EVALS.:       11
 NPARAMETR:  1.0000E+01  1.0000E+01  2.0000E-01  1.0000E+01  1.0000E+02  1.0000E+00  7.5000E-01  1.0000E-01  1.0000E-02  1.0000E-02
             1.0000E-01  1.0000E-02  1.0000E-01  1.0000E-01  1.0000E-01
 PARAMETER:  1.0000E-01  1.0000E-01  1.0000E-01  1.0000E-01  1.0000E-01  1.0000E-01  1.0000E-01  1.0000E-01  1.0000E-01  1.0000E-01
             1.0000E-01  1.0000E-01  1.0000E-01  1.0000E-01  1.0000E-01
 GRADIENT:  -5.0944E+01 -3.8530E+02  6.2250E+02  1.4642E+01 -1.0623E+02 -3.4057E+01 -1.9403E+01 -7.2489E+01  1.5834E+00  9.5874E+01
            -1.7962E+02  2.5253E+02 -5.3564E+02  7.8673E+01 -3.7197E+01
 
0ITERATION NO.:    5    OBJECTIVE VALUE:   2430.26317190260        NO. OF FUNC. EVALS.:  12
 CUMULATIVE NO. OF FUNC. EVALS.:       72
 NPARAMETR:  1.0295E+01  3.1081E+01  7.2058E-02  3.6991E+00  1.2868E+02  1.0971E+00  8.5463E-01  2.4106E-01  5.6545E-02 -5.2240E-02
             1.0407E-01 -1.6323E-02  8.4925E-02  5.2901E-02  3.4330E-01
 PARAMETER:  1.3645E-01  1.5009E+00 -9.4716E-01 -1.0408E+00  3.8452E-01  2.9484E-01  2.7821E-01  5.3994E-01  3.6419E-01 -3.3646E-01
             5.6818E-02 -4.7205E-02 -4.5301E-02 -2.1838E-01  7.1672E-01
 GRADIENT:  -1.0684E+01  9.3819E+01 -5.0191E+01 -4.4443E+01  1.2551E+01 -1.9894E+00 -3.0867E+00  2.1560E+01 -3.4920E+01  4.1388E+00
            -2.3782E+00  4.3684E+00  1.9941E+01  5.0576E+01  1.5351E+01
 
0ITERATION NO.:   10    OBJECTIVE VALUE:   2413.32365537439        NO. OF FUNC. EVALS.:  12
 CUMULATIVE NO. OF FUNC. EVALS.:      132
 NPARAMETR:  1.2066E+01  2.8441E+01  6.2639E-02  2.6031E+00  1.0947E+02  1.0171E+00  1.0094E+00  3.1512E-01  2.6080E-01  4.0021E-03
             2.9628E-01 -2.5188E-02  3.7609E-02  5.0463E-02  2.1741E-01
 PARAMETER:  3.4080E-01  1.3745E+00 -1.0891E+00 -1.4156E+00  2.0105E-01  1.3428E-01  5.1950E-01  6.7389E-01  1.4692E+00  2.2545E-02
            -3.8700E-03 -3.5132E-01 -5.3706E-01 -2.4196E-01  4.8831E-01
 GRADIENT:   4.0949E+00  5.1020E+01 -6.5638E+01 -5.5679E+00 -6.3196E+00  2.9131E+00 -8.6544E-02  1.5620E+01 -2.3135E+00  2.2230E+01
             2.1994E+01  3.3167E+00  1.0220E+00  7.8149E+00 -1.0370E+01
 
0ITERATION NO.:   15    OBJECTIVE VALUE:   2394.39717157882        NO. OF FUNC. EVALS.:  12
 CUMULATIVE NO. OF FUNC. EVALS.:      196
 NPARAMETR:  9.0924E+00  2.2783E+01  6.8707E-02  3.0202E+00  1.2476E+02  9.7013E-01  1.4301E+00  1.6152E-01  1.0064E-01 -1.4694E-02
             1.3735E-01 -3.9102E-02  4.0508E-02  4.5591E-02  2.7329E-01
 PARAMETER: -1.7577E-02  1.0766E+00 -9.9545E-01 -1.2581E+00  3.4909E-01  4.0242E-02  1.1054E+00  3.3973E-01  7.9186E-01 -1.1562E-01
            -4.1168E-02 -3.8319E-01 -5.4258E-01 -2.9273E-01  6.0267E-01
 GRADIENT:  -1.2073E+01  2.3937E+01  7.5448E-01 -1.7053E+01  3.0243E+00 -6.2235E+00  8.5616E-01 -8.3652E+00 -6.9816E+00 -4.3616E+00
             2.2045E+01 -2.5400E+00  3.6800E+00 -3.2966E+01 -2.2839E+00
 
0ITERATION NO.:   20    OBJECTIVE VALUE:   2380.72455477728        NO. OF FUNC. EVALS.:  12
 CUMULATIVE NO. OF FUNC. EVALS.:      258
 NPARAMETR:  9.7518E+00  2.2006E+01  7.0432E-02  3.1893E+00  1.1252E+02  9.6607E-01  7.9879E-01  2.2590E-01  1.5637E-01 -2.6530E-02
             1.2184E-01 -3.6711E-02  4.0521E-02  5.0036E-02  2.4567E-01
 PARAMETER:  6.8681E-02  1.0319E+00 -9.7030E-01 -1.2000E+00  2.3199E-01  3.2116E-02  1.8495E-01  5.0746E-01  1.0404E+00 -1.7651E-01
            -8.9281E-01 -5.5014E-01 -9.2485E-01 -2.4621E-01  5.4942E-01
 GRADIENT:  -1.8245E+01  1.2321E+01 -5.6329E+00 -3.4573E-01 -4.0441E+00 -7.0419E+00 -2.3619E+00  3.2441E+00  6.8169E-01  1.9658E+00
             5.0365E+00 -4.3542E+00  1.3588E+00  2.3127E+01 -9.2369E-01
 
0ITERATION NO.:   25    OBJECTIVE VALUE:   2378.85829748184        NO. OF FUNC. EVALS.:  12
 CUMULATIVE NO. OF FUNC. EVALS.:      319
 NPARAMETR:  1.0202E+01  2.2045E+01  6.9888E-02  3.1366E+00  1.1764E+02  9.6633E-01  6.9810E-01  2.1961E-01  1.5386E-01 -2.8174E-02
             1.1198E-01 -3.0837E-02  3.9726E-02  4.8173E-02  2.6220E-01
 PARAMETER:  1.2506E-01  1.0342E+00 -9.7817E-01 -1.2178E+00  2.8222E-01  3.2631E-02  5.4904E-03  4.9335E-01  1.0382E+00 -1.9011E-01
            -1.4812E+00 -5.9948E-01 -1.2418E+00 -2.6519E-01  5.8198E-01
 GRADIENT:   7.2647E-01 -5.0060E-01 -1.9696E+00  8.5938E-01  2.8996E-01  1.2489E-03  1.2666E-01 -1.5611E+00  7.2807E-01 -5.5760E-01
            -2.4255E-01  6.6818E-01  2.4152E-01  1.9192E+00  1.7056E-01
 
0ITERATION NO.:   30    OBJECTIVE VALUE:   2378.79310274156        NO. OF FUNC. EVALS.:  14
 CUMULATIVE NO. OF FUNC. EVALS.:      383
 NPARAMETR:  1.0197E+01  2.2092E+01  7.0157E-02  3.1503E+00  1.1649E+02  9.6785E-01  6.9177E-01  2.2181E-01  1.5388E-01 -2.8497E-02
             1.1089E-01 -3.1070E-02  4.0164E-02  4.7995E-02  2.6308E-01
 PARAMETER:  1.2439E-01  1.0369E+00 -9.7428E-01 -1.2132E+00  2.7116E-01  3.5686E-02 -6.3757E-03  4.9832E-01  1.0333E+00 -1.9134E-01
            -1.4881E+00 -6.1448E-01 -1.3312E+00 -2.6704E-01  5.8364E-01
 GRADIENT:  -2.1180E-01  3.0565E-01 -5.4969E-01  6.2792E-02 -1.3136E-02 -4.3893E-02  9.2589E-03  1.6217E-01 -2.1776E-01 -1.2444E-01
            -1.7726E-01 -3.0513E-02  2.5579E-01  2.8116E-01  6.6915E-02
 
0ITERATION NO.:   35    OBJECTIVE VALUE:   2378.72900155913        NO. OF FUNC. EVALS.:  12
 CUMULATIVE NO. OF FUNC. EVALS.:      446
 NPARAMETR:  1.0153E+01  2.1974E+01  6.9872E-02  3.1147E+00  1.1758E+02  9.6870E-01  7.0835E-01  2.2146E-01  1.5458E-01 -2.7238E-02
             1.1263E-01 -3.1781E-02  3.8760E-02  4.8003E-02  2.6290E-01
 PARAMETER:  1.1902E-01  1.0301E+00 -9.7840E-01 -1.2253E+00  2.8172E-01  3.7382E-02  2.4527E-02  4.9753E-01  1.0388E+00 -1.8303E-01
            -1.4213E+00 -6.4949E-01 -2.2487E+00 -2.6695E-01  5.8330E-01
 GRADIENT:   1.4066E-01 -1.4602E-01  2.6175E-01 -1.6112E-01  3.0759E-02  4.4500E-02  2.2257E-02  2.6957E-02 -5.2222E-04  6.7559E-03
             9.8594E-02 -2.1494E-01  3.8966E-02  7.6683E-02  3.4467E-02
 
0ITERATION NO.:   40    OBJECTIVE VALUE:   2378.70551864131        NO. OF FUNC. EVALS.:  12
 CUMULATIVE NO. OF FUNC. EVALS.:      508
 NPARAMETR:  1.0163E+01  2.1997E+01  6.9941E-02  3.1224E+00  1.1738E+02  9.6853E-01  7.0317E-01  2.2175E-01  1.5460E-01 -2.7460E-02
             1.1229E-01 -3.1742E-02  3.8820E-02  4.7987E-02  2.6278E-01
 PARAMETER:  1.2019E-01  1.0314E+00 -9.7740E-01 -1.2226E+00  2.7972E-01  3.7041E-02  1.4934E-02  4.9819E-01  1.0382E+00 -1.8441E-01
            -1.4445E+00 -6.5583E-01 -2.9318E+00 -2.6712E-01  5.8307E-01
 GRADIENT:   1.5064E-02 -4.1846E-02  1.9244E-01 -3.7844E-02 -5.7390E-03 -5.1877E-03 -1.5552E-02  4.6034E-02 -3.3424E-03  5.1380E-02
             1.2010E-02 -8.9323E-02  9.2854E-03 -1.4300E-01 -2.9700E-02
 
0ITERATION NO.:   45    OBJECTIVE VALUE:   2378.70246159507        NO. OF FUNC. EVALS.:  12
 CUMULATIVE NO. OF FUNC. EVALS.:      568
 NPARAMETR:  1.0160E+01  2.1996E+01  6.9928E-02  3.1220E+00  1.1743E+02  9.6865E-01  7.0465E-01  2.2155E-01  1.5450E-01 -2.7469E-02
             1.1225E-01 -3.1784E-02  3.8761E-02  4.8000E-02  2.6279E-01
 PARAMETER:  1.1988E-01  1.0313E+00 -9.7759E-01 -1.2228E+00  2.8028E-01  3.7280E-02  1.7669E-02  4.9773E-01  1.0380E+00 -1.8455E-01
            -1.4442E+00 -6.5727E-01 -4.9419E+00 -2.6699E-01  5.8310E-01
 GRADIENT:   7.8618E-03 -1.8382E-02  5.3466E-02 -1.0852E-02  1.4660E-03  1.4130E-02  1.3257E-03 -1.5643E-03  4.9761E-03  3.4734E-05
             3.4141E-03 -2.0240E-02  0.0000E+00 -2.2391E-02 -5.7836E-03
 
0ITERATION NO.:   50    OBJECTIVE VALUE:   2378.59142581871        NO. OF FUNC. EVALS.:  21
 CUMULATIVE NO. OF FUNC. EVALS.:      676
 NPARAMETR:  1.0244E+01  2.2582E+01  7.1729E-02  3.2960E+00  1.1460E+02  9.6804E-01  7.0030E-01  2.2070E-01  1.5061E-01 -3.0936E-02
             1.0686E-01 -3.3269E-02  4.0615E-02  4.7899E-02  2.6606E-01
 PARAMETER:  1.3020E-01  1.0651E+00 -9.5179E-01 -1.1648E+00  2.5264E-01  3.6054E-02  9.5922E-03  4.9581E-01  1.0138E+00 -2.0824E-01
            -1.4951E+00 -6.6579E-01 -4.8986E+00 -2.6804E-01  5.8927E-01
 GRADIENT:  -3.0685E-03 -5.5989E-03  2.2183E-02 -5.4544E-03  2.0967E-04  1.7956E-03  5.1795E-04  1.1592E-02 -5.5284E-03  2.2536E-03
             1.7736E-04  1.6891E-04  0.0000E+00 -1.4419E-02 -8.6766E-04
 
0ITERATION NO.:   55    OBJECTIVE VALUE:   2378.59142494227        NO. OF FUNC. EVALS.:  31
 CUMULATIVE NO. OF FUNC. EVALS.:      801            RESET HESSIAN, TYPE II
 NPARAMETR:  1.0244E+01  2.2582E+01  7.1728E-02  3.2961E+00  1.1460E+02  9.6803E-01  7.0027E-01  2.2068E-01  1.5061E-01 -3.0937E-02
             1.0686E-01 -3.3270E-02  4.0616E-02  4.7900E-02  2.6606E-01
 PARAMETER:  1.3021E-01  1.0651E+00 -9.5180E-01 -1.1648E+00  2.5265E-01  3.6044E-02  9.5301E-03  4.9576E-01  1.0138E+00 -2.0825E-01
            -1.4952E+00 -6.6580E-01 -4.8986E+00 -2.6803E-01  5.8927E-01
 GRADIENT:   4.7761E-01  1.1836E+00  5.7510E+00  4.2291E-01  1.7128E-02  7.1218E-02  8.1309E-03 -8.1362E-04  2.2084E-04  3.7817E-04
             2.4475E-04 -7.1224E-04  0.0000E+00  2.0954E-01  4.3657E-02
 
0ITERATION NO.:   57    OBJECTIVE VALUE:   2378.59142494227        NO. OF FUNC. EVALS.:  35
 CUMULATIVE NO. OF FUNC. EVALS.:      858
 NPARAMETR:  1.0244E+01  2.2582E+01  7.1728E-02  3.2961E+00  1.1460E+02  9.6804E-01  7.0032E-01  2.2068E-01  1.5061E-01 -3.0938E-02
             1.0686E-01 -3.3270E-02  4.0616E-02  4.7900E-02  2.6605E-01
 PARAMETER:  1.3021E-01  1.0651E+00 -9.5180E-01 -1.1648E+00  2.5265E-01  3.6044E-02  9.5301E-03  4.9576E-01  1.0138E+00 -2.0825E-01
            -1.4952E+00 -6.6580E-01 -4.8986E+00 -2.6803E-01  5.8927E-01
 GRADIENT:  -8.7249E-03  1.2811E-03  4.6200E-03  7.1621E-05 -7.4333E-04 -1.1125E-03 -1.6773E-03 -1.0259E-03  1.5009E-04  7.1102E-04
             3.5046E-04 -6.0723E-04  0.0000E+00 -9.8516E-04  9.0657E-04
 
 #TERM:
0MINIMIZATION TERMINATED
 DUE TO ROUNDING ERRORS (ERROR=134)
 NO. OF FUNCTION EVALUATIONS USED:      858
 NO. OF SIG. DIGITS UNREPORTABLE
0PARAMETER ESTIMATE IS NEAR ITS BOUNDARY

 ETABAR IS THE ARITHMETIC MEAN OF THE ETA-ESTIMATES,
 AND THE P-VALUE IS GIVEN FOR THE NULL HYPOTHESIS THAT THE TRUE MEAN IS 0.

 ETABAR:        -7.7100E-04 -8.1102E-04  9.5828E-04
 SE:             7.2526E-02  5.0846E-02  2.9079E-02

 P VAL.:         9.9152E-01  9.8727E-01  9.7371E-01
 
 ETAshrink(%):   1.1120E+00  3.7292E-01  7.5803E+00
 EPSshrink(%):   6.5695E+00  6.5695E+00
 
 #TERE:
 Elapsed estimation time in seconds:    11.75
1
 
 
 
 
 
 
 
 
 
 
 
 
 
 
 
 
 
 
 
 
 ************************************************************************************************************************
 ********************                                                                                ********************
 ********************               FIRST ORDER CONDITIONAL ESTIMATION WITH INTERACTION              ********************
 #OBJT:**************                       MINIMUM VALUE OF OBJECTIVE FUNCTION                      ********************
 ********************                                                                                ********************
 ************************************************************************************************************************
 





 #OBJV:********************************************     2378.591       **************************************************
1
 ************************************************************************************************************************
 ********************                                                                                ********************
 ********************               FIRST ORDER CONDITIONAL ESTIMATION WITH INTERACTION              ********************
 ********************                             FINAL PARAMETER ESTIMATE                           ********************
 ********************                                                                                ********************
 ************************************************************************************************************************
 


 THETA - VECTOR OF FIXED EFFECTS PARAMETERS   *********


         TH 1      TH 2      TH 3      TH 4      TH 5      TH 6      TH 7     
 
         1.02E+01  2.26E+01  7.17E-02  3.30E+00  1.15E+02  9.68E-01  7.00E-01
 


 OMEGA - COV MATRIX FOR RANDOM EFFECTS - ETAS  ********


            ETA1      ETA2      ETA3   
 
 ETA1
+        2.21E-01
 
 ETA2
+        1.51E-01  1.07E-01
 
 ETA3
+       -3.09E-02 -3.33E-02  4.06E-02
 


 SIGMA - COV MATRIX FOR RANDOM EFFECTS - EPSILONS  ****


            EPS1      EPS2   
 
 EPS1
+        4.79E-02
 
 EPS2
+        0.00E+00  2.66E-01
 
1


 OMEGA - CORR MATRIX FOR RANDOM EFFECTS - ETAS  *******


            ETA1      ETA2      ETA3   
 
 ETA1
+        4.70E-01
 
 ETA2
+        9.81E-01  3.27E-01
 
 ETA3
+       -3.27E-01 -5.05E-01  2.02E-01
 


 SIGMA - CORR MATRIX FOR RANDOM EFFECTS - EPSILONS  ***


            EPS1      EPS2   
 
 EPS1
+        2.19E-01
 
 EPS2
+        0.00E+00  5.16E-01
 
Stop Time:
Thu Nov 10 14:56:02 UTC 2011
