Fri May 25 20:11:00 UTC 2012
$PROB 1006 like 1005 with tweaked initial estimates
$INPUT C ID TIME SEQ=DROP EVID AMT DV SUBJ HOUR TAFD TAD LDOS MDV HEIGHT WT SEX AGE DOSE FED
$DATA ../../data/derived/phase1.csv IGNORE=C
$SUBROUTINE ADVAN4 TRANS4
$PK
 CL=THETA(1)*EXP(ETA(1)) * THETA(6)**SEX * (WT/70)**THETA(7)
 V2 =THETA(2)*EXP(ETA(2))
 KA=THETA(3)*EXP(ETA(3))
 Q  =THETA(4)
 V3=THETA(5)
 S2=V2
 
$ERROR
 Y=F*(1+ERR(1)) + ERR(2)
 IPRE=F
;<doc>
$THETA
; 
(0,11.6,50)
(0,9.58,100)
(0,0.235,5)
(0,11.7,50)
(0,105,1000)
(0,0.8,2)
(0,0.659,3)
$OMEGA BLOCK(3)
.1
.01 .1
.01 .01 .1

;<parameter name='OMEGA1.1' label='$\Omega^{1.1}CL/F$'>interindividual variability on clearance</parameter>
;<parameter name='OMEGA2.1' label='$\Omega^{2.1}Vc/F$'>interindividual clearance-volume covariance</parameter>
;<parameter name='OMEGA2.2' label='$\Omega^{2.2}Vc/F$'>interindividual variability on central volume</parameter>
;<parameter name='OMEGA3.1' label='$\Omega^{3.1}Ka$'>interindividual clearance-Ka covariance</parameter>
;<parameter name='OMEGA3.2' label='$\Omega^{3.2}Ka$'>interindividual volume-Ka covariance</parameter>
;<parameter name='OMEGA3.3' label='$\Omega^{3.3}Ka$'>interindividual variability on Ka</parameter>

$SIGMA 0.1 0.1

;<parameter name='SIGMA1.1' label='$\sigma^{1.1}prop$'>proportional error</parameter>
;<parameter name='SIGMA2.2' label='$\sigma^{2.2}prop$'>additive error</parameter>

$ESTIMATION MAXEVAL=9999 PRINT=5 NOABORT METHOD=1 INTER MSFO=./1006.msf
$COV PRINT=E
$TABLE NOPRINT FILE=./1006.tab ONEHEADER ID AMT TIME EVID PRED IPRE CWRES
$TABLE NOPRINT FILE=./1006par.tab ONEHEADER ID TIME CL Q V2 V3 KA ETA1 ETA2 ETA3

;<wiki model='CL/F (L/h) ~ theta_1 *  theta_6 ^MALE * (WT/70)^theta_7  * e^eta_1'>apparent oral clearance</wiki>
;<wiki model='V_c /F (L) ~ theta_2 * (WT/70)^1 * e^eta_2'                       >central volume of distribution</wiki>
;<wiki model='K_a (h^-1 ) ~ theta_3 * e^eta_3'                                  >absorption rate constant</wiki>
;<wiki model='Q/F (L/h) ~ theta_4'                                              >intercompartmental clearance</wiki>
;<wiki model='V_p /F (L) ~ theta_5'                                             >peripheral volume of distribution</wiki>
;<wiki model='MALE_CL/F ~ theta_6'                                              >male effect on clearance</wiki>
;<wiki model = 'WT_CL/F ~ theta_7'                                              >weight effect on clearance</wiki>
;<wiki model='IIV_CL/F ~ Omega_1.1'                                             >interindividual variability of clearance</wiki>
;<wiki model='cov_CL,V ~ Omega_2.1'                                             >interindividual clearance-volume covariance</wiki>
;<wiki model='IIV_V_c /F ~ Omega_2.2'                                           >interindividual variability of central volume</wiki>
;<wiki model='cov_CL,Ka  ~ Omega_3.1'                                           >interindividual clearance-Ka covariance</wiki>
;<wiki model='cov_V,Ka  ~ Omega_3.2'                                            >interindividual volume-Ka covariance</wiki>
;<wiki model='IIV_K_a  ~ Omega_3.3'                                             >interindividual variability of Ka</wiki>
;<wiki model='err_prop ~ Sigma_1.1'                                             >proportional error</wiki>
;<wiki model='err_add ~ Sigma_2.2'                                             >additive error</wiki>
;</doc>

NM-TRAN MESSAGES
  
 WARNINGS AND ERRORS (IF ANY) FOR PROBLEM    1
             
 (WARNING  2) NM-TRAN INFERS THAT THE DATA ARE POPULATION.
 CREATING MUMODEL ROUTINE...

License Registered to: Metrum Research Group
Expiration Date:    14 JUL 2012
Current Date:       25 MAY 2012
Days until program expires :  49
1NONLINEAR MIXED EFFECTS MODEL PROGRAM (NONMEM) VERSION 7.2.0
 ORIGINALLY DEVELOPED BY STUART BEAL, LEWIS SHEINER, AND ALISON BOECKMANN
 CURRENT DEVELOPERS ARE ROBERT BAUER, ICON DEVELOPMENT SOLUTIONS,
 AND ALISON BOECKMANN. IMPLEMENTATION, EFFICIENCY, AND STANDARDIZATION
 PERFORMED BY NOUS INFOSYSTEMS.

 PROBLEM NO.:         1
 1006 like 1005 with tweaked initial estimates
0DATA CHECKOUT RUN:              NO
 DATA SET LOCATED ON UNIT NO.:    2
 THIS UNIT TO BE REWOUND:        NO
 NO. OF DATA RECS IN DATA SET:      550
 NO. OF DATA ITEMS IN DATA SET:  18
 ID DATA ITEM IS DATA ITEM NO.:   2
 DEP VARIABLE IS DATA ITEM NO.:   6
 MDV DATA ITEM IS DATA ITEM NO.: 12
0INDICES PASSED TO SUBROUTINE PRED:
   4   3   5   0   0   0   0   0   0   0   0
0LABELS FOR DATA ITEMS:
 C ID TIME EVID AMT DV SUBJ HOUR TAFD TAD LDOS MDV HEIGHT WT SEX AGE DOSE FED
0(NONBLANK) LABELS FOR PRED-DEFINED ITEMS:
 CL V2 KA Q V3 IPRE
0FORMAT FOR DATA:
 (1(12E6.0/),6E6.0)

 TOT. NO. OF OBS RECS:      510
 TOT. NO. OF INDIVIDUALS:     40
0LENGTH OF THETA:   7
0DEFAULT THETA BOUNDARY TEST OMITTED:    NO
0OMEGA HAS BLOCK FORM:
  1
  1  1
  1  1  1
0DEFAULT OMEGA BOUNDARY TEST OMITTED:    NO
0SIGMA HAS SIMPLE DIAGONAL FORM WITH DIMENSION:   2
0DEFAULT SIGMA BOUNDARY TEST OMITTED:    NO
0INITIAL ESTIMATE OF THETA:
 LOWER BOUND    INITIAL EST    UPPER BOUND
  0.0000E+00     0.1160E+02     0.5000E+02
  0.0000E+00     0.9580E+01     0.1000E+03
  0.0000E+00     0.2350E+00     0.5000E+01
  0.0000E+00     0.1170E+02     0.5000E+02
  0.0000E+00     0.1050E+03     0.1000E+04
  0.0000E+00     0.8000E+00     0.2000E+01
  0.0000E+00     0.6590E+00     0.3000E+01
0INITIAL ESTIMATE OF OMEGA:
 BLOCK SET NO.   BLOCK                                                                    FIXED
        1                                                                                   NO
                  0.1000E+00
                  0.1000E-01   0.1000E+00
                  0.1000E-01   0.1000E-01   0.1000E+00
0INITIAL ESTIMATE OF SIGMA:
 0.1000E+00
 0.0000E+00   0.1000E+00
0ESTIMATION STEP OMITTED:           NO
 CONDITIONAL ESTIMATES USED:       YES
 CENTERED ETA:                      NO
 EPS-ETA INTERACTION:              YES
 LAPLACIAN OBJ. FUNC.:              NO
 NO. OF FUNCT. EVALS. ALLOWED:       9999
 NO. OF SIG. FIGURES REQUIRED:       3
 INTERMEDIATE PRINTOUT:            YES
 ESTIMATE OUTPUT TO MSF:           YES
 ABORT WITH PRED EXIT CODE 1:       NO
 IND. OBJ. FUNC. VALUES SORTED:     NO
0COVARIANCE STEP OMITTED:    NO
 EIGENVLS. PRINTED:         YES
 SPECIAL COMPUTATION:        NO
 COMPRESSED FORMAT:          NO
0TABLES STEP OMITTED:    NO
 NO. OF TABLES:           2
0-- TABLE   1 --
 PRINTED:                NO
 HEADER:                YES
 FILE TO BE FORWARDED:   NO
0USER-CHOSEN ITEMS:
 ID AMT TIME EVID IPRE CWRES
0-- TABLE   2 --
 PRINTED:                NO
 HEADER:                YES
 FILE TO BE FORWARDED:   NO
0USER-CHOSEN ITEMS:
 ID TIME CL Q V2 V3 KA ETA1 ETA2 ETA3

 THE FOLLOWING LABELS ARE EQUIVALENT
 PRED=PREDI
 RES=RESI
 WRES=WRESI
1DOUBLE PRECISION PREDPP VERSION 7.2.0

 TWO COMPARTMENT MODEL WITH FIRST-ORDER ABSORPTION (ADVAN4)
0MAXIMUM NO. OF BASIC PK PARAMETERS:   5
0BASIC PK PARAMETERS (AFTER TRANSLATION):
   BASIC PK PARAMETER NO.  1: ELIMINATION RATE (K)
   BASIC PK PARAMETER NO.  2: CENTRAL-TO-PERIPH. RATE (K23)
   BASIC PK PARAMETER NO.  3: PERIPH.-TO-CENTRAL RATE (K32)
   BASIC PK PARAMETER NO.  5: ABSORPTION RATE (KA)
 TRANSLATOR WILL CONVERT PARAMETERS
 CL, V2, Q, V3 TO K, K23, K32 (TRANS4)
0COMPARTMENT ATTRIBUTES
 COMPT. NO.   FUNCTION   INITIAL    ON/OFF      DOSE      DEFAULT    DEFAULT
                         STATUS     ALLOWED    ALLOWED    FOR DOSE   FOR OBS.
    1         DEPOT        OFF        YES        YES        YES        NO
    2         CENTRAL      ON         NO         YES        NO         YES
    3         PERIPH.      ON         NO         YES        NO         NO
    4         OUTPUT       OFF        YES        NO         NO         NO
1
 ADDITIONAL PK PARAMETERS - ASSIGNMENT OF ROWS IN GG
 COMPT. NO.                             INDICES
              SCALE      BIOAVAIL.   ZERO-ORDER  ZERO-ORDER  ABSORB
                         FRACTION    RATE        DURATION    LAG
    1           *           *           *           *           *
    2           6           *           *           *           *
    3           *           *           *           *           *
    4           *           -           -           -           -
             - PARAMETER IS NOT ALLOWED FOR THIS MODEL
             * PARAMETER IS NOT SUPPLIED BY PK SUBROUTINE;
               WILL DEFAULT TO ONE IF APPLICABLE
0DATA ITEM INDICES USED BY PRED ARE:
   EVENT ID DATA ITEM IS DATA ITEM NO.:      4
   TIME DATA ITEM IS DATA ITEM NO.:          3
   DOSE AMOUNT DATA ITEM IS DATA ITEM NO.:   5

0PK SUBROUTINE CALLED WITH EVERY EVENT RECORD.
 PK SUBROUTINE NOT CALLED AT NONEVENT (ADDITIONAL OR LAGGED) DOSE TIMES.
0ERROR SUBROUTINE CALLED WITH EVERY EVENT RECORD.
1
 
 
 #TBLN:      1
 #METH: First Order Conditional Estimation with Interaction
 
 MONITORING OF SEARCH:

 
0ITERATION NO.:    0    OBJECTIVE VALUE:   3223.47333568400        NO. OF FUNC. EVALS.:  11
 CUMULATIVE NO. OF FUNC. EVALS.:       11
 NPARAMETR:  1.1600E+01  9.5800E+00  2.3500E-01  1.1700E+01  1.0500E+02  8.0000E-01  6.5900E-01  1.0000E-01  1.0000E-02  1.0000E-02
             1.0000E-01  1.0000E-02  1.0000E-01  1.0000E-01  1.0000E-01
 PARAMETER:  1.0000E-01  1.0000E-01  1.0000E-01  1.0000E-01  1.0000E-01  1.0000E-01  1.0000E-01  1.0000E-01  1.0000E-01  1.0000E-01
             1.0000E-01  1.0000E-01  1.0000E-01  1.0000E-01  1.0000E-01
 GRADIENT:  -5.2747E+01 -3.9108E+02  7.1299E+02 -2.0825E+01 -1.2565E+02 -5.4984E+01 -1.8552E+01 -1.0537E+02  1.1302E+01  9.7004E+01
            -1.8071E+02  2.8810E+02 -7.1336E+02  2.7188E+01 -3.0276E+01
 
0ITERATION NO.:    5    OBJECTIVE VALUE:   2470.69882161382        NO. OF FUNC. EVALS.:  12
 CUMULATIVE NO. OF FUNC. EVALS.:       71
 NPARAMETR:  1.0175E+01  3.5347E+01  7.5441E-02  3.9713E+00  1.1674E+02  9.8606E-01  7.6501E-01  2.7567E-01  6.0979E-02 -4.7721E-02
             3.9810E-01 -6.5215E-02  1.0104E-01  6.1199E-02  2.3535E-01
 PARAMETER: -6.7547E-02  1.7410E+00 -1.0692E+00 -1.1643E+00  2.1916E-01  4.7759E-01  2.9551E-01  6.0702E-01  3.6727E-01 -2.8742E-01
             7.7856E-01 -3.0812E-01  2.7970E-02 -1.4552E-01  5.2796E-01
 GRADIENT:  -1.6423E+01  4.2848E+01  1.3571E+01 -3.4751E+01  3.1716E+00 -8.7048E+00 -6.0321E+00  1.0582E+01 -6.7607E+00 -9.1044E+00
             2.9167E+01 -8.9770E+00  2.2099E+01  1.2721E+02  1.6667E+01
 
0ITERATION NO.:   10    OBJECTIVE VALUE:   2454.08623937597        NO. OF FUNC. EVALS.:  12
 CUMULATIVE NO. OF FUNC. EVALS.:      131
 NPARAMETR:  1.0454E+01  3.0304E+01  6.1669E-02  3.0682E+00  1.1351E+02  1.1254E+00  1.5450E+00  3.3314E-01  2.4612E-01  3.2862E-02
             4.5955E-01 -1.4885E-01  1.5384E-01  5.3111E-02  1.9164E-01
 PARAMETER: -3.3460E-02  1.5119E+00 -1.2735E+00 -1.4418E+00  1.8748E-01  7.5766E-01  1.4277E+00  7.0169E-01  1.3484E+00  1.8004E-01
             6.1575E-01 -1.1485E+00 -3.1657E-01 -2.1639E-01  4.2522E-01
 GRADIENT:   2.1172E+01  2.3334E+01 -2.0265E+01 -1.6512E+00 -3.6386E+00  8.8965E+00  3.6882E+00  7.5866E+00  6.9725E+00  1.6169E+01
             2.9150E+01 -1.5437E+01  7.0378E+00  4.5537E+01  1.3275E+00
 
0ITERATION NO.:   15    OBJECTIVE VALUE:   2424.99766734982        NO. OF FUNC. EVALS.:  13
 CUMULATIVE NO. OF FUNC. EVALS.:      192
 NPARAMETR:  9.2724E+00  2.4769E+01  6.8783E-02  3.7221E+00  9.5348E+01  9.3539E-01  1.7338E+00  1.8875E-01  7.9839E-02 -2.9526E-02
             1.2851E-01 -5.5394E-02  1.1539E-01  4.3690E-02  2.7099E-01
 PARAMETER: -1.8281E-01  1.2338E+00 -1.1629E+00 -1.2345E+00 -7.1571E-03  3.7606E-01  1.6819E+00  4.1763E-01  5.8113E-01 -2.1491E-01
             7.7998E-02 -4.8732E-01  6.3896E-02 -3.1403E-01  5.9846E-01
 GRADIENT:  -1.1357E+01  1.7880E+01 -3.2339E+01 -2.3276E+00 -1.3821E+01 -1.0584E+01  5.9821E-01 -4.6630E-01 -9.4706E+00 -1.1239E+01
             1.7078E+01 -7.5960E+00  2.0174E+01 -4.0625E+01  1.0228E+01
 
0ITERATION NO.:   20    OBJECTIVE VALUE:   2410.13151896274        NO. OF FUNC. EVALS.:  12
 CUMULATIVE NO. OF FUNC. EVALS.:      252
 NPARAMETR:  1.0126E+01  2.3004E+01  6.8007E-02  3.4165E+00  1.1787E+02  9.6696E-01  1.0263E+00  2.2437E-01  1.4251E-01 -8.6902E-03
             1.2082E-01 -2.5753E-02  7.5873E-02  4.9647E-02  1.6608E-01
 PARAMETER: -7.3544E-02  1.1367E+00 -1.1744E+00 -1.3268E+00  2.3011E-01  4.3936E-01  7.1372E-01  5.0406E-01  9.5138E-01 -5.8016E-02
            -4.9182E-01 -4.0630E-01 -1.2961E-01 -2.5012E-01  3.5365E-01
 GRADIENT:  -6.4912E-01  1.0005E+01 -1.9774E+01  5.3507E+00  1.0840E+00 -4.2518E+00 -1.5064E+00 -6.3407E+00  6.7094E+00  7.0994E-02
             7.6793E-01 -4.0261E+00  1.2505E+01 -1.2623E-01 -5.7681E+00
 
0ITERATION NO.:   25    OBJECTIVE VALUE:   2407.21679620709        NO. OF FUNC. EVALS.:  13
 CUMULATIVE NO. OF FUNC. EVALS.:      313
 NPARAMETR:  9.5414E+00  2.1499E+01  6.7286E-02  3.1046E+00  1.3552E+02  9.9976E-01  1.0538E+00  2.3589E-01  1.4199E-01 -4.8287E-03
             1.1159E-01 -2.6658E-02  5.0546E-02  4.9756E-02  1.9491E-01
 PARAMETER: -1.4759E-01  1.0497E+00 -1.1852E+00 -1.4292E+00  3.8985E-01  5.0498E-01  7.5418E-01  5.2910E-01  9.2450E-01 -3.1440E-02
            -5.6621E-01 -5.1378E-01 -5.1235E-01 -2.4902E-01  4.3369E-01
 GRADIENT:  -1.6074E+00  1.2036E+00 -4.1596E-03 -2.2726E+00  2.4342E+00 -1.6045E+00 -6.5493E-01  2.4989E+00 -5.2875E-01 -1.7624E+00
            -1.5170E+00 -1.3279E-01  2.8463E+00  7.7870E+00  1.1414E+00
 
0ITERATION NO.:   30    OBJECTIVE VALUE:   2406.12086577047        NO. OF FUNC. EVALS.:  12
 CUMULATIVE NO. OF FUNC. EVALS.:      373
 NPARAMETR:  9.4640E+00  2.2088E+01  6.9101E-02  3.2206E+00  1.1675E+02  1.0208E+00  1.1731E+00  2.1626E-01  1.2784E-01 -5.8087E-03
             1.0407E-01 -3.2405E-02  4.5473E-02  4.9186E-02  1.9888E-01
 PARAMETER: -1.5764E-01  1.0843E+00 -1.1582E+00 -1.3900E+00  2.1929E-01  5.4700E-01  9.2470E-01  4.8566E-01  8.6932E-01 -3.9499E-02
            -5.2263E-01 -5.9997E-01 -8.1135E-01 -2.5478E-01  4.4376E-01
 GRADIENT:  -6.5892E-01  1.5716E+00  2.0439E+00 -1.2876E+00 -1.3445E-01 -2.7959E-01 -6.9037E-03 -4.9545E-01  4.8270E-01  8.7323E-01
            -2.4339E-01  7.6167E-01  1.7067E-01  9.0666E-01  1.7047E-01
 
0ITERATION NO.:   35    OBJECTIVE VALUE:   2405.94605592431        NO. OF FUNC. EVALS.:  21
 CUMULATIVE NO. OF FUNC. EVALS.:      457
 NPARAMETR:  9.5138E+00  2.2497E+01  7.0524E-02  3.3703E+00  1.1380E+02  1.0235E+00  1.1665E+00  2.1629E-01  1.2434E-01 -1.0266E-02
             9.7765E-02 -3.6656E-02  4.5849E-02  4.9248E-02  2.0156E-01
 PARAMETER: -1.5117E-01  1.1078E+00 -1.1376E+00 -1.3414E+00  1.9036E-01  5.5246E-01  9.1535E-01  4.8572E-01  8.4549E-01 -6.9807E-02
            -5.6317E-01 -6.6323E-01 -1.0745E+00 -2.5415E-01  4.5046E-01
 GRADIENT:  -5.1370E-01 -1.9636E-01 -1.9206E+00 -6.3608E-01 -3.1109E-01 -2.1364E-01 -1.8236E-01  2.0408E-01  2.1590E-01 -1.0947E-01
             6.0111E-02  9.6258E-03 -2.4892E-02  7.0864E-01  1.9156E-01
 
0ITERATION NO.:   40    OBJECTIVE VALUE:   2405.91626089908        NO. OF FUNC. EVALS.:  21
 CUMULATIVE NO. OF FUNC. EVALS.:      562
 NPARAMETR:  9.5080E+00  2.2792E+01  7.1433E-02  3.4746E+00  1.1326E+02  1.0244E+00  1.1921E+00  2.1380E-01  1.2073E-01 -1.1605E-02
             9.4497E-02 -3.7192E-02  4.6571E-02  4.9167E-02  2.0179E-01
 PARAMETER: -1.5192E-01  1.1247E+00 -1.1246E+00 -1.3087E+00  1.8500E-01  5.5430E-01  9.5114E-01  4.7994E-01  8.2567E-01 -7.9370E-02
            -5.6232E-01 -6.6018E-01 -1.0282E+00 -2.5498E-01  4.5102E-01
 GRADIENT:   7.6068E-03  1.4557E-03 -1.1870E-02  5.2749E-03 -1.8021E-03  4.7562E-03  1.9826E-04 -5.7464E-03  5.6636E-04  6.6372E-03
            -5.9098E-03 -5.1004E-03  1.2898E-03 -2.8851E-02 -8.4437E-03
 
0ITERATION NO.:   41    OBJECTIVE VALUE:   2405.91626089908        NO. OF FUNC. EVALS.:  18
 CUMULATIVE NO. OF FUNC. EVALS.:      580
 NPARAMETR:  9.5080E+00  2.2792E+01  7.1433E-02  3.4746E+00  1.1326E+02  1.0244E+00  1.1921E+00  2.1380E-01  1.2073E-01 -1.1605E-02
             9.4497E-02 -3.7192E-02  4.6571E-02  4.9167E-02  2.0179E-01
 PARAMETER: -1.5192E-01  1.1247E+00 -1.1246E+00 -1.3087E+00  1.8500E-01  5.5430E-01  9.5114E-01  4.7994E-01  8.2567E-01 -7.9370E-02
            -5.6232E-01 -6.6018E-01 -1.0282E+00 -2.5498E-01  4.5102E-01
 GRADIENT:   7.6068E-03  1.4557E-03 -1.1870E-02  5.2749E-03 -1.8021E-03  4.7562E-03  1.9826E-04 -5.7464E-03  5.6636E-04  6.6372E-03
            -5.9098E-03 -5.1004E-03  1.2898E-03 -2.8851E-02 -8.4437E-03
 
 #TERM:
0MINIMIZATION SUCCESSFUL
 NO. OF FUNCTION EVALUATIONS USED:      580
 NO. OF SIG. DIGITS IN FINAL EST.:  3.2

 ETABAR IS THE ARITHMETIC MEAN OF THE ETA-ESTIMATES,
 AND THE P-VALUE IS GIVEN FOR THE NULL HYPOTHESIS THAT THE TRUE MEAN IS 0.

 ETABAR:        -7.1931E-04 -6.0925E-04  1.0333E-03
 SE:             7.1312E-02  4.6964E-02  3.1652E-02

 P VAL.:         9.9195E-01  9.8965E-01  9.7396E-01
 
 ETAshrink(%):   1.2172E+00  2.1447E+00  6.0569E+00
 EPSshrink(%):   7.0478E+00  7.0478E+00
 
 #TERE:
 Elapsed estimation time in seconds:     6.39
 Elapsed covariance time in seconds:     8.28
1
 
 
 
 
 
 
 
 
 
 
 
 
 
 
 
 
 
 
 
 
 ************************************************************************************************************************
 ********************                                                                                ********************
 ********************               FIRST ORDER CONDITIONAL ESTIMATION WITH INTERACTION              ********************
 #OBJT:**************                       MINIMUM VALUE OF OBJECTIVE FUNCTION                      ********************
 ********************                                                                                ********************
 ************************************************************************************************************************
 





 #OBJV:********************************************     2405.916       **************************************************
1
 ************************************************************************************************************************
 ********************                                                                                ********************
 ********************               FIRST ORDER CONDITIONAL ESTIMATION WITH INTERACTION              ********************
 ********************                             FINAL PARAMETER ESTIMATE                           ********************
 ********************                                                                                ********************
 ************************************************************************************************************************
 


 THETA - VECTOR OF FIXED EFFECTS PARAMETERS   *********


         TH 1      TH 2      TH 3      TH 4      TH 5      TH 6      TH 7     
 
         9.51E+00  2.28E+01  7.14E-02  3.47E+00  1.13E+02  1.02E+00  1.19E+00
 


 OMEGA - COV MATRIX FOR RANDOM EFFECTS - ETAS  ********


            ETA1      ETA2      ETA3   
 
 ETA1
+        2.14E-01
 
 ETA2
+        1.21E-01  9.45E-02
 
 ETA3
+       -1.16E-02 -3.72E-02  4.66E-02
 


 SIGMA - COV MATRIX FOR RANDOM EFFECTS - EPSILONS  ****


            EPS1      EPS2   
 
 EPS1
+        4.92E-02
 
 EPS2
+        0.00E+00  2.02E-01
 
1


 OMEGA - CORR MATRIX FOR RANDOM EFFECTS - ETAS  *******


            ETA1      ETA2      ETA3   
 
 ETA1
+        4.62E-01
 
 ETA2
+        8.49E-01  3.07E-01
 
 ETA3
+       -1.16E-01 -5.61E-01  2.16E-01
 


 SIGMA - CORR MATRIX FOR RANDOM EFFECTS - EPSILONS  ***


            EPS1      EPS2   
 
 EPS1
+        2.22E-01
 
 EPS2
+        0.00E+00  4.49E-01
 
1
 ************************************************************************************************************************
 ********************                                                                                ********************
 ********************               FIRST ORDER CONDITIONAL ESTIMATION WITH INTERACTION              ********************
 ********************                            STANDARD ERROR OF ESTIMATE                          ********************
 ********************                                                                                ********************
 ************************************************************************************************************************
 


 THETA - VECTOR OF FIXED EFFECTS PARAMETERS   *********


         TH 1      TH 2      TH 3      TH 4      TH 5      TH 6      TH 7     
 
         9.29E-01  2.18E+00  5.24E-03  5.35E-01  2.36E+01  1.14E-01  3.38E-01
 


 OMEGA - COV MATRIX FOR RANDOM EFFECTS - ETAS  ********


            ETA1      ETA2      ETA3   
 
 ETA1
+        4.88E-02
 
 ETA2
+        3.19E-02  3.13E-02
 
 ETA3
+        2.01E-02  1.34E-02  1.62E-02
 


 SIGMA - COV MATRIX FOR RANDOM EFFECTS - EPSILONS  ****


            EPS1      EPS2   
 
 EPS1
+        5.38E-03
 
 EPS2
+       .........  6.76E-02
 
1


 OMEGA - CORR MATRIX FOR RANDOM EFFECTS - ETAS  *******


            ETA1      ETA2      ETA3   
 
 ETA1
+        5.28E-02
 
 ETA2
+        1.03E-01  5.10E-02
 
 ETA3
+        1.97E-01  2.32E-01  3.75E-02
 


 SIGMA - CORR MATRIX FOR RANDOM EFFECTS - EPSILONS  ***


            EPS1      EPS2   
 
 EPS1
+        1.21E-02
 
 EPS2
+       .........  7.52E-02
 
1
 ************************************************************************************************************************
 ********************                                                                                ********************
 ********************               FIRST ORDER CONDITIONAL ESTIMATION WITH INTERACTION              ********************
 ********************                          COVARIANCE MATRIX OF ESTIMATE                         ********************
 ********************                                                                                ********************
 ************************************************************************************************************************
 

            TH 1      TH 2      TH 3      TH 4      TH 5      TH 6      TH 7      OM11      OM12      OM13      OM22      OM23
             OM33      SG11      SG12      SG22
 
 TH 1
+        8.64E-01
 
 TH 2
+        7.86E-01  4.74E+00
 
 TH 3
+        1.04E-03  6.65E-03  2.75E-05
 
 TH 4
+        6.20E-02  8.95E-01  2.22E-03  2.87E-01
 
 TH 5
+       -1.46E+00  5.50E+00 -2.99E-02  2.32E-01  5.59E+02
 
 TH 6
+       -4.10E-02 -2.53E-02 -1.04E-04 -1.06E-02  7.60E-01  1.29E-02
 
 TH 7
+       -1.78E-01  6.82E-02 -1.34E-04  1.56E-02 -6.70E-01  6.39E-04  1.14E-01
 
 OM11
+        6.25E-03  5.79E-03  3.23E-06  4.30E-03  2.74E-01  1.64E-03 -7.08E-03  2.39E-03
 
 OM12
+       -1.38E-04 -2.19E-02 -6.49E-05 -6.20E-03  1.59E-01  2.98E-04 -3.02E-03  7.81E-04  1.02E-03
 
 OM13
+       -5.36E-03 -1.95E-02 -6.74E-05 -4.54E-03 -7.42E-03 -5.33E-04  2.48E-03 -1.39E-04  1.35E-04  4.02E-04
 
 OM22
+       -4.32E-03 -2.44E-02 -7.79E-05 -7.77E-03  2.53E-02  5.92E-04  1.88E-05  2.61E-04  8.19E-04  2.10E-04  9.82E-04
 
 OM23
+       -2.54E-03 -1.12E-02 -2.74E-05 -2.24E-03  7.34E-02 -5.69E-05 -3.17E-04  1.52E-04  1.70E-04  1.60E-04  7.07E-05  1.80E-04
 
 OM33
+       -3.37E-03  4.78E-03  2.83E-05  3.07E-03 -3.39E-02 -3.34E-04  8.57E-05 -5.85E-05 -1.60E-04 -4.87E-05 -1.96E-04 -2.42E-05
          2.62E-04
 
 SG11
+       -5.10E-04 -3.11E-03 -1.02E-05 -6.25E-04  4.53E-02  1.21E-04  1.15E-04 -2.13E-05 -1.00E-05  5.02E-06 -2.86E-06 -3.35E-06
         -1.66E-05  2.90E-05
 
 SG12
+       ......... ......... ......... ......... ......... ......... ......... ......... ......... ......... ......... .........
         ......... ......... .........
 
 SG22
+        2.07E-02  1.88E-02  5.80E-05  2.44E-03 -4.22E-01 -1.08E-03 -5.01E-03  3.09E-04  2.73E-04 -1.60E-04  9.36E-05  3.98E-05
         -1.79E-04 -1.84E-04 .........  4.57E-03
 
1
 ************************************************************************************************************************
 ********************                                                                                ********************
 ********************               FIRST ORDER CONDITIONAL ESTIMATION WITH INTERACTION              ********************
 ********************                          CORRELATION MATRIX OF ESTIMATE                        ********************
 ********************                                                                                ********************
 ************************************************************************************************************************
 

            TH 1      TH 2      TH 3      TH 4      TH 5      TH 6      TH 7      OM11      OM12      OM13      OM22      OM23
             OM33      SG11      SG12      SG22
 
 TH 1
+        9.29E-01
 
 TH 2
+        3.89E-01  2.18E+00
 
 TH 3
+        2.13E-01  5.83E-01  5.24E-03
 
 TH 4
+        1.25E-01  7.68E-01  7.89E-01  5.35E-01
 
 TH 5
+       -6.66E-02  1.07E-01 -2.41E-01  1.83E-02  2.36E+01
 
 TH 6
+       -3.89E-01 -1.02E-01 -1.75E-01 -1.74E-01  2.83E-01  1.14E-01
 
 TH 7
+       -5.67E-01  9.28E-02 -7.55E-02  8.64E-02 -8.39E-02  1.66E-02  3.38E-01
 
 OM11
+        1.38E-01  5.44E-02  1.26E-02  1.64E-01  2.37E-01  2.95E-01 -4.29E-01  4.88E-02
 
 OM12
+       -4.67E-03 -3.15E-01 -3.88E-01 -3.63E-01  2.11E-01  8.23E-02 -2.80E-01  5.01E-01  3.19E-02
 
 OM13
+       -2.88E-01 -4.47E-01 -6.40E-01 -4.23E-01 -1.56E-02 -2.34E-01  3.67E-01 -1.42E-01  2.10E-01  2.01E-02
 
 OM22
+       -1.48E-01 -3.58E-01 -4.74E-01 -4.63E-01  3.42E-02  1.66E-01  1.77E-03  1.71E-01  8.19E-01  3.34E-01  3.13E-02
 
 OM23
+       -2.04E-01 -3.82E-01 -3.90E-01 -3.12E-01  2.31E-01 -3.73E-02 -6.99E-02  2.32E-01  3.97E-01  5.95E-01  1.68E-01  1.34E-02
 
 OM33
+       -2.24E-01  1.36E-01  3.33E-01  3.55E-01 -8.85E-02 -1.81E-01  1.57E-02 -7.40E-02 -3.10E-01 -1.50E-01 -3.86E-01 -1.11E-01
          1.62E-02
 
 SG11
+       -1.02E-01 -2.65E-01 -3.62E-01 -2.17E-01  3.56E-01  1.97E-01  6.33E-02 -8.09E-02 -5.83E-02  4.65E-02 -1.69E-02 -4.64E-02
         -1.91E-01  5.38E-03
 
 SG12
+       ......... ......... ......... ......... ......... ......... ......... ......... ......... ......... ......... .........
         ......... ......... .........
 
 SG22
+        3.29E-01  1.28E-01  1.64E-01  6.75E-02 -2.64E-01 -1.40E-01 -2.19E-01  9.36E-02  1.27E-01 -1.18E-01  4.42E-02  4.39E-02
         -1.64E-01 -5.05E-01 .........  6.76E-02
 
1
 ************************************************************************************************************************
 ********************                                                                                ********************
 ********************               FIRST ORDER CONDITIONAL ESTIMATION WITH INTERACTION              ********************
 ********************                      INVERSE COVARIANCE MATRIX OF ESTIMATE                     ********************
 ********************                                                                                ********************
 ************************************************************************************************************************
 

            TH 1      TH 2      TH 3      TH 4      TH 5      TH 6      TH 7      OM11      OM12      OM13      OM22      OM23
             OM33      SG11      SG12      SG22
 
 TH 1
+        8.47E+00
 
 TH 2
+       -2.89E+00  1.79E+00
 
 TH 3
+       -5.46E+02  3.38E+02  3.22E+05
 
 TH 4
+        1.10E+01 -6.69E+00 -2.82E+03  4.40E+01
 
 TH 5
+        1.56E-03 -1.24E-02  1.01E+01 -7.89E-02  3.74E-03
 
 TH 6
+        2.99E+01 -8.38E+00 -6.31E+02  4.87E+01 -2.32E-01  3.16E+02
 
 TH 7
+        1.34E+01 -5.02E+00 -9.12E+02  1.25E+01  3.29E-02  2.20E+01  4.07E+01
 
 OM11
+       -4.31E+01  1.75E+01  6.95E+03 -1.55E+02  5.51E-01 -4.67E+02  9.17E-01  1.73E+03
 
 OM12
+        4.69E+01 -8.78E+00  1.06E+03  1.26E+02 -1.89E+00  1.06E+03  3.69E+01 -2.81E+03  1.20E+04
 
 OM13
+       -1.08E+02  7.22E+01  5.16E+04 -3.58E+02  7.54E-01  7.30E+02 -4.21E+02 -2.61E+02  5.68E+03  1.97E+04
 
 OM22
+       -1.57E+00 -1.49E+00 -2.11E+03 -2.76E+01  1.30E+00 -7.35E+02  1.73E+01  1.76E+03 -9.45E+03 -5.73E+03  9.33E+03
 
 OM23
+        1.27E+02 -3.72E+01 -2.96E+04  2.59E+02 -1.69E+00 -2.69E+02  3.08E+02 -1.93E+01 -7.25E+03 -1.48E+04  7.54E+03  2.23E+04
 
 OM33
+        1.01E+02 -1.22E+01  9.83E+02 -1.12E+01  1.55E-01  4.14E+02  1.74E+02 -9.70E+01  8.12E+01 -1.24E+02  1.20E+03  1.72E+03
          7.43E+03
 
 SG11
+       -3.32E+02  2.21E+02  8.44E+04 -9.54E+02 -3.22E+00 -8.67E+02 -5.48E+02  2.92E+03 -7.82E+02  1.42E+04  1.73E+03 -3.29E+03
          4.50E+03  9.49E+04
 
 SG12
+       ......... ......... ......... ......... ......... ......... ......... ......... ......... ......... ......... .........
         ......... ......... .........
 
 SG22
+       -1.77E+01  7.03E+00  3.29E+03 -4.24E+01  2.52E-01 -4.91E+01 -1.76E+01  1.79E+02 -2.42E+02  6.92E+02  1.26E+02 -5.66E+02
          3.16E+02  3.27E+03 .........  4.16E+02
 
1
 
 
 
 
 
 
 
 
 
 
 
 
 
 
 
 
 
 
 
 
 ************************************************************************************************************************
 ********************                                                                                ********************
 ********************               FIRST ORDER CONDITIONAL ESTIMATION WITH INTERACTION              ********************
 ********************                      EIGENVALUES OF COR MATRIX OF ESTIMATE                     ********************
 ********************                                                                                ********************
 ************************************************************************************************************************
 

             1         2         3         4         5         6         7         8         9        10        11        12
             13        14        15
 
         2.91E-02  3.78E-02  1.08E-01  1.70E-01  2.16E-01  3.78E-01  4.25E-01  5.62E-01  8.30E-01  1.08E+00  1.24E+00  1.41E+00
          1.92E+00  2.45E+00  4.15E+00
 
Stop Time:
Fri May 25 20:11:25 UTC 2012
