Thu Nov 10 14:59:11 UTC 2011
$PROB 52 phase1 2 CMT like 1004 but diff. initial on V3
$INPUT C ID TIME SEQ=DROP EVID AMT DV SUBJ HOUR TAFD TAD LDOS MDV HEIGHT WT SEX AGE DOSE FED
$DATA ../data/52.csv IGNORE=C
$SUBROUTINE ADVAN4 TRANS4
$PK
 CL=THETA(1)*EXP(ETA(1)) * THETA(6)**SEX * (WT/70)**THETA(7)
 V2 =THETA(2)*EXP(ETA(2))
 KA=THETA(3)*EXP(ETA(3))
 Q  =THETA(4)
 V3=THETA(5)
 S2=V2
 
$ERROR
 Y=F*(1+ERR(1)) + ERR(2)
 IPRE=F

$THETA
(0,10,50)     
(0,10,100)    
(0,0.2, 5)    
(0,10,50)     
(0,100,1000)  
(0,1,2)       
(0,0.75,3)    

$OMEGA BLOCK(3)
.1
.01 .1
.01 .01 .1








$SIGMA 0.1 0.1




$ESTIMATION MAXEVAL=9999 PRINT=5 NOABORT METHOD=1 INTER MSFO=./52.msf
;$COV PRINT=E
;$TABLE NOPRINT FILE=./52.tab ONEHEADER ID AMT TIME EVID PRED IPRE CWRES
;$TABLE NOPRINT FILE=./52par.tab ONEHEADER ID TIME CL Q V2 V3 KA ETA1 ETA2 ETA3


















NM-TRAN MESSAGES
  
 WARNINGS AND ERRORS (IF ANY) FOR PROBLEM    1
             
 (WARNING  2) NM-TRAN INFERS THAT THE DATA ARE POPULATION.
 CREATING MUMODEL ROUTINE...

License Registered to: Metrum Research Group
Expiration Date:    14 JUL 2012
Current Date:       10 NOV 2011
Days until program expires : 249
1NONLINEAR MIXED EFFECTS MODEL PROGRAM (NONMEM) VERSION 7.2.0
 ORIGINALLY DEVELOPED BY STUART BEAL, LEWIS SHEINER, AND ALISON BOECKMANN
 CURRENT DEVELOPERS ARE ROBERT BAUER, ICON DEVELOPMENT SOLUTIONS,
 AND ALISON BOECKMANN. IMPLEMENTATION, EFFICIENCY, AND STANDARDIZATION
 PERFORMED BY NOUS INFOSYSTEMS.

 PROBLEM NO.:         1
 52 phase1 2 CMT like 1004 but diff. initial on V3
0DATA CHECKOUT RUN:              NO
 DATA SET LOCATED ON UNIT NO.:    2
 THIS UNIT TO BE REWOUND:        NO
 NO. OF DATA RECS IN DATA SET:      549
 NO. OF DATA ITEMS IN DATA SET:  18
 ID DATA ITEM IS DATA ITEM NO.:   2
 DEP VARIABLE IS DATA ITEM NO.:   6
 MDV DATA ITEM IS DATA ITEM NO.: 12
0INDICES PASSED TO SUBROUTINE PRED:
   4   3   5   0   0   0   0   0   0   0   0
0LABELS FOR DATA ITEMS:
 C ID TIME EVID AMT DV SUBJ HOUR TAFD TAD LDOS MDV HEIGHT WT SEX AGE DOSE FED
0FORMAT FOR DATA:
 (1(12E6.0/),6E6.0)

 TOT. NO. OF OBS RECS:      509
 TOT. NO. OF INDIVIDUALS:     40
0LENGTH OF THETA:   7
0DEFAULT THETA BOUNDARY TEST OMITTED:    NO
0OMEGA HAS BLOCK FORM:
  1
  1  1
  1  1  1
0DEFAULT OMEGA BOUNDARY TEST OMITTED:    NO
0SIGMA HAS SIMPLE DIAGONAL FORM WITH DIMENSION:   2
0DEFAULT SIGMA BOUNDARY TEST OMITTED:    NO
0INITIAL ESTIMATE OF THETA:
 LOWER BOUND    INITIAL EST    UPPER BOUND
  0.0000E+00     0.1000E+02     0.5000E+02
  0.0000E+00     0.1000E+02     0.1000E+03
  0.0000E+00     0.2000E+00     0.5000E+01
  0.0000E+00     0.1000E+02     0.5000E+02
  0.0000E+00     0.1000E+03     0.1000E+04
  0.0000E+00     0.1000E+01     0.2000E+01
  0.0000E+00     0.7500E+00     0.3000E+01
0INITIAL ESTIMATE OF OMEGA:
 BLOCK SET NO.   BLOCK                                                                    FIXED
        1                                                                                   NO
                  0.1000E+00
                  0.1000E-01   0.1000E+00
                  0.1000E-01   0.1000E-01   0.1000E+00
0INITIAL ESTIMATE OF SIGMA:
 0.1000E+00
 0.0000E+00   0.1000E+00
0ESTIMATION STEP OMITTED:           NO
 CONDITIONAL ESTIMATES USED:       YES
 CENTERED ETA:                      NO
 EPS-ETA INTERACTION:              YES
 LAPLACIAN OBJ. FUNC.:              NO
 NO. OF FUNCT. EVALS. ALLOWED:       9999
 NO. OF SIG. FIGURES REQUIRED:       3
 INTERMEDIATE PRINTOUT:            YES
 ESTIMATE OUTPUT TO MSF:           YES
 ABORT WITH PRED EXIT CODE 1:       NO
 IND. OBJ. FUNC. VALUES SORTED:     NO

 THE FOLLOWING LABELS ARE EQUIVALENT
 PRED=PREDI
 RES=RESI
 WRES=WRESI
1DOUBLE PRECISION PREDPP VERSION 7.2.0

 TWO COMPARTMENT MODEL WITH FIRST-ORDER ABSORPTION (ADVAN4)
0MAXIMUM NO. OF BASIC PK PARAMETERS:   5
0BASIC PK PARAMETERS (AFTER TRANSLATION):
   BASIC PK PARAMETER NO.  1: ELIMINATION RATE (K)
   BASIC PK PARAMETER NO.  2: CENTRAL-TO-PERIPH. RATE (K23)
   BASIC PK PARAMETER NO.  3: PERIPH.-TO-CENTRAL RATE (K32)
   BASIC PK PARAMETER NO.  5: ABSORPTION RATE (KA)
 TRANSLATOR WILL CONVERT PARAMETERS
 CL, V2, Q, V3 TO K, K23, K32 (TRANS4)
0COMPARTMENT ATTRIBUTES
 COMPT. NO.   FUNCTION   INITIAL    ON/OFF      DOSE      DEFAULT    DEFAULT
                         STATUS     ALLOWED    ALLOWED    FOR DOSE   FOR OBS.
    1         DEPOT        OFF        YES        YES        YES        NO
    2         CENTRAL      ON         NO         YES        NO         YES
    3         PERIPH.      ON         NO         YES        NO         NO
    4         OUTPUT       OFF        YES        NO         NO         NO
1
 ADDITIONAL PK PARAMETERS - ASSIGNMENT OF ROWS IN GG
 COMPT. NO.                             INDICES
              SCALE      BIOAVAIL.   ZERO-ORDER  ZERO-ORDER  ABSORB
                         FRACTION    RATE        DURATION    LAG
    1           *           *           *           *           *
    2           6           *           *           *           *
    3           *           *           *           *           *
    4           *           -           -           -           -
             - PARAMETER IS NOT ALLOWED FOR THIS MODEL
             * PARAMETER IS NOT SUPPLIED BY PK SUBROUTINE;
               WILL DEFAULT TO ONE IF APPLICABLE
0DATA ITEM INDICES USED BY PRED ARE:
   EVENT ID DATA ITEM IS DATA ITEM NO.:      4
   TIME DATA ITEM IS DATA ITEM NO.:          3
   DOSE AMOUNT DATA ITEM IS DATA ITEM NO.:   5

0PK SUBROUTINE CALLED WITH EVERY EVENT RECORD.
 PK SUBROUTINE NOT CALLED AT NONEVENT (ADDITIONAL OR LAGGED) DOSE TIMES.
0ERROR SUBROUTINE CALLED WITH EVERY EVENT RECORD.
1
 
 
 #TBLN:      1
 #METH: First Order Conditional Estimation with Interaction
 
 MONITORING OF SEARCH:

 
0ITERATION NO.:    0    OBJECTIVE VALUE:   3168.96103313890        NO. OF FUNC. EVALS.:  11
 CUMULATIVE NO. OF FUNC. EVALS.:       11
 NPARAMETR:  1.0000E+01  1.0000E+01  2.0000E-01  1.0000E+01  1.0000E+02  1.0000E+00  7.5000E-01  1.0000E-01  1.0000E-02  1.0000E-02
             1.0000E-01  1.0000E-02  1.0000E-01  1.0000E-01  1.0000E-01
 PARAMETER:  1.0000E-01  1.0000E-01  1.0000E-01  1.0000E-01  1.0000E-01  1.0000E-01  1.0000E-01  1.0000E-01  1.0000E-01  1.0000E-01
             1.0000E-01  1.0000E-01  1.0000E-01  1.0000E-01  1.0000E-01
 GRADIENT:  -4.3301E+01 -4.0018E+02  6.2294E+02  2.3743E+01 -1.4695E+02 -2.4803E+01 -1.3366E+01 -5.6130E+01 -6.2269E+00  9.4541E+01
            -1.9251E+02  2.6188E+02 -5.3892E+02  9.7998E+01 -3.8314E+01
 
0ITERATION NO.:    5    OBJECTIVE VALUE:   2486.86902424101        NO. OF FUNC. EVALS.:  12
 CUMULATIVE NO. OF FUNC. EVALS.:       74
 NPARAMETR:  1.0467E+01  2.9157E+01  8.0371E-02  3.0729E+00  1.2848E+02  1.0815E+00  8.3026E-01  2.0611E-01  6.2379E-02 -4.7431E-02
             8.3489E-02 -1.1421E-02  1.1631E-01  4.6795E-02  3.9116E-01
 PARAMETER:  1.5740E-01  1.4094E+00 -8.3628E-01 -1.2397E+00  3.8276E-01  2.6340E-01  2.3799E-01  4.6162E-01  4.3450E-01 -3.3038E-01
            -1.1338E-01  4.0361E-02  1.3481E-01 -2.7970E-01  7.8197E-01
 GRADIENT:   9.8191E+00  7.2888E+01  4.3254E+01 -9.4213E+01  1.7190E+01  1.4799E+00 -3.3285E+00  2.2136E+01 -3.5516E+01  3.9010E+00
             4.2641E+00 -3.9484E+00  2.3177E+01  8.5156E+01  2.4157E+01
 
0ITERATION NO.:   10    OBJECTIVE VALUE:   2464.74490974506        NO. OF FUNC. EVALS.:  13
 CUMULATIVE NO. OF FUNC. EVALS.:      136
 NPARAMETR:  1.0300E+01  3.0115E+01  7.1003E-02  3.0212E+00  1.3621E+02  1.1039E+00  1.4343E+00  2.4359E-01  2.4249E-01 -4.2237E-02
             3.0234E-01 -5.4468E-02  5.3192E-02  4.5200E-02  3.7982E-01
 PARAMETER:  1.3706E-01  1.4554E+00 -9.6212E-01 -1.2578E+00  4.5012E-01  3.0849E-01  1.1110E+00  5.4515E-01  1.5537E+00 -2.7063E-01
            -1.4258E-01 -1.7591E-01 -3.0891E-01 -2.9704E-01  7.6727E-01
 GRADIENT:   1.5344E+01  3.0894E+01  8.9109E+00 -3.7846E+01  7.6743E+00  3.0538E+00 -5.5554E-01 -2.5995E+00  1.0051E+01 -1.1949E+00
             1.5116E+01 -2.4978E+00  4.4630E+00  7.0849E+01  2.5759E+01
 
0ITERATION NO.:   15    OBJECTIVE VALUE:   2447.42893463653        NO. OF FUNC. EVALS.:  12
 CUMULATIVE NO. OF FUNC. EVALS.:      198
 NPARAMETR:  7.8713E+00  2.7709E+01  7.7985E-02  3.6472E+00  1.2076E+02  1.1441E+00  2.1290E+00  1.6501E-01  1.1659E-01 -5.9360E-02
             1.4670E-01 -3.7694E-02  7.2155E-02  4.1865E-02  3.1023E-01
 PARAMETER: -1.9121E-01  1.3383E+00 -8.6690E-01 -1.0560E+00  3.1198E-01  3.9026E-01  2.0923E+00  3.5042E-01  9.0759E-01 -4.6210E-01
            -1.1553E-01  5.8520E-02 -2.3221E-01 -3.3536E-01  6.6608E-01
 GRADIENT:  -1.3819E+01  3.2580E+01 -7.2008E+00 -2.5299E+01  4.5963E+00 -6.5508E+00  2.5091E+00  7.5437E-01  1.5230E+00 -9.9968E+00
             1.4792E+01  4.6770E+00 -4.3515E+00  2.7904E+01  8.3149E+00
 
0ITERATION NO.:   20    OBJECTIVE VALUE:   2437.55227570689        NO. OF FUNC. EVALS.:  12
 CUMULATIVE NO. OF FUNC. EVALS.:      259
 NPARAMETR:  8.5096E+00  2.6126E+01  8.1128E-02  4.0469E+00  1.1217E+02  1.0907E+00  1.6204E+00  1.4372E-01  9.8691E-02 -4.2124E-02
             9.3178E-02 -3.3680E-02  6.5765E-02  3.8677E-02  2.9514E-01
 PARAMETER: -9.7974E-02  1.2578E+00 -8.2675E-01 -9.4336E-01  2.2843E-01  2.8182E-01  1.3594E+00  2.8135E-01  8.2322E-01 -3.5137E-01
            -5.8001E-01 -1.0426E-01 -2.1273E-01 -3.7496E-01  6.4114E-01
 GRADIENT:   7.3499E+00 -6.3964E+00  1.0312E+00  4.5150E+00  7.9950E-01 -1.7464E+00  5.0981E-01 -4.7886E+00  1.5515E+00  3.9293E+00
             5.6875E+00  1.8199E-01 -8.0026E-01 -2.0379E+01 -1.0826E+00
 
0ITERATION NO.:   25    OBJECTIVE VALUE:   2435.21420800099        NO. OF FUNC. EVALS.:  12
 CUMULATIVE NO. OF FUNC. EVALS.:      319
 NPARAMETR:  8.3396E+00  2.6425E+01  8.1554E-02  4.0536E+00  1.1227E+02  1.1164E+00  1.6443E+00  1.5360E-01  1.0044E-01 -5.0492E-02
             6.9960E-02 -4.2711E-02  7.1984E-02  4.0504E-02  2.9343E-01
 PARAMETER: -1.2224E-01  1.2732E+00 -8.2142E-01 -9.4158E-01  2.2947E-01  3.3378E-01  1.3916E+00  3.1459E-01  8.1040E-01 -4.0740E-01
            -1.4699E+00 -5.1772E-01 -4.3830E-01 -3.5189E-01  6.3823E-01
 GRADIENT:  -7.4077E-01  1.2116E+00 -1.0119E-01 -5.0533E-01  4.4550E-01  1.3324E-01 -3.6326E-01  7.5951E-01  3.5745E-01  7.4878E-01
             8.2552E-02 -1.6207E+00  1.5334E+00 -1.9588E+00  3.2327E-01
 
0ITERATION NO.:   30    OBJECTIVE VALUE:   2435.10768271050        NO. OF FUNC. EVALS.:  13
 CUMULATIVE NO. OF FUNC. EVALS.:      382
 NPARAMETR:  8.3434E+00  2.6483E+01  8.1697E-02  4.0801E+00  1.1138E+02  1.1173E+00  1.6498E+00  1.5024E-01  9.7499E-02 -5.1184E-02
             6.6159E-02 -4.3124E-02  7.0643E-02  4.0886E-02  2.9033E-01
 PARAMETER: -1.2170E-01  1.2762E+00 -8.1965E-01 -9.3449E-01  2.2053E-01  3.3565E-01  1.3990E+00  3.0354E-01  7.9544E-01 -4.1758E-01
            -1.6675E+00 -6.4466E-01 -7.1588E-01 -3.4719E-01  6.3293E-01
 GRADIENT:  -7.0726E-02  3.3423E-01 -9.5336E-01  3.0007E-01 -4.1023E-01  2.7479E-01 -1.9924E-01 -7.3635E-01  1.7642E-01  2.8009E-02
            -1.4026E-01 -6.0683E-01  3.7082E-01  1.4418E+00 -6.3256E-02
 
0ITERATION NO.:   35    OBJECTIVE VALUE:   2435.07945758324        NO. OF FUNC. EVALS.:  12
 CUMULATIVE NO. OF FUNC. EVALS.:      442
 NPARAMETR:  8.3171E+00  2.6423E+01  8.1654E-02  4.0561E+00  1.1184E+02  1.1167E+00  1.6651E+00  1.5177E-01  9.8668E-02 -5.1252E-02
             6.7354E-02 -4.4486E-02  6.8991E-02  4.0738E-02  2.9240E-01
 PARAMETER: -1.2548E-01  1.2731E+00 -8.2019E-01 -9.4092E-01  2.2511E-01  3.3439E-01  1.4196E+00  3.0861E-01  8.0090E-01 -4.1602E-01
            -1.6144E+00 -6.8903E-01 -9.1715E-01 -3.4901E-01  6.3647E-01
 GRADIENT:   9.4602E-02  2.7350E-02  7.5040E-02 -2.3841E-02  1.7623E-02 -1.4102E-02  3.4476E-02 -8.7091E-03  5.8279E-02  6.5544E-03
             2.2454E-02 -3.7525E-01  1.3848E-01 -1.2084E-01  1.1571E-02
 
0ITERATION NO.:   40    OBJECTIVE VALUE:   2435.07406911507        NO. OF FUNC. EVALS.:  13
 CUMULATIVE NO. OF FUNC. EVALS.:      506
 NPARAMETR:  8.3124E+00  2.6393E+01  8.1619E-02  4.0443E+00  1.1194E+02  1.1176E+00  1.6627E+00  1.5189E-01  9.8681E-02 -5.1229E-02
             6.7188E-02 -4.5037E-02  6.8658E-02  4.0762E-02  2.9279E-01
 PARAMETER: -1.2616E-01  1.2716E+00 -8.2062E-01 -9.4409E-01  2.2619E-01  3.3619E-01  1.4164E+00  3.0900E-01  8.0069E-01 -4.1567E-01
            -1.6357E+00 -7.4087E-01 -1.2598E+00 -3.4871E-01  6.3713E-01
 GRADIENT:   3.9285E-02  1.3344E-02  5.3948E-01 -3.4587E-01  8.7319E-02  6.1084E-02 -3.9181E-02  8.8078E-02 -6.5537E-02 -4.0542E-02
             9.3003E-02 -6.1258E-01  7.8546E-02  1.6423E-01  7.8270E-02
 
0ITERATION NO.:   45    OBJECTIVE VALUE:   2435.06237216248        NO. OF FUNC. EVALS.:  12
 CUMULATIVE NO. OF FUNC. EVALS.:      567
 NPARAMETR:  8.3166E+00  2.6412E+01  8.1627E-02  4.0520E+00  1.1183E+02  1.1169E+00  1.6643E+00  1.5176E-01  9.8625E-02 -5.1260E-02
             6.6820E-02 -4.4837E-02  6.8596E-02  4.0779E-02  2.9246E-01
 PARAMETER: -1.2555E-01  1.2726E+00 -8.2051E-01 -9.4201E-01  2.2504E-01  3.3485E-01  1.4185E+00  3.0858E-01  8.0058E-01 -4.1610E-01
            -1.6958E+00 -7.7146E-01 -1.7179E+00 -3.4851E-01  6.3658E-01
 GRADIENT:   8.3909E-02 -5.0629E-02 -2.1577E-02  1.6770E-02 -1.7372E-02  2.8316E-02  1.5165E-02 -2.6367E-02  4.4405E-02 -2.4939E-03
            -2.4438E-03 -3.4098E-01  2.1706E-02  3.3530E-02  9.4217E-03
 
0ITERATION NO.:   50    OBJECTIVE VALUE:   2435.06011291427        NO. OF FUNC. EVALS.:  13
 CUMULATIVE NO. OF FUNC. EVALS.:      629
 NPARAMETR:  8.3147E+00  2.6405E+01  8.1624E-02  4.0483E+00  1.1188E+02  1.1171E+00  1.6641E+00  1.5181E-01  9.8644E-02 -5.1253E-02
             6.6849E-02 -4.5051E-02  6.8087E-02  4.0777E-02  2.9267E-01
 PARAMETER: -1.2582E-01  1.2722E+00 -8.2056E-01 -9.4299E-01  2.2551E-01  3.3533E-01  1.4182E+00  3.0874E-01  8.0060E-01 -4.1597E-01
            -1.6911E+00 -7.8273E-01 -2.4037E+00 -3.4852E-01  6.3694E-01
 GRADIENT:   1.9076E-03  8.8713E-03  9.9505E-02 -5.5050E-02  1.6311E-02  3.4336E-03 -6.6391E-03  1.2409E-02 -1.2820E-02 -8.7170E-03
             1.9220E-02 -6.0984E-02  2.3440E-03  8.4837E-03  1.1386E-02
 
0ITERATION NO.:   55    OBJECTIVE VALUE:   2435.05895603161        NO. OF FUNC. EVALS.:  12
 CUMULATIVE NO. OF FUNC. EVALS.:      689
 NPARAMETR:  8.3157E+00  2.6408E+01  8.1622E-02  4.0498E+00  1.1185E+02  1.1170E+00  1.6642E+00  1.5179E-01  9.8638E-02 -5.1256E-02
             6.6775E-02 -4.4970E-02  6.8170E-02  4.0782E-02  2.9256E-01
 PARAMETER: -1.2569E-01  1.2724E+00 -8.2058E-01 -9.4260E-01  2.2528E-01  3.3506E-01  1.4184E+00  3.0868E-01  8.0060E-01 -4.1602E-01
            -1.7047E+00 -7.8768E-01 -3.3488E+00 -3.4846E-01  6.3675E-01
 GRADIENT:   1.3141E-02 -9.2025E-03 -1.6781E-02  5.2249E-03 -3.8520E-03  5.2332E-03  3.2993E-03 -5.2177E-03  1.0301E-02  3.1854E-04
            -3.5570E-03 -6.3890E-02  3.8120E-04  8.5263E-03  6.6626E-04
 
0ITERATION NO.:   60    OBJECTIVE VALUE:   2435.05875561393        NO. OF FUNC. EVALS.:  19
 CUMULATIVE NO. OF FUNC. EVALS.:      760
 NPARAMETR:  8.3156E+00  2.6408E+01  8.1623E-02  4.0497E+00  1.1186E+02  1.1170E+00  1.6642E+00  1.5179E-01  9.8634E-02 -5.1255E-02
             6.6777E-02 -4.4975E-02  6.8036E-02  4.0782E-02  2.9258E-01
 PARAMETER: -1.2571E-01  1.2724E+00 -8.2056E-01 -9.4261E-01  2.2530E-01  3.3510E-01  1.4184E+00  3.0868E-01  8.0057E-01 -4.1602E-01
            -1.7037E+00 -7.8734E-01 -4.7685E+00 -3.4846E-01  6.3678E-01
 GRADIENT:  -6.1713E-01 -1.4800E+00 -5.1010E+00 -3.4048E-01 -3.0328E-02 -2.3482E-01 -2.2523E-01 -1.5770E-03  2.6634E-04  5.2085E-03
            -7.5353E-03  5.8232E-02  0.0000E+00 -2.6585E-01 -6.5720E-02
 
0ITERATION NO.:   65    OBJECTIVE VALUE:   2434.96598068645        NO. OF FUNC. EVALS.:  18
 CUMULATIVE NO. OF FUNC. EVALS.:      864
 NPARAMETR:  8.3044E+00  2.6989E+01  8.3529E-02  4.2257E+00  1.1098E+02  1.1197E+00  1.6860E+00  1.5118E-01  9.5888E-02 -5.3558E-02
             6.3282E-02 -4.5237E-02  7.0492E-02  4.0717E-02  2.9574E-01
 PARAMETER: -1.2731E-01  1.3020E+00 -7.9710E-01 -8.9625E-01  2.1641E-01  3.4064E-01  1.4480E+00  3.0666E-01  7.7986E-01 -4.3559E-01
            -1.7466E+00 -7.9344E-01 -5.3264E+00 -3.4926E-01  6.4215E-01
 GRADIENT:  -2.4052E-03 -1.0761E-03  5.6956E-03  6.2274E-04  1.5693E-03 -1.0169E-03 -4.1494E-04  7.8109E-04 -1.1667E-04  2.6667E-04
            -2.0726E-04 -2.0616E-04  0.0000E+00 -4.8067E-03 -5.9823E-04
 
 #TERM:
0MINIMIZATION SUCCESSFUL
 NO. OF FUNCTION EVALUATIONS USED:      864
 NO. OF SIG. DIGITS IN FINAL EST.:  3.4
0PARAMETER ESTIMATE IS NEAR ITS BOUNDARY
 THIS MUST BE ADDRESSED BEFORE THE COVARIANCE STEP CAN BE IMPLEMENTED

 ETABAR IS THE ARITHMETIC MEAN OF THE ETA-ESTIMATES,
 AND THE P-VALUE IS GIVEN FOR THE NULL HYPOTHESIS THAT THE TRUE MEAN IS 0.

 ETABAR:        -7.2185E-04 -6.7110E-04  1.2309E-03
 SE:             5.9635E-02  3.9005E-02  3.9731E-02

 P VAL.:         9.9034E-01  9.8627E-01  9.7528E-01
 
 ETAshrink(%):   1.7624E+00  6.8563E-01  4.1521E+00
 EPSshrink(%):   6.6474E+00  6.6474E+00
 
 #TERE:
 Elapsed estimation time in seconds:    12.88
1
 
 
 
 
 
 
 
 
 
 
 
 
 
 
 
 
 
 
 
 
 ************************************************************************************************************************
 ********************                                                                                ********************
 ********************               FIRST ORDER CONDITIONAL ESTIMATION WITH INTERACTION              ********************
 #OBJT:**************                       MINIMUM VALUE OF OBJECTIVE FUNCTION                      ********************
 ********************                                                                                ********************
 ************************************************************************************************************************
 





 #OBJV:********************************************     2434.966       **************************************************
1
 ************************************************************************************************************************
 ********************                                                                                ********************
 ********************               FIRST ORDER CONDITIONAL ESTIMATION WITH INTERACTION              ********************
 ********************                             FINAL PARAMETER ESTIMATE                           ********************
 ********************                                                                                ********************
 ************************************************************************************************************************
 


 THETA - VECTOR OF FIXED EFFECTS PARAMETERS   *********


         TH 1      TH 2      TH 3      TH 4      TH 5      TH 6      TH 7     
 
         8.30E+00  2.70E+01  8.35E-02  4.23E+00  1.11E+02  1.12E+00  1.69E+00
 


 OMEGA - COV MATRIX FOR RANDOM EFFECTS - ETAS  ********


            ETA1      ETA2      ETA3   
 
 ETA1
+        1.51E-01
 
 ETA2
+        9.59E-02  6.33E-02
 
 ETA3
+       -5.36E-02 -4.52E-02  7.05E-02
 


 SIGMA - COV MATRIX FOR RANDOM EFFECTS - EPSILONS  ****


            EPS1      EPS2   
 
 EPS1
+        4.07E-02
 
 EPS2
+        0.00E+00  2.96E-01
 
1


 OMEGA - CORR MATRIX FOR RANDOM EFFECTS - ETAS  *******


            ETA1      ETA2      ETA3   
 
 ETA1
+        3.89E-01
 
 ETA2
+        9.80E-01  2.52E-01
 
 ETA3
+       -5.19E-01 -6.77E-01  2.66E-01
 


 SIGMA - CORR MATRIX FOR RANDOM EFFECTS - EPSILONS  ***


            EPS1      EPS2   
 
 EPS1
+        2.02E-01
 
 EPS2
+        0.00E+00  5.44E-01
 
Stop Time:
Thu Nov 10 14:59:46 UTC 2011
