Thu Nov 10 14:52:41 UTC 2011
$PROB 1105 phase1 2 CMT like 1004 but diff. initial on V3
$INPUT C ID TIME SEQ=DROP EVID AMT DV SUBJ HOUR TAFD TAD LDOS MDV HEIGHT WT SEX AGE DOSE FED
$DATA ../../data/derived/phase1.csv IGNORE=C
$SUBROUTINE ADVAN4 TRANS4
$PK
 CL=THETA(1)*EXP(ETA(1)) * THETA(6)**SEX * (WT/70)**THETA(7)
 V2 =THETA(2)*EXP(ETA(2))
 KA=THETA(3)*EXP(ETA(3))
 Q  =THETA(4)
 V3=THETA(5)
 S2=V2
 
$ERROR
 Y=F*(1+ERR(1)) + ERR(2)
 IPRE=F

$MSFI =../1005/1005.msf
$SIMULATION ONLYSIM (1968) SUBPROBLEMS=500
$TABLE DV NOHEADER NOPRINT FILE=./1105.tab FORWARD NOAPPEND

NM-TRAN MESSAGES
  
 WARNINGS AND ERRORS (IF ANY) FOR PROBLEM    1
             
 (WARNING  2) NM-TRAN INFERS THAT THE DATA ARE POPULATION.
             
 (WARNING  22) WITH $MSFI AND "SUBPROBS", "TRUE=FINAL" IS ALSO REQUIRED ON
 $SIMUL RECORD. NM-TRAN HAS SUPPLIED THIS OPTION.
 CREATING MUMODEL ROUTINE...

License Registered to: Metrum Research Group
Expiration Date:    14 JUL 2012
Current Date:       10 NOV 2011
Days until program expires : 249
1NONLINEAR MIXED EFFECTS MODEL PROGRAM (NONMEM) VERSION 7.2.0
 ORIGINALLY DEVELOPED BY STUART BEAL, LEWIS SHEINER, AND ALISON BOECKMANN
 CURRENT DEVELOPERS ARE ROBERT BAUER, ICON DEVELOPMENT SOLUTIONS,
 AND ALISON BOECKMANN. IMPLEMENTATION, EFFICIENCY, AND STANDARDIZATION
 PERFORMED BY NOUS INFOSYSTEMS.

 PROBLEM NO.:         1
 1105 phase1 2 CMT like 1004 but diff. initial on V3
0DATA CHECKOUT RUN:              NO
 DATA SET LOCATED ON UNIT NO.:    2
 THIS UNIT TO BE REWOUND:        NO
 NO. OF DATA RECS IN DATA SET:      550
 NO. OF DATA ITEMS IN DATA SET:  18
 ID DATA ITEM IS DATA ITEM NO.:   2
 DEP VARIABLE IS DATA ITEM NO.:   6
 MDV DATA ITEM IS DATA ITEM NO.: 12
0INDICES PASSED TO SUBROUTINE PRED:
   4   3   5   0   0   0   0   0   0   0   0
0LABELS FOR DATA ITEMS:
 C ID TIME EVID AMT DV SUBJ HOUR TAFD TAD LDOS MDV HEIGHT WT SEX AGE DOSE FED
0FORMAT FOR DATA:
 (1(12E6.0/),6E6.0)

 TOT. NO. OF OBS RECS:      510
 TOT. NO. OF INDIVIDUALS:     40
0MODEL SPECIFICATION FILE INPUT
 EST. RESCALED:   NO
0SIMULATION STEP OMITTED:    NO
 OBJ FUNC EVALUATED:         NO
 SIMULATE WITH
   INITIAL ESTIMATE:         NO
   FINAL ESTIMATE:          YES
   PRIOR ROUTINE VAL.:       NO
 SOURCE   1:
   SEED1:          1968   SEED2:             0   PSEUDO-NORMAL
 NUMBER OF SUBPROBLEMS:  500
0TABLES STEP OMITTED:    NO
 NO. OF TABLES:           1
0-- TABLE   1 --
04 COLUMNS APPENDED:     NO
 PRINTED:                NO
 HEADER:                 NO
 FILE TO BE FORWARDED:  YES
0USER-CHOSEN ITEMS:
 DV

 THE FOLLOWING LABELS ARE EQUIVALENT
 PRED=NPRED
 RES=NRES
 WRES=NWRES
1DOUBLE PRECISION PREDPP VERSION 7.2.0

 TWO COMPARTMENT MODEL WITH FIRST-ORDER ABSORPTION (ADVAN4)
0MAXIMUM NO. OF BASIC PK PARAMETERS:   5
0BASIC PK PARAMETERS (AFTER TRANSLATION):
   BASIC PK PARAMETER NO.  1: ELIMINATION RATE (K)
   BASIC PK PARAMETER NO.  2: CENTRAL-TO-PERIPH. RATE (K23)
   BASIC PK PARAMETER NO.  3: PERIPH.-TO-CENTRAL RATE (K32)
   BASIC PK PARAMETER NO.  5: ABSORPTION RATE (KA)
 TRANSLATOR WILL CONVERT PARAMETERS
 CL, V2, Q, V3 TO K, K23, K32 (TRANS4)
0COMPARTMENT ATTRIBUTES
 COMPT. NO.   FUNCTION   INITIAL    ON/OFF      DOSE      DEFAULT    DEFAULT
                         STATUS     ALLOWED    ALLOWED    FOR DOSE   FOR OBS.
    1         DEPOT        OFF        YES        YES        YES        NO
    2         CENTRAL      ON         NO         YES        NO         YES
    3         PERIPH.      ON         NO         YES        NO         NO
    4         OUTPUT       OFF        YES        NO         NO         NO
1
 ADDITIONAL PK PARAMETERS - ASSIGNMENT OF ROWS IN GG
 COMPT. NO.                             INDICES
              SCALE      BIOAVAIL.   ZERO-ORDER  ZERO-ORDER  ABSORB
                         FRACTION    RATE        DURATION    LAG
    1           *           *           *           *           *
    2           6           *           *           *           *
    3           *           *           *           *           *
    4           *           -           -           -           -
             - PARAMETER IS NOT ALLOWED FOR THIS MODEL
             * PARAMETER IS NOT SUPPLIED BY PK SUBROUTINE;
               WILL DEFAULT TO ONE IF APPLICABLE
0DATA ITEM INDICES USED BY PRED ARE:
   EVENT ID DATA ITEM IS DATA ITEM NO.:      4
   TIME DATA ITEM IS DATA ITEM NO.:          3
   DOSE AMOUNT DATA ITEM IS DATA ITEM NO.:   5

0PK SUBROUTINE CALLED WITH EVERY EVENT RECORD.
 PK SUBROUTINE NOT CALLED AT NONEVENT (ADDITIONAL OR LAGGED) DOSE TIMES.
0ERROR SUBROUTINE CALLED WITH EVERY EVENT RECORD.
1
 PROBLEM NO.:         1     SUBPROBLEM NO.:      1

 SIMULATION STEP PERFORMED
 SOURCE  1:
    SEED1:    1171163560   SEED2:             0
1
 PROBLEM NO.:         1     SUBPROBLEM NO.:      2

 SIMULATION STEP PERFORMED
 SOURCE  1:
    SEED1:     974531749   SEED2:             0
1
 PROBLEM NO.:         1     SUBPROBLEM NO.:      3

 SIMULATION STEP PERFORMED
 SOURCE  1:
    SEED1:     647098377   SEED2:             0
1
 PROBLEM NO.:         1     SUBPROBLEM NO.:      4

 SIMULATION STEP PERFORMED
 SOURCE  1:
    SEED1:    1682789758   SEED2:             0
1
 PROBLEM NO.:         1     SUBPROBLEM NO.:      5

 SIMULATION STEP PERFORMED
 SOURCE  1:
    SEED1:      46219133   SEED2:             0
1
 PROBLEM NO.:         1     SUBPROBLEM NO.:      6

 SIMULATION STEP PERFORMED
 SOURCE  1:
    SEED1:    2123501806   SEED2:             0
1
 PROBLEM NO.:         1     SUBPROBLEM NO.:      7

 SIMULATION STEP PERFORMED
 SOURCE  1:
    SEED1:     526551038   SEED2:             0
1
 PROBLEM NO.:         1     SUBPROBLEM NO.:      8

 SIMULATION STEP PERFORMED
 SOURCE  1:
    SEED1:     596417625   SEED2:             0
1
 PROBLEM NO.:         1     SUBPROBLEM NO.:      9

 SIMULATION STEP PERFORMED
 SOURCE  1:
    SEED1:     705904353   SEED2:             0
1
 PROBLEM NO.:         1     SUBPROBLEM NO.:     10

 SIMULATION STEP PERFORMED
 SOURCE  1:
    SEED1:    1979969633   SEED2:             0
1
 PROBLEM NO.:         1     SUBPROBLEM NO.:     11

 SIMULATION STEP PERFORMED
 SOURCE  1:
    SEED1:    2146133639   SEED2:             0
1
 PROBLEM NO.:         1     SUBPROBLEM NO.:     12

 SIMULATION STEP PERFORMED
 SOURCE  1:
    SEED1:    1004090337   SEED2:             0
1
 PROBLEM NO.:         1     SUBPROBLEM NO.:     13

 SIMULATION STEP PERFORMED
 SOURCE  1:
    SEED1:     938501065   SEED2:             0
1
 PROBLEM NO.:         1     SUBPROBLEM NO.:     14

 SIMULATION STEP PERFORMED
 SOURCE  1:
    SEED1:     658969538   SEED2:             0
1
 PROBLEM NO.:         1     SUBPROBLEM NO.:     15

 SIMULATION STEP PERFORMED
 SOURCE  1:
    SEED1:    1126304875   SEED2:             0
1
 PROBLEM NO.:         1     SUBPROBLEM NO.:     16

 SIMULATION STEP PERFORMED
 SOURCE  1:
    SEED1:    1179048721   SEED2:             0
1
 PROBLEM NO.:         1     SUBPROBLEM NO.:     17

 SIMULATION STEP PERFORMED
 SOURCE  1:
    SEED1:     135417538   SEED2:             0
1
 PROBLEM NO.:         1     SUBPROBLEM NO.:     18

 SIMULATION STEP PERFORMED
 SOURCE  1:
    SEED1:    2105529298   SEED2:             0
1
 PROBLEM NO.:         1     SUBPROBLEM NO.:     19

 SIMULATION STEP PERFORMED
 SOURCE  1:
    SEED1:     646175762   SEED2:             0
1
 PROBLEM NO.:         1     SUBPROBLEM NO.:     20

 SIMULATION STEP PERFORMED
 SOURCE  1:
    SEED1:     702433339   SEED2:             0
1
 PROBLEM NO.:         1     SUBPROBLEM NO.:     21

 SIMULATION STEP PERFORMED
 SOURCE  1:
    SEED1:     343829241   SEED2:             0
1
 PROBLEM NO.:         1     SUBPROBLEM NO.:     22

 SIMULATION STEP PERFORMED
 SOURCE  1:
    SEED1:    1746661231   SEED2:             0
1
 PROBLEM NO.:         1     SUBPROBLEM NO.:     23

 SIMULATION STEP PERFORMED
 SOURCE  1:
    SEED1:     687631970   SEED2:             0
1
 PROBLEM NO.:         1     SUBPROBLEM NO.:     24

 SIMULATION STEP PERFORMED
 SOURCE  1:
    SEED1:     618301293   SEED2:             0
1
 PROBLEM NO.:         1     SUBPROBLEM NO.:     25

 SIMULATION STEP PERFORMED
 SOURCE  1:
    SEED1:    1411065255   SEED2:             0
1
 PROBLEM NO.:         1     SUBPROBLEM NO.:     26

 SIMULATION STEP PERFORMED
 SOURCE  1:
    SEED1:    1790031902   SEED2:             0
1
 PROBLEM NO.:         1     SUBPROBLEM NO.:     27

 SIMULATION STEP PERFORMED
 SOURCE  1:
    SEED1:     963739276   SEED2:             0
1
 PROBLEM NO.:         1     SUBPROBLEM NO.:     28

 SIMULATION STEP PERFORMED
 SOURCE  1:
    SEED1:    1106743723   SEED2:             0
1
 PROBLEM NO.:         1     SUBPROBLEM NO.:     29

 SIMULATION STEP PERFORMED
 SOURCE  1:
    SEED1:    1098242697   SEED2:             0
1
 PROBLEM NO.:         1     SUBPROBLEM NO.:     30

 SIMULATION STEP PERFORMED
 SOURCE  1:
    SEED1:     811736218   SEED2:             0
1
 PROBLEM NO.:         1     SUBPROBLEM NO.:     31

 SIMULATION STEP PERFORMED
 SOURCE  1:
    SEED1:    1128046130   SEED2:             0
1
 PROBLEM NO.:         1     SUBPROBLEM NO.:     32

 SIMULATION STEP PERFORMED
 SOURCE  1:
    SEED1:    1227561467   SEED2:             0
1
 PROBLEM NO.:         1     SUBPROBLEM NO.:     33

 SIMULATION STEP PERFORMED
 SOURCE  1:
    SEED1:      25746113   SEED2:             0
1
 PROBLEM NO.:         1     SUBPROBLEM NO.:     34

 SIMULATION STEP PERFORMED
 SOURCE  1:
    SEED1:     186152247   SEED2:             0
1
 PROBLEM NO.:         1     SUBPROBLEM NO.:     35

 SIMULATION STEP PERFORMED
 SOURCE  1:
    SEED1:     666809833   SEED2:             0
1
 PROBLEM NO.:         1     SUBPROBLEM NO.:     36

 SIMULATION STEP PERFORMED
 SOURCE  1:
    SEED1:     631606530   SEED2:             0
1
 PROBLEM NO.:         1     SUBPROBLEM NO.:     37

 SIMULATION STEP PERFORMED
 SOURCE  1:
    SEED1:    1081135090   SEED2:             0
1
 PROBLEM NO.:         1     SUBPROBLEM NO.:     38

 SIMULATION STEP PERFORMED
 SOURCE  1:
    SEED1:    1035236019   SEED2:             0
1
 PROBLEM NO.:         1     SUBPROBLEM NO.:     39

 SIMULATION STEP PERFORMED
 SOURCE  1:
    SEED1:    1328507359   SEED2:             0
1
 PROBLEM NO.:         1     SUBPROBLEM NO.:     40

 SIMULATION STEP PERFORMED
 SOURCE  1:
    SEED1:     420780786   SEED2:             0
1
 PROBLEM NO.:         1     SUBPROBLEM NO.:     41

 SIMULATION STEP PERFORMED
 SOURCE  1:
    SEED1:     760455060   SEED2:             0
1
 PROBLEM NO.:         1     SUBPROBLEM NO.:     42

 SIMULATION STEP PERFORMED
 SOURCE  1:
    SEED1:    1808981920   SEED2:             0
1
 PROBLEM NO.:         1     SUBPROBLEM NO.:     43

 SIMULATION STEP PERFORMED
 SOURCE  1:
    SEED1:    1870127737   SEED2:             0
1
 PROBLEM NO.:         1     SUBPROBLEM NO.:     44

 SIMULATION STEP PERFORMED
 SOURCE  1:
    SEED1:    2128711841   SEED2:             0
1
 PROBLEM NO.:         1     SUBPROBLEM NO.:     45

 SIMULATION STEP PERFORMED
 SOURCE  1:
    SEED1:    1335682735   SEED2:             0
1
 PROBLEM NO.:         1     SUBPROBLEM NO.:     46

 SIMULATION STEP PERFORMED
 SOURCE  1:
    SEED1:    1942727074   SEED2:             0
1
 PROBLEM NO.:         1     SUBPROBLEM NO.:     47

 SIMULATION STEP PERFORMED
 SOURCE  1:
    SEED1:    1308119394   SEED2:             0
1
 PROBLEM NO.:         1     SUBPROBLEM NO.:     48

 SIMULATION STEP PERFORMED
 SOURCE  1:
    SEED1:    1951339345   SEED2:             0
1
 PROBLEM NO.:         1     SUBPROBLEM NO.:     49

 SIMULATION STEP PERFORMED
 SOURCE  1:
    SEED1:    1739961329   SEED2:             0
1
 PROBLEM NO.:         1     SUBPROBLEM NO.:     50

 SIMULATION STEP PERFORMED
 SOURCE  1:
    SEED1:     941212292   SEED2:             0
1
 PROBLEM NO.:         1     SUBPROBLEM NO.:     51

 SIMULATION STEP PERFORMED
 SOURCE  1:
    SEED1:    1263225604   SEED2:             0
1
 PROBLEM NO.:         1     SUBPROBLEM NO.:     52

 SIMULATION STEP PERFORMED
 SOURCE  1:
    SEED1:     653210314   SEED2:             0
1
 PROBLEM NO.:         1     SUBPROBLEM NO.:     53

 SIMULATION STEP PERFORMED
 SOURCE  1:
    SEED1:    2136477302   SEED2:             0
1
 PROBLEM NO.:         1     SUBPROBLEM NO.:     54

 SIMULATION STEP PERFORMED
 SOURCE  1:
    SEED1:     391535960   SEED2:             0
1
 PROBLEM NO.:         1     SUBPROBLEM NO.:     55

 SIMULATION STEP PERFORMED
 SOURCE  1:
    SEED1:     393737476   SEED2:             0
1
 PROBLEM NO.:         1     SUBPROBLEM NO.:     56

 SIMULATION STEP PERFORMED
 SOURCE  1:
    SEED1:    1728214039   SEED2:             0
1
 PROBLEM NO.:         1     SUBPROBLEM NO.:     57

 SIMULATION STEP PERFORMED
 SOURCE  1:
    SEED1:     898599129   SEED2:             0
1
 PROBLEM NO.:         1     SUBPROBLEM NO.:     58

 SIMULATION STEP PERFORMED
 SOURCE  1:
    SEED1:    2138065702   SEED2:             0
1
 PROBLEM NO.:         1     SUBPROBLEM NO.:     59

 SIMULATION STEP PERFORMED
 SOURCE  1:
    SEED1:     830864236   SEED2:             0
1
 PROBLEM NO.:         1     SUBPROBLEM NO.:     60

 SIMULATION STEP PERFORMED
 SOURCE  1:
    SEED1:    2090156295   SEED2:             0
1
 PROBLEM NO.:         1     SUBPROBLEM NO.:     61

 SIMULATION STEP PERFORMED
 SOURCE  1:
    SEED1:     600402033   SEED2:             0
1
 PROBLEM NO.:         1     SUBPROBLEM NO.:     62

 SIMULATION STEP PERFORMED
 SOURCE  1:
    SEED1:    1385488694   SEED2:             0
1
 PROBLEM NO.:         1     SUBPROBLEM NO.:     63

 SIMULATION STEP PERFORMED
 SOURCE  1:
    SEED1:    1974687833   SEED2:             0
1
 PROBLEM NO.:         1     SUBPROBLEM NO.:     64

 SIMULATION STEP PERFORMED
 SOURCE  1:
    SEED1:     487875832   SEED2:             0
1
 PROBLEM NO.:         1     SUBPROBLEM NO.:     65

 SIMULATION STEP PERFORMED
 SOURCE  1:
    SEED1:    1019512878   SEED2:             0
1
 PROBLEM NO.:         1     SUBPROBLEM NO.:     66

 SIMULATION STEP PERFORMED
 SOURCE  1:
    SEED1:     888595763   SEED2:             0
1
 PROBLEM NO.:         1     SUBPROBLEM NO.:     67

 SIMULATION STEP PERFORMED
 SOURCE  1:
    SEED1:    1995104297   SEED2:             0
1
 PROBLEM NO.:         1     SUBPROBLEM NO.:     68

 SIMULATION STEP PERFORMED
 SOURCE  1:
    SEED1:    1295076128   SEED2:             0
1
 PROBLEM NO.:         1     SUBPROBLEM NO.:     69

 SIMULATION STEP PERFORMED
 SOURCE  1:
    SEED1:     987054431   SEED2:             0
1
 PROBLEM NO.:         1     SUBPROBLEM NO.:     70

 SIMULATION STEP PERFORMED
 SOURCE  1:
    SEED1:     419170075   SEED2:             0
1
 PROBLEM NO.:         1     SUBPROBLEM NO.:     71

 SIMULATION STEP PERFORMED
 SOURCE  1:
    SEED1:     373885953   SEED2:             0
1
 PROBLEM NO.:         1     SUBPROBLEM NO.:     72

 SIMULATION STEP PERFORMED
 SOURCE  1:
    SEED1:    1422255403   SEED2:             0
1
 PROBLEM NO.:         1     SUBPROBLEM NO.:     73

 SIMULATION STEP PERFORMED
 SOURCE  1:
    SEED1:    1616540542   SEED2:             0
1
 PROBLEM NO.:         1     SUBPROBLEM NO.:     74

 SIMULATION STEP PERFORMED
 SOURCE  1:
    SEED1:    1348154191   SEED2:             0
1
 PROBLEM NO.:         1     SUBPROBLEM NO.:     75

 SIMULATION STEP PERFORMED
 SOURCE  1:
    SEED1:     893239288   SEED2:             0
1
 PROBLEM NO.:         1     SUBPROBLEM NO.:     76

 SIMULATION STEP PERFORMED
 SOURCE  1:
    SEED1:    1762109419   SEED2:             0
1
 PROBLEM NO.:         1     SUBPROBLEM NO.:     77

 SIMULATION STEP PERFORMED
 SOURCE  1:
    SEED1:    1156036010   SEED2:             0
1
 PROBLEM NO.:         1     SUBPROBLEM NO.:     78

 SIMULATION STEP PERFORMED
 SOURCE  1:
    SEED1:      70643788   SEED2:             0
1
 PROBLEM NO.:         1     SUBPROBLEM NO.:     79

 SIMULATION STEP PERFORMED
 SOURCE  1:
    SEED1:    1517830351   SEED2:             0
1
 PROBLEM NO.:         1     SUBPROBLEM NO.:     80

 SIMULATION STEP PERFORMED
 SOURCE  1:
    SEED1:     501649911   SEED2:             0
1
 PROBLEM NO.:         1     SUBPROBLEM NO.:     81

 SIMULATION STEP PERFORMED
 SOURCE  1:
    SEED1:     438897173   SEED2:             0
1
 PROBLEM NO.:         1     SUBPROBLEM NO.:     82

 SIMULATION STEP PERFORMED
 SOURCE  1:
    SEED1:    1926971464   SEED2:             0
1
 PROBLEM NO.:         1     SUBPROBLEM NO.:     83

 SIMULATION STEP PERFORMED
 SOURCE  1:
    SEED1:     375559517   SEED2:             0
1
 PROBLEM NO.:         1     SUBPROBLEM NO.:     84

 SIMULATION STEP PERFORMED
 SOURCE  1:
    SEED1:    1631896885   SEED2:             0
1
 PROBLEM NO.:         1     SUBPROBLEM NO.:     85

 SIMULATION STEP PERFORMED
 SOURCE  1:
    SEED1:     244031448   SEED2:             0
1
 PROBLEM NO.:         1     SUBPROBLEM NO.:     86

 SIMULATION STEP PERFORMED
 SOURCE  1:
    SEED1:    1733133427   SEED2:             0
1
 PROBLEM NO.:         1     SUBPROBLEM NO.:     87

 SIMULATION STEP PERFORMED
 SOURCE  1:
    SEED1:    1999239115   SEED2:             0
1
 PROBLEM NO.:         1     SUBPROBLEM NO.:     88

 SIMULATION STEP PERFORMED
 SOURCE  1:
    SEED1:    1935845963   SEED2:             0
1
 PROBLEM NO.:         1     SUBPROBLEM NO.:     89

 SIMULATION STEP PERFORMED
 SOURCE  1:
    SEED1:     704951346   SEED2:             0
1
 PROBLEM NO.:         1     SUBPROBLEM NO.:     90

 SIMULATION STEP PERFORMED
 SOURCE  1:
    SEED1:     128017228   SEED2:             0
1
 PROBLEM NO.:         1     SUBPROBLEM NO.:     91

 SIMULATION STEP PERFORMED
 SOURCE  1:
    SEED1:    1911301432   SEED2:             0
1
 PROBLEM NO.:         1     SUBPROBLEM NO.:     92

 SIMULATION STEP PERFORMED
 SOURCE  1:
    SEED1:    1659546965   SEED2:             0
1
 PROBLEM NO.:         1     SUBPROBLEM NO.:     93

 SIMULATION STEP PERFORMED
 SOURCE  1:
    SEED1:    1702496217   SEED2:             0
1
 PROBLEM NO.:         1     SUBPROBLEM NO.:     94

 SIMULATION STEP PERFORMED
 SOURCE  1:
    SEED1:    1634442191   SEED2:             0
1
 PROBLEM NO.:         1     SUBPROBLEM NO.:     95

 SIMULATION STEP PERFORMED
 SOURCE  1:
    SEED1:     970944719   SEED2:             0
1
 PROBLEM NO.:         1     SUBPROBLEM NO.:     96

 SIMULATION STEP PERFORMED
 SOURCE  1:
    SEED1:    2093461824   SEED2:             0
1
 PROBLEM NO.:         1     SUBPROBLEM NO.:     97

 SIMULATION STEP PERFORMED
 SOURCE  1:
    SEED1:     453721864   SEED2:             0
1
 PROBLEM NO.:         1     SUBPROBLEM NO.:     98

 SIMULATION STEP PERFORMED
 SOURCE  1:
    SEED1:    2018068041   SEED2:             0
1
 PROBLEM NO.:         1     SUBPROBLEM NO.:     99

 SIMULATION STEP PERFORMED
 SOURCE  1:
    SEED1:     861264880   SEED2:             0
1
 PROBLEM NO.:         1     SUBPROBLEM NO.:    100

 SIMULATION STEP PERFORMED
 SOURCE  1:
    SEED1:     596700847   SEED2:             0
1
 PROBLEM NO.:         1     SUBPROBLEM NO.:    101

 SIMULATION STEP PERFORMED
 SOURCE  1:
    SEED1:    1312084527   SEED2:             0
1
 PROBLEM NO.:         1     SUBPROBLEM NO.:    102

 SIMULATION STEP PERFORMED
 SOURCE  1:
    SEED1:    1295380238   SEED2:             0
1
 PROBLEM NO.:         1     SUBPROBLEM NO.:    103

 SIMULATION STEP PERFORMED
 SOURCE  1:
    SEED1:    1208690139   SEED2:             0
1
 PROBLEM NO.:         1     SUBPROBLEM NO.:    104

 SIMULATION STEP PERFORMED
 SOURCE  1:
    SEED1:    1531799811   SEED2:             0
1
 PROBLEM NO.:         1     SUBPROBLEM NO.:    105

 SIMULATION STEP PERFORMED
 SOURCE  1:
    SEED1:    1512073917   SEED2:             0
1
 PROBLEM NO.:         1     SUBPROBLEM NO.:    106

 SIMULATION STEP PERFORMED
 SOURCE  1:
    SEED1:    2124607923   SEED2:             0
1
 PROBLEM NO.:         1     SUBPROBLEM NO.:    107

 SIMULATION STEP PERFORMED
 SOURCE  1:
    SEED1:     646676266   SEED2:             0
1
 PROBLEM NO.:         1     SUBPROBLEM NO.:    108

 SIMULATION STEP PERFORMED
 SOURCE  1:
    SEED1:    1171245882   SEED2:             0
1
 PROBLEM NO.:         1     SUBPROBLEM NO.:    109

 SIMULATION STEP PERFORMED
 SOURCE  1:
    SEED1:     851860307   SEED2:             0
1
 PROBLEM NO.:         1     SUBPROBLEM NO.:    110

 SIMULATION STEP PERFORMED
 SOURCE  1:
    SEED1:     516006161   SEED2:             0
1
 PROBLEM NO.:         1     SUBPROBLEM NO.:    111

 SIMULATION STEP PERFORMED
 SOURCE  1:
    SEED1:    1796250908   SEED2:             0
1
 PROBLEM NO.:         1     SUBPROBLEM NO.:    112

 SIMULATION STEP PERFORMED
 SOURCE  1:
    SEED1:     229918630   SEED2:             0
1
 PROBLEM NO.:         1     SUBPROBLEM NO.:    113

 SIMULATION STEP PERFORMED
 SOURCE  1:
    SEED1:    2094881821   SEED2:             0
1
 PROBLEM NO.:         1     SUBPROBLEM NO.:    114

 SIMULATION STEP PERFORMED
 SOURCE  1:
    SEED1:    1755981133   SEED2:             0
1
 PROBLEM NO.:         1     SUBPROBLEM NO.:    115

 SIMULATION STEP PERFORMED
 SOURCE  1:
    SEED1:     409709003   SEED2:             0
1
 PROBLEM NO.:         1     SUBPROBLEM NO.:    116

 SIMULATION STEP PERFORMED
 SOURCE  1:
    SEED1:     480215323   SEED2:             0
1
 PROBLEM NO.:         1     SUBPROBLEM NO.:    117

 SIMULATION STEP PERFORMED
 SOURCE  1:
    SEED1:    2039174296   SEED2:             0
1
 PROBLEM NO.:         1     SUBPROBLEM NO.:    118

 SIMULATION STEP PERFORMED
 SOURCE  1:
    SEED1:     119216314   SEED2:             0
1
 PROBLEM NO.:         1     SUBPROBLEM NO.:    119

 SIMULATION STEP PERFORMED
 SOURCE  1:
    SEED1:     860323035   SEED2:             0
1
 PROBLEM NO.:         1     SUBPROBLEM NO.:    120

 SIMULATION STEP PERFORMED
 SOURCE  1:
    SEED1:    1581183755   SEED2:             0
1
 PROBLEM NO.:         1     SUBPROBLEM NO.:    121

 SIMULATION STEP PERFORMED
 SOURCE  1:
    SEED1:     199200681   SEED2:             0
1
 PROBLEM NO.:         1     SUBPROBLEM NO.:    122

 SIMULATION STEP PERFORMED
 SOURCE  1:
    SEED1:     795724771   SEED2:             0
1
 PROBLEM NO.:         1     SUBPROBLEM NO.:    123

 SIMULATION STEP PERFORMED
 SOURCE  1:
    SEED1:    2067243673   SEED2:             0
1
 PROBLEM NO.:         1     SUBPROBLEM NO.:    124

 SIMULATION STEP PERFORMED
 SOURCE  1:
    SEED1:    1147890992   SEED2:             0
1
 PROBLEM NO.:         1     SUBPROBLEM NO.:    125

 SIMULATION STEP PERFORMED
 SOURCE  1:
    SEED1:    1436752609   SEED2:             0
1
 PROBLEM NO.:         1     SUBPROBLEM NO.:    126

 SIMULATION STEP PERFORMED
 SOURCE  1:
    SEED1:     573845409   SEED2:             0
1
 PROBLEM NO.:         1     SUBPROBLEM NO.:    127

 SIMULATION STEP PERFORMED
 SOURCE  1:
    SEED1:    1565148392   SEED2:             0
1
 PROBLEM NO.:         1     SUBPROBLEM NO.:    128

 SIMULATION STEP PERFORMED
 SOURCE  1:
    SEED1:     157449905   SEED2:             0
1
 PROBLEM NO.:         1     SUBPROBLEM NO.:    129

 SIMULATION STEP PERFORMED
 SOURCE  1:
    SEED1:     644993460   SEED2:             0
1
 PROBLEM NO.:         1     SUBPROBLEM NO.:    130

 SIMULATION STEP PERFORMED
 SOURCE  1:
    SEED1:     786719530   SEED2:             0
1
 PROBLEM NO.:         1     SUBPROBLEM NO.:    131

 SIMULATION STEP PERFORMED
 SOURCE  1:
    SEED1:     439125877   SEED2:             0
1
 PROBLEM NO.:         1     SUBPROBLEM NO.:    132

 SIMULATION STEP PERFORMED
 SOURCE  1:
    SEED1:    1027034461   SEED2:             0
1
 PROBLEM NO.:         1     SUBPROBLEM NO.:    133

 SIMULATION STEP PERFORMED
 SOURCE  1:
    SEED1:     351843407   SEED2:             0
1
 PROBLEM NO.:         1     SUBPROBLEM NO.:    134

 SIMULATION STEP PERFORMED
 SOURCE  1:
    SEED1:    1513033045   SEED2:             0
1
 PROBLEM NO.:         1     SUBPROBLEM NO.:    135

 SIMULATION STEP PERFORMED
 SOURCE  1:
    SEED1:     975956521   SEED2:             0
1
 PROBLEM NO.:         1     SUBPROBLEM NO.:    136

 SIMULATION STEP PERFORMED
 SOURCE  1:
    SEED1:    1639587944   SEED2:             0
1
 PROBLEM NO.:         1     SUBPROBLEM NO.:    137

 SIMULATION STEP PERFORMED
 SOURCE  1:
    SEED1:     469339825   SEED2:             0
1
 PROBLEM NO.:         1     SUBPROBLEM NO.:    138

 SIMULATION STEP PERFORMED
 SOURCE  1:
    SEED1:    1408739012   SEED2:             0
1
 PROBLEM NO.:         1     SUBPROBLEM NO.:    139

 SIMULATION STEP PERFORMED
 SOURCE  1:
    SEED1:    1505501760   SEED2:             0
1
 PROBLEM NO.:         1     SUBPROBLEM NO.:    140

 SIMULATION STEP PERFORMED
 SOURCE  1:
    SEED1:     767269744   SEED2:             0
1
 PROBLEM NO.:         1     SUBPROBLEM NO.:    141

 SIMULATION STEP PERFORMED
 SOURCE  1:
    SEED1:    1265301882   SEED2:             0
1
 PROBLEM NO.:         1     SUBPROBLEM NO.:    142

 SIMULATION STEP PERFORMED
 SOURCE  1:
    SEED1:     158300988   SEED2:             0
1
 PROBLEM NO.:         1     SUBPROBLEM NO.:    143

 SIMULATION STEP PERFORMED
 SOURCE  1:
    SEED1:    1639440360   SEED2:             0
1
 PROBLEM NO.:         1     SUBPROBLEM NO.:    144

 SIMULATION STEP PERFORMED
 SOURCE  1:
    SEED1:    1613762489   SEED2:             0
1
 PROBLEM NO.:         1     SUBPROBLEM NO.:    145

 SIMULATION STEP PERFORMED
 SOURCE  1:
    SEED1:    1114255041   SEED2:             0
1
 PROBLEM NO.:         1     SUBPROBLEM NO.:    146

 SIMULATION STEP PERFORMED
 SOURCE  1:
    SEED1:    1951487129   SEED2:             0
1
 PROBLEM NO.:         1     SUBPROBLEM NO.:    147

 SIMULATION STEP PERFORMED
 SOURCE  1:
    SEED1:     470130319   SEED2:             0
1
 PROBLEM NO.:         1     SUBPROBLEM NO.:    148

 SIMULATION STEP PERFORMED
 SOURCE  1:
    SEED1:     645094985   SEED2:             0
1
 PROBLEM NO.:         1     SUBPROBLEM NO.:    149

 SIMULATION STEP PERFORMED
 SOURCE  1:
    SEED1:    1013946390   SEED2:             0
1
 PROBLEM NO.:         1     SUBPROBLEM NO.:    150

 SIMULATION STEP PERFORMED
 SOURCE  1:
    SEED1:    1819733624   SEED2:             0
1
 PROBLEM NO.:         1     SUBPROBLEM NO.:    151

 SIMULATION STEP PERFORMED
 SOURCE  1:
    SEED1:    1827313175   SEED2:             0
1
 PROBLEM NO.:         1     SUBPROBLEM NO.:    152

 SIMULATION STEP PERFORMED
 SOURCE  1:
    SEED1:    1707125851   SEED2:             0
1
 PROBLEM NO.:         1     SUBPROBLEM NO.:    153

 SIMULATION STEP PERFORMED
 SOURCE  1:
    SEED1:      39985680   SEED2:             0
1
 PROBLEM NO.:         1     SUBPROBLEM NO.:    154

 SIMULATION STEP PERFORMED
 SOURCE  1:
    SEED1:    1758596675   SEED2:             0
1
 PROBLEM NO.:         1     SUBPROBLEM NO.:    155

 SIMULATION STEP PERFORMED
 SOURCE  1:
    SEED1:     560788341   SEED2:             0
1
 PROBLEM NO.:         1     SUBPROBLEM NO.:    156

 SIMULATION STEP PERFORMED
 SOURCE  1:
    SEED1:     278811791   SEED2:             0
1
 PROBLEM NO.:         1     SUBPROBLEM NO.:    157

 SIMULATION STEP PERFORMED
 SOURCE  1:
    SEED1:    1497692948   SEED2:             0
1
 PROBLEM NO.:         1     SUBPROBLEM NO.:    158

 SIMULATION STEP PERFORMED
 SOURCE  1:
    SEED1:     783741617   SEED2:             0
1
 PROBLEM NO.:         1     SUBPROBLEM NO.:    159

 SIMULATION STEP PERFORMED
 SOURCE  1:
    SEED1:     112741900   SEED2:             0
1
 PROBLEM NO.:         1     SUBPROBLEM NO.:    160

 SIMULATION STEP PERFORMED
 SOURCE  1:
    SEED1:    1285639753   SEED2:             0
1
 PROBLEM NO.:         1     SUBPROBLEM NO.:    161

 SIMULATION STEP PERFORMED
 SOURCE  1:
    SEED1:    1133640963   SEED2:             0
1
 PROBLEM NO.:         1     SUBPROBLEM NO.:    162

 SIMULATION STEP PERFORMED
 SOURCE  1:
    SEED1:     883910951   SEED2:             0
1
 PROBLEM NO.:         1     SUBPROBLEM NO.:    163

 SIMULATION STEP PERFORMED
 SOURCE  1:
    SEED1:    1638297714   SEED2:             0
1
 PROBLEM NO.:         1     SUBPROBLEM NO.:    164

 SIMULATION STEP PERFORMED
 SOURCE  1:
    SEED1:     540301298   SEED2:             0
1
 PROBLEM NO.:         1     SUBPROBLEM NO.:    165

 SIMULATION STEP PERFORMED
 SOURCE  1:
    SEED1:    1615435439   SEED2:             0
1
 PROBLEM NO.:         1     SUBPROBLEM NO.:    166

 SIMULATION STEP PERFORMED
 SOURCE  1:
    SEED1:    1150554397   SEED2:             0
1
 PROBLEM NO.:         1     SUBPROBLEM NO.:    167

 SIMULATION STEP PERFORMED
 SOURCE  1:
    SEED1:    2005576902   SEED2:             0
1
 PROBLEM NO.:         1     SUBPROBLEM NO.:    168

 SIMULATION STEP PERFORMED
 SOURCE  1:
    SEED1:    1432337665   SEED2:             0
1
 PROBLEM NO.:         1     SUBPROBLEM NO.:    169

 SIMULATION STEP PERFORMED
 SOURCE  1:
    SEED1:     907447385   SEED2:             0
1
 PROBLEM NO.:         1     SUBPROBLEM NO.:    170

 SIMULATION STEP PERFORMED
 SOURCE  1:
    SEED1:     948475526   SEED2:             0
1
 PROBLEM NO.:         1     SUBPROBLEM NO.:    171

 SIMULATION STEP PERFORMED
 SOURCE  1:
    SEED1:    1854077155   SEED2:             0
1
 PROBLEM NO.:         1     SUBPROBLEM NO.:    172

 SIMULATION STEP PERFORMED
 SOURCE  1:
    SEED1:     441519353   SEED2:             0
1
 PROBLEM NO.:         1     SUBPROBLEM NO.:    173

 SIMULATION STEP PERFORMED
 SOURCE  1:
    SEED1:     965174577   SEED2:             0
1
 PROBLEM NO.:         1     SUBPROBLEM NO.:    174

 SIMULATION STEP PERFORMED
 SOURCE  1:
    SEED1:      28301410   SEED2:             0
1
 PROBLEM NO.:         1     SUBPROBLEM NO.:    175

 SIMULATION STEP PERFORMED
 SOURCE  1:
    SEED1:     425022604   SEED2:             0
1
 PROBLEM NO.:         1     SUBPROBLEM NO.:    176

 SIMULATION STEP PERFORMED
 SOURCE  1:
    SEED1:     879752842   SEED2:             0
1
 PROBLEM NO.:         1     SUBPROBLEM NO.:    177

 SIMULATION STEP PERFORMED
 SOURCE  1:
    SEED1:    1235291214   SEED2:             0
1
 PROBLEM NO.:         1     SUBPROBLEM NO.:    178

 SIMULATION STEP PERFORMED
 SOURCE  1:
    SEED1:    1590069112   SEED2:             0
1
 PROBLEM NO.:         1     SUBPROBLEM NO.:    179

 SIMULATION STEP PERFORMED
 SOURCE  1:
    SEED1:     635070749   SEED2:             0
1
 PROBLEM NO.:         1     SUBPROBLEM NO.:    180

 SIMULATION STEP PERFORMED
 SOURCE  1:
    SEED1:     428198914   SEED2:             0
1
 PROBLEM NO.:         1     SUBPROBLEM NO.:    181

 SIMULATION STEP PERFORMED
 SOURCE  1:
    SEED1:    1850911477   SEED2:             0
1
 PROBLEM NO.:         1     SUBPROBLEM NO.:    182

 SIMULATION STEP PERFORMED
 SOURCE  1:
    SEED1:    1135889595   SEED2:             0
1
 PROBLEM NO.:         1     SUBPROBLEM NO.:    183

 SIMULATION STEP PERFORMED
 SOURCE  1:
    SEED1:    1536869579   SEED2:             0
1
 PROBLEM NO.:         1     SUBPROBLEM NO.:    184

 SIMULATION STEP PERFORMED
 SOURCE  1:
    SEED1:    1089472096   SEED2:             0
1
 PROBLEM NO.:         1     SUBPROBLEM NO.:    185

 SIMULATION STEP PERFORMED
 SOURCE  1:
    SEED1:    1519408726   SEED2:             0
1
 PROBLEM NO.:         1     SUBPROBLEM NO.:    186

 SIMULATION STEP PERFORMED
 SOURCE  1:
    SEED1:    1321491501   SEED2:             0
1
 PROBLEM NO.:         1     SUBPROBLEM NO.:    187

 SIMULATION STEP PERFORMED
 SOURCE  1:
    SEED1:    1137563082   SEED2:             0
1
 PROBLEM NO.:         1     SUBPROBLEM NO.:    188

 SIMULATION STEP PERFORMED
 SOURCE  1:
    SEED1:     871375306   SEED2:             0
1
 PROBLEM NO.:         1     SUBPROBLEM NO.:    189

 SIMULATION STEP PERFORMED
 SOURCE  1:
    SEED1:    1039561154   SEED2:             0
1
 PROBLEM NO.:         1     SUBPROBLEM NO.:    190

 SIMULATION STEP PERFORMED
 SOURCE  1:
    SEED1:     808601360   SEED2:             0
1
 PROBLEM NO.:         1     SUBPROBLEM NO.:    191

 SIMULATION STEP PERFORMED
 SOURCE  1:
    SEED1:    1394846347   SEED2:             0
1
 PROBLEM NO.:         1     SUBPROBLEM NO.:    192

 SIMULATION STEP PERFORMED
 SOURCE  1:
    SEED1:    1840906162   SEED2:             0
1
 PROBLEM NO.:         1     SUBPROBLEM NO.:    193

 SIMULATION STEP PERFORMED
 SOURCE  1:
    SEED1:     260822403   SEED2:             0
1
 PROBLEM NO.:         1     SUBPROBLEM NO.:    194

 SIMULATION STEP PERFORMED
 SOURCE  1:
    SEED1:    1034867110   SEED2:             0
1
 PROBLEM NO.:         1     SUBPROBLEM NO.:    195

 SIMULATION STEP PERFORMED
 SOURCE  1:
    SEED1:      55891125   SEED2:             0
1
 PROBLEM NO.:         1     SUBPROBLEM NO.:    196

 SIMULATION STEP PERFORMED
 SOURCE  1:
    SEED1:     328536482   SEED2:             0
1
 PROBLEM NO.:         1     SUBPROBLEM NO.:    197

 SIMULATION STEP PERFORMED
 SOURCE  1:
    SEED1:     690775455   SEED2:             0
1
 PROBLEM NO.:         1     SUBPROBLEM NO.:    198

 SIMULATION STEP PERFORMED
 SOURCE  1:
    SEED1:    1234139157   SEED2:             0
1
 PROBLEM NO.:         1     SUBPROBLEM NO.:    199

 SIMULATION STEP PERFORMED
 SOURCE  1:
    SEED1:    1070463361   SEED2:             0
1
 PROBLEM NO.:         1     SUBPROBLEM NO.:    200

 SIMULATION STEP PERFORMED
 SOURCE  1:
    SEED1:     859383017   SEED2:             0
1
 PROBLEM NO.:         1     SUBPROBLEM NO.:    201

 SIMULATION STEP PERFORMED
 SOURCE  1:
    SEED1:    1269737567   SEED2:             0
1
 PROBLEM NO.:         1     SUBPROBLEM NO.:    202

 SIMULATION STEP PERFORMED
 SOURCE  1:
    SEED1:     112150265   SEED2:             0
1
 PROBLEM NO.:         1     SUBPROBLEM NO.:    203

 SIMULATION STEP PERFORMED
 SOURCE  1:
    SEED1:    1502422027   SEED2:             0
1
 PROBLEM NO.:         1     SUBPROBLEM NO.:    204

 SIMULATION STEP PERFORMED
 SOURCE  1:
    SEED1:     291262035   SEED2:             0
1
 PROBLEM NO.:         1     SUBPROBLEM NO.:    205

 SIMULATION STEP PERFORMED
 SOURCE  1:
    SEED1:     692313765   SEED2:             0
1
 PROBLEM NO.:         1     SUBPROBLEM NO.:    206

 SIMULATION STEP PERFORMED
 SOURCE  1:
    SEED1:     654984619   SEED2:             0
1
 PROBLEM NO.:         1     SUBPROBLEM NO.:    207

 SIMULATION STEP PERFORMED
 SOURCE  1:
    SEED1:    1862355518   SEED2:             0
1
 PROBLEM NO.:         1     SUBPROBLEM NO.:    208

 SIMULATION STEP PERFORMED
 SOURCE  1:
    SEED1:     395509284   SEED2:             0
1
 PROBLEM NO.:         1     SUBPROBLEM NO.:    209

 SIMULATION STEP PERFORMED
 SOURCE  1:
    SEED1:     378410569   SEED2:             0
1
 PROBLEM NO.:         1     SUBPROBLEM NO.:    210

 SIMULATION STEP PERFORMED
 SOURCE  1:
    SEED1:    2070001669   SEED2:             0
1
 PROBLEM NO.:         1     SUBPROBLEM NO.:    211

 SIMULATION STEP PERFORMED
 SOURCE  1:
    SEED1:    1868033188   SEED2:             0
1
 PROBLEM NO.:         1     SUBPROBLEM NO.:    212

 SIMULATION STEP PERFORMED
 SOURCE  1:
    SEED1:    1431621935   SEED2:             0
1
 PROBLEM NO.:         1     SUBPROBLEM NO.:    213

 SIMULATION STEP PERFORMED
 SOURCE  1:
    SEED1:    1520187669   SEED2:             0
1
 PROBLEM NO.:         1     SUBPROBLEM NO.:    214

 SIMULATION STEP PERFORMED
 SOURCE  1:
    SEED1:    1165082028   SEED2:             0
1
 PROBLEM NO.:         1     SUBPROBLEM NO.:    215

 SIMULATION STEP PERFORMED
 SOURCE  1:
    SEED1:     675619045   SEED2:             0
1
 PROBLEM NO.:         1     SUBPROBLEM NO.:    216

 SIMULATION STEP PERFORMED
 SOURCE  1:
    SEED1:     387812889   SEED2:             0
1
 PROBLEM NO.:         1     SUBPROBLEM NO.:    217

 SIMULATION STEP PERFORMED
 SOURCE  1:
    SEED1:     836117141   SEED2:             0
1
 PROBLEM NO.:         1     SUBPROBLEM NO.:    218

 SIMULATION STEP PERFORMED
 SOURCE  1:
    SEED1:     284574238   SEED2:             0
1
 PROBLEM NO.:         1     SUBPROBLEM NO.:    219

 SIMULATION STEP PERFORMED
 SOURCE  1:
    SEED1:    1838114351   SEED2:             0
1
 PROBLEM NO.:         1     SUBPROBLEM NO.:    220

 SIMULATION STEP PERFORMED
 SOURCE  1:
    SEED1:    1738866031   SEED2:             0
1
 PROBLEM NO.:         1     SUBPROBLEM NO.:    221

 SIMULATION STEP PERFORMED
 SOURCE  1:
    SEED1:     930545094   SEED2:             0
1
 PROBLEM NO.:         1     SUBPROBLEM NO.:    222

 SIMULATION STEP PERFORMED
 SOURCE  1:
    SEED1:    1016500428   SEED2:             0
1
 PROBLEM NO.:         1     SUBPROBLEM NO.:    223

 SIMULATION STEP PERFORMED
 SOURCE  1:
    SEED1:    1108587765   SEED2:             0
1
 PROBLEM NO.:         1     SUBPROBLEM NO.:    224

 SIMULATION STEP PERFORMED
 SOURCE  1:
    SEED1:    1828196155   SEED2:             0
1
 PROBLEM NO.:         1     SUBPROBLEM NO.:    225

 SIMULATION STEP PERFORMED
 SOURCE  1:
    SEED1:     374613104   SEED2:             0
1
 PROBLEM NO.:         1     SUBPROBLEM NO.:    226

 SIMULATION STEP PERFORMED
 SOURCE  1:
    SEED1:     928041084   SEED2:             0
1
 PROBLEM NO.:         1     SUBPROBLEM NO.:    227

 SIMULATION STEP PERFORMED
 SOURCE  1:
    SEED1:    1539465173   SEED2:             0
1
 PROBLEM NO.:         1     SUBPROBLEM NO.:    228

 SIMULATION STEP PERFORMED
 SOURCE  1:
    SEED1:     176683215   SEED2:             0
1
 PROBLEM NO.:         1     SUBPROBLEM NO.:    229

 SIMULATION STEP PERFORMED
 SOURCE  1:
    SEED1:     610430621   SEED2:             0
1
 PROBLEM NO.:         1     SUBPROBLEM NO.:    230

 SIMULATION STEP PERFORMED
 SOURCE  1:
    SEED1:     702639441   SEED2:             0
1
 PROBLEM NO.:         1     SUBPROBLEM NO.:    231

 SIMULATION STEP PERFORMED
 SOURCE  1:
    SEED1:     344840481   SEED2:             0
1
 PROBLEM NO.:         1     SUBPROBLEM NO.:    232

 SIMULATION STEP PERFORMED
 SOURCE  1:
    SEED1:     305664592   SEED2:             0
1
 PROBLEM NO.:         1     SUBPROBLEM NO.:    233

 SIMULATION STEP PERFORMED
 SOURCE  1:
    SEED1:    1209706394   SEED2:             0
1
 PROBLEM NO.:         1     SUBPROBLEM NO.:    234

 SIMULATION STEP PERFORMED
 SOURCE  1:
    SEED1:     919033643   SEED2:             0
1
 PROBLEM NO.:         1     SUBPROBLEM NO.:    235

 SIMULATION STEP PERFORMED
 SOURCE  1:
    SEED1:    1290839183   SEED2:             0
1
 PROBLEM NO.:         1     SUBPROBLEM NO.:    236

 SIMULATION STEP PERFORMED
 SOURCE  1:
    SEED1:     109989801   SEED2:             0
1
 PROBLEM NO.:         1     SUBPROBLEM NO.:    237

 SIMULATION STEP PERFORMED
 SOURCE  1:
    SEED1:    1656721008   SEED2:             0
1
 PROBLEM NO.:         1     SUBPROBLEM NO.:    238

 SIMULATION STEP PERFORMED
 SOURCE  1:
    SEED1:     668538930   SEED2:             0
1
 PROBLEM NO.:         1     SUBPROBLEM NO.:    239

 SIMULATION STEP PERFORMED
 SOURCE  1:
    SEED1:    1388795286   SEED2:             0
1
 PROBLEM NO.:         1     SUBPROBLEM NO.:    240

 SIMULATION STEP PERFORMED
 SOURCE  1:
    SEED1:    1526534525   SEED2:             0
1
 PROBLEM NO.:         1     SUBPROBLEM NO.:    241

 SIMULATION STEP PERFORMED
 SOURCE  1:
    SEED1:     794612964   SEED2:             0
1
 PROBLEM NO.:         1     SUBPROBLEM NO.:    242

 SIMULATION STEP PERFORMED
 SOURCE  1:
    SEED1:    1005270230   SEED2:             0
1
 PROBLEM NO.:         1     SUBPROBLEM NO.:    243

 SIMULATION STEP PERFORMED
 SOURCE  1:
    SEED1:    1699038471   SEED2:             0
1
 PROBLEM NO.:         1     SUBPROBLEM NO.:    244

 SIMULATION STEP PERFORMED
 SOURCE  1:
    SEED1:     526344751   SEED2:             0
1
 PROBLEM NO.:         1     SUBPROBLEM NO.:    245

 SIMULATION STEP PERFORMED
 SOURCE  1:
    SEED1:     389286558   SEED2:             0
1
 PROBLEM NO.:         1     SUBPROBLEM NO.:    246

 SIMULATION STEP PERFORMED
 SOURCE  1:
    SEED1:    1726839533   SEED2:             0
1
 PROBLEM NO.:         1     SUBPROBLEM NO.:    247

 SIMULATION STEP PERFORMED
 SOURCE  1:
    SEED1:     470635648   SEED2:             0
1
 PROBLEM NO.:         1     SUBPROBLEM NO.:    248

 SIMULATION STEP PERFORMED
 SOURCE  1:
    SEED1:    1846527563   SEED2:             0
1
 PROBLEM NO.:         1     SUBPROBLEM NO.:    249

 SIMULATION STEP PERFORMED
 SOURCE  1:
    SEED1:     695494418   SEED2:             0
1
 PROBLEM NO.:         1     SUBPROBLEM NO.:    250

 SIMULATION STEP PERFORMED
 SOURCE  1:
    SEED1:    1844953617   SEED2:             0
1
 PROBLEM NO.:         1     SUBPROBLEM NO.:    251

 SIMULATION STEP PERFORMED
 SOURCE  1:
    SEED1:    1629675501   SEED2:             0
1
 PROBLEM NO.:         1     SUBPROBLEM NO.:    252

 SIMULATION STEP PERFORMED
 SOURCE  1:
    SEED1:     372503704   SEED2:             0
1
 PROBLEM NO.:         1     SUBPROBLEM NO.:    253

 SIMULATION STEP PERFORMED
 SOURCE  1:
    SEED1:     759939794   SEED2:             0
1
 PROBLEM NO.:         1     SUBPROBLEM NO.:    254

 SIMULATION STEP PERFORMED
 SOURCE  1:
    SEED1:     761084292   SEED2:             0
1
 PROBLEM NO.:         1     SUBPROBLEM NO.:    255

 SIMULATION STEP PERFORMED
 SOURCE  1:
    SEED1:    2133553079   SEED2:             0
1
 PROBLEM NO.:         1     SUBPROBLEM NO.:    256

 SIMULATION STEP PERFORMED
 SOURCE  1:
    SEED1:     973768216   SEED2:             0
1
 PROBLEM NO.:         1     SUBPROBLEM NO.:    257

 SIMULATION STEP PERFORMED
 SOURCE  1:
    SEED1:    1663464661   SEED2:             0
1
 PROBLEM NO.:         1     SUBPROBLEM NO.:    258

 SIMULATION STEP PERFORMED
 SOURCE  1:
    SEED1:    1091816818   SEED2:             0
1
 PROBLEM NO.:         1     SUBPROBLEM NO.:    259

 SIMULATION STEP PERFORMED
 SOURCE  1:
    SEED1:     116734352   SEED2:             0
1
 PROBLEM NO.:         1     SUBPROBLEM NO.:    260

 SIMULATION STEP PERFORMED
 SOURCE  1:
    SEED1:    1130368366   SEED2:             0
1
 PROBLEM NO.:         1     SUBPROBLEM NO.:    261

 SIMULATION STEP PERFORMED
 SOURCE  1:
    SEED1:    1597991300   SEED2:             0
1
 PROBLEM NO.:         1     SUBPROBLEM NO.:    262

 SIMULATION STEP PERFORMED
 SOURCE  1:
    SEED1:      50478663   SEED2:             0
1
 PROBLEM NO.:         1     SUBPROBLEM NO.:    263

 SIMULATION STEP PERFORMED
 SOURCE  1:
    SEED1:    2045853393   SEED2:             0
1
 PROBLEM NO.:         1     SUBPROBLEM NO.:    264

 SIMULATION STEP PERFORMED
 SOURCE  1:
    SEED1:     133711485   SEED2:             0
1
 PROBLEM NO.:         1     SUBPROBLEM NO.:    265

 SIMULATION STEP PERFORMED
 SOURCE  1:
    SEED1:    1845277099   SEED2:             0
1
 PROBLEM NO.:         1     SUBPROBLEM NO.:    266

 SIMULATION STEP PERFORMED
 SOURCE  1:
    SEED1:    1472469201   SEED2:             0
1
 PROBLEM NO.:         1     SUBPROBLEM NO.:    267

 SIMULATION STEP PERFORMED
 SOURCE  1:
    SEED1:    1488458009   SEED2:             0
1
 PROBLEM NO.:         1     SUBPROBLEM NO.:    268

 SIMULATION STEP PERFORMED
 SOURCE  1:
    SEED1:    1838481473   SEED2:             0
1
 PROBLEM NO.:         1     SUBPROBLEM NO.:    269

 SIMULATION STEP PERFORMED
 SOURCE  1:
    SEED1:    1275852586   SEED2:             0
1
 PROBLEM NO.:         1     SUBPROBLEM NO.:    270

 SIMULATION STEP PERFORMED
 SOURCE  1:
    SEED1:    1596822630   SEED2:             0
1
 PROBLEM NO.:         1     SUBPROBLEM NO.:    271

 SIMULATION STEP PERFORMED
 SOURCE  1:
    SEED1:    2066652188   SEED2:             0
1
 PROBLEM NO.:         1     SUBPROBLEM NO.:    272

 SIMULATION STEP PERFORMED
 SOURCE  1:
    SEED1:     196875183   SEED2:             0
1
 PROBLEM NO.:         1     SUBPROBLEM NO.:    273

 SIMULATION STEP PERFORMED
 SOURCE  1:
    SEED1:    1225164546   SEED2:             0
1
 PROBLEM NO.:         1     SUBPROBLEM NO.:    274

 SIMULATION STEP PERFORMED
 SOURCE  1:
    SEED1:    1066648751   SEED2:             0
1
 PROBLEM NO.:         1     SUBPROBLEM NO.:    275

 SIMULATION STEP PERFORMED
 SOURCE  1:
    SEED1:     697002299   SEED2:             0
1
 PROBLEM NO.:         1     SUBPROBLEM NO.:    276

 SIMULATION STEP PERFORMED
 SOURCE  1:
    SEED1:     782475857   SEED2:             0
1
 PROBLEM NO.:         1     SUBPROBLEM NO.:    277

 SIMULATION STEP PERFORMED
 SOURCE  1:
    SEED1:     516622863   SEED2:             0
1
 PROBLEM NO.:         1     SUBPROBLEM NO.:    278

 SIMULATION STEP PERFORMED
 SOURCE  1:
    SEED1:    2031965450   SEED2:             0
1
 PROBLEM NO.:         1     SUBPROBLEM NO.:    279

 SIMULATION STEP PERFORMED
 SOURCE  1:
    SEED1:    1760242459   SEED2:             0
1
 PROBLEM NO.:         1     SUBPROBLEM NO.:    280

 SIMULATION STEP PERFORMED
 SOURCE  1:
    SEED1:     580283177   SEED2:             0
1
 PROBLEM NO.:         1     SUBPROBLEM NO.:    281

 SIMULATION STEP PERFORMED
 SOURCE  1:
    SEED1:     195435084   SEED2:             0
1
 PROBLEM NO.:         1     SUBPROBLEM NO.:    282

 SIMULATION STEP PERFORMED
 SOURCE  1:
    SEED1:    1403732842   SEED2:             0
1
 PROBLEM NO.:         1     SUBPROBLEM NO.:    283

 SIMULATION STEP PERFORMED
 SOURCE  1:
    SEED1:     317662226   SEED2:             0
1
 PROBLEM NO.:         1     SUBPROBLEM NO.:    284

 SIMULATION STEP PERFORMED
 SOURCE  1:
    SEED1:     956591587   SEED2:             0
1
 PROBLEM NO.:         1     SUBPROBLEM NO.:    285

 SIMULATION STEP PERFORMED
 SOURCE  1:
    SEED1:     112431836   SEED2:             0
1
 PROBLEM NO.:         1     SUBPROBLEM NO.:    286

 SIMULATION STEP PERFORMED
 SOURCE  1:
    SEED1:     803090922   SEED2:             0
1
 PROBLEM NO.:         1     SUBPROBLEM NO.:    287

 SIMULATION STEP PERFORMED
 SOURCE  1:
    SEED1:     466291770   SEED2:             0
1
 PROBLEM NO.:         1     SUBPROBLEM NO.:    288

 SIMULATION STEP PERFORMED
 SOURCE  1:
    SEED1:     439605876   SEED2:             0
1
 PROBLEM NO.:         1     SUBPROBLEM NO.:    289

 SIMULATION STEP PERFORMED
 SOURCE  1:
    SEED1:    1575809978   SEED2:             0
1
 PROBLEM NO.:         1     SUBPROBLEM NO.:    290

 SIMULATION STEP PERFORMED
 SOURCE  1:
    SEED1:    1603850931   SEED2:             0
1
 PROBLEM NO.:         1     SUBPROBLEM NO.:    291

 SIMULATION STEP PERFORMED
 SOURCE  1:
    SEED1:     784609536   SEED2:             0
1
 PROBLEM NO.:         1     SUBPROBLEM NO.:    292

 SIMULATION STEP PERFORMED
 SOURCE  1:
    SEED1:    1803128544   SEED2:             0
1
 PROBLEM NO.:         1     SUBPROBLEM NO.:    293

 SIMULATION STEP PERFORMED
 SOURCE  1:
    SEED1:     327702131   SEED2:             0
1
 PROBLEM NO.:         1     SUBPROBLEM NO.:    294

 SIMULATION STEP PERFORMED
 SOURCE  1:
    SEED1:    1831870173   SEED2:             0
1
 PROBLEM NO.:         1     SUBPROBLEM NO.:    295

 SIMULATION STEP PERFORMED
 SOURCE  1:
    SEED1:      45919778   SEED2:             0
1
 PROBLEM NO.:         1     SUBPROBLEM NO.:    296

 SIMULATION STEP PERFORMED
 SOURCE  1:
    SEED1:    2034133960   SEED2:             0
1
 PROBLEM NO.:         1     SUBPROBLEM NO.:    297

 SIMULATION STEP PERFORMED
 SOURCE  1:
    SEED1:    1156380723   SEED2:             0
1
 PROBLEM NO.:         1     SUBPROBLEM NO.:    298

 SIMULATION STEP PERFORMED
 SOURCE  1:
    SEED1:     108386658   SEED2:             0
1
 PROBLEM NO.:         1     SUBPROBLEM NO.:    299

 SIMULATION STEP PERFORMED
 SOURCE  1:
    SEED1:    1077365420   SEED2:             0
1
 PROBLEM NO.:         1     SUBPROBLEM NO.:    300

 SIMULATION STEP PERFORMED
 SOURCE  1:
    SEED1:    1899377554   SEED2:             0
1
 PROBLEM NO.:         1     SUBPROBLEM NO.:    301

 SIMULATION STEP PERFORMED
 SOURCE  1:
    SEED1:     847627867   SEED2:             0
1
 PROBLEM NO.:         1     SUBPROBLEM NO.:    302

 SIMULATION STEP PERFORMED
 SOURCE  1:
    SEED1:    1001711649   SEED2:             0
1
 PROBLEM NO.:         1     SUBPROBLEM NO.:    303

 SIMULATION STEP PERFORMED
 SOURCE  1:
    SEED1:     145803742   SEED2:             0
1
 PROBLEM NO.:         1     SUBPROBLEM NO.:    304

 SIMULATION STEP PERFORMED
 SOURCE  1:
    SEED1:    1465716822   SEED2:             0
1
 PROBLEM NO.:         1     SUBPROBLEM NO.:    305

 SIMULATION STEP PERFORMED
 SOURCE  1:
    SEED1:    1511634523   SEED2:             0
1
 PROBLEM NO.:         1     SUBPROBLEM NO.:    306

 SIMULATION STEP PERFORMED
 SOURCE  1:
    SEED1:    1777232541   SEED2:             0
1
 PROBLEM NO.:         1     SUBPROBLEM NO.:    307

 SIMULATION STEP PERFORMED
 SOURCE  1:
    SEED1:    1572289608   SEED2:             0
1
 PROBLEM NO.:         1     SUBPROBLEM NO.:    308

 SIMULATION STEP PERFORMED
 SOURCE  1:
    SEED1:     765311761   SEED2:             0
1
 PROBLEM NO.:         1     SUBPROBLEM NO.:    309

 SIMULATION STEP PERFORMED
 SOURCE  1:
    SEED1:     706127938   SEED2:             0
1
 PROBLEM NO.:         1     SUBPROBLEM NO.:    310

 SIMULATION STEP PERFORMED
 SOURCE  1:
    SEED1:    1691404033   SEED2:             0
1
 PROBLEM NO.:         1     SUBPROBLEM NO.:    311

 SIMULATION STEP PERFORMED
 SOURCE  1:
    SEED1:    2142047201   SEED2:             0
1
 PROBLEM NO.:         1     SUBPROBLEM NO.:    312

 SIMULATION STEP PERFORMED
 SOURCE  1:
    SEED1:     521309392   SEED2:             0
1
 PROBLEM NO.:         1     SUBPROBLEM NO.:    313

 SIMULATION STEP PERFORMED
 SOURCE  1:
    SEED1:    1376565892   SEED2:             0
1
 PROBLEM NO.:         1     SUBPROBLEM NO.:    314

 SIMULATION STEP PERFORMED
 SOURCE  1:
    SEED1:     214959222   SEED2:             0
1
 PROBLEM NO.:         1     SUBPROBLEM NO.:    315

 SIMULATION STEP PERFORMED
 SOURCE  1:
    SEED1:     513195595   SEED2:             0
1
 PROBLEM NO.:         1     SUBPROBLEM NO.:    316

 SIMULATION STEP PERFORMED
 SOURCE  1:
    SEED1:    1183192659   SEED2:             0
1
 PROBLEM NO.:         1     SUBPROBLEM NO.:    317

 SIMULATION STEP PERFORMED
 SOURCE  1:
    SEED1:    1070521007   SEED2:             0
1
 PROBLEM NO.:         1     SUBPROBLEM NO.:    318

 SIMULATION STEP PERFORMED
 SOURCE  1:
    SEED1:    1520805159   SEED2:             0
1
 PROBLEM NO.:         1     SUBPROBLEM NO.:    319

 SIMULATION STEP PERFORMED
 SOURCE  1:
    SEED1:     734888995   SEED2:             0
1
 PROBLEM NO.:         1     SUBPROBLEM NO.:    320

 SIMULATION STEP PERFORMED
 SOURCE  1:
    SEED1:    1081564681   SEED2:             0
1
 PROBLEM NO.:         1     SUBPROBLEM NO.:    321

 SIMULATION STEP PERFORMED
 SOURCE  1:
    SEED1:    1580971778   SEED2:             0
1
 PROBLEM NO.:         1     SUBPROBLEM NO.:    322

 SIMULATION STEP PERFORMED
 SOURCE  1:
    SEED1:    1197705046   SEED2:             0
1
 PROBLEM NO.:         1     SUBPROBLEM NO.:    323

 SIMULATION STEP PERFORMED
 SOURCE  1:
    SEED1:     795152040   SEED2:             0
1
 PROBLEM NO.:         1     SUBPROBLEM NO.:    324

 SIMULATION STEP PERFORMED
 SOURCE  1:
    SEED1:    1940941431   SEED2:             0
1
 PROBLEM NO.:         1     SUBPROBLEM NO.:    325

 SIMULATION STEP PERFORMED
 SOURCE  1:
    SEED1:    1347246240   SEED2:             0
1
 PROBLEM NO.:         1     SUBPROBLEM NO.:    326

 SIMULATION STEP PERFORMED
 SOURCE  1:
    SEED1:     939965100   SEED2:             0
1
 PROBLEM NO.:         1     SUBPROBLEM NO.:    327

 SIMULATION STEP PERFORMED
 SOURCE  1:
    SEED1:    1019311997   SEED2:             0
1
 PROBLEM NO.:         1     SUBPROBLEM NO.:    328

 SIMULATION STEP PERFORMED
 SOURCE  1:
    SEED1:     598801920   SEED2:             0
1
 PROBLEM NO.:         1     SUBPROBLEM NO.:    329

 SIMULATION STEP PERFORMED
 SOURCE  1:
    SEED1:     409435217   SEED2:             0
1
 PROBLEM NO.:         1     SUBPROBLEM NO.:    330

 SIMULATION STEP PERFORMED
 SOURCE  1:
    SEED1:     915116401   SEED2:             0
1
 PROBLEM NO.:         1     SUBPROBLEM NO.:    331

 SIMULATION STEP PERFORMED
 SOURCE  1:
    SEED1:    1316193926   SEED2:             0
1
 PROBLEM NO.:         1     SUBPROBLEM NO.:    332

 SIMULATION STEP PERFORMED
 SOURCE  1:
    SEED1:     244083066   SEED2:             0
1
 PROBLEM NO.:         1     SUBPROBLEM NO.:    333

 SIMULATION STEP PERFORMED
 SOURCE  1:
    SEED1:     762704327   SEED2:             0
1
 PROBLEM NO.:         1     SUBPROBLEM NO.:    334

 SIMULATION STEP PERFORMED
 SOURCE  1:
    SEED1:    1312149773   SEED2:             0
1
 PROBLEM NO.:         1     SUBPROBLEM NO.:    335

 SIMULATION STEP PERFORMED
 SOURCE  1:
    SEED1:    1486252526   SEED2:             0
1
 PROBLEM NO.:         1     SUBPROBLEM NO.:    336

 SIMULATION STEP PERFORMED
 SOURCE  1:
    SEED1:    1853313120   SEED2:             0
1
 PROBLEM NO.:         1     SUBPROBLEM NO.:    337

 SIMULATION STEP PERFORMED
 SOURCE  1:
    SEED1:    1386113529   SEED2:             0
1
 PROBLEM NO.:         1     SUBPROBLEM NO.:    338

 SIMULATION STEP PERFORMED
 SOURCE  1:
    SEED1:     267472946   SEED2:             0
1
 PROBLEM NO.:         1     SUBPROBLEM NO.:    339

 SIMULATION STEP PERFORMED
 SOURCE  1:
    SEED1:    2074690374   SEED2:             0
1
 PROBLEM NO.:         1     SUBPROBLEM NO.:    340

 SIMULATION STEP PERFORMED
 SOURCE  1:
    SEED1:    1652077089   SEED2:             0
1
 PROBLEM NO.:         1     SUBPROBLEM NO.:    341

 SIMULATION STEP PERFORMED
 SOURCE  1:
    SEED1:     160745772   SEED2:             0
1
 PROBLEM NO.:         1     SUBPROBLEM NO.:    342

 SIMULATION STEP PERFORMED
 SOURCE  1:
    SEED1:    1016282677   SEED2:             0
1
 PROBLEM NO.:         1     SUBPROBLEM NO.:    343

 SIMULATION STEP PERFORMED
 SOURCE  1:
    SEED1:      15324578   SEED2:             0
1
 PROBLEM NO.:         1     SUBPROBLEM NO.:    344

 SIMULATION STEP PERFORMED
 SOURCE  1:
    SEED1:     882369358   SEED2:             0
1
 PROBLEM NO.:         1     SUBPROBLEM NO.:    345

 SIMULATION STEP PERFORMED
 SOURCE  1:
    SEED1:      45487467   SEED2:             0
1
 PROBLEM NO.:         1     SUBPROBLEM NO.:    346

 SIMULATION STEP PERFORMED
 SOURCE  1:
    SEED1:    1475964789   SEED2:             0
1
 PROBLEM NO.:         1     SUBPROBLEM NO.:    347

 SIMULATION STEP PERFORMED
 SOURCE  1:
    SEED1:    2017916017   SEED2:             0
1
 PROBLEM NO.:         1     SUBPROBLEM NO.:    348

 SIMULATION STEP PERFORMED
 SOURCE  1:
    SEED1:    1353778990   SEED2:             0
1
 PROBLEM NO.:         1     SUBPROBLEM NO.:    349

 SIMULATION STEP PERFORMED
 SOURCE  1:
    SEED1:     958160095   SEED2:             0
1
 PROBLEM NO.:         1     SUBPROBLEM NO.:    350

 SIMULATION STEP PERFORMED
 SOURCE  1:
    SEED1:    1686160549   SEED2:             0
1
 PROBLEM NO.:         1     SUBPROBLEM NO.:    351

 SIMULATION STEP PERFORMED
 SOURCE  1:
    SEED1:    1025271389   SEED2:             0
1
 PROBLEM NO.:         1     SUBPROBLEM NO.:    352

 SIMULATION STEP PERFORMED
 SOURCE  1:
    SEED1:    1034173693   SEED2:             0
1
 PROBLEM NO.:         1     SUBPROBLEM NO.:    353

 SIMULATION STEP PERFORMED
 SOURCE  1:
    SEED1:    1001165213   SEED2:             0
1
 PROBLEM NO.:         1     SUBPROBLEM NO.:    354

 SIMULATION STEP PERFORMED
 SOURCE  1:
    SEED1:     818682568   SEED2:             0
1
 PROBLEM NO.:         1     SUBPROBLEM NO.:    355

 SIMULATION STEP PERFORMED
 SOURCE  1:
    SEED1:    1647302884   SEED2:             0
1
 PROBLEM NO.:         1     SUBPROBLEM NO.:    356

 SIMULATION STEP PERFORMED
 SOURCE  1:
    SEED1:     301678611   SEED2:             0
1
 PROBLEM NO.:         1     SUBPROBLEM NO.:    357

 SIMULATION STEP PERFORMED
 SOURCE  1:
    SEED1:    1366134839   SEED2:             0
1
 PROBLEM NO.:         1     SUBPROBLEM NO.:    358

 SIMULATION STEP PERFORMED
 SOURCE  1:
    SEED1:    1252952364   SEED2:             0
1
 PROBLEM NO.:         1     SUBPROBLEM NO.:    359

 SIMULATION STEP PERFORMED
 SOURCE  1:
    SEED1:     811445078   SEED2:             0
1
 PROBLEM NO.:         1     SUBPROBLEM NO.:    360

 SIMULATION STEP PERFORMED
 SOURCE  1:
    SEED1:    2007858866   SEED2:             0
1
 PROBLEM NO.:         1     SUBPROBLEM NO.:    361

 SIMULATION STEP PERFORMED
 SOURCE  1:
    SEED1:     254396134   SEED2:             0
1
 PROBLEM NO.:         1     SUBPROBLEM NO.:    362

 SIMULATION STEP PERFORMED
 SOURCE  1:
    SEED1:     369663154   SEED2:             0
1
 PROBLEM NO.:         1     SUBPROBLEM NO.:    363

 SIMULATION STEP PERFORMED
 SOURCE  1:
    SEED1:     565640759   SEED2:             0
1
 PROBLEM NO.:         1     SUBPROBLEM NO.:    364

 SIMULATION STEP PERFORMED
 SOURCE  1:
    SEED1:    1926002048   SEED2:             0
1
 PROBLEM NO.:         1     SUBPROBLEM NO.:    365

 SIMULATION STEP PERFORMED
 SOURCE  1:
    SEED1:    1704563988   SEED2:             0
1
 PROBLEM NO.:         1     SUBPROBLEM NO.:    366

 SIMULATION STEP PERFORMED
 SOURCE  1:
    SEED1:    1899636694   SEED2:             0
1
 PROBLEM NO.:         1     SUBPROBLEM NO.:    367

 SIMULATION STEP PERFORMED
 SOURCE  1:
    SEED1:     705797668   SEED2:             0
1
 PROBLEM NO.:         1     SUBPROBLEM NO.:    368

 SIMULATION STEP PERFORMED
 SOURCE  1:
    SEED1:    1981800994   SEED2:             0
1
 PROBLEM NO.:         1     SUBPROBLEM NO.:    369

 SIMULATION STEP PERFORMED
 SOURCE  1:
    SEED1:     541156606   SEED2:             0
1
 PROBLEM NO.:         1     SUBPROBLEM NO.:    370

 SIMULATION STEP PERFORMED
 SOURCE  1:
    SEED1:    1571243765   SEED2:             0
1
 PROBLEM NO.:         1     SUBPROBLEM NO.:    371

 SIMULATION STEP PERFORMED
 SOURCE  1:
    SEED1:     775434505   SEED2:             0
1
 PROBLEM NO.:         1     SUBPROBLEM NO.:    372

 SIMULATION STEP PERFORMED
 SOURCE  1:
    SEED1:    1198979017   SEED2:             0
1
 PROBLEM NO.:         1     SUBPROBLEM NO.:    373

 SIMULATION STEP PERFORMED
 SOURCE  1:
    SEED1:     589865713   SEED2:             0
1
 PROBLEM NO.:         1     SUBPROBLEM NO.:    374

 SIMULATION STEP PERFORMED
 SOURCE  1:
    SEED1:     720124238   SEED2:             0
1
 PROBLEM NO.:         1     SUBPROBLEM NO.:    375

 SIMULATION STEP PERFORMED
 SOURCE  1:
    SEED1:      45420076   SEED2:             0
1
 PROBLEM NO.:         1     SUBPROBLEM NO.:    376

 SIMULATION STEP PERFORMED
 SOURCE  1:
    SEED1:    1448981006   SEED2:             0
1
 PROBLEM NO.:         1     SUBPROBLEM NO.:    377

 SIMULATION STEP PERFORMED
 SOURCE  1:
    SEED1:    2016660078   SEED2:             0
1
 PROBLEM NO.:         1     SUBPROBLEM NO.:    378

 SIMULATION STEP PERFORMED
 SOURCE  1:
    SEED1:     731969039   SEED2:             0
1
 PROBLEM NO.:         1     SUBPROBLEM NO.:    379

 SIMULATION STEP PERFORMED
 SOURCE  1:
    SEED1:     126376208   SEED2:             0
1
 PROBLEM NO.:         1     SUBPROBLEM NO.:    380

 SIMULATION STEP PERFORMED
 SOURCE  1:
    SEED1:     536667366   SEED2:             0
1
 PROBLEM NO.:         1     SUBPROBLEM NO.:    381

 SIMULATION STEP PERFORMED
 SOURCE  1:
    SEED1:    2019991992   SEED2:             0
1
 PROBLEM NO.:         1     SUBPROBLEM NO.:    382

 SIMULATION STEP PERFORMED
 SOURCE  1:
    SEED1:    1542784547   SEED2:             0
1
 PROBLEM NO.:         1     SUBPROBLEM NO.:    383

 SIMULATION STEP PERFORMED
 SOURCE  1:
    SEED1:    1119660888   SEED2:             0
1
 PROBLEM NO.:         1     SUBPROBLEM NO.:    384

 SIMULATION STEP PERFORMED
 SOURCE  1:
    SEED1:     409206515   SEED2:             0
1
 PROBLEM NO.:         1     SUBPROBLEM NO.:    385

 SIMULATION STEP PERFORMED
 SOURCE  1:
    SEED1:      52862730   SEED2:             0
1
 PROBLEM NO.:         1     SUBPROBLEM NO.:    386

 SIMULATION STEP PERFORMED
 SOURCE  1:
    SEED1:     775658275   SEED2:             0
1
 PROBLEM NO.:         1     SUBPROBLEM NO.:    387

 SIMULATION STEP PERFORMED
 SOURCE  1:
    SEED1:    1116533244   SEED2:             0
1
 PROBLEM NO.:         1     SUBPROBLEM NO.:    388

 SIMULATION STEP PERFORMED
 SOURCE  1:
    SEED1:    1005840734   SEED2:             0
1
 PROBLEM NO.:         1     SUBPROBLEM NO.:    389

 SIMULATION STEP PERFORMED
 SOURCE  1:
    SEED1:    1224602854   SEED2:             0
1
 PROBLEM NO.:         1     SUBPROBLEM NO.:    390

 SIMULATION STEP PERFORMED
 SOURCE  1:
    SEED1:     482358629   SEED2:             0
1
 PROBLEM NO.:         1     SUBPROBLEM NO.:    391

 SIMULATION STEP PERFORMED
 SOURCE  1:
    SEED1:    1433792681   SEED2:             0
1
 PROBLEM NO.:         1     SUBPROBLEM NO.:    392

 SIMULATION STEP PERFORMED
 SOURCE  1:
    SEED1:      29656700   SEED2:             0
1
 PROBLEM NO.:         1     SUBPROBLEM NO.:    393

 SIMULATION STEP PERFORMED
 SOURCE  1:
    SEED1:    1219908929   SEED2:             0
1
 PROBLEM NO.:         1     SUBPROBLEM NO.:    394

 SIMULATION STEP PERFORMED
 SOURCE  1:
    SEED1:     106001994   SEED2:             0
1
 PROBLEM NO.:         1     SUBPROBLEM NO.:    395

 SIMULATION STEP PERFORMED
 SOURCE  1:
    SEED1:      80499565   SEED2:             0
1
 PROBLEM NO.:         1     SUBPROBLEM NO.:    396

 SIMULATION STEP PERFORMED
 SOURCE  1:
    SEED1:     768240164   SEED2:             0
1
 PROBLEM NO.:         1     SUBPROBLEM NO.:    397

 SIMULATION STEP PERFORMED
 SOURCE  1:
    SEED1:      79841627   SEED2:             0
1
 PROBLEM NO.:         1     SUBPROBLEM NO.:    398

 SIMULATION STEP PERFORMED
 SOURCE  1:
    SEED1:     104018561   SEED2:             0
1
 PROBLEM NO.:         1     SUBPROBLEM NO.:    399

 SIMULATION STEP PERFORMED
 SOURCE  1:
    SEED1:    1520893944   SEED2:             0
1
 PROBLEM NO.:         1     SUBPROBLEM NO.:    400

 SIMULATION STEP PERFORMED
 SOURCE  1:
    SEED1:    1219686366   SEED2:             0
1
 PROBLEM NO.:         1     SUBPROBLEM NO.:    401

 SIMULATION STEP PERFORMED
 SOURCE  1:
    SEED1:    1858264920   SEED2:             0
1
 PROBLEM NO.:         1     SUBPROBLEM NO.:    402

 SIMULATION STEP PERFORMED
 SOURCE  1:
    SEED1:    1662228477   SEED2:             0
1
 PROBLEM NO.:         1     SUBPROBLEM NO.:    403

 SIMULATION STEP PERFORMED
 SOURCE  1:
    SEED1:    1934067014   SEED2:             0
1
 PROBLEM NO.:         1     SUBPROBLEM NO.:    404

 SIMULATION STEP PERFORMED
 SOURCE  1:
    SEED1:    1829470623   SEED2:             0
1
 PROBLEM NO.:         1     SUBPROBLEM NO.:    405

 SIMULATION STEP PERFORMED
 SOURCE  1:
    SEED1:     351608276   SEED2:             0
1
 PROBLEM NO.:         1     SUBPROBLEM NO.:    406

 SIMULATION STEP PERFORMED
 SOURCE  1:
    SEED1:     150840161   SEED2:             0
1
 PROBLEM NO.:         1     SUBPROBLEM NO.:    407

 SIMULATION STEP PERFORMED
 SOURCE  1:
    SEED1:     672766713   SEED2:             0
1
 PROBLEM NO.:         1     SUBPROBLEM NO.:    408

 SIMULATION STEP PERFORMED
 SOURCE  1:
    SEED1:     322824790   SEED2:             0
1
 PROBLEM NO.:         1     SUBPROBLEM NO.:    409

 SIMULATION STEP PERFORMED
 SOURCE  1:
    SEED1:    1703473392   SEED2:             0
1
 PROBLEM NO.:         1     SUBPROBLEM NO.:    410

 SIMULATION STEP PERFORMED
 SOURCE  1:
    SEED1:    1474649985   SEED2:             0
1
 PROBLEM NO.:         1     SUBPROBLEM NO.:    411

 SIMULATION STEP PERFORMED
 SOURCE  1:
    SEED1:    1048076227   SEED2:             0
1
 PROBLEM NO.:         1     SUBPROBLEM NO.:    412

 SIMULATION STEP PERFORMED
 SOURCE  1:
    SEED1:     297166661   SEED2:             0
1
 PROBLEM NO.:         1     SUBPROBLEM NO.:    413

 SIMULATION STEP PERFORMED
 SOURCE  1:
    SEED1:    1237363590   SEED2:             0
1
 PROBLEM NO.:         1     SUBPROBLEM NO.:    414

 SIMULATION STEP PERFORMED
 SOURCE  1:
    SEED1:    1007845913   SEED2:             0
1
 PROBLEM NO.:         1     SUBPROBLEM NO.:    415

 SIMULATION STEP PERFORMED
 SOURCE  1:
    SEED1:    1481592254   SEED2:             0
1
 PROBLEM NO.:         1     SUBPROBLEM NO.:    416

 SIMULATION STEP PERFORMED
 SOURCE  1:
    SEED1:     282294553   SEED2:             0
1
 PROBLEM NO.:         1     SUBPROBLEM NO.:    417

 SIMULATION STEP PERFORMED
 SOURCE  1:
    SEED1:     749509157   SEED2:             0
1
 PROBLEM NO.:         1     SUBPROBLEM NO.:    418

 SIMULATION STEP PERFORMED
 SOURCE  1:
    SEED1:     335637232   SEED2:             0
1
 PROBLEM NO.:         1     SUBPROBLEM NO.:    419

 SIMULATION STEP PERFORMED
 SOURCE  1:
    SEED1:    1031553212   SEED2:             0
1
 PROBLEM NO.:         1     SUBPROBLEM NO.:    420

 SIMULATION STEP PERFORMED
 SOURCE  1:
    SEED1:    1778086496   SEED2:             0
1
 PROBLEM NO.:         1     SUBPROBLEM NO.:    421

 SIMULATION STEP PERFORMED
 SOURCE  1:
    SEED1:    1796664810   SEED2:             0
1
 PROBLEM NO.:         1     SUBPROBLEM NO.:    422

 SIMULATION STEP PERFORMED
 SOURCE  1:
    SEED1:     928160843   SEED2:             0
1
 PROBLEM NO.:         1     SUBPROBLEM NO.:    423

 SIMULATION STEP PERFORMED
 SOURCE  1:
    SEED1:    1199480382   SEED2:             0
1
 PROBLEM NO.:         1     SUBPROBLEM NO.:    424

 SIMULATION STEP PERFORMED
 SOURCE  1:
    SEED1:     497320490   SEED2:             0
1
 PROBLEM NO.:         1     SUBPROBLEM NO.:    425

 SIMULATION STEP PERFORMED
 SOURCE  1:
    SEED1:    2057166128   SEED2:             0
1
 PROBLEM NO.:         1     SUBPROBLEM NO.:    426

 SIMULATION STEP PERFORMED
 SOURCE  1:
    SEED1:    1111136465   SEED2:             0
1
 PROBLEM NO.:         1     SUBPROBLEM NO.:    427

 SIMULATION STEP PERFORMED
 SOURCE  1:
    SEED1:    1414772272   SEED2:             0
1
 PROBLEM NO.:         1     SUBPROBLEM NO.:    428

 SIMULATION STEP PERFORMED
 SOURCE  1:
    SEED1:     977409646   SEED2:             0
1
 PROBLEM NO.:         1     SUBPROBLEM NO.:    429

 SIMULATION STEP PERFORMED
 SOURCE  1:
    SEED1:     465769454   SEED2:             0
1
 PROBLEM NO.:         1     SUBPROBLEM NO.:    430

 SIMULATION STEP PERFORMED
 SOURCE  1:
    SEED1:     591126974   SEED2:             0
1
 PROBLEM NO.:         1     SUBPROBLEM NO.:    431

 SIMULATION STEP PERFORMED
 SOURCE  1:
    SEED1:     109352076   SEED2:             0
1
 PROBLEM NO.:         1     SUBPROBLEM NO.:    432

 SIMULATION STEP PERFORMED
 SOURCE  1:
    SEED1:     494337195   SEED2:             0
1
 PROBLEM NO.:         1     SUBPROBLEM NO.:    433

 SIMULATION STEP PERFORMED
 SOURCE  1:
    SEED1:    2141993309   SEED2:             0
1
 PROBLEM NO.:         1     SUBPROBLEM NO.:    434

 SIMULATION STEP PERFORMED
 SOURCE  1:
    SEED1:    1500292179   SEED2:             0
1
 PROBLEM NO.:         1     SUBPROBLEM NO.:    435

 SIMULATION STEP PERFORMED
 SOURCE  1:
    SEED1:    1520297038   SEED2:             0
1
 PROBLEM NO.:         1     SUBPROBLEM NO.:    436

 SIMULATION STEP PERFORMED
 SOURCE  1:
    SEED1:     682861506   SEED2:             0
1
 PROBLEM NO.:         1     SUBPROBLEM NO.:    437

 SIMULATION STEP PERFORMED
 SOURCE  1:
    SEED1:     968976560   SEED2:             0
1
 PROBLEM NO.:         1     SUBPROBLEM NO.:    438

 SIMULATION STEP PERFORMED
 SOURCE  1:
    SEED1:    1816210967   SEED2:             0
1
 PROBLEM NO.:         1     SUBPROBLEM NO.:    439

 SIMULATION STEP PERFORMED
 SOURCE  1:
    SEED1:    1714148838   SEED2:             0
1
 PROBLEM NO.:         1     SUBPROBLEM NO.:    440

 SIMULATION STEP PERFORMED
 SOURCE  1:
    SEED1:    1531697033   SEED2:             0
1
 PROBLEM NO.:         1     SUBPROBLEM NO.:    441

 SIMULATION STEP PERFORMED
 SOURCE  1:
    SEED1:    1490709760   SEED2:             0
1
 PROBLEM NO.:         1     SUBPROBLEM NO.:    442

 SIMULATION STEP PERFORMED
 SOURCE  1:
    SEED1:     986668511   SEED2:             0
1
 PROBLEM NO.:         1     SUBPROBLEM NO.:    443

 SIMULATION STEP PERFORMED
 SOURCE  1:
    SEED1:     170959135   SEED2:             0
1
 PROBLEM NO.:         1     SUBPROBLEM NO.:    444

 SIMULATION STEP PERFORMED
 SOURCE  1:
    SEED1:     972785613   SEED2:             0
1
 PROBLEM NO.:         1     SUBPROBLEM NO.:    445

 SIMULATION STEP PERFORMED
 SOURCE  1:
    SEED1:    1962664234   SEED2:             0
1
 PROBLEM NO.:         1     SUBPROBLEM NO.:    446

 SIMULATION STEP PERFORMED
 SOURCE  1:
    SEED1:    1238124353   SEED2:             0
1
 PROBLEM NO.:         1     SUBPROBLEM NO.:    447

 SIMULATION STEP PERFORMED
 SOURCE  1:
    SEED1:    1084140127   SEED2:             0
1
 PROBLEM NO.:         1     SUBPROBLEM NO.:    448

 SIMULATION STEP PERFORMED
 SOURCE  1:
    SEED1:    1877206671   SEED2:             0
1
 PROBLEM NO.:         1     SUBPROBLEM NO.:    449

 SIMULATION STEP PERFORMED
 SOURCE  1:
    SEED1:     171753646   SEED2:             0
1
 PROBLEM NO.:         1     SUBPROBLEM NO.:    450

 SIMULATION STEP PERFORMED
 SOURCE  1:
    SEED1:    2049706760   SEED2:             0
1
 PROBLEM NO.:         1     SUBPROBLEM NO.:    451

 SIMULATION STEP PERFORMED
 SOURCE  1:
    SEED1:     969070688   SEED2:             0
1
 PROBLEM NO.:         1     SUBPROBLEM NO.:    452

 SIMULATION STEP PERFORMED
 SOURCE  1:
    SEED1:    1892776971   SEED2:             0
1
 PROBLEM NO.:         1     SUBPROBLEM NO.:    453

 SIMULATION STEP PERFORMED
 SOURCE  1:
    SEED1:    1552047936   SEED2:             0
1
 PROBLEM NO.:         1     SUBPROBLEM NO.:    454

 SIMULATION STEP PERFORMED
 SOURCE  1:
    SEED1:     479194813   SEED2:             0
1
 PROBLEM NO.:         1     SUBPROBLEM NO.:    455

 SIMULATION STEP PERFORMED
 SOURCE  1:
    SEED1:      58668090   SEED2:             0
1
 PROBLEM NO.:         1     SUBPROBLEM NO.:    456

 SIMULATION STEP PERFORMED
 SOURCE  1:
    SEED1:    1416455726   SEED2:             0
1
 PROBLEM NO.:         1     SUBPROBLEM NO.:    457

 SIMULATION STEP PERFORMED
 SOURCE  1:
    SEED1:    1642807724   SEED2:             0
1
 PROBLEM NO.:         1     SUBPROBLEM NO.:    458

 SIMULATION STEP PERFORMED
 SOURCE  1:
    SEED1:     597043315   SEED2:             0
1
 PROBLEM NO.:         1     SUBPROBLEM NO.:    459

 SIMULATION STEP PERFORMED
 SOURCE  1:
    SEED1:    1576420075   SEED2:             0
1
 PROBLEM NO.:         1     SUBPROBLEM NO.:    460

 SIMULATION STEP PERFORMED
 SOURCE  1:
    SEED1:    1793582988   SEED2:             0
1
 PROBLEM NO.:         1     SUBPROBLEM NO.:    461

 SIMULATION STEP PERFORMED
 SOURCE  1:
    SEED1:     666826648   SEED2:             0
1
 PROBLEM NO.:         1     SUBPROBLEM NO.:    462

 SIMULATION STEP PERFORMED
 SOURCE  1:
    SEED1:     503195528   SEED2:             0
1
 PROBLEM NO.:         1     SUBPROBLEM NO.:    463

 SIMULATION STEP PERFORMED
 SOURCE  1:
    SEED1:    1999572529   SEED2:             0
1
 PROBLEM NO.:         1     SUBPROBLEM NO.:    464

 SIMULATION STEP PERFORMED
 SOURCE  1:
    SEED1:    1735614104   SEED2:             0
1
 PROBLEM NO.:         1     SUBPROBLEM NO.:    465

 SIMULATION STEP PERFORMED
 SOURCE  1:
    SEED1:      65336213   SEED2:             0
1
 PROBLEM NO.:         1     SUBPROBLEM NO.:    466

 SIMULATION STEP PERFORMED
 SOURCE  1:
    SEED1:     452316694   SEED2:             0
1
 PROBLEM NO.:         1     SUBPROBLEM NO.:    467

 SIMULATION STEP PERFORMED
 SOURCE  1:
    SEED1:    2005755421   SEED2:             0
1
 PROBLEM NO.:         1     SUBPROBLEM NO.:    468

 SIMULATION STEP PERFORMED
 SOURCE  1:
    SEED1:    1613596277   SEED2:             0
1
 PROBLEM NO.:         1     SUBPROBLEM NO.:    469

 SIMULATION STEP PERFORMED
 SOURCE  1:
    SEED1:    2085101320   SEED2:             0
1
 PROBLEM NO.:         1     SUBPROBLEM NO.:    470

 SIMULATION STEP PERFORMED
 SOURCE  1:
    SEED1:      57937256   SEED2:             0
1
 PROBLEM NO.:         1     SUBPROBLEM NO.:    471

 SIMULATION STEP PERFORMED
 SOURCE  1:
    SEED1:    2137005599   SEED2:             0
1
 PROBLEM NO.:         1     SUBPROBLEM NO.:    472

 SIMULATION STEP PERFORMED
 SOURCE  1:
    SEED1:     333674003   SEED2:             0
1
 PROBLEM NO.:         1     SUBPROBLEM NO.:    473

 SIMULATION STEP PERFORMED
 SOURCE  1:
    SEED1:    1313708826   SEED2:             0
1
 PROBLEM NO.:         1     SUBPROBLEM NO.:    474

 SIMULATION STEP PERFORMED
 SOURCE  1:
    SEED1:    1579842214   SEED2:             0
1
 PROBLEM NO.:         1     SUBPROBLEM NO.:    475

 SIMULATION STEP PERFORMED
 SOURCE  1:
    SEED1:    1327262317   SEED2:             0
1
 PROBLEM NO.:         1     SUBPROBLEM NO.:    476

 SIMULATION STEP PERFORMED
 SOURCE  1:
    SEED1:    2049952930   SEED2:             0
1
 PROBLEM NO.:         1     SUBPROBLEM NO.:    477

 SIMULATION STEP PERFORMED
 SOURCE  1:
    SEED1:    1873275692   SEED2:             0
1
 PROBLEM NO.:         1     SUBPROBLEM NO.:    478

 SIMULATION STEP PERFORMED
 SOURCE  1:
    SEED1:     585918266   SEED2:             0
1
 PROBLEM NO.:         1     SUBPROBLEM NO.:    479

 SIMULATION STEP PERFORMED
 SOURCE  1:
    SEED1:     465295795   SEED2:             0
1
 PROBLEM NO.:         1     SUBPROBLEM NO.:    480

 SIMULATION STEP PERFORMED
 SOURCE  1:
    SEED1:    1650364371   SEED2:             0
1
 PROBLEM NO.:         1     SUBPROBLEM NO.:    481

 SIMULATION STEP PERFORMED
 SOURCE  1:
    SEED1:    1180623780   SEED2:             0
1
 PROBLEM NO.:         1     SUBPROBLEM NO.:    482

 SIMULATION STEP PERFORMED
 SOURCE  1:
    SEED1:    2089636700   SEED2:             0
1
 PROBLEM NO.:         1     SUBPROBLEM NO.:    483

 SIMULATION STEP PERFORMED
 SOURCE  1:
    SEED1:    2030744853   SEED2:             0
1
 PROBLEM NO.:         1     SUBPROBLEM NO.:    484

 SIMULATION STEP PERFORMED
 SOURCE  1:
    SEED1:    2127397401   SEED2:             0
1
 PROBLEM NO.:         1     SUBPROBLEM NO.:    485

 SIMULATION STEP PERFORMED
 SOURCE  1:
    SEED1:    1769687327   SEED2:             0
1
 PROBLEM NO.:         1     SUBPROBLEM NO.:    486

 SIMULATION STEP PERFORMED
 SOURCE  1:
    SEED1:    1271509299   SEED2:             0
1
 PROBLEM NO.:         1     SUBPROBLEM NO.:    487

 SIMULATION STEP PERFORMED
 SOURCE  1:
    SEED1:    1301082997   SEED2:             0
1
 PROBLEM NO.:         1     SUBPROBLEM NO.:    488

 SIMULATION STEP PERFORMED
 SOURCE  1:
    SEED1:     493071368   SEED2:             0
1
 PROBLEM NO.:         1     SUBPROBLEM NO.:    489

 SIMULATION STEP PERFORMED
 SOURCE  1:
    SEED1:    1449719735   SEED2:             0
1
 PROBLEM NO.:         1     SUBPROBLEM NO.:    490

 SIMULATION STEP PERFORMED
 SOURCE  1:
    SEED1:     747957223   SEED2:             0
1
 PROBLEM NO.:         1     SUBPROBLEM NO.:    491

 SIMULATION STEP PERFORMED
 SOURCE  1:
    SEED1:     524076328   SEED2:             0
1
 PROBLEM NO.:         1     SUBPROBLEM NO.:    492

 SIMULATION STEP PERFORMED
 SOURCE  1:
    SEED1:    2074412504   SEED2:             0
1
 PROBLEM NO.:         1     SUBPROBLEM NO.:    493

 SIMULATION STEP PERFORMED
 SOURCE  1:
    SEED1:    1297742103   SEED2:             0
1
 PROBLEM NO.:         1     SUBPROBLEM NO.:    494

 SIMULATION STEP PERFORMED
 SOURCE  1:
    SEED1:     588626572   SEED2:             0
1
 PROBLEM NO.:         1     SUBPROBLEM NO.:    495

 SIMULATION STEP PERFORMED
 SOURCE  1:
    SEED1:    2063622132   SEED2:             0
1
 PROBLEM NO.:         1     SUBPROBLEM NO.:    496

 SIMULATION STEP PERFORMED
 SOURCE  1:
    SEED1:    1706988126   SEED2:             0
1
 PROBLEM NO.:         1     SUBPROBLEM NO.:    497

 SIMULATION STEP PERFORMED
 SOURCE  1:
    SEED1:    1036832976   SEED2:             0
1
 PROBLEM NO.:         1     SUBPROBLEM NO.:    498

 SIMULATION STEP PERFORMED
 SOURCE  1:
    SEED1:    2050121543   SEED2:             0
1
 PROBLEM NO.:         1     SUBPROBLEM NO.:    499

 SIMULATION STEP PERFORMED
 SOURCE  1:
    SEED1:     663917571   SEED2:             0
1
 PROBLEM NO.:         1     SUBPROBLEM NO.:    500

 SIMULATION STEP PERFORMED
 SOURCE  1:
    SEED1:     478836040   SEED2:             0
Stop Time:
Thu Nov 10 14:53:30 UTC 2011
