Thu Nov 10 15:08:15 UTC 2011
$PROB 151 phase1 2 CMT like 1004 but diff. initial on V3
$INPUT C ID TIME SEQ=DROP EVID AMT DV SUBJ HOUR TAFD TAD LDOS MDV HEIGHT WT SEX AGE DOSE FED
$DATA ../data/151.csv IGNORE=C
$SUBROUTINE ADVAN4 TRANS4
$PK
 CL=THETA(1)*EXP(ETA(1)) * THETA(6)**SEX * (WT/70)**THETA(7)
 V2 =THETA(2)*EXP(ETA(2))
 KA=THETA(3)*EXP(ETA(3))
 Q  =THETA(4)
 V3=THETA(5)
 S2=V2
 
$ERROR
 Y=F*(1+ERR(1)) + ERR(2)
 IPRE=F

$THETA
(0,10,50)     
(0,10,100)    
(0,0.2, 5)    
(0,10,50)     
(0,100,1000)  
(0,1,2)       
(0,0.75,3)    

$OMEGA BLOCK(3)
.1
.01 .1
.01 .01 .1








$SIGMA 0.1 0.1




$ESTIMATION MAXEVAL=9999 PRINT=5 NOABORT METHOD=1 INTER MSFO=./151.msf
;$COV PRINT=E
;$TABLE NOPRINT FILE=./151.tab ONEHEADER ID AMT TIME EVID PRED IPRE CWRES
;$TABLE NOPRINT FILE=./151par.tab ONEHEADER ID TIME CL Q V2 V3 KA ETA1 ETA2 ETA3


















NM-TRAN MESSAGES
  
 WARNINGS AND ERRORS (IF ANY) FOR PROBLEM    1
             
 (WARNING  2) NM-TRAN INFERS THAT THE DATA ARE POPULATION.
 CREATING MUMODEL ROUTINE...

License Registered to: Metrum Research Group
Expiration Date:    14 JUL 2012
Current Date:       10 NOV 2011
Days until program expires : 249
1NONLINEAR MIXED EFFECTS MODEL PROGRAM (NONMEM) VERSION 7.2.0
 ORIGINALLY DEVELOPED BY STUART BEAL, LEWIS SHEINER, AND ALISON BOECKMANN
 CURRENT DEVELOPERS ARE ROBERT BAUER, ICON DEVELOPMENT SOLUTIONS,
 AND ALISON BOECKMANN. IMPLEMENTATION, EFFICIENCY, AND STANDARDIZATION
 PERFORMED BY NOUS INFOSYSTEMS.

 PROBLEM NO.:         1
 151 phase1 2 CMT like 1004 but diff. initial on V3
0DATA CHECKOUT RUN:              NO
 DATA SET LOCATED ON UNIT NO.:    2
 THIS UNIT TO BE REWOUND:        NO
 NO. OF DATA RECS IN DATA SET:      551
 NO. OF DATA ITEMS IN DATA SET:  18
 ID DATA ITEM IS DATA ITEM NO.:   2
 DEP VARIABLE IS DATA ITEM NO.:   6
 MDV DATA ITEM IS DATA ITEM NO.: 12
0INDICES PASSED TO SUBROUTINE PRED:
   4   3   5   0   0   0   0   0   0   0   0
0LABELS FOR DATA ITEMS:
 C ID TIME EVID AMT DV SUBJ HOUR TAFD TAD LDOS MDV HEIGHT WT SEX AGE DOSE FED
0FORMAT FOR DATA:
 (1(12E6.0/),6E6.0)

 TOT. NO. OF OBS RECS:      511
 TOT. NO. OF INDIVIDUALS:     40
0LENGTH OF THETA:   7
0DEFAULT THETA BOUNDARY TEST OMITTED:    NO
0OMEGA HAS BLOCK FORM:
  1
  1  1
  1  1  1
0DEFAULT OMEGA BOUNDARY TEST OMITTED:    NO
0SIGMA HAS SIMPLE DIAGONAL FORM WITH DIMENSION:   2
0DEFAULT SIGMA BOUNDARY TEST OMITTED:    NO
0INITIAL ESTIMATE OF THETA:
 LOWER BOUND    INITIAL EST    UPPER BOUND
  0.0000E+00     0.1000E+02     0.5000E+02
  0.0000E+00     0.1000E+02     0.1000E+03
  0.0000E+00     0.2000E+00     0.5000E+01
  0.0000E+00     0.1000E+02     0.5000E+02
  0.0000E+00     0.1000E+03     0.1000E+04
  0.0000E+00     0.1000E+01     0.2000E+01
  0.0000E+00     0.7500E+00     0.3000E+01
0INITIAL ESTIMATE OF OMEGA:
 BLOCK SET NO.   BLOCK                                                                    FIXED
        1                                                                                   NO
                  0.1000E+00
                  0.1000E-01   0.1000E+00
                  0.1000E-01   0.1000E-01   0.1000E+00
0INITIAL ESTIMATE OF SIGMA:
 0.1000E+00
 0.0000E+00   0.1000E+00
0ESTIMATION STEP OMITTED:           NO
 CONDITIONAL ESTIMATES USED:       YES
 CENTERED ETA:                      NO
 EPS-ETA INTERACTION:              YES
 LAPLACIAN OBJ. FUNC.:              NO
 NO. OF FUNCT. EVALS. ALLOWED:       9999
 NO. OF SIG. FIGURES REQUIRED:       3
 INTERMEDIATE PRINTOUT:            YES
 ESTIMATE OUTPUT TO MSF:           YES
 ABORT WITH PRED EXIT CODE 1:       NO
 IND. OBJ. FUNC. VALUES SORTED:     NO

 THE FOLLOWING LABELS ARE EQUIVALENT
 PRED=PREDI
 RES=RESI
 WRES=WRESI
1DOUBLE PRECISION PREDPP VERSION 7.2.0

 TWO COMPARTMENT MODEL WITH FIRST-ORDER ABSORPTION (ADVAN4)
0MAXIMUM NO. OF BASIC PK PARAMETERS:   5
0BASIC PK PARAMETERS (AFTER TRANSLATION):
   BASIC PK PARAMETER NO.  1: ELIMINATION RATE (K)
   BASIC PK PARAMETER NO.  2: CENTRAL-TO-PERIPH. RATE (K23)
   BASIC PK PARAMETER NO.  3: PERIPH.-TO-CENTRAL RATE (K32)
   BASIC PK PARAMETER NO.  5: ABSORPTION RATE (KA)
 TRANSLATOR WILL CONVERT PARAMETERS
 CL, V2, Q, V3 TO K, K23, K32 (TRANS4)
0COMPARTMENT ATTRIBUTES
 COMPT. NO.   FUNCTION   INITIAL    ON/OFF      DOSE      DEFAULT    DEFAULT
                         STATUS     ALLOWED    ALLOWED    FOR DOSE   FOR OBS.
    1         DEPOT        OFF        YES        YES        YES        NO
    2         CENTRAL      ON         NO         YES        NO         YES
    3         PERIPH.      ON         NO         YES        NO         NO
    4         OUTPUT       OFF        YES        NO         NO         NO
1
 ADDITIONAL PK PARAMETERS - ASSIGNMENT OF ROWS IN GG
 COMPT. NO.                             INDICES
              SCALE      BIOAVAIL.   ZERO-ORDER  ZERO-ORDER  ABSORB
                         FRACTION    RATE        DURATION    LAG
    1           *           *           *           *           *
    2           6           *           *           *           *
    3           *           *           *           *           *
    4           *           -           -           -           -
             - PARAMETER IS NOT ALLOWED FOR THIS MODEL
             * PARAMETER IS NOT SUPPLIED BY PK SUBROUTINE;
               WILL DEFAULT TO ONE IF APPLICABLE
0DATA ITEM INDICES USED BY PRED ARE:
   EVENT ID DATA ITEM IS DATA ITEM NO.:      4
   TIME DATA ITEM IS DATA ITEM NO.:          3
   DOSE AMOUNT DATA ITEM IS DATA ITEM NO.:   5

0PK SUBROUTINE CALLED WITH EVERY EVENT RECORD.
 PK SUBROUTINE NOT CALLED AT NONEVENT (ADDITIONAL OR LAGGED) DOSE TIMES.
0ERROR SUBROUTINE CALLED WITH EVERY EVENT RECORD.
1
 
 
 #TBLN:      1
 #METH: First Order Conditional Estimation with Interaction
 
 MONITORING OF SEARCH:

 
0ITERATION NO.:    0    OBJECTIVE VALUE:   2984.80730504898        NO. OF FUNC. EVALS.:  11
 CUMULATIVE NO. OF FUNC. EVALS.:       11
 NPARAMETR:  1.0000E+01  1.0000E+01  2.0000E-01  1.0000E+01  1.0000E+02  1.0000E+00  7.5000E-01  1.0000E-01  1.0000E-02  1.0000E-02
             1.0000E-01  1.0000E-02  1.0000E-01  1.0000E-01  1.0000E-01
 PARAMETER:  1.0000E-01  1.0000E-01  1.0000E-01  1.0000E-01  1.0000E-01  1.0000E-01  1.0000E-01  1.0000E-01  1.0000E-01  1.0000E-01
             1.0000E-01  1.0000E-01  1.0000E-01  1.0000E-01  1.0000E-01
 GRADIENT:   2.2912E+01 -3.6277E+02  5.8463E+02  9.8122E+00 -1.1911E+02 -1.3287E+00 -9.1626E+00 -7.0936E+01  3.2170E+01  1.5003E+01
            -1.5345E+02  2.2645E+02 -4.8267E+02  1.2601E+02 -3.0557E+01
 
0ITERATION NO.:    5    OBJECTIVE VALUE:   2420.02151501742        NO. OF FUNC. EVALS.:  12
 CUMULATIVE NO. OF FUNC. EVALS.:       75
 NPARAMETR:  8.2362E+00  2.3020E+01  6.8653E-02  3.9373E+00  1.1107E+02  1.0320E+00  8.3026E-01  2.1638E-01  9.2023E-02 -2.8220E-02
             1.0375E-01 -1.5555E-02  8.7523E-02  5.1630E-02  2.8679E-01
 PARAMETER: -1.3719E-01  1.0901E+00 -9.9625E-01 -9.7321E-01  2.1734E-01  1.6404E-01  2.3798E-01  4.8592E-01  6.2559E-01 -1.9185E-01
            -1.1333E-01 -4.8867E-02  1.9895E-02 -2.3053E-01  6.2680E-01
 GRADIENT:  -6.6670E+01  8.6549E+01 -1.0479E+02  5.0921E+00 -6.8457E+00 -2.0523E+01 -9.9475E+00  1.6500E+01 -1.9984E+01 -2.4478E+00
             2.4126E+00  1.1932E+01 -6.0034E+00  5.6481E+01  1.8808E+01
 
0ITERATION NO.:   10    OBJECTIVE VALUE:   2406.55028124158        NO. OF FUNC. EVALS.:  12
 CUMULATIVE NO. OF FUNC. EVALS.:      138
 NPARAMETR:  8.8889E+00  1.9909E+01  6.5697E-02  2.9263E+00  1.0280E+02  1.0923E+00  1.0934E+00  2.7044E-01  2.3705E-01  4.0610E-03
             3.1080E-01 -4.0523E-02  4.3385E-02  4.6430E-02  2.4716E-01
 PARAMETER: -4.5175E-02  9.0526E-01 -1.0409E+00 -1.2917E+00  1.3072E-01  2.8506E-01  6.4258E-01  5.9744E-01  1.4415E+00  2.4694E-02
             1.1989E-01 -4.8016E-01 -5.9487E-01 -2.8362E-01  5.5244E-01
 GRADIENT:   2.4043E+01 -9.7604E-01 -6.2627E+01  2.4690E+01 -1.3003E+01  6.4819E+00  8.4741E-01  1.1842E+01  5.1055E+00  5.3705E+00
             2.8910E+01  5.7652E+00 -1.1820E+01 -1.4078E+01 -9.4484E-01
 
0ITERATION NO.:   15    OBJECTIVE VALUE:   2396.62574948877        NO. OF FUNC. EVALS.:  12
 CUMULATIVE NO. OF FUNC. EVALS.:      201
 NPARAMETR:  7.7132E+00  1.8918E+01  6.7376E-02  2.8775E+00  1.0317E+02  1.0941E+00  1.7355E+00  1.8260E-01  1.3538E-01  8.0250E-03
             1.6170E-01 -2.1690E-02  5.1505E-02  4.6597E-02  2.4690E-01
 PARAMETER: -2.1525E-01  8.4190E-01 -1.0153E+00 -1.3095E+00  1.3477E-01  2.8871E-01  1.5153E+00  4.0107E-01  1.0018E+00  5.9387E-02
            -1.3939E-01 -3.9017E-01 -3.6553E-01 -2.8181E-01  5.5191E-01
 GRADIENT:   1.3470E+01  8.0467E+00 -1.9866E+01 -3.8263E+00 -9.8992E+00  8.3651E+00  7.3815E+00  4.0704E+00 -2.3230E+00  9.3685E-01
             8.8173E+00  4.2761E+00 -3.5263E+00 -5.0778E+00  1.5737E+00
 
0ITERATION NO.:   20    OBJECTIVE VALUE:   2388.54193984709        NO. OF FUNC. EVALS.:  12
 CUMULATIVE NO. OF FUNC. EVALS.:      262
 NPARAMETR:  8.3608E+00  1.7863E+01  6.8757E-02  3.0133E+00  1.2182E+02  1.0261E+00  9.7213E-01  2.0906E-01  1.6801E-01 -1.3840E-03
             1.5239E-01 -1.8813E-02  6.6972E-02  4.6808E-02  2.2792E-01
 PARAMETER: -1.1920E-01  7.7154E-01 -9.9472E-01 -1.2605E+00  3.2190E-01  1.5225E-01  4.6337E-01  4.6874E-01  1.1620E+00 -9.5718E-03
            -7.7013E-01 -4.6950E-01 -2.4824E-01 -2.7956E-01  5.1192E-01
 GRADIENT:   6.7816E+00 -8.8295E+00  6.1348E+00  1.2558E+00 -1.2477E+00  1.0787E-03  1.5781E-01 -2.1677E+00  3.5895E+00 -6.8334E-01
             1.7734E+00 -2.4504E+00  3.7229E+00 -5.3162E+00 -2.5826E+00
 
0ITERATION NO.:   25    OBJECTIVE VALUE:   2387.90349600631        NO. OF FUNC. EVALS.:  12
 CUMULATIVE NO. OF FUNC. EVALS.:      323
 NPARAMETR:  8.2002E+00  1.7883E+01  6.7738E-02  2.9892E+00  1.3839E+02  1.0418E+00  9.8755E-01  2.0700E-01  1.6052E-01  1.9353E-03
             1.3597E-01 -1.7829E-02  6.0073E-02  4.7491E-02  2.3481E-01
 PARAMETER: -1.4245E-01  7.7291E-01 -1.0099E+00 -1.2691E+00  4.6848E-01  1.8367E-01  4.8673E-01  4.6377E-01  1.1157E+00  1.3451E-02
            -9.7635E-01 -6.3013E-01 -5.3509E-01 -2.7231E-01  5.2680E-01
 GRADIENT:   2.7852E-01  6.4383E-01  2.1093E+00 -8.0691E-01  7.3965E-01  3.7630E-03  1.3942E-02 -2.2989E-01 -2.9049E-01  5.6769E-01
             9.0812E-02 -4.7429E-01  6.6009E-01  8.2554E-01 -8.3085E-02
 
0ITERATION NO.:   30    OBJECTIVE VALUE:   2387.84005952706        NO. OF FUNC. EVALS.:  13
 CUMULATIVE NO. OF FUNC. EVALS.:      387
 NPARAMETR:  8.2459E+00  1.7824E+01  6.7636E-02  2.9639E+00  1.3175E+02  1.0401E+00  9.6575E-01  2.0853E-01  1.6253E-01 -7.1893E-04
             1.3562E-01 -2.0999E-02  5.9860E-02  4.7438E-02  2.3802E-01
 PARAMETER: -1.3578E-01  7.6893E-01 -1.0114E+00 -1.2781E+00  4.1169E-01  1.8023E-01  4.5363E-01  4.6746E-01  1.1255E+00 -4.9785E-03
            -1.1024E+00 -7.5578E-01 -9.0625E-01 -2.7287E-01  5.3358E-01
 GRADIENT:   3.8089E-01 -1.0352E+00 -9.8287E-01 -6.1323E-03 -2.1999E-01  5.2682E-02  6.1336E-02  2.2661E-01  4.0253E-01 -6.4674E-01
             4.1257E-02 -1.0536E+00  2.8287E-01 -5.4580E-01  2.9898E-01
 
0ITERATION NO.:   35    OBJECTIVE VALUE:   2387.78677983553        NO. OF FUNC. EVALS.:  12
 CUMULATIVE NO. OF FUNC. EVALS.:      448
 NPARAMETR:  8.2587E+00  1.7922E+01  6.7925E-02  2.9832E+00  1.3154E+02  1.0410E+00  9.6889E-01  2.0634E-01  1.5993E-01 -1.0158E-04
             1.3249E-01 -2.0356E-02  5.9238E-02  4.7508E-02  2.3767E-01
 PARAMETER: -1.3393E-01  7.7561E-01 -1.0071E+00 -1.2712E+00  4.0984E-01  1.8203E-01  4.5842E-01  4.6218E-01  1.1134E+00 -7.0713E-04
            -1.1257E+00 -7.6749E-01 -9.9250E-01 -2.7213E-01  5.3286E-01
 GRADIENT:  -3.6758E-02  2.0748E-01  4.1228E-01 -2.9192E-01 -3.3701E-02  3.0612E-02  7.4595E-03  6.8810E-03 -8.3161E-02  3.6123E-02
            -7.5933E-02 -4.1604E-01  1.3402E-01  1.1179E-01  6.6764E-02
 
0ITERATION NO.:   40    OBJECTIVE VALUE:   2387.69001983342        NO. OF FUNC. EVALS.:  21
 CUMULATIVE NO. OF FUNC. EVALS.:      555
 NPARAMETR:  8.3560E+00  1.8351E+01  6.9621E-02  3.0948E+00  1.2459E+02  1.0387E+00  9.7511E-01  2.0384E-01  1.5643E-01 -2.7291E-03
             1.2785E-01 -2.2240E-02  5.9628E-02  4.7429E-02  2.4098E-01
 PARAMETER: -1.1988E-01  8.0449E-01 -9.8205E-01 -1.2321E+00  3.4757E-01  1.7753E-01  4.6790E-01  4.5607E-01  1.0957E+00 -1.9115E-02
            -1.1709E+00 -7.9773E-01 -1.1843E+00 -2.7296E-01  5.3976E-01
 GRADIENT:  -9.9945E-02  9.3806E-02  1.8768E-01 -9.4370E-02 -2.8214E-02 -9.1752E-03 -4.9845E-03 -4.7171E-02 -4.5492E-03 -1.5189E-02
             3.8656E-04 -7.5971E-02  3.0498E-02  3.0932E-02  1.6638E-02
 
0ITERATION NO.:   45    OBJECTIVE VALUE:   2387.68523080174        NO. OF FUNC. EVALS.:  21
 CUMULATIVE NO. OF FUNC. EVALS.:      662
 NPARAMETR:  8.3511E+00  1.8328E+01  6.9535E-02  3.0878E+00  1.2514E+02  1.0390E+00  9.7376E-01  2.0396E-01  1.5657E-01 -2.6106E-03
             1.2769E-01 -2.2446E-02  5.9182E-02  4.7453E-02  2.4104E-01
 PARAMETER: -1.2059E-01  8.0295E-01 -9.8330E-01 -1.2345E+00  3.5263E-01  1.7810E-01  4.6585E-01  4.5638E-01  1.0963E+00 -1.8280E-02
            -1.1899E+00 -8.2506E-01 -1.5738E+00 -2.7272E-01  5.3990E-01
 GRADIENT:  -1.7975E-01  1.3285E-01  3.9593E-02 -9.0278E-02  1.9231E-02 -3.2600E-02 -2.1802E-02 -9.0617E-02 -5.7065E-03 -4.1205E-03
             2.7730E-02  1.1427E-01 -3.0714E-04 -2.3362E-02 -4.3461E-03
 
0ITERATION NO.:   50    OBJECTIVE VALUE:   2387.68289507919        NO. OF FUNC. EVALS.:  21
 CUMULATIVE NO. OF FUNC. EVALS.:      767
 NPARAMETR:  8.3608E+00  1.8338E+01  6.9559E-02  3.0900E+00  1.2487E+02  1.0385E+00  9.7128E-01  2.0418E-01  1.5666E-01 -2.7171E-03
             1.2734E-01 -2.2526E-02  5.9530E-02  4.7471E-02  2.4113E-01
 PARAMETER: -1.1919E-01  8.0363E-01 -9.8296E-01 -1.2337E+00  3.5010E-01  1.7706E-01  4.6207E-01  4.5693E-01  1.0964E+00 -1.9015E-02
            -1.2152E+00 -8.4611E-01 -2.2348E+00 -2.7253E-01  5.4009E-01
 GRADIENT:   8.8901E-04  2.2047E-02 -5.8123E-02 -8.2074E-03  1.0906E-02 -8.1991E-03  1.2881E-03 -1.8450E-02  6.2036E-04 -6.2385E-03
             1.3876E-03 -1.5090E-01  3.3067E-03  3.3258E-02  1.7572E-02
 
0ITERATION NO.:   55    OBJECTIVE VALUE:   2387.68228476331        NO. OF FUNC. EVALS.:  21
 CUMULATIVE NO. OF FUNC. EVALS.:      872
 NPARAMETR:  8.3614E+00  1.8337E+01  6.9565E-02  3.0896E+00  1.2482E+02  1.0386E+00  9.7066E-01  2.0427E-01  1.5672E-01 -2.7230E-03
             1.2732E-01 -2.2546E-02  5.9320E-02  4.7469E-02  2.4119E-01
 PARAMETER: -1.1910E-01  8.0355E-01 -9.8286E-01 -1.2339E+00  3.4963E-01  1.7729E-01  4.6112E-01  4.5714E-01  1.0965E+00 -1.9052E-02
            -1.2188E+00 -8.4981E-01 -3.0083E+00 -2.7254E-01  5.4021E-01
 GRADIENT:   1.7416E-02 -1.6908E-02  1.4087E-02  1.0386E-03 -3.5791E-03  8.7793E-03  2.2650E-03  5.4663E-03  5.5098E-04  2.7528E-03
            -1.0969E-03  1.4944E-02  2.2396E-04 -1.7263E-02 -2.3081E-03
 
0ITERATION NO.:   60    OBJECTIVE VALUE:   2387.68215899211        NO. OF FUNC. EVALS.:  21
 CUMULATIVE NO. OF FUNC. EVALS.:      977
 NPARAMETR:  8.3612E+00  1.8337E+01  6.9563E-02  3.0896E+00  1.2484E+02  1.0386E+00  9.7066E-01  2.0426E-01  1.5671E-01 -2.7278E-03
             1.2729E-01 -2.2560E-02  5.9335E-02  4.7472E-02  2.4119E-01
 PARAMETER: -1.1913E-01  8.0354E-01 -9.8289E-01 -1.2339E+00  3.4982E-01  1.7722E-01  4.6113E-01  4.5710E-01  1.0965E+00 -1.9086E-02
            -1.2200E+00 -8.5125E-01 -4.5646E+00 -2.7251E-01  5.4020E-01
 GRADIENT:  -4.0616E-03  3.2787E-03 -1.0276E-03 -8.2416E-04  3.0679E-04 -1.5437E-03 -4.0134E-04 -9.1151E-04 -2.6523E-04 -5.7110E-04
            -2.5611E-05 -7.3389E-04  0.0000E+00  3.0832E-03  3.1743E-04
 
0ITERATION NO.:   61    OBJECTIVE VALUE:   2387.68215899211        NO. OF FUNC. EVALS.:  18
 CUMULATIVE NO. OF FUNC. EVALS.:      995
 NPARAMETR:  8.3612E+00  1.8337E+01  6.9563E-02  3.0896E+00  1.2484E+02  1.0386E+00  9.7066E-01  2.0426E-01  1.5671E-01 -2.7278E-03
             1.2729E-01 -2.2560E-02  5.9335E-02  4.7472E-02  2.4119E-01
 PARAMETER: -1.1913E-01  8.0354E-01 -9.8289E-01 -1.2339E+00  3.4982E-01  1.7722E-01  4.6113E-01  4.5710E-01  1.0965E+00 -1.9086E-02
            -1.2200E+00 -8.5125E-01 -4.5646E+00 -2.7251E-01  5.4020E-01
 GRADIENT:  -4.0616E-03  3.2787E-03 -1.0276E-03 -8.2416E-04  3.0679E-04 -1.5437E-03 -4.0134E-04 -9.1151E-04 -2.6523E-04 -5.7110E-04
            -2.5611E-05 -7.3389E-04  0.0000E+00  3.0832E-03  3.1743E-04
 
 #TERM:
0MINIMIZATION SUCCESSFUL
 NO. OF FUNCTION EVALUATIONS USED:      995
 NO. OF SIG. DIGITS IN FINAL EST.:  3.3
0PARAMETER ESTIMATE IS NEAR ITS BOUNDARY
 THIS MUST BE ADDRESSED BEFORE THE COVARIANCE STEP CAN BE IMPLEMENTED

 ETABAR IS THE ARITHMETIC MEAN OF THE ETA-ESTIMATES,
 AND THE P-VALUE IS GIVEN FOR THE NULL HYPOTHESIS THAT THE TRUE MEAN IS 0.

 ETABAR:        -2.9374E-04 -7.3223E-04  1.4727E-03
 SE:             6.9368E-02  5.5315E-02  3.5458E-02

 P VAL.:         9.9662E-01  9.8944E-01  9.6687E-01
 
 ETAshrink(%):   1.6891E+00  6.9498E-01  6.7625E+00
 EPSshrink(%):   6.7519E+00  6.7519E+00
 
 #TERE:
 Elapsed estimation time in seconds:    13.02
1
 
 
 
 
 
 
 
 
 
 
 
 
 
 
 
 
 
 
 
 
 ************************************************************************************************************************
 ********************                                                                                ********************
 ********************               FIRST ORDER CONDITIONAL ESTIMATION WITH INTERACTION              ********************
 #OBJT:**************                       MINIMUM VALUE OF OBJECTIVE FUNCTION                      ********************
 ********************                                                                                ********************
 ************************************************************************************************************************
 





 #OBJV:********************************************     2387.682       **************************************************
1
 ************************************************************************************************************************
 ********************                                                                                ********************
 ********************               FIRST ORDER CONDITIONAL ESTIMATION WITH INTERACTION              ********************
 ********************                             FINAL PARAMETER ESTIMATE                           ********************
 ********************                                                                                ********************
 ************************************************************************************************************************
 


 THETA - VECTOR OF FIXED EFFECTS PARAMETERS   *********


         TH 1      TH 2      TH 3      TH 4      TH 5      TH 6      TH 7     
 
         8.36E+00  1.83E+01  6.96E-02  3.09E+00  1.25E+02  1.04E+00  9.71E-01
 


 OMEGA - COV MATRIX FOR RANDOM EFFECTS - ETAS  ********


            ETA1      ETA2      ETA3   
 
 ETA1
+        2.04E-01
 
 ETA2
+        1.57E-01  1.27E-01
 
 ETA3
+       -2.73E-03 -2.26E-02  5.93E-02
 


 SIGMA - COV MATRIX FOR RANDOM EFFECTS - EPSILONS  ****


            EPS1      EPS2   
 
 EPS1
+        4.75E-02
 
 EPS2
+        0.00E+00  2.41E-01
 
1


 OMEGA - CORR MATRIX FOR RANDOM EFFECTS - ETAS  *******


            ETA1      ETA2      ETA3   
 
 ETA1
+        4.52E-01
 
 ETA2
+        9.72E-01  3.57E-01
 
 ETA3
+       -2.48E-02 -2.60E-01  2.44E-01
 


 SIGMA - CORR MATRIX FOR RANDOM EFFECTS - EPSILONS  ***


            EPS1      EPS2   
 
 EPS1
+        2.18E-01
 
 EPS2
+        0.00E+00  4.91E-01
 
Stop Time:
Thu Nov 10 15:08:47 UTC 2011
