Thu Nov 10 15:07:00 UTC 2011
$PROB 138 phase1 2 CMT like 1004 but diff. initial on V3
$INPUT C ID TIME SEQ=DROP EVID AMT DV SUBJ HOUR TAFD TAD LDOS MDV HEIGHT WT SEX AGE DOSE FED
$DATA ../data/138.csv IGNORE=C
$SUBROUTINE ADVAN4 TRANS4
$PK
 CL=THETA(1)*EXP(ETA(1)) * THETA(6)**SEX * (WT/70)**THETA(7)
 V2 =THETA(2)*EXP(ETA(2))
 KA=THETA(3)*EXP(ETA(3))
 Q  =THETA(4)
 V3=THETA(5)
 S2=V2
 
$ERROR
 Y=F*(1+ERR(1)) + ERR(2)
 IPRE=F

$THETA
(0,10,50)     
(0,10,100)    
(0,0.2, 5)    
(0,10,50)     
(0,100,1000)  
(0,1,2)       
(0,0.75,3)    

$OMEGA BLOCK(3)
.1
.01 .1
.01 .01 .1








$SIGMA 0.1 0.1




$ESTIMATION MAXEVAL=9999 PRINT=5 NOABORT METHOD=1 INTER MSFO=./138.msf
;$COV PRINT=E
;$TABLE NOPRINT FILE=./138.tab ONEHEADER ID AMT TIME EVID PRED IPRE CWRES
;$TABLE NOPRINT FILE=./138par.tab ONEHEADER ID TIME CL Q V2 V3 KA ETA1 ETA2 ETA3


















NM-TRAN MESSAGES
  
 WARNINGS AND ERRORS (IF ANY) FOR PROBLEM    1
             
 (WARNING  2) NM-TRAN INFERS THAT THE DATA ARE POPULATION.
 CREATING MUMODEL ROUTINE...

License Registered to: Metrum Research Group
Expiration Date:    14 JUL 2012
Current Date:       10 NOV 2011
Days until program expires : 249
1NONLINEAR MIXED EFFECTS MODEL PROGRAM (NONMEM) VERSION 7.2.0
 ORIGINALLY DEVELOPED BY STUART BEAL, LEWIS SHEINER, AND ALISON BOECKMANN
 CURRENT DEVELOPERS ARE ROBERT BAUER, ICON DEVELOPMENT SOLUTIONS,
 AND ALISON BOECKMANN. IMPLEMENTATION, EFFICIENCY, AND STANDARDIZATION
 PERFORMED BY NOUS INFOSYSTEMS.

 PROBLEM NO.:         1
 138 phase1 2 CMT like 1004 but diff. initial on V3
0DATA CHECKOUT RUN:              NO
 DATA SET LOCATED ON UNIT NO.:    2
 THIS UNIT TO BE REWOUND:        NO
 NO. OF DATA RECS IN DATA SET:      556
 NO. OF DATA ITEMS IN DATA SET:  18
 ID DATA ITEM IS DATA ITEM NO.:   2
 DEP VARIABLE IS DATA ITEM NO.:   6
 MDV DATA ITEM IS DATA ITEM NO.: 12
0INDICES PASSED TO SUBROUTINE PRED:
   4   3   5   0   0   0   0   0   0   0   0
0LABELS FOR DATA ITEMS:
 C ID TIME EVID AMT DV SUBJ HOUR TAFD TAD LDOS MDV HEIGHT WT SEX AGE DOSE FED
0FORMAT FOR DATA:
 (1(12E6.0/),6E6.0)

 TOT. NO. OF OBS RECS:      516
 TOT. NO. OF INDIVIDUALS:     40
0LENGTH OF THETA:   7
0DEFAULT THETA BOUNDARY TEST OMITTED:    NO
0OMEGA HAS BLOCK FORM:
  1
  1  1
  1  1  1
0DEFAULT OMEGA BOUNDARY TEST OMITTED:    NO
0SIGMA HAS SIMPLE DIAGONAL FORM WITH DIMENSION:   2
0DEFAULT SIGMA BOUNDARY TEST OMITTED:    NO
0INITIAL ESTIMATE OF THETA:
 LOWER BOUND    INITIAL EST    UPPER BOUND
  0.0000E+00     0.1000E+02     0.5000E+02
  0.0000E+00     0.1000E+02     0.1000E+03
  0.0000E+00     0.2000E+00     0.5000E+01
  0.0000E+00     0.1000E+02     0.5000E+02
  0.0000E+00     0.1000E+03     0.1000E+04
  0.0000E+00     0.1000E+01     0.2000E+01
  0.0000E+00     0.7500E+00     0.3000E+01
0INITIAL ESTIMATE OF OMEGA:
 BLOCK SET NO.   BLOCK                                                                    FIXED
        1                                                                                   NO
                  0.1000E+00
                  0.1000E-01   0.1000E+00
                  0.1000E-01   0.1000E-01   0.1000E+00
0INITIAL ESTIMATE OF SIGMA:
 0.1000E+00
 0.0000E+00   0.1000E+00
0ESTIMATION STEP OMITTED:           NO
 CONDITIONAL ESTIMATES USED:       YES
 CENTERED ETA:                      NO
 EPS-ETA INTERACTION:              YES
 LAPLACIAN OBJ. FUNC.:              NO
 NO. OF FUNCT. EVALS. ALLOWED:       9999
 NO. OF SIG. FIGURES REQUIRED:       3
 INTERMEDIATE PRINTOUT:            YES
 ESTIMATE OUTPUT TO MSF:           YES
 ABORT WITH PRED EXIT CODE 1:       NO
 IND. OBJ. FUNC. VALUES SORTED:     NO

 THE FOLLOWING LABELS ARE EQUIVALENT
 PRED=PREDI
 RES=RESI
 WRES=WRESI
1DOUBLE PRECISION PREDPP VERSION 7.2.0

 TWO COMPARTMENT MODEL WITH FIRST-ORDER ABSORPTION (ADVAN4)
0MAXIMUM NO. OF BASIC PK PARAMETERS:   5
0BASIC PK PARAMETERS (AFTER TRANSLATION):
   BASIC PK PARAMETER NO.  1: ELIMINATION RATE (K)
   BASIC PK PARAMETER NO.  2: CENTRAL-TO-PERIPH. RATE (K23)
   BASIC PK PARAMETER NO.  3: PERIPH.-TO-CENTRAL RATE (K32)
   BASIC PK PARAMETER NO.  5: ABSORPTION RATE (KA)
 TRANSLATOR WILL CONVERT PARAMETERS
 CL, V2, Q, V3 TO K, K23, K32 (TRANS4)
0COMPARTMENT ATTRIBUTES
 COMPT. NO.   FUNCTION   INITIAL    ON/OFF      DOSE      DEFAULT    DEFAULT
                         STATUS     ALLOWED    ALLOWED    FOR DOSE   FOR OBS.
    1         DEPOT        OFF        YES        YES        YES        NO
    2         CENTRAL      ON         NO         YES        NO         YES
    3         PERIPH.      ON         NO         YES        NO         NO
    4         OUTPUT       OFF        YES        NO         NO         NO
1
 ADDITIONAL PK PARAMETERS - ASSIGNMENT OF ROWS IN GG
 COMPT. NO.                             INDICES
              SCALE      BIOAVAIL.   ZERO-ORDER  ZERO-ORDER  ABSORB
                         FRACTION    RATE        DURATION    LAG
    1           *           *           *           *           *
    2           6           *           *           *           *
    3           *           *           *           *           *
    4           *           -           -           -           -
             - PARAMETER IS NOT ALLOWED FOR THIS MODEL
             * PARAMETER IS NOT SUPPLIED BY PK SUBROUTINE;
               WILL DEFAULT TO ONE IF APPLICABLE
0DATA ITEM INDICES USED BY PRED ARE:
   EVENT ID DATA ITEM IS DATA ITEM NO.:      4
   TIME DATA ITEM IS DATA ITEM NO.:          3
   DOSE AMOUNT DATA ITEM IS DATA ITEM NO.:   5

0PK SUBROUTINE CALLED WITH EVERY EVENT RECORD.
 PK SUBROUTINE NOT CALLED AT NONEVENT (ADDITIONAL OR LAGGED) DOSE TIMES.
0ERROR SUBROUTINE CALLED WITH EVERY EVENT RECORD.
1
 
 
 #TBLN:      1
 #METH: First Order Conditional Estimation with Interaction
 
 MONITORING OF SEARCH:

 
0ITERATION NO.:    0    OBJECTIVE VALUE:   3094.12100784688        NO. OF FUNC. EVALS.:  11
 CUMULATIVE NO. OF FUNC. EVALS.:       11
 NPARAMETR:  1.0000E+01  1.0000E+01  2.0000E-01  1.0000E+01  1.0000E+02  1.0000E+00  7.5000E-01  1.0000E-01  1.0000E-02  1.0000E-02
             1.0000E-01  1.0000E-02  1.0000E-01  1.0000E-01  1.0000E-01
 PARAMETER:  1.0000E-01  1.0000E-01  1.0000E-01  1.0000E-01  1.0000E-01  1.0000E-01  1.0000E-01  1.0000E-01  1.0000E-01  1.0000E-01
             1.0000E-01  1.0000E-01  1.0000E-01  1.0000E-01  1.0000E-01
 GRADIENT:  -3.6073E+01 -3.9664E+02  6.7543E+02  1.4702E+01 -1.4631E+02 -3.8553E+01 -1.3119E+01 -5.0104E+01 -4.9149E+00  7.9740E+01
            -1.8004E+02  2.7906E+02 -6.3343E+02  7.2213E+01 -2.7017E+01
 
0ITERATION NO.:    5    OBJECTIVE VALUE:   2387.62208588802        NO. OF FUNC. EVALS.:  12
 CUMULATIVE NO. OF FUNC. EVALS.:       74
 NPARAMETR:  9.0608E+00  2.5886E+01  6.5349E-02  3.7411E+00  1.4330E+02  1.1288E+00  8.1055E-01  1.7831E-01  5.6078E-02 -2.3210E-02
             7.8534E-02 -1.0512E-02  1.1280E-01  4.8667E-02  1.7008E-01
 PARAMETER: -2.1833E-02  1.2453E+00 -1.0462E+00 -1.0286E+00  5.0909E-01  3.5898E-01  2.0492E-01  3.8918E-01  4.1995E-01 -1.7382E-01
            -1.4296E-01 -4.5513E-02  1.5503E-01 -2.6009E-01  3.6554E-01
 GRADIENT:  -2.3361E+01  5.7585E+01 -6.1360E+01 -4.8373E+00 -1.5802E+00 -1.1938E+01 -7.7293E+00  1.4108E+01 -3.3796E+01  5.8800E+00
             8.0114E+00  6.2662E-01  1.6240E+01 -2.6392E+01 -7.1207E+00
 
0ITERATION NO.:   10    OBJECTIVE VALUE:   2371.60822532465        NO. OF FUNC. EVALS.:  12
 CUMULATIVE NO. OF FUNC. EVALS.:      135
 NPARAMETR:  8.9307E+00  2.6396E+01  6.5241E-02  3.5641E+00  1.3636E+02  1.1691E+00  1.4922E+00  1.9701E-01  1.6554E-01 -1.3601E-02
             1.9350E-01 -4.0866E-02  7.4029E-02  4.8532E-02  2.0215E-01
 PARAMETER: -3.9478E-02  1.2717E+00 -1.0479E+00 -1.0809E+00  4.5138E-01  4.4149E-01  1.1882E+00  4.3905E-01  1.1794E+00 -9.6903E-02
            -1.9938E-01 -4.4124E-01 -1.7048E-01 -2.6147E-01  4.5192E-01
 GRADIENT:   1.7726E+01  1.7935E+01 -5.4572E+01  2.0810E+01 -9.6677E+00  3.9936E+00  1.7504E+00  4.0177E+00  6.0506E+00  7.1522E+00
             1.8336E+01 -8.1770E+00  3.7555E+00 -1.5097E+01 -7.8249E-01
 
0ITERATION NO.:   15    OBJECTIVE VALUE:   2364.32723033992        NO. OF FUNC. EVALS.:  12
 CUMULATIVE NO. OF FUNC. EVALS.:      195
 NPARAMETR:  7.9867E+00  2.4804E+01  7.2019E-02  3.5698E+00  1.4880E+02  1.2300E+00  1.5505E+00  1.6040E-01  1.1815E-01 -1.4064E-02
             1.4063E-01 -2.9320E-02  4.7224E-02  4.6569E-02  2.4831E-01
 PARAMETER: -1.7391E-01  1.1882E+00 -9.4770E-01 -1.0791E+00  5.5314E-01  5.6840E-01  1.2660E+00  3.3625E-01  9.3286E-01 -1.1105E-01
            -2.0671E-01 -2.8629E-01 -3.5798E-01 -2.8211E-01  5.5475E-01
 GRADIENT:   9.8449E-01  1.8668E+01  1.9971E+01 -7.6505E+00 -2.6694E+00  3.5690E+00  2.5962E-01  2.2199E+00 -1.4025E+00  1.6880E+00
             1.7399E+01 -1.8771E+00 -4.4913E+00 -2.5029E+01  1.3383E+00
 
0ITERATION NO.:   20    OBJECTIVE VALUE:   2354.60820812811        NO. OF FUNC. EVALS.:  12
 CUMULATIVE NO. OF FUNC. EVALS.:      257
 NPARAMETR:  8.0260E+00  2.1938E+01  6.7362E-02  3.3947E+00  1.9485E+02  1.1190E+00  1.3821E+00  1.9145E-01  1.4364E-01 -2.0319E-02
             1.1860E-01 -1.8105E-02  5.6008E-02  5.0039E-02  1.9040E-01
 PARAMETER: -1.6807E-01  1.0279E+00 -1.0155E+00 -1.1332E+00  8.7841E-01  3.3916E-01  1.0411E+00  4.2473E-01  1.0381E+00 -1.4685E-01
            -1.0061E+00 -9.6078E-02 -2.0736E-01 -2.4619E-01  4.2199E-01
 GRADIENT:   1.9471E+00  1.1374E+00  1.0091E+01 -5.7678E+00  7.3780E-01  1.9001E+00  2.1481E-01  4.0788E+00  4.3436E-01 -4.1506E+00
             3.0668E+00  1.1772E+00 -6.5487E-01  4.0149E+00 -4.3212E+00
 
0ITERATION NO.:   25    OBJECTIVE VALUE:   2353.12765030445        NO. OF FUNC. EVALS.:  12
 CUMULATIVE NO. OF FUNC. EVALS.:      317
 NPARAMETR:  7.7198E+00  2.1416E+01  6.5815E-02  3.5191E+00  2.4790E+02  1.1046E+00  1.4246E+00  1.9260E-01  1.4328E-01 -1.2407E-02
             1.0836E-01 -1.4792E-02  5.4027E-02  4.9757E-02  2.0565E-01
 PARAMETER: -2.1424E-01  9.9717E-01 -1.0390E+00 -1.0946E+00  1.1874E+00  3.0996E-01  1.0979E+00  4.2773E-01  1.0324E+00 -8.9398E-02
            -1.9132E+00 -4.6277E-01 -4.0575E-01 -2.4901E-01  4.6050E-01
 GRADIENT:   4.6162E-01 -2.9071E-01  7.9266E-02  1.9685E-01  4.3916E-01 -1.2269E-02  5.1434E-02 -4.0538E-01  9.5554E-02 -4.8239E-01
             2.0298E-01  2.1586E-02  4.1474E-01  3.6926E-01 -2.6019E-01
 
0ITERATION NO.:   30    OBJECTIVE VALUE:   2352.94282274952        NO. OF FUNC. EVALS.:  12
 CUMULATIVE NO. OF FUNC. EVALS.:      378
 NPARAMETR:  7.9509E+00  2.1725E+01  6.6449E-02  3.4169E+00  2.0968E+02  1.1045E+00  1.3955E+00  1.8360E-01  1.3803E-01 -1.3586E-02
             1.0432E-01 -1.4954E-02  5.5188E-02  4.9630E-02  2.0971E-01
 PARAMETER: -1.7926E-01  1.0155E+00 -1.0293E+00 -1.1262E+00  9.7037E-01  3.0985E-01  1.0591E+00  4.0380E-01  1.0187E+00 -1.0026E-01
            -2.5013E+00 -7.0999E-01 -9.1325E-01 -2.5028E-01  4.7029E-01
 GRADIENT:  -1.8720E+00  3.0721E+00 -1.9595E+00 -1.3118E+00 -9.2073E-02  1.8065E-01 -1.3898E-01 -3.9374E-01  1.6448E-01 -5.1273E-02
            -9.9757E-02 -1.4402E-01  9.9423E-02 -1.7498E-01 -3.3112E-02
 
0ITERATION NO.:   35    OBJECTIVE VALUE:   2352.85268725139        NO. OF FUNC. EVALS.:  21
 CUMULATIVE NO. OF FUNC. EVALS.:      469
 NPARAMETR:  8.0591E+00  2.2062E+01  6.7779E-02  3.4540E+00  1.9793E+02  1.1004E+00  1.3920E+00  1.8173E-01  1.3557E-01 -1.5122E-02
             1.0180E-01 -1.6536E-02  5.5136E-02  4.9488E-02  2.1541E-01
 PARAMETER: -1.6316E-01  1.0352E+00 -1.0092E+00 -1.1146E+00  8.9792E-01  3.0146E-01  1.0543E+00  3.9867E-01  1.0057E+00 -1.1218E-01
            -2.4051E+00 -7.1491E-01 -9.4844E-01 -2.5172E-01  4.8369E-01
 GRADIENT:   2.0029E-01 -8.2429E-02  5.4084E-01 -5.4171E-01  4.6355E-02  1.2809E-01  6.5304E-03  1.2840E-01 -1.5985E-01  4.4733E-02
             7.6967E-03 -2.6864E-01  9.5394E-02  5.6623E-02  4.1919E-02
 
0ITERATION NO.:   40    OBJECTIVE VALUE:   2352.84983327218        NO. OF FUNC. EVALS.:  23
 CUMULATIVE NO. OF FUNC. EVALS.:      577
 NPARAMETR:  8.0589E+00  2.2074E+01  6.7759E-02  3.4604E+00  1.9952E+02  1.0987E+00  1.3943E+00  1.8245E-01  1.3628E-01 -1.5146E-02
             1.0238E-01 -1.6385E-02  5.4958E-02  4.9508E-02  2.1561E-01
 PARAMETER: -1.6319E-01  1.0359E+00 -1.0095E+00 -1.1126E+00  9.0796E-01  2.9805E-01  1.0575E+00  4.0064E-01  1.0089E+00 -1.1213E-01
            -2.4559E+00 -7.2597E-01 -1.0140E+00 -2.5152E-01  4.8415E-01
 GRADIENT:   1.6385E-02  3.7577E-01  3.2587E-01 -4.5552E-01  8.9871E-02 -6.5365E-02  1.4965E-02 -4.9395E-02  8.8457E-02 -1.9933E-02
            -1.9678E-02 -5.5816E-02  4.6984E-02  3.0718E-01  3.9322E-02
 
0ITERATION NO.:   45    OBJECTIVE VALUE:   2352.83978027681        NO. OF FUNC. EVALS.:  21
 CUMULATIVE NO. OF FUNC. EVALS.:      683
 NPARAMETR:  8.0281E+00  2.2034E+01  6.7706E-02  3.4639E+00  2.0069E+02  1.1010E+00  1.3962E+00  1.8257E-01  1.3614E-01 -1.5059E-02
             1.0215E-01 -1.6847E-02  5.4967E-02  4.9487E-02  2.1500E-01
 PARAMETER: -1.6776E-01  1.0336E+00 -1.0103E+00 -1.1115E+00  9.1524E-01  3.0268E-01  1.0600E+00  4.0097E-01  1.0075E+00 -1.1145E-01
            -2.4225E+00 -7.7768E-01 -1.4708E+00 -2.5173E-01  4.8274E-01
 GRADIENT:  -2.7116E-01 -2.0785E-03 -1.1948E-01  3.9229E-02 -5.1296E-02 -3.5828E-02 -6.5729E-02  1.3314E-01 -7.6533E-02 -4.0699E-02
             1.5044E-02 -3.8053E-01  3.6269E-02 -1.4640E-01  4.4524E-02
 
0ITERATION NO.:   50    OBJECTIVE VALUE:   2352.83494016971        NO. OF FUNC. EVALS.:  21
 CUMULATIVE NO. OF FUNC. EVALS.:      788
 NPARAMETR:  8.0294E+00  2.2037E+01  6.7687E-02  3.4639E+00  2.0128E+02  1.1008E+00  1.3977E+00  1.8255E-01  1.3620E-01 -1.4978E-02
             1.0223E-01 -1.6849E-02  5.4560E-02  4.9502E-02  2.1500E-01
 PARAMETER: -1.6757E-01  1.0337E+00 -1.0106E+00 -1.1115E+00  9.1889E-01  3.0231E-01  1.0620E+00  4.0093E-01  1.0080E+00 -1.1086E-01
            -2.4371E+00 -7.9711E-01 -2.0455E+00 -2.5158E-01  4.8274E-01
 GRADIENT:  -5.2415E-02  1.3399E-03 -6.2724E-02  3.3057E-02 -1.7520E-02 -4.3335E-03 -1.5584E-02  3.2329E-02 -2.7799E-02  7.6728E-04
             2.8656E-03 -7.4673E-02  5.0288E-03 -4.4194E-02 -1.4895E-03
 
0ITERATION NO.:   55    OBJECTIVE VALUE:   2352.83324436359        NO. OF FUNC. EVALS.:  21
 CUMULATIVE NO. OF FUNC. EVALS.:      894
 NPARAMETR:  8.0266E+00  2.2034E+01  6.7675E-02  3.4641E+00  2.0176E+02  1.1008E+00  1.3986E+00  1.8265E-01  1.3630E-01 -1.4959E-02
             1.0234E-01 -1.6896E-02  5.4455E-02  4.9504E-02  2.1503E-01
 PARAMETER: -1.6798E-01  1.0335E+00 -1.0108E+00 -1.1115E+00  9.2187E-01  3.0235E-01  1.0632E+00  4.0119E-01  1.0086E+00 -1.1069E-01
            -2.4380E+00 -8.0604E-01 -3.5073E+00 -2.5155E-01  4.8281E-01
 GRADIENT:  -4.9873E-03 -1.2247E-02  2.2291E-02 -4.8572E-03  4.8222E-03 -3.7506E-03 -3.5630E-03 -1.2321E-02  1.3715E-02 -1.6852E-02
             2.8928E-03 -3.6966E-02  2.2377E-04 -1.9361E-02  1.9638E-03
 
0ITERATION NO.:   60    OBJECTIVE VALUE:   2352.83315551992        NO. OF FUNC. EVALS.:  21
 CUMULATIVE NO. OF FUNC. EVALS.:     1000
 NPARAMETR:  8.0280E+00  2.2036E+01  6.7678E-02  3.4639E+00  2.0162E+02  1.1008E+00  1.3985E+00  1.8261E-01  1.3627E-01 -1.4955E-02
             1.0230E-01 -1.6873E-02  5.4436E-02  4.9506E-02  2.1506E-01
 PARAMETER: -1.6777E-01  1.0336E+00 -1.0107E+00 -1.1115E+00  9.2103E-01  3.0225E-01  1.0631E+00  4.0108E-01  1.0084E+00 -1.1067E-01
            -2.4419E+00 -8.0637E-01 -4.6295E+00 -2.5154E-01  4.8286E-01
 GRADIENT:   4.1128E-04 -6.6802E-04  1.3468E-03 -2.9079E-04  2.6861E-04  3.4499E-06  3.9952E-05 -3.2903E-04 -1.2666E-03 -3.1551E-04
             8.2134E-05 -1.7793E-03  0.0000E+00 -6.0089E-04  8.7115E-05
 
0ITERATION NO.:   62    OBJECTIVE VALUE:   2352.83315508523        NO. OF FUNC. EVALS.:  18
 CUMULATIVE NO. OF FUNC. EVALS.:     1040
 NPARAMETR:  8.0280E+00  2.2036E+01  6.7678E-02  3.4639E+00  2.0163E+02  1.1008E+00  1.3985E+00  1.8262E-01  1.3628E-01 -1.4954E-02
             1.0231E-01 -1.6871E-02  5.4432E-02  4.9506E-02  2.1506E-01
 PARAMETER: -1.6777E-01  1.0336E+00 -1.0107E+00 -1.1115E+00  9.2106E-01  3.0225E-01  1.0631E+00  4.0111E-01  1.0084E+00 -1.1066E-01
            -2.4420E+00 -8.0634E-01 -4.6188E+00 -2.5154E-01  4.8286E-01
 GRADIENT:  -6.9800E-04  5.5179E-04 -2.4783E-03  9.6548E-04 -4.4263E-04  5.0703E-05 -7.7187E-05  3.0145E-04 -1.1022E-03  2.4436E-04
            -1.0683E-04  2.8813E-03  0.0000E+00  1.7703E-04 -3.8191E-04
 
 #TERM:
0MINIMIZATION SUCCESSFUL
 NO. OF FUNCTION EVALUATIONS USED:     1040
 NO. OF SIG. DIGITS IN FINAL EST.:  3.2
0PARAMETER ESTIMATE IS NEAR ITS BOUNDARY
 THIS MUST BE ADDRESSED BEFORE THE COVARIANCE STEP CAN BE IMPLEMENTED

 ETABAR IS THE ARITHMETIC MEAN OF THE ETA-ESTIMATES,
 AND THE P-VALUE IS GIVEN FOR THE NULL HYPOTHESIS THAT THE TRUE MEAN IS 0.

 ETABAR:         6.5208E-05 -9.6941E-05  1.3510E-03
 SE:             6.5539E-02  4.9277E-02  3.3720E-02

 P VAL.:         9.9921E-01  9.9843E-01  9.6804E-01
 
 ETAshrink(%):   1.7663E+00  1.3231E+00  7.4245E+00
 EPSshrink(%):   6.5121E+00  6.5121E+00
 
 #TERE:
 Elapsed estimation time in seconds:    12.23
1
 
 
 
 
 
 
 
 
 
 
 
 
 
 
 
 
 
 
 
 
 ************************************************************************************************************************
 ********************                                                                                ********************
 ********************               FIRST ORDER CONDITIONAL ESTIMATION WITH INTERACTION              ********************
 #OBJT:**************                       MINIMUM VALUE OF OBJECTIVE FUNCTION                      ********************
 ********************                                                                                ********************
 ************************************************************************************************************************
 





 #OBJV:********************************************     2352.833       **************************************************
1
 ************************************************************************************************************************
 ********************                                                                                ********************
 ********************               FIRST ORDER CONDITIONAL ESTIMATION WITH INTERACTION              ********************
 ********************                             FINAL PARAMETER ESTIMATE                           ********************
 ********************                                                                                ********************
 ************************************************************************************************************************
 


 THETA - VECTOR OF FIXED EFFECTS PARAMETERS   *********


         TH 1      TH 2      TH 3      TH 4      TH 5      TH 6      TH 7     
 
         8.03E+00  2.20E+01  6.77E-02  3.46E+00  2.02E+02  1.10E+00  1.40E+00
 


 OMEGA - COV MATRIX FOR RANDOM EFFECTS - ETAS  ********


            ETA1      ETA2      ETA3   
 
 ETA1
+        1.83E-01
 
 ETA2
+        1.36E-01  1.02E-01
 
 ETA3
+       -1.50E-02 -1.69E-02  5.44E-02
 


 SIGMA - COV MATRIX FOR RANDOM EFFECTS - EPSILONS  ****


            EPS1      EPS2   
 
 EPS1
+        4.95E-02
 
 EPS2
+        0.00E+00  2.15E-01
 
1


 OMEGA - CORR MATRIX FOR RANDOM EFFECTS - ETAS  *******


            ETA1      ETA2      ETA3   
 
 ETA1
+        4.27E-01
 
 ETA2
+        9.97E-01  3.20E-01
 
 ETA3
+       -1.50E-01 -2.26E-01  2.33E-01
 


 SIGMA - CORR MATRIX FOR RANDOM EFFECTS - EPSILONS  ***


            EPS1      EPS2   
 
 EPS1
+        2.22E-01
 
 EPS2
+        0.00E+00  4.64E-01
 
Stop Time:
Thu Nov 10 15:07:28 UTC 2011
