Thu Nov 10 15:17:43 UTC 2011
$PROB 253 phase1 2 CMT like 1004 but diff. initial on V3
$INPUT C ID TIME SEQ=DROP EVID AMT DV SUBJ HOUR TAFD TAD LDOS MDV HEIGHT WT SEX AGE DOSE FED
$DATA ../data/253.csv IGNORE=C
$SUBROUTINE ADVAN4 TRANS4
$PK
 CL=THETA(1)*EXP(ETA(1)) * THETA(6)**SEX * (WT/70)**THETA(7)
 V2 =THETA(2)*EXP(ETA(2))
 KA=THETA(3)*EXP(ETA(3))
 Q  =THETA(4)
 V3=THETA(5)
 S2=V2
 
$ERROR
 Y=F*(1+ERR(1)) + ERR(2)
 IPRE=F

$THETA
(0,10,50)     
(0,10,100)    
(0,0.2, 5)    
(0,10,50)     
(0,100,1000)  
(0,1,2)       
(0,0.75,3)    

$OMEGA BLOCK(3)
.1
.01 .1
.01 .01 .1








$SIGMA 0.1 0.1




$ESTIMATION MAXEVAL=9999 PRINT=5 NOABORT METHOD=1 INTER MSFO=./253.msf
;$COV PRINT=E
;$TABLE NOPRINT FILE=./253.tab ONEHEADER ID AMT TIME EVID PRED IPRE CWRES
;$TABLE NOPRINT FILE=./253par.tab ONEHEADER ID TIME CL Q V2 V3 KA ETA1 ETA2 ETA3


















NM-TRAN MESSAGES
  
 WARNINGS AND ERRORS (IF ANY) FOR PROBLEM    1
             
 (WARNING  2) NM-TRAN INFERS THAT THE DATA ARE POPULATION.
 CREATING MUMODEL ROUTINE...

License Registered to: Metrum Research Group
Expiration Date:    14 JUL 2012
Current Date:       10 NOV 2011
Days until program expires : 249
1NONLINEAR MIXED EFFECTS MODEL PROGRAM (NONMEM) VERSION 7.2.0
 ORIGINALLY DEVELOPED BY STUART BEAL, LEWIS SHEINER, AND ALISON BOECKMANN
 CURRENT DEVELOPERS ARE ROBERT BAUER, ICON DEVELOPMENT SOLUTIONS,
 AND ALISON BOECKMANN. IMPLEMENTATION, EFFICIENCY, AND STANDARDIZATION
 PERFORMED BY NOUS INFOSYSTEMS.

 PROBLEM NO.:         1
 253 phase1 2 CMT like 1004 but diff. initial on V3
0DATA CHECKOUT RUN:              NO
 DATA SET LOCATED ON UNIT NO.:    2
 THIS UNIT TO BE REWOUND:        NO
 NO. OF DATA RECS IN DATA SET:      549
 NO. OF DATA ITEMS IN DATA SET:  18
 ID DATA ITEM IS DATA ITEM NO.:   2
 DEP VARIABLE IS DATA ITEM NO.:   6
 MDV DATA ITEM IS DATA ITEM NO.: 12
0INDICES PASSED TO SUBROUTINE PRED:
   4   3   5   0   0   0   0   0   0   0   0
0LABELS FOR DATA ITEMS:
 C ID TIME EVID AMT DV SUBJ HOUR TAFD TAD LDOS MDV HEIGHT WT SEX AGE DOSE FED
0FORMAT FOR DATA:
 (1(12E6.0/),6E6.0)

 TOT. NO. OF OBS RECS:      509
 TOT. NO. OF INDIVIDUALS:     40
0LENGTH OF THETA:   7
0DEFAULT THETA BOUNDARY TEST OMITTED:    NO
0OMEGA HAS BLOCK FORM:
  1
  1  1
  1  1  1
0DEFAULT OMEGA BOUNDARY TEST OMITTED:    NO
0SIGMA HAS SIMPLE DIAGONAL FORM WITH DIMENSION:   2
0DEFAULT SIGMA BOUNDARY TEST OMITTED:    NO
0INITIAL ESTIMATE OF THETA:
 LOWER BOUND    INITIAL EST    UPPER BOUND
  0.0000E+00     0.1000E+02     0.5000E+02
  0.0000E+00     0.1000E+02     0.1000E+03
  0.0000E+00     0.2000E+00     0.5000E+01
  0.0000E+00     0.1000E+02     0.5000E+02
  0.0000E+00     0.1000E+03     0.1000E+04
  0.0000E+00     0.1000E+01     0.2000E+01
  0.0000E+00     0.7500E+00     0.3000E+01
0INITIAL ESTIMATE OF OMEGA:
 BLOCK SET NO.   BLOCK                                                                    FIXED
        1                                                                                   NO
                  0.1000E+00
                  0.1000E-01   0.1000E+00
                  0.1000E-01   0.1000E-01   0.1000E+00
0INITIAL ESTIMATE OF SIGMA:
 0.1000E+00
 0.0000E+00   0.1000E+00
0ESTIMATION STEP OMITTED:           NO
 CONDITIONAL ESTIMATES USED:       YES
 CENTERED ETA:                      NO
 EPS-ETA INTERACTION:              YES
 LAPLACIAN OBJ. FUNC.:              NO
 NO. OF FUNCT. EVALS. ALLOWED:       9999
 NO. OF SIG. FIGURES REQUIRED:       3
 INTERMEDIATE PRINTOUT:            YES
 ESTIMATE OUTPUT TO MSF:           YES
 ABORT WITH PRED EXIT CODE 1:       NO
 IND. OBJ. FUNC. VALUES SORTED:     NO

 THE FOLLOWING LABELS ARE EQUIVALENT
 PRED=PREDI
 RES=RESI
 WRES=WRESI
1DOUBLE PRECISION PREDPP VERSION 7.2.0

 TWO COMPARTMENT MODEL WITH FIRST-ORDER ABSORPTION (ADVAN4)
0MAXIMUM NO. OF BASIC PK PARAMETERS:   5
0BASIC PK PARAMETERS (AFTER TRANSLATION):
   BASIC PK PARAMETER NO.  1: ELIMINATION RATE (K)
   BASIC PK PARAMETER NO.  2: CENTRAL-TO-PERIPH. RATE (K23)
   BASIC PK PARAMETER NO.  3: PERIPH.-TO-CENTRAL RATE (K32)
   BASIC PK PARAMETER NO.  5: ABSORPTION RATE (KA)
 TRANSLATOR WILL CONVERT PARAMETERS
 CL, V2, Q, V3 TO K, K23, K32 (TRANS4)
0COMPARTMENT ATTRIBUTES
 COMPT. NO.   FUNCTION   INITIAL    ON/OFF      DOSE      DEFAULT    DEFAULT
                         STATUS     ALLOWED    ALLOWED    FOR DOSE   FOR OBS.
    1         DEPOT        OFF        YES        YES        YES        NO
    2         CENTRAL      ON         NO         YES        NO         YES
    3         PERIPH.      ON         NO         YES        NO         NO
    4         OUTPUT       OFF        YES        NO         NO         NO
1
 ADDITIONAL PK PARAMETERS - ASSIGNMENT OF ROWS IN GG
 COMPT. NO.                             INDICES
              SCALE      BIOAVAIL.   ZERO-ORDER  ZERO-ORDER  ABSORB
                         FRACTION    RATE        DURATION    LAG
    1           *           *           *           *           *
    2           6           *           *           *           *
    3           *           *           *           *           *
    4           *           -           -           -           -
             - PARAMETER IS NOT ALLOWED FOR THIS MODEL
             * PARAMETER IS NOT SUPPLIED BY PK SUBROUTINE;
               WILL DEFAULT TO ONE IF APPLICABLE
0DATA ITEM INDICES USED BY PRED ARE:
   EVENT ID DATA ITEM IS DATA ITEM NO.:      4
   TIME DATA ITEM IS DATA ITEM NO.:          3
   DOSE AMOUNT DATA ITEM IS DATA ITEM NO.:   5

0PK SUBROUTINE CALLED WITH EVERY EVENT RECORD.
 PK SUBROUTINE NOT CALLED AT NONEVENT (ADDITIONAL OR LAGGED) DOSE TIMES.
0ERROR SUBROUTINE CALLED WITH EVERY EVENT RECORD.
1
 
 
 #TBLN:      1
 #METH: First Order Conditional Estimation with Interaction
 
 MONITORING OF SEARCH:

 
0ITERATION NO.:    0    OBJECTIVE VALUE:   3335.02499582512        NO. OF FUNC. EVALS.:  11
 CUMULATIVE NO. OF FUNC. EVALS.:       11
 NPARAMETR:  1.0000E+01  1.0000E+01  2.0000E-01  1.0000E+01  1.0000E+02  1.0000E+00  7.5000E-01  1.0000E-01  1.0000E-02  1.0000E-02
             1.0000E-01  1.0000E-02  1.0000E-01  1.0000E-01  1.0000E-01
 PARAMETER:  1.0000E-01  1.0000E-01  1.0000E-01  1.0000E-01  1.0000E-01  1.0000E-01  1.0000E-01  1.0000E-01  1.0000E-01  1.0000E-01
             1.0000E-01  1.0000E-01  1.0000E-01  1.0000E-01  1.0000E-01
 GRADIENT:  -1.1920E+02 -3.6121E+02  6.8991E+02 -9.4133E+00 -1.1940E+02 -5.7826E+01 -3.0690E+01 -9.1857E+01 -4.8599E+01  1.7136E+02
            -1.4766E+02  2.6087E+02 -6.5027E+02  4.5450E+01 -6.1080E+01
 
0ITERATION NO.:    5    OBJECTIVE VALUE:   2666.56872919542        NO. OF FUNC. EVALS.:  13
 CUMULATIVE NO. OF FUNC. EVALS.:       72
 NPARAMETR:  1.2225E+01  3.8100E+01  7.1092E-02  3.7088E+00  1.4350E+02  1.1448E+00  9.0083E-01  2.3046E-01  8.1545E-02 -4.6178E-02
             2.7204E-01 -4.1699E-02  7.1842E-02  6.3927E-02  3.9327E-01
 PARAMETER:  3.5808E-01  1.8119E+00 -9.6084E-01 -1.0379E+00  5.1068E-01  3.9168E-01  3.5264E-01  5.1746E-01  5.3715E-01 -3.0418E-01
             5.4935E-01 -1.7979E-01 -1.4670E-01 -1.2372E-01  7.8466E-01
 GRADIENT:   1.8991E+01  5.8770E+01  1.7941E+01 -3.7645E+01  1.4107E+01  1.1390E+00 -3.7939E+00  8.2649E+00 -2.5284E+01 -1.2343E+01
             8.0840E+00 -8.3503E+00  2.4661E+01  9.0023E+01  2.6077E+01
 
0ITERATION NO.:   10    OBJECTIVE VALUE:   2629.64183568082        NO. OF FUNC. EVALS.:  12
 CUMULATIVE NO. OF FUNC. EVALS.:      134
 NPARAMETR:  1.1144E+01  3.4950E+01  5.6808E-02  3.0531E+00  1.6241E+02  1.1576E+00  1.7753E+00  3.5346E-01  4.5206E-01 -6.3739E-02
             7.0309E-01 -1.5018E-01  7.5144E-02  5.5087E-02  2.1785E-01
 PARAMETER:  2.3729E-01  1.6760E+00 -1.1880E+00 -1.2466E+00  6.5680E-01  4.1783E-01  1.5699E+00  7.3130E-01  2.4045E+00 -3.3903E-01
             2.1631E-01 -6.7917E-01 -5.6610E-01 -1.9813E-01  4.8931E-01
 GRADIENT:  -1.7469E+00  2.5931E+01 -6.1260E+01  1.1104E+01 -3.5172E+00 -1.5232E+00  3.0007E+00  1.5855E+01  4.0431E+00 -3.3059E+00
             1.3353E+01 -3.1205E+00  1.0198E+01  1.2805E+01 -1.1464E+01
 
0ITERATION NO.:   15    OBJECTIVE VALUE:   2614.02675508774        NO. OF FUNC. EVALS.:  13
 CUMULATIVE NO. OF FUNC. EVALS.:      197
 NPARAMETR:  8.7509E+00  2.5662E+01  6.4278E-02  3.1894E+00  1.6637E+02  1.2926E+00  1.6138E+00  1.5092E-01  1.3634E-01 -1.3308E-02
             2.7107E-01 -7.4416E-02  7.7442E-02  5.0059E-02  2.9169E-01
 PARAMETER: -6.4182E-02  1.2336E+00 -1.0630E+00 -1.2000E+00  6.8568E-01  7.0284E-01  1.3507E+00  3.0580E-01  1.1098E+00 -1.0833E-01
             3.0072E-01 -5.6718E-01 -2.3792E-01 -2.4599E-01  6.3527E-01
 GRADIENT:  -6.2429E+00  2.5760E+01 -4.6183E+00 -3.3466E+00  4.3867E+00  3.7713E+00 -4.5040E+00 -6.0508E+00 -5.0064E+00 -1.0930E+01
             2.6142E+01 -9.5386E+00  2.3786E+01 -3.7923E+01  5.3079E+00
 
0ITERATION NO.:   20    OBJECTIVE VALUE:   2597.48972690465        NO. OF FUNC. EVALS.:  12
 CUMULATIVE NO. OF FUNC. EVALS.:      259
 NPARAMETR:  9.2279E+00  2.1858E+01  6.6827E-02  3.0509E+00  1.3844E+02  1.1273E+00  1.5286E+00  1.9149E-01  1.9389E-01 -1.6128E-03
             2.2893E-01 -2.4546E-02  6.0833E-02  5.4004E-02  2.3366E-01
 PARAMETER:  5.3037E-04  1.0233E+00 -1.0236E+00 -1.2473E+00  4.6895E-01  3.5601E-01  1.2367E+00  4.2483E-01  1.4011E+00 -1.1655E-02
            -4.5517E-01 -4.4355E-01 -2.9317E-01 -2.0805E-01  5.2435E-01
 GRADIENT:   1.1939E+01 -1.1386E+01  1.5127E+01  4.6663E+00  9.6707E-01  9.4896E-02  3.6045E+00  1.0867E+00  4.5803E+00 -4.8566E-01
             8.2211E-01 -4.7188E+00  1.8191E+01  4.0003E+00 -7.1290E+00
 
0ITERATION NO.:   25    OBJECTIVE VALUE:   2591.37427091527        NO. OF FUNC. EVALS.:  12
 CUMULATIVE NO. OF FUNC. EVALS.:      322
 NPARAMETR:  8.6568E+00  2.0878E+01  6.2226E-02  3.0684E+00  2.8140E+02  1.1422E+00  1.4690E+00  1.9847E-01  1.8849E-01  1.7661E-03
             2.0835E-01 -2.4157E-02  3.3205E-02  5.3841E-02  2.7222E-01
 PARAMETER: -7.7275E-02  9.6493E-01 -1.0958E+00 -1.2412E+00  1.3597E+00  3.8643E-01  1.1573E+00  4.4273E-01  1.3379E+00  1.2537E-02
            -5.0805E-01 -5.2726E-01 -1.0204E+00 -2.0957E-01  6.0072E-01
 GRADIENT:   3.3002E-01  6.6324E-01  7.9346E+00 -3.7265E+00  2.6811E+00 -1.5196E+00 -3.3147E-01 -2.7103E+00  4.7061E-01 -3.3873E+00
            -2.7290E+00 -2.0974E+00  3.8541E+00  8.2913E+00  4.1917E+00
 
0ITERATION NO.:   30    OBJECTIVE VALUE:   2590.43827683467        NO. OF FUNC. EVALS.:  14
 CUMULATIVE NO. OF FUNC. EVALS.:      384
 NPARAMETR:  8.0465E+00  2.0642E+01  6.1292E-02  3.3396E+00  3.6961E+02  1.1739E+00  1.5819E+00  2.2108E-01  2.0205E-01  8.1029E-03
             2.2199E-01 -2.3031E-02  2.9182E-02  5.3447E-02  2.5441E-01
 PARAMETER: -1.6503E-01  9.5056E-01 -1.1112E+00 -1.1508E+00  1.7634E+00  4.5132E-01  1.3079E+00  4.9669E-01  1.3588E+00  5.4496E-02
            -3.8752E-01 -5.5065E-01 -1.4907E+00 -2.1324E-01  5.6688E-01
 GRADIENT:   1.2006E+00 -7.6668E-01 -7.7406E+00  2.6377E+00  4.8727E-01  6.5748E-01  3.6744E-01  1.2012E+00  1.0680E-01  3.6168E-01
            -8.2267E-01 -6.3797E-01  1.2603E+00 -5.3740E-02 -3.5324E-01
 
0ITERATION NO.:   35    OBJECTIVE VALUE:   2588.94389077383        NO. OF FUNC. EVALS.:  12
 CUMULATIVE NO. OF FUNC. EVALS.:      446
 NPARAMETR:  9.0068E+00  2.1251E+01  6.3255E-02  2.7654E+00  1.7089E+02  1.1520E+00  1.4954E+00  1.7898E-01  1.7497E-01  2.1700E-03
             2.0728E-01 -3.0093E-02  2.8824E-02  5.3214E-02  2.5986E-01
 PARAMETER: -2.9138E-02  9.8734E-01 -1.0792E+00 -1.3517E+00  7.1791E-01  4.0638E-01  1.1924E+00  3.9105E-01  1.3079E+00  1.6220E-02
            -4.0269E-01 -5.9172E-01 -3.1414E+00 -2.1543E-01  5.7749E-01
 GRADIENT:  -4.3766E-02  1.1522E-01  2.0568E-01 -3.7453E-01 -4.6620E-02  2.1801E-02 -3.4505E-02 -1.1496E-01  4.4176E-04  1.7523E-01
             2.6325E-02 -3.0917E-01  3.6863E-02 -1.4989E-01 -1.9091E-01
 
0ITERATION NO.:   40    OBJECTIVE VALUE:   2588.92225069846        NO. OF FUNC. EVALS.:  12
 CUMULATIVE NO. OF FUNC. EVALS.:      509
 NPARAMETR:  8.9976E+00  2.1296E+01  6.3366E-02  2.7812E+00  1.7183E+02  1.1510E+00  1.5049E+00  1.7928E-01  1.7526E-01  1.4749E-03
             2.0767E-01 -3.0591E-02  2.8349E-02  5.3320E-02  2.6222E-01
 PARAMETER: -3.0377E-02  9.9005E-01 -1.0775E+00 -1.3456E+00  7.2449E-01  4.0440E-01  1.2052E+00  3.9190E-01  1.3089E+00  1.1015E-02
            -4.0096E-01 -5.8738E-01 -3.3008E+00 -2.1443E-01  5.8202E-01
 GRADIENT:  -1.5459E-01  2.7528E-01  5.9526E-01 -3.0461E-01 -3.1265E-02 -1.8642E-01  1.7825E-01  1.3385E-01 -1.1254E-02 -5.7566E-01
            -3.8080E-02  4.5743E-01  2.5714E-02  1.4266E+00  5.0699E-01
 
0ITERATION NO.:   45    OBJECTIVE VALUE:   2588.92217713425        NO. OF FUNC. EVALS.:  12
 CUMULATIVE NO. OF FUNC. EVALS.:      569
 NPARAMETR:  8.9922E+00  2.1281E+01  6.3336E-02  2.7825E+00  1.7279E+02  1.1515E+00  1.5028E+00  1.7955E-01  1.7543E-01  1.6674E-03
             2.0773E-01 -3.0450E-02  2.8435E-02  5.3289E-02  2.6167E-01
 PARAMETER: -3.1117E-02  9.8913E-01 -1.0779E+00 -1.3451E+00  7.3127E-01  4.0527E-01  1.2024E+00  3.9263E-01  1.3092E+00  1.2443E-02
            -4.0120E-01 -5.8836E-01 -3.3618E+00 -2.1472E-01  5.8096E-01
 GRADIENT:  -1.1352E-01  1.8410E-01  4.7793E-01 -2.1189E-01 -2.2874E-02 -1.2661E-01  1.1844E-01  9.0911E-02 -3.9010E-03 -3.9815E-01
            -2.0029E-02  2.8138E-01  2.2977E-02  9.6402E-01  3.5284E-01
 
0ITERATION NO.:   50    OBJECTIVE VALUE:   2588.92215217988        NO. OF FUNC. EVALS.:  13
 CUMULATIVE NO. OF FUNC. EVALS.:      630
 NPARAMETR:  8.9887E+00  2.1271E+01  6.3315E-02  2.7833E+00  1.7343E+02  1.1517E+00  1.5016E+00  1.7971E-01  1.7553E-01  1.7851E-03
             2.0777E-01 -3.0360E-02  2.8476E-02  5.3272E-02  2.6135E-01
 PARAMETER: -3.1591E-02  9.8856E-01 -1.0783E+00 -1.3448E+00  7.3575E-01  4.0576E-01  1.2008E+00  3.9310E-01  1.3094E+00  1.3316E-02
            -4.0136E-01 -5.8891E-01 -3.4409E+00 -2.1488E-01  5.8034E-01
 GRADIENT:  -8.7320E-02  1.3321E-01  3.8690E-01 -1.5768E-01 -1.7480E-02 -9.2562E-02  8.5299E-02  6.6510E-02 -9.9560E-04 -2.9474E-01
            -1.1680E-02  1.9007E-01  1.9710E-02  7.0248E-01  2.6231E-01
 
0ITERATION NO.:   55    OBJECTIVE VALUE:   2588.92212645163        NO. OF FUNC. EVALS.:  12
 CUMULATIVE NO. OF FUNC. EVALS.:      691
 NPARAMETR:  8.9858E+00  2.1264E+01  6.3297E-02  2.7839E+00  1.7396E+02  1.1519E+00  1.5008E+00  1.7985E-01  1.7562E-01  1.8769E-03
             2.0780E-01 -3.0288E-02  2.8503E-02  5.3260E-02  2.6109E-01
 PARAMETER: -3.1974E-02  9.8811E-01 -1.0786E+00 -1.3446E+00  7.3941E-01  4.0612E-01  1.1996E+00  3.9346E-01  1.3095E+00  1.3996E-02
            -4.0150E-01 -5.8932E-01 -3.5355E+00 -2.1499E-01  5.7986E-01
 GRADIENT:  -6.6535E-02  9.5873E-02  3.0643E-01 -1.1657E-01 -1.3178E-02 -6.7265E-02  6.1058E-02  4.8438E-02  5.1956E-04 -2.1656E-01
            -6.4545E-03  1.2696E-01  1.6364E-02  5.0869E-01  1.9344E-01
 
0ITERATION NO.:   60    OBJECTIVE VALUE:   2588.92210835489        NO. OF FUNC. EVALS.:  12
 CUMULATIVE NO. OF FUNC. EVALS.:      753
 NPARAMETR:  8.9839E+00  2.1258E+01  6.3285E-02  2.7843E+00  1.7432E+02  1.1520E+00  1.5002E+00  1.7994E-01  1.7567E-01  1.9384E-03
             2.0782E-01 -3.0240E-02  2.8518E-02  5.3253E-02  2.6093E-01
 PARAMETER: -3.2235E-02  9.8781E-01 -1.0788E+00 -1.3444E+00  7.4193E-01  4.0636E-01  1.1989E+00  3.9371E-01  1.3096E+00  1.4450E-02
            -4.0159E-01 -5.8958E-01 -3.6227E+00 -2.1506E-01  5.7954E-01
 GRADIENT:  -5.2481E-02  7.1888E-02  2.4843E-01 -8.9484E-02 -1.0274E-02 -5.0846E-02  4.5505E-02  3.6748E-02  1.2045E-03 -1.6529E-01
            -3.5015E-03  8.8237E-02  1.3770E-02  3.8323E-01  1.4806E-01
 
0ITERATION NO.:   65    OBJECTIVE VALUE:   2588.92209554116        NO. OF FUNC. EVALS.:  12
 CUMULATIVE NO. OF FUNC. EVALS.:      814
 NPARAMETR:  8.9822E+00  2.1254E+01  6.3274E-02  2.7846E+00  1.7466E+02  1.1521E+00  1.4997E+00  1.8002E-01  1.7573E-01  1.9934E-03
             2.0784E-01 -3.0196E-02  2.8531E-02  5.3246E-02  2.6078E-01
 PARAMETER: -3.2472E-02  9.8754E-01 -1.0789E+00 -1.3443E+00  7.4425E-01  4.0656E-01  1.1983E+00  3.9394E-01  1.3097E+00  1.4857E-02
            -4.0168E-01 -5.8980E-01 -3.7253E+00 -2.1512E-01  5.7925E-01
 GRADIENT:  -3.9610E-02  5.0981E-02  1.9421E-01 -6.5562E-02 -7.6188E-03 -3.6465E-02  3.2031E-02  2.6521E-02  1.6276E-03 -1.2001E-01
            -1.2066E-03  5.5767E-02  1.1232E-02  2.7363E-01  1.0793E-01
 
0ITERATION NO.:   70    OBJECTIVE VALUE:   2588.92209397784        NO. OF FUNC. EVALS.:  12
 CUMULATIVE NO. OF FUNC. EVALS.:      874
 NPARAMETR:  8.9806E+00  2.1250E+01  6.3264E-02  2.7849E+00  1.7495E+02  1.1522E+00  1.4994E+00  1.8009E-01  1.7577E-01  2.0403E-03
             2.0785E-01 -3.0158E-02  2.8540E-02  5.3241E-02  2.6065E-01
 PARAMETER: -3.2678E-02  9.8731E-01 -1.0791E+00 -1.3442E+00  7.4625E-01  4.0673E-01  1.1977E+00  3.9413E-01  1.3098E+00  1.5204E-02
            -4.0176E-01 -5.8999E-01 -3.8405E+00 -2.1517E-01  5.7901E-01
 GRADIENT:  -2.8602E-02  3.3524E-02  1.4651E-01 -4.5323E-02 -5.3551E-03 -2.4400E-02  2.0801E-02  1.7937E-02  1.8745E-03 -8.1834E-02
             5.4484E-04  2.9451E-02  8.9316E-03  1.8184E-01  7.4007E-02
 
0ITERATION NO.:   75    OBJECTIVE VALUE:   2588.92208395966        NO. OF FUNC. EVALS.:  13
 CUMULATIVE NO. OF FUNC. EVALS.:      935
 NPARAMETR:  8.9794E+00  2.1247E+01  6.3256E-02  2.7852E+00  1.7518E+02  1.1522E+00  1.4990E+00  1.8014E-01  1.7581E-01  2.0781E-03
             2.0786E-01 -3.0128E-02  2.8547E-02  5.3236E-02  2.6055E-01
 PARAMETER: -3.2845E-02  9.8712E-01 -1.0792E+00 -1.3441E+00  7.4789E-01  4.0686E-01  1.1973E+00  3.9429E-01  1.3099E+00  1.5483E-02
            -4.0182E-01 -5.9014E-01 -3.9664E+00 -2.1521E-01  5.7882E-01
 GRADIENT:  -1.9672E-02  1.9796E-02  1.0658E-01 -2.9113E-02 -3.5259E-03 -1.4861E-02  1.1975E-02  1.1129E-02  1.9660E-03 -5.1399E-02
             1.7719E-03  9.4656E-03  6.9503E-03  1.0926E-01  4.6907E-02
 
0ITERATION NO.:   80    OBJECTIVE VALUE:   2588.92206904210        NO. OF FUNC. EVALS.:  12
 CUMULATIVE NO. OF FUNC. EVALS.:      995
 NPARAMETR:  8.9781E+00  2.1244E+01  6.3247E-02  2.7855E+00  1.7543E+02  1.1523E+00  1.4987E+00  1.8020E-01  1.7585E-01  2.1172E-03
             2.0788E-01 -3.0096E-02  2.8554E-02  5.3232E-02  2.6045E-01
 PARAMETER: -3.3019E-02  9.8693E-01 -1.0794E+00 -1.3440E+00  7.4961E-01  4.0700E-01  1.1969E+00  3.9446E-01  1.3099E+00  1.5772E-02
            -4.0188E-01 -5.9029E-01 -4.1519E+00 -2.1525E-01  5.7862E-01
 GRADIENT:  -1.0375E-02  5.8991E-03  6.4242E-02 -1.2493E-02 -1.6383E-03 -5.1689E-03  3.0673E-03  4.1934E-03  1.9737E-03 -2.0284E-02
             2.8884E-03 -1.0156E-02  4.7992E-03  3.5496E-02  1.9133E-02
 
0ITERATION NO.:   85    OBJECTIVE VALUE:   2588.92201097919        NO. OF FUNC. EVALS.:  12
 CUMULATIVE NO. OF FUNC. EVALS.:     1055
 NPARAMETR:  8.9770E+00  2.1241E+01  6.3240E-02  2.7857E+00  1.7565E+02  1.1524E+00  1.4985E+00  1.8025E-01  1.7588E-01  2.1508E-03
             2.0789E-01 -3.0068E-02  2.8558E-02  5.3229E-02  2.6036E-01
 PARAMETER: -3.3172E-02  9.8677E-01 -1.0795E+00 -1.3439E+00  7.5112E-01  4.0711E-01  1.1966E+00  3.9460E-01  1.3100E+00  1.6020E-02
            -4.0194E-01 -5.9042E-01 -4.4293E+00 -2.1529E-01  5.7845E-01
 GRADIENT:  -2.1794E-03 -5.7207E-03  2.5768E-02  1.7567E-03  8.4336E-07  2.9832E-03 -4.2971E-03 -1.6282E-03  1.8249E-03  6.1336E-03
             3.5666E-03 -2.5327E-02  2.7578E-03 -2.6200E-02 -4.4833E-03
 
0ITERATION NO.:   90    OBJECTIVE VALUE:   2588.92198373985        NO. OF FUNC. EVALS.:  19
 CUMULATIVE NO. OF FUNC. EVALS.:     1124
 NPARAMETR:  8.9768E+00  2.1241E+01  6.3239E-02  2.7857E+00  1.7569E+02  1.1524E+00  1.4984E+00  1.8026E-01  1.7588E-01  2.1564E-03
             2.0789E-01 -3.0064E-02  2.8559E-02  5.3228E-02  2.6035E-01
 PARAMETER: -3.3198E-02  9.8674E-01 -1.0795E+00 -1.3439E+00  7.5138E-01  4.0713E-01  1.1965E+00  3.9462E-01  1.3100E+00  1.6061E-02
            -4.0195E-01 -5.9044E-01 -4.5054E+00 -2.1529E-01  5.7843E-01
 GRADIENT:  -3.5879E-01 -9.7885E-01 -6.4872E+00 -4.3784E-01 -3.8879E-02 -1.7980E-01 -2.2723E-01 -2.5762E-03  1.7817E-03  1.0444E-02
             3.6375E-03 -2.7432E-02  0.0000E+00 -2.1332E-01 -6.2049E-02
 
0ITERATION NO.:   95    OBJECTIVE VALUE:   2588.84652291259        NO. OF FUNC. EVALS.:  21
 CUMULATIVE NO. OF FUNC. EVALS.:     1231
 NPARAMETR:  9.0376E+00  2.1636E+01  6.4296E-02  2.8536E+00  1.6570E+02  1.1552E+00  1.5147E+00  1.7740E-01  1.7244E-01  7.8521E-04
             2.0391E-01 -3.1614E-02  2.8896E-02  5.3190E-02  2.6167E-01
 PARAMETER: -2.4971E-02  1.0102E+00 -1.0627E+00 -1.3184E+00  6.8084E-01  4.1294E-01  1.2182E+00  3.8661E-01  1.2947E+00  5.8954E-03
            -4.0173E-01 -5.9414E-01 -4.5048E+00 -2.1565E-01  5.8095E-01
 GRADIENT:   6.1142E-02 -6.8077E-02 -2.9741E-01  9.1108E-02 -2.8775E-03  1.8988E-02 -1.1615E-02 -7.0006E-02  1.2834E-02  7.6510E-02
             3.8885E-03 -7.4035E-02  2.3528E-03 -2.0038E-01 -6.7425E-02
 
0ITERATION NO.:   97    OBJECTIVE VALUE:   2588.84637924448        NO. OF FUNC. EVALS.:  18
 CUMULATIVE NO. OF FUNC. EVALS.:     1270
 NPARAMETR:  9.0398E+00  2.1645E+01  6.4323E-02  2.8540E+00  1.6528E+02  1.1551E+00  1.5154E+00  1.7736E-01  1.7241E-01  6.9089E-04
             2.0389E-01 -3.1686E-02  2.8858E-02  5.3202E-02  2.6194E-01
 PARAMETER: -2.4671E-02  1.0108E+00 -1.0623E+00 -1.3182E+00  6.7777E-01  4.1277E-01  1.2192E+00  3.8651E-01  1.2946E+00  5.1877E-03
            -4.0167E-01 -5.9376E-01 -4.5105E+00 -2.1554E-01  5.8147E-01
 GRADIENT:   8.5774E-03 -4.4175E-03 -6.4965E-02  9.0751E-03 -6.2638E-04 -4.0548E-03  4.0709E-03 -1.4035E-02  2.0899E-03  1.2011E-03
            -1.9872E-03  4.3329E-03  0.0000E+00 -1.1021E-04  1.1017E-03
 
 #TERM:
0MINIMIZATION SUCCESSFUL
 NO. OF FUNCTION EVALUATIONS USED:     1270
 NO. OF SIG. DIGITS IN FINAL EST.:  3.2
0PARAMETER ESTIMATE IS NEAR ITS BOUNDARY
 THIS MUST BE ADDRESSED BEFORE THE COVARIANCE STEP CAN BE IMPLEMENTED

 ETABAR IS THE ARITHMETIC MEAN OF THE ETA-ESTIMATES,
 AND THE P-VALUE IS GIVEN FOR THE NULL HYPOTHESIS THAT THE TRUE MEAN IS 0.

 ETABAR:        -8.2549E-04 -1.4477E-03  5.7348E-04
 SE:             6.4436E-02  6.9989E-02  2.4186E-02

 P VAL.:         9.8978E-01  9.8350E-01  9.8108E-01
 
 ETAshrink(%):   2.0005E+00  7.2099E-01  8.8066E+00
 EPSshrink(%):   6.5332E+00  6.5332E+00
 
 #TERE:
 Elapsed estimation time in seconds:    19.66
1
 
 
 
 
 
 
 
 
 
 
 
 
 
 
 
 
 
 
 
 
 ************************************************************************************************************************
 ********************                                                                                ********************
 ********************               FIRST ORDER CONDITIONAL ESTIMATION WITH INTERACTION              ********************
 #OBJT:**************                       MINIMUM VALUE OF OBJECTIVE FUNCTION                      ********************
 ********************                                                                                ********************
 ************************************************************************************************************************
 





 #OBJV:********************************************     2588.846       **************************************************
1
 ************************************************************************************************************************
 ********************                                                                                ********************
 ********************               FIRST ORDER CONDITIONAL ESTIMATION WITH INTERACTION              ********************
 ********************                             FINAL PARAMETER ESTIMATE                           ********************
 ********************                                                                                ********************
 ************************************************************************************************************************
 


 THETA - VECTOR OF FIXED EFFECTS PARAMETERS   *********


         TH 1      TH 2      TH 3      TH 4      TH 5      TH 6      TH 7     
 
         9.04E+00  2.16E+01  6.43E-02  2.85E+00  1.65E+02  1.16E+00  1.52E+00
 


 OMEGA - COV MATRIX FOR RANDOM EFFECTS - ETAS  ********


            ETA1      ETA2      ETA3   
 
 ETA1
+        1.77E-01
 
 ETA2
+        1.72E-01  2.04E-01
 
 ETA3
+        6.91E-04 -3.17E-02  2.89E-02
 


 SIGMA - COV MATRIX FOR RANDOM EFFECTS - EPSILONS  ****


            EPS1      EPS2   
 
 EPS1
+        5.32E-02
 
 EPS2
+        0.00E+00  2.62E-01
 
1


 OMEGA - CORR MATRIX FOR RANDOM EFFECTS - ETAS  *******


            ETA1      ETA2      ETA3   
 
 ETA1
+        4.21E-01
 
 ETA2
+        9.07E-01  4.52E-01
 
 ETA3
+        9.66E-03 -4.13E-01  1.70E-01
 


 SIGMA - CORR MATRIX FOR RANDOM EFFECTS - EPSILONS  ***


            EPS1      EPS2   
 
 EPS1
+        2.31E-01
 
 EPS2
+        0.00E+00  5.12E-01
 
Stop Time:
Thu Nov 10 15:18:18 UTC 2011
